;  LST file generated by mikroListExporter - v.2.0 
; Date/Time: 19/05/2017 12:45:56 p. m.
;----------------------------------------------

;Address Opcode 	ASM
0x0000	0xF008EF00  	GOTO        4096
0x0004	0x0000      	NOP
0x0006	0x0000      	NOP
0x0008	0xF000EF00  	GOTO        0
0x000C	0x0000      	NOP
0x000E	0x0000      	NOP
0x0010	0x0000      	NOP
0x0012	0x0000      	NOP
0x0014	0x0000      	NOP
0x0016	0x0000      	NOP
0x0018	0xD7F3      	BRA         0
_main:
;ServoADC.mbas,31 :: 		org 0x1000
;ServoADC.mbas,34 :: 		TRISB.4 = 1
0x1000	0x8893      	BSF         TRISB, 4 
;ServoADC.mbas,35 :: 		TRISC.5 = 0
0x1002	0x9A94      	BCF         TRISC, 5 
;ServoADC.mbas,36 :: 		ADC_Init_Advanced(_ADC_INTERNAL_REF)
0x1004	0x6A1B      	CLRF        FARG_ADC_Init_Advanced_reference 
0x1006	0xD868      	RCALL       _ADC_Init_Advanced
;ServoADC.mbas,38 :: 		loop:
L__main_loop:
;ServoADC.mbas,39 :: 		x = ADC_Get_Sample(10)
0x1008	0x0E0A      	MOVLW       10
0x100A	0x6E1B      	MOVWF       FARG_ADC_Get_Sample_channel 
0x100C	0xD886      	RCALL       _ADC_Get_Sample
0x100E	0xF015C000  	MOVFF       R0, _x
0x1012	0xF016C001  	MOVFF       R1, _x+1
;ServoADC.mbas,40 :: 		x = x>>2
0x1016	0xF002C000  	MOVFF       R0, R2
0x101A	0xF003C001  	MOVFF       R1, R3
0x101E	0x3203      	RRCF        R3, 1 
0x1020	0x3202      	RRCF        R2, 1 
0x1022	0x9E03      	BCF         R3, 7 
0x1024	0x3203      	RRCF        R3, 1 
0x1026	0x3202      	RRCF        R2, 1 
0x1028	0x9E03      	BCF         R3, 7 
0x102A	0xF015C002  	MOVFF       R2, _x
0x102E	0xF016C003  	MOVFF       R3, _x+1
;ServoADC.mbas,41 :: 		servo(x)
0x1032	0xF01BC002  	MOVFF       R2, FARG_servo_angulo
0x1036	0xF01CC003  	MOVFF       R3, FARG_servo_angulo+1
0x103A	0xD819      	RCALL       _servo
;ServoADC.mbas,42 :: 		delay_ms(20)
0x103C	0x0E02      	MOVLW       2
0x103E	0x6E0B      	MOVWF       R11, 0
0x1040	0x0E38      	MOVLW       56
0x1042	0x6E0C      	MOVWF       R12, 0
0x1044	0x0EAD      	MOVLW       173
0x1046	0x6E0D      	MOVWF       R13, 0
L__main16:
0x1048	0x2E0D      	DECFSZ      R13, 1, 0
0x104A	0xD7FE      	BRA         L__main16
0x104C	0x2E0C      	DECFSZ      R12, 1, 0
0x104E	0xD7FC      	BRA         L__main16
0x1050	0x2E0B      	DECFSZ      R11, 1, 0
0x1052	0xD7FA      	BRA         L__main16
;ServoADC.mbas,44 :: 		if porta.3 = 0 then
0x1054	0xB680      	BTFSC       PORTA, 3 
0x1056	0xD002      	BRA         L__main18
;ServoADC.mbas,45 :: 		asm goto 0x30 end asm
0x1058	0xF000EF18  	GOTO        48
L__main18:
;ServoADC.mbas,48 :: 		goto loop
0x105C	0xD7D5      	BRA         L__main_loop
L_end_main:
0x105E	0xD7FF      	BRA         $+0
; end of _main
_Delay_22us:
;__Lib_Delays.mbas,37 :: 		sub procedure Delay_22us()
;__Lib_Delays.mbas,38 :: 		Delay_us(22)
0x1060	0x0E57      	MOVLW       87
0x1062	0x6E0D      	MOVWF       R13, 0
L__Delay_22us6:
0x1064	0x2E0D      	DECFSZ      R13, 1, 0
0x1066	0xD7FE      	BRA         L__Delay_22us6
0x1068	0x0000      	NOP
0x106A	0x0000      	NOP
;__Lib_Delays.mbas,39 :: 		end sub
L_end_Delay_22us:
0x106C	0x0012      	RETURN      0
; end of _Delay_22us
_servo:
;ServoADC.mbas,7 :: 		dim i as byte
;ServoADC.mbas,8 :: 		if angulo <= 0 then
0x106E	0x0E00      	MOVLW       0
0x1070	0x6E00      	MOVWF       R0 
0x1072	0x501C      	MOVF        FARG_servo_angulo+1, 0 
0x1074	0x5C00      	SUBWF       R0, 0 
0x1076	0xE102      	BNZ         L__servo21
0x1078	0x501B      	MOVF        FARG_servo_angulo, 0 
0x107A	0x0800      	SUBLW       0
L__servo21:
0x107C	0xE302      	BNC         L__servo2
;ServoADC.mbas,9 :: 		angulo = 0
0x107E	0x6A1B      	CLRF        FARG_servo_angulo 
0x1080	0x6A1C      	CLRF        FARG_servo_angulo+1 
L__servo2:
;ServoADC.mbas,12 :: 		if angulo >= 180 then
0x1082	0x0E00      	MOVLW       0
0x1084	0x5C1C      	SUBWF       FARG_servo_angulo+1, 0 
0x1086	0xE102      	BNZ         L__servo22
0x1088	0x0EB4      	MOVLW       180
0x108A	0x5C1B      	SUBWF       FARG_servo_angulo, 0 
L__servo22:
0x108C	0xE304      	BNC         L__servo5
;ServoADC.mbas,13 :: 		angulo = 180
0x108E	0x0EB4      	MOVLW       180
0x1090	0x6E1B      	MOVWF       FARG_servo_angulo 
0x1092	0x0E00      	MOVLW       0
0x1094	0x6E1C      	MOVWF       FARG_servo_angulo+1 
L__servo5:
;ServoADC.mbas,16 :: 		ServoPin = 1
0x1096	0x8A8B      	BSF         LATC, 5 
;ServoADC.mbas,18 :: 		delay_us(600)
0x1098	0x0E0A      	MOVLW       10
0x109A	0x6E0C      	MOVWF       R12, 0
0x109C	0x0E58      	MOVLW       88
0x109E	0x6E0D      	MOVWF       R13, 0
L__servo7:
0x10A0	0x2E0D      	DECFSZ      R13, 1, 0
0x10A2	0xD7FE      	BRA         L__servo7
0x10A4	0x2E0C      	DECFSZ      R12, 1, 0
0x10A6	0xD7FC      	BRA         L__servo7
0x10A8	0x0000      	NOP
;ServoADC.mbas,20 :: 		for i = 0 to angulo step 1
0x10AA	0x6A01      	CLRF        R1 
L__servo8:
0x10AC	0x0E00      	MOVLW       0
0x10AE	0x5C1C      	SUBWF       FARG_servo_angulo+1, 0 
0x10B0	0xE102      	BNZ         L__servo23
0x10B2	0x5001      	MOVF        R1, 0 
0x10B4	0x5C1B      	SUBWF       FARG_servo_angulo, 0 
L__servo23:
0x10B6	0xE30E      	BNC         L__servo12
;ServoADC.mbas,21 :: 		delay_us(8)
0x10B8	0x0E1F      	MOVLW       31
0x10BA	0x6E0D      	MOVWF       R13, 0
L__servo13:
0x10BC	0x2E0D      	DECFSZ      R13, 1, 0
0x10BE	0xD7FE      	BRA         L__servo13
0x10C0	0x0000      	NOP
0x10C2	0x0000      	NOP
;ServoADC.mbas,22 :: 		next i
0x10C4	0x0E00      	MOVLW       0
0x10C6	0x181C      	XORWF       FARG_servo_angulo+1, 0 
0x10C8	0xE102      	BNZ         L__servo24
0x10CA	0x501B      	MOVF        FARG_servo_angulo, 0 
0x10CC	0x1801      	XORWF       R1, 0 
L__servo24:
0x10CE	0xE002      	BZ          L__servo12
0x10D0	0x2A01      	INCF        R1, 1 
0x10D2	0xD7EC      	BRA         L__servo8
L__servo12:
;ServoADC.mbas,24 :: 		ServoPin = 0
0x10D4	0x9A8B      	BCF         LATC, 5 
;ServoADC.mbas,26 :: 		end sub
L_end_servo:
0x10D6	0x0012      	RETURN      0
; end of _servo
_ADC_Init_Advanced:
;__Lib_ADC_1xK50.mpas,39 :: 		
;__Lib_ADC_1xK50.mpas,40 :: 		
0x10D8	0x0E1A      	MOVLW       _ADC_Get_Sample
0x10DA	0x6E17      	MOVWF       _ADC_Get_Sample_Ptr 
0x10DC	0x0E11      	MOVLW       hi_addr(_ADC_Get_Sample)
0x10DE	0x6E18      	MOVWF       _ADC_Get_Sample_Ptr+1 
0x10E0	0x0E1B      	MOVLW       FARG_ADC_Get_Sample_channel
0x10E2	0x6E19      	MOVWF       _ADC_Get_Sample_Ptr+2 
0x10E4	0x0E00      	MOVLW       hi_addr(FARG_ADC_Get_Sample_channel)
0x10E6	0x6E1A      	MOVWF       _ADC_Get_Sample_Ptr+3 
;__Lib_ADC_1xK50.mpas,42 :: 		
0x10E8	0x6AC2      	CLRF        ADCON0 
;__Lib_ADC_1xK50.mpas,43 :: 		
0x10EA	0x0E30      	MOVLW       48
0x10EC	0x141B      	ANDWF       FARG_ADC_Init_Advanced_reference, 0 
0x10EE	0x6E00      	MOVWF       R0 
0x10F0	0xE007      	BZ          L__ADC_Init_Advanced3
;__Lib_ADC_1xK50.mpas,45 :: 		
0x10F2	0x0E30      	MOVLW       48
0x10F4	0x141B      	ANDWF       FARG_ADC_Init_Advanced_reference, 0 
0x10F6	0x6EBA      	MOVWF       REFCON0 
;__Lib_ADC_1xK50.mpas,46 :: 		
0x10F8	0x8EBA      	BSF         REFCON0, 7 
;__Lib_ADC_1xK50.mpas,47 :: 		
L__ADC_Init_Advanced6:
0x10FA	0xACBA      	BTFSS       REFCON0, 6 
0x10FC	0xD7FE      	BRA         L__ADC_Init_Advanced6
;__Lib_ADC_1xK50.mpas,48 :: 		
0x10FE	0xD001      	BRA         L__ADC_Init_Advanced4
;__Lib_ADC_1xK50.mpas,49 :: 		
L__ADC_Init_Advanced3:
;__Lib_ADC_1xK50.mpas,50 :: 		
0x1100	0x6ABA      	CLRF        REFCON0 
L__ADC_Init_Advanced4:
;__Lib_ADC_1xK50.mpas,51 :: 		
0x1102	0x0EF0      	MOVLW       240
0x1104	0x16C1      	ANDWF       ADCON1, 1 
;__Lib_ADC_1xK50.mpas,52 :: 		
0x1106	0x0E0F      	MOVLW       15
0x1108	0x141B      	ANDWF       FARG_ADC_Init_Advanced_reference, 0 
0x110A	0x6E00      	MOVWF       R0 
0x110C	0x5000      	MOVF        R0, 0 
0x110E	0x12C1      	IORWF       ADCON1, 1 
;__Lib_ADC_1xK50.mpas,53 :: 		
0x1110	0x0E07      	MOVLW       7
0x1112	0x12C0      	IORWF       ADCON2, 1 
;__Lib_ADC_1xK50.mpas,54 :: 		
0x1114	0x8EC0      	BSF         ADCON2, 7 
;__Lib_ADC_1xK50.mpas,55 :: 		
0x1116	0x80C2      	BSF         ADCON0, 0 
;__Lib_ADC_1xK50.mpas,56 :: 		
L_end_ADC_Init_Advanced:
0x1118	0x0012      	RETURN      0
; end of _ADC_Init_Advanced
_ADC_Get_Sample:
;__Lib_ADC_1xK50.mpas,59 :: 		
;__Lib_ADC_1xK50.mpas,60 :: 		
0x111A	0x0EC3      	MOVLW       195
0x111C	0x16C2      	ANDWF       ADCON0, 1 
;__Lib_ADC_1xK50.mpas,61 :: 		
0x111E	0x0E03      	MOVLW       3
0x1120	0x5C1B      	SUBWF       FARG_ADC_Get_Sample_channel, 0 
0x1122	0x0E00      	MOVLW       0
0x1124	0xB0D8      	BTFSC       STATUS, 0 
0x1126	0x0EFF      	MOVLW       255
0x1128	0x6E01      	MOVWF       R1 
0x112A	0x501B      	MOVF        FARG_ADC_Get_Sample_channel, 0 
0x112C	0x080B      	SUBLW       11
0x112E	0x0E00      	MOVLW       0
0x1130	0xB0D8      	BTFSC       STATUS, 0 
0x1132	0x0EFF      	MOVLW       255
0x1134	0x6E00      	MOVWF       R0 
0x1136	0x5001      	MOVF        R1, 0 
0x1138	0x1600      	ANDWF       R0, 1 
0x113A	0xE008      	BZ          L__ADC_Get_Sample12
;__Lib_ADC_1xK50.mpas,62 :: 		
0x113C	0xF000C01B  	MOVFF       FARG_ADC_Get_Sample_channel, R0
0x1140	0x3600      	RLCF        R0, 1 
0x1142	0x9000      	BCF         R0, 0 
0x1144	0x3600      	RLCF        R0, 1 
0x1146	0x9000      	BCF         R0, 0 
0x1148	0x5000      	MOVF        R0, 0 
0x114A	0x12C2      	IORWF       ADCON0, 1 
L__ADC_Get_Sample12:
;__Lib_ADC_1xK50.mpas,63 :: 		
0x114C	0xDF89      	RCALL       _Delay_22us
;__Lib_ADC_1xK50.mpas,64 :: 		
0x114E	0x82C2      	BSF         ADCON0, 1 
;__Lib_ADC_1xK50.mpas,65 :: 		
L__ADC_Get_Sample15:
0x1150	0xA2C2      	BTFSS       ADCON0, 1 
0x1152	0xD002      	BRA         L__ADC_Get_Sample16
;__Lib_ADC_1xK50.mpas,66 :: 		
0x1154	0x0000      	NOP
0x1156	0xD7FC      	BRA         L__ADC_Get_Sample15
L__ADC_Get_Sample16:
;__Lib_ADC_1xK50.mpas,67 :: 		
0x1158	0xF001CFC4  	MOVFF       ADRESH, R1
0x115C	0x6A00      	CLRF        R0 
0x115E	0xF01CC000  	MOVFF       R0, ADC_Get_Sample_local_result
0x1162	0xF01DC001  	MOVFF       R1, ADC_Get_Sample_local_result+1
;__Lib_ADC_1xK50.mpas,68 :: 		
0x1166	0x50C3      	MOVF        ADRESL, 0 
0x1168	0x121C      	IORWF       ADC_Get_Sample_local_result, 1 
0x116A	0x0E00      	MOVLW       0
0x116C	0x121D      	IORWF       ADC_Get_Sample_local_result+1, 1 
;__Lib_ADC_1xK50.mpas,69 :: 		
0x116E	0xF000C01C  	MOVFF       ADC_Get_Sample_local_result, R0
0x1172	0xF001C01D  	MOVFF       ADC_Get_Sample_local_result+1, R1
L_end_ADC_Get_Sample:
0x1176	0x0012      	RETURN      0
; end of _ADC_Get_Sample
Symbol List:
//** Routines locations **
//ADDRESS    SIZE    PROCEDURE
//----------------------------------------------
0x1000      [96]    _main
0x1060      [14]    _Delay_22us
0x106E     [106]    _servo
0x10D8      [66]    _ADC_Init_Advanced
0x111A      [94]    _ADC_Get_Sample
//** Variables locations ** 
//ADDRESS    SIZE    VARIABLE
//----------------------------------------------
0x0000       [1]    EEPROM_Write_SaveINTCON
0x0000       [1]    PutZerosToLATSda_temp_sda
0x0000       [1]    UART1_Init_tmp
0x0000       [1]    SPI1_Write_tmp
0x0000       [1]    PutZerosToLATScl_temp_scl
0x0000       [1]    FLASH_Erase_64_SaveINTCON
0x0000       [1]    R0
0x0001       [1]    servo_i
0x0001       [1]    FLASH_Erase_Write_64_cnt1
0x0001       [2]    strcpy_ptr1
0x0001       [1]    SPI1_Read_local_result
0x0001       [1]    EEPROM_Read_local_result
0x0001       [1]    closeDir_local_result
0x0001       [1]    Is_SSD1963_Set_local_result
0x0001       [2]    strncpy_ptr1
0x0001       [1]    JPEG_ToSignedCharRange_local_result
0x0001       [1]    JPEG_ToCharRange_local_result
0x0001       [1]    R1
0x0001       [2]    strncat2_ptr1
0x0001       [1]    FLASH_Write_16_counter
0x0001       [1]    Is_TFT_Set_local_result
0x0001       [2]    strcat_ptr1
0x0001       [1]    MM_error_local_result
0x0001       [1]    UART1_TX_Idle_local_result
0x0001       [2]    FLASH_Read_N_Bytes_counter
0x0001       [1]    __Lib_USB_genHID_P18K50_?FLOC____Lib_USB_genHID_P18K50_USB_Handle_BusyT1
0x0001       [1]    Cf_Detect_local_result
0x0001       [1]    Clock_Wait_High_local_result
0x0001       [1]    Mmc_Fat_EOF_local_result
0x0001       [1]    JPEG_FileReadBytes_local_result
0x0001       [2]    memset_chptr
0x0001       [1]    UART1_Data_Ready_local_result
0x0001       [1]    FLASH_Read_local_result
0x0001       [2]    memcpy_chptr1
0x0001       [1]    Is_TFT_Rotated_180_local_result
0x0001       [2]    ltrim_ptr1
0x0001       [1]    UART1_Read_local_result
0x0001       [2]    strcat2_ptrl1
0x0002       [2]    constToVar_local_result
0x0002       [2]    min_local_result
0x0002       [2]    Length_local_result
0x0002       [2]    abs_local_result
0x0002       [2]    strstr_local_result
0x0002       [2]    f16_toInt_local_result
0x0002       [1]    UART1_Read_tmp
0x0002       [2]    max_local_result
0x0002       [1]    isdigit_local_result
0x0002       [1]    ispunct_local_result
0x0002       [1]    FLASH_Write_16_SaveINTCON
0x0002       [1]    islower_local_result
0x0002       [1]    isupper_local_result
0x0002       [1]    iscntrl_local_result
0x0002       [2]    memchr_local_result
0x0002       [2]    memcmp_local_result
0x0002       [1]    I2C1_Is_Idle_local_result
0x0002       [1]    FLASH_Erase_Write_64_cnt2
0x0002       [1]    tolower_local_result
0x0002       [1]    toupper_local_result
0x0002       [1]    JPEG_FileRead_i
0x0002       [2]    SPI_Ethernet_getGwIpAddress_local_result
0x0002       [2]    SPI_Ethernet_getIpAddress_local_result
0x0002       [1]    Clock_Wait_Low_local_result
0x0002       [2]    SPI_Ethernet_getIpMask_local_result
0x0002       [2]    SPI_Ethernet_getDnsIpAddress_local_result
0x0002       [1]    R2
0x0002       [2]    SPI_Ethernet_24j600_getGwIpAddress_local_result
0x0002       [2]    SPI_Ethernet_24j600_getIpAddress_local_result
0x0002       [2]    T6963C_WaitReady_ptr
0x0002       [1]    Wait_Falling_local_result
0x0002       [2]    SPI_Ethernet_24j600_getIpMask_local_result
0x0002       [2]    SPI_Ethernet_24j600_getDnsIpAddress_local_result
0x0002       [1]    __Lib_USB_genHID_P18K50_USB_CtrlTrf_Rx_Service_byteToRead_L0
0x0002       [2]    strlen_local_result
0x0002       [2]    strchr_local_result
0x0002       [2]    strncat_ptr1
0x0003       [2]    strcmp_local_result
0x0003       [1]    isspace_local_result
0x0003       [2]    ltrim_ptr2
0x0003       [2]    __Lib_USB_genHID_P18K50_USB_CtrlTrf_Tx_Service_byteToSend_L0
0x0003       [1]    Wait_Falling_osample
0x0003       [1]    FLASH_Erase_Write_64_SaveINTCON
0x0003       [1]    __Lib_USB_genHID_P18K50_USB_CtrlTrf_Rx_Service_i_L0
0x0003       [2]    MM_TotalFreeMemSize_local_result
0x0003       [1]    MM_Init_i
0x0003       [2]    MM_CheckBlocks_local_result
0x0003       [2]    strcpy_ptr2
0x0003       [2]    strncpy_ptr2
0x0003       [2]    memcpy_chptr2
0x0003       [2]    strcat_ptr2
0x0003       [2]    strcat2_ptr1
0x0003       [2]    strncat2_ptr2
0x0003       [1]    R3
0x0004       [2]    strncat_ptr2
0x0004       [1]    R4
0x0004       [4]    frexp_local_result
0x0004       [2]    strstr_i
0x0004       [4]    Mmc_Fat_Tell_local_result
0x0004       [2]    strlen_ptr
0x0004       [1]    Wait_Falling_nsample
0x0004       [2]    Length_ptr
0x0004       [2]    __Lib_USB_genHID_P18K50_USB_Std_Feature_Req_Handler_p_L0
0x0004       [4]    Mmc_Fat_Get_File_Size_local_result
0x0004       [1]    __Lib_USB_genHID_P18K50_GetMaxIndexInDevDsc_index_L0
0x0004       [4]    Cf_Fat_Get_File_Size_local_result
0x0004       [1]    Ps2_Get_Value_local_result
0x0004       [4]    Get_Fosc_kHz_local_result
0x0004       [2]    strncmp_local_result
0x0004       [2]    strchr_ptr
0x0004       [2]    memchr_chptr
0x0004       [2]    memcmp_chptr1
0x0004       [2]    __Lib_USB_genHID_P18K50_USB_Get_Status_Handler_p_L2
0x0004       [4]    f16_toLong_local_result
0x0004       [2]    memmove_chptr1
0x0004       [2]    __Lib_USB_genHID_P18K50_USB_Transfer_Packet_handle_L0
0x0004       [4]    labs_local_result
0x0005       [2]    LongWordToHex_input_half
0x0005       [2]    LongIntToHex_input_half
0x0005       [1]    GetMemAlign_i
0x0005       [1]    Wait_Falling_i
0x0005       [1]    MM_TotalFreeMemSize_i
0x0005       [1]    R5
0x0005       [2]    strcmp_ptr1
0x0005       [2]    strcat2_ptr2
0x0005       [1]    Ps2_Get_Value_rslt
0x0006       [1]    R6
0x0006       [2]    memmove_chptr2
0x0006       [2]    memcmp_chptr2
0x0006       [1]    strncmp_ch1
0x0006       [2]    __Lib_USB_genHID_P18K50_GetMaxIndexInConfigDsc_totalLen_L0
0x0006       [2]    strstr_j
0x0006       [2]    TFT_RGBToColor16bit_local_result
0x0007       [1]    R7
0x0007       [2]    strcmp_ptr2
0x0007       [1]    strncmp_ch2
0x0008       [2]    strstr_k
0x0008       [1]    R8
0x0008       [1]    JPEG_GenerateHuffmanTables_local_result
0x0008       [2]    strncmp_ptr1
0x0008       [3]    __Lib_USB_genHID_P18K50_GetMaxIndexInConfigDsc_ptr_L0
0x0009       [1]    JPEG_GenerateHuffmanTables_bLength
0x0009       [4]    JPEG_UnscaleValue_local_result
0x0009       [1]    R9
0x000A       [1]    strstr_aa
0x000A       [2]    strncmp_ptr2
0x000A       [1]    JPEG_GenerateHuffmanTables_bTable
0x000A       [1]    R10
0x000B       [1]    R11
0x000B       [1]    strstr_bb
0x000C       [1]    R12
0x000D       [1]    R13
0x000E       [1]    R14
0x000F       [1]    R15
0x0010       [1]    R16
0x0011       [1]    R17
0x0012       [1]    R18
0x0013       [1]    R19
0x0014       [1]    R20
0x0015       [2]    _x
0x0017       [4]    _ADC_Get_Sample_Ptr
0x001B       [1]    FARG_ADC_Init_Advanced_reference
0x001B       [2]    FARG_servo_angulo
0x001B       [1]    FARG_ADC_Get_Sample_channel
0x001C       [2]    ADC_Get_Sample_local_result
0x0F80       [1]    PORTA
0x0F8B       [1]    LATC
0x0F93       [1]    TRISB
0x0F94       [1]    TRISC
0x0FBA       [1]    REFCON0
0x0FC0       [1]    ADCON2
0x0FC1       [1]    ADCON1
0x0FC2       [1]    ADCON0
0x0FC3       [1]    ADRESL
0x0FC4       [1]    ADRESH
