;  LST file generated by mikroListExporter - v.2.0 
; Date/Time: 25/02/2017 05:24:58 p.m.
;----------------------------------------------

;Address Opcode 	ASM
0x0000	0xF008EF00  	GOTO        4096
0x0004	0x0000      	NOP
0x0006	0x0000      	NOP
0x0008	0xF000EF00  	GOTO        0
0x000C	0x0000      	NOP
0x000E	0x0000      	NOP
0x0010	0x0000      	NOP
0x0012	0x0000      	NOP
0x0014	0x0000      	NOP
0x0016	0x0000      	NOP
0x0018	0xD7F3      	BRA         0
_main:
0x1000	0x9A94      	BCF         TRISC, 5 
0x1002	0x8A93      	BSF         TRISB, 5 
0x1004	0x967F      	BCF         ANSELH, 3 
L_main9:
0x1006	0x0E0B      	MOVLW       11
0x1008	0x6E17      	MOVWF       FARG_ADC_Read_Chan_Sel 
0x100A	0xD892      	RCALL       _ADC_Read
0x100C	0xF015C000  	MOVFF       R0, _x
0x1010	0xF016C001  	MOVFF       R1, _x+1
0x1014	0x0EB4      	MOVLW       180
0x1016	0x6E04      	MOVWF       R4 
0x1018	0x0E00      	MOVLW       0
0x101A	0x6E05      	MOVWF       R5 
0x101C	0xD89E      	RCALL       _Mul_16X16_U
0x101E	0x0EFF      	MOVLW       255
0x1020	0x6E04      	MOVWF       R4 
0x1022	0x0E03      	MOVLW       3
0x1024	0x6E05      	MOVWF       R5 
0x1026	0xD8C1      	RCALL       _Div_16x16_S
0x1028	0xF015C000  	MOVFF       R0, _x
0x102C	0xF016C001  	MOVFF       R1, _x+1
0x1030	0xF017C000  	MOVFF       R0, FARG_servo_angulo
0x1034	0xF018C001  	MOVFF       R1, FARG_servo_angulo+1
0x1038	0xD83A      	RCALL       _servo
0x103A	0x0E02      	MOVLW       2
0x103C	0x6E0B      	MOVWF       R11, 0
0x103E	0x0E38      	MOVLW       56
0x1040	0x6E0C      	MOVWF       R12, 0
0x1042	0x0EAD      	MOVLW       173
0x1044	0x6E0D      	MOVWF       R13, 0
L_main11:
0x1046	0x2E0D      	DECFSZ      R13, 1, 0
0x1048	0xD7FE      	BRA         L_main11
0x104A	0x2E0C      	DECFSZ      R12, 1, 0
0x104C	0xD7FC      	BRA         L_main11
0x104E	0x2E0B      	DECFSZ      R11, 1, 0
0x1050	0xD7FA      	BRA         L_main11
0x1052	0xD7D9      	BRA         L_main9
L_end_main:
0x1054	0xD7FF      	BRA         $+0
; end of _main
_Div_16x16_S_L:
0x1056	0x3401      	RLCF        R1, 0, 0
0x1058	0x3608      	RLCF        R8, 1, 0
0x105A	0x3609      	RLCF        R9, 1, 0
0x105C	0x5004      	MOVF        R4, 0, 0
0x105E	0x5E08      	SUBWF       R8, 1, 0
0x1060	0x5005      	MOVF        R5, 0, 0
0x1062	0xA0D8      	BTFSS       STATUS, 0, 0
0x1064	0x3C05      	INCFSZ      R5, 0, 0
0x1066	0x5E09      	SUBWF       R9, 1, 0
0x1068	0x3600      	RLCF        R0, 1, 0
0x106A	0x3601      	RLCF        R1, 1, 0
0x106C	0x0E0F      	MOVLW       15
0x106E	0x6E0C      	MOVWF       R12, 0
0x1070	0x3401      	RLCF        R1, 0, 0
0x1072	0x3608      	RLCF        R8, 1, 0
0x1074	0x3609      	RLCF        R9, 1, 0
0x1076	0x5004      	MOVF        R4, 0, 0
0x1078	0xA000      	BTFSS       R0, 0, 0
0x107A	0xD006      	BRA         $+14
0x107C	0x5E08      	SUBWF       R8, 1, 0
0x107E	0x5005      	MOVF        R5, 0, 0
0x1080	0xA0D8      	BTFSS       STATUS, 0, 0
0x1082	0x3C05      	INCFSZ      R5, 0, 0
0x1084	0x5E09      	SUBWF       R9, 1, 0
0x1086	0xD005      	BRA         $+12
0x1088	0x2608      	ADDWF       R8, 1, 0
0x108A	0x5005      	MOVF        R5, 0, 0
0x108C	0xB0D8      	BTFSC       STATUS, 0, 0
0x108E	0x3C05      	INCFSZ      R5, 0, 0
0x1090	0x2609      	ADDWF       R9, 1, 0
0x1092	0x3600      	RLCF        R0, 1, 0
0x1094	0x3601      	RLCF        R1, 1, 0
0x1096	0x2E0C      	DECFSZ      R12, 1, 0
0x1098	0xD7EB      	BRA         $-40
0x109A	0xB000      	BTFSC       R0, 0, 0
0x109C	0xD006      	BRA         $+14
0x109E	0x5004      	MOVF        R4, 0, 0
0x10A0	0x2608      	ADDWF       R8, 1, 0
0x10A2	0x5005      	MOVF        R5, 0, 0
0x10A4	0xB0D8      	BTFSC       STATUS, 0, 0
0x10A6	0x3C05      	INCFSZ      R5, 0, 0
0x10A8	0x2609      	ADDWF       R9, 1, 0
0x10AA	0x0000      	NOP
L_end_Div_16x16_S_L:
0x10AC	0x0012      	RETURN      0
; end of _Div_16x16_S_L
_servo:
0x10AE	0x0E80      	MOVLW       128
0x10B0	0x6E00      	MOVWF       R0 
0x10B2	0x0E80      	MOVLW       128
0x10B4	0x1818      	XORWF       FARG_servo_angulo+1, 0 
0x10B6	0x5C00      	SUBWF       R0, 0 
0x10B8	0xE102      	BNZ         L__servo13
0x10BA	0x5017      	MOVF        FARG_servo_angulo, 0 
0x10BC	0x0800      	SUBLW       0
L__servo13:
0x10BE	0xE302      	BNC         L_servo0
0x10C0	0x6A17      	CLRF        FARG_servo_angulo 
0x10C2	0x6A18      	CLRF        FARG_servo_angulo+1 
L_servo0:
0x10C4	0x0E80      	MOVLW       128
0x10C6	0x1818      	XORWF       FARG_servo_angulo+1, 0 
0x10C8	0x6E00      	MOVWF       R0 
0x10CA	0x0E80      	MOVLW       128
0x10CC	0x5C00      	SUBWF       R0, 0 
0x10CE	0xE102      	BNZ         L__servo14
0x10D0	0x0EB4      	MOVLW       180
0x10D2	0x5C17      	SUBWF       FARG_servo_angulo, 0 
L__servo14:
0x10D4	0xE304      	BNC         L_servo1
0x10D6	0x0EB4      	MOVLW       180
0x10D8	0x6E17      	MOVWF       FARG_servo_angulo 
0x10DA	0x0E00      	MOVLW       0
0x10DC	0x6E18      	MOVWF       FARG_servo_angulo+1 
L_servo1:
0x10DE	0x8A8B      	BSF         LATC, 5 
0x10E0	0x0E10      	MOVLW       16
0x10E2	0x6E0C      	MOVWF       R12, 0
0x10E4	0x0E94      	MOVLW       148
0x10E6	0x6E0D      	MOVWF       R13, 0
L_servo2:
0x10E8	0x2E0D      	DECFSZ      R13, 1, 0
0x10EA	0xD7FE      	BRA         L_servo2
0x10EC	0x2E0C      	DECFSZ      R12, 1, 0
0x10EE	0xD7FC      	BRA         L_servo2
0x10F0	0x0000      	NOP
0x10F2	0x6A01      	CLRF        R1 
0x10F4	0x6A02      	CLRF        R2 
L_servo3:
0x10F6	0x0E80      	MOVLW       128
0x10F8	0x1818      	XORWF       FARG_servo_angulo+1, 0 
0x10FA	0x6E00      	MOVWF       R0 
0x10FC	0x0E80      	MOVLW       128
0x10FE	0x1802      	XORWF       R2, 0 
0x1100	0x5C00      	SUBWF       R0, 0 
0x1102	0xE102      	BNZ         L__servo15
0x1104	0x5001      	MOVF        R1, 0 
0x1106	0x5C17      	SUBWF       FARG_servo_angulo, 0 
L__servo15:
0x1108	0xE309      	BNC         L_servo4
0x110A	0x0E17      	MOVLW       23
0x110C	0x6E0D      	MOVWF       R13, 0
L_servo6:
0x110E	0x2E0D      	DECFSZ      R13, 1, 0
0x1110	0xD7FE      	BRA         L_servo6
0x1112	0x0000      	NOP
0x1114	0x0000      	NOP
0x1116	0x4A01      	INFSNZ      R1, 1 
0x1118	0x2A02      	INCF        R2, 1 
0x111A	0xD7ED      	BRA         L_servo3
L_servo4:
0x111C	0x9A8B      	BCF         LATC, 5 
L_end_servo:
0x111E	0x0012      	RETURN      0
; end of _servo
___CC2DW:
_CC2DL_Loop1:
0x1120	0x0009      	TBLRD*+
0x1122	0xFFE6CFF5  	MOVFF       TABLAT, POSTINC1
0x1126	0x0600      	DECF        R0, 1, 0
0x1128	0xE1FB      	BNZ         _CC2DL_Loop1
0x112A	0x0601      	DECF        R1, 1, 0
0x112C	0xE1F9      	BNZ         _CC2DL_Loop1
L_end___CC2DW:
0x112E	0x0012      	RETURN      0
; end of ___CC2DW
_ADC_Read:
0x1130	0xF000C017  	MOVFF       FARG_ADC_Read_Chan_Sel, R0
0x1134	0x3600      	RLCF        R0, 1 
0x1136	0x9000      	BCF         R0, 0 
0x1138	0x3600      	RLCF        R0, 1 
0x113A	0x9000      	BCF         R0, 0 
0x113C	0xFFC2C000  	MOVFF       R0, ADCON0
0x1140	0x82C2      	BSF         ADCON0, 1 
L_ADC_Read7:
0x1142	0xA2C2      	BTFSS       ADCON0, 1 
0x1144	0xD002      	BRA         L_ADC_Read8
0x1146	0x0000      	NOP
0x1148	0xD7FC      	BRA         L_ADC_Read7
L_ADC_Read8:
0x114A	0xF001CFC4  	MOVFF       ADRESH, R1
0x114E	0x6A00      	CLRF        R0 
0x1150	0x50C3      	MOVF        ADRESL, 0 
0x1152	0x2600      	ADDWF       R0, 1 
0x1154	0x0E00      	MOVLW       0
0x1156	0x2201      	ADDWFC      R1, 1 
L_end_ADC_Read:
0x1158	0x0012      	RETURN      0
; end of _ADC_Read
_Mul_16X16_U:
0x115A	0x6A0B      	CLRF        R11, 0
0x115C	0x6A0A      	CLRF        R10, 0
0x115E	0x6A09      	CLRF        R9, 0
0x1160	0x5000      	MOVF        R0, 0, 0
0x1162	0x0204      	MULWF       R4, 0
0x1164	0xF009CFF4  	MOVFF       PRODH, R9
0x1168	0xF008CFF3  	MOVFF       PRODL, R8
0x116C	0x5001      	MOVF        R1, 0, 0
0x116E	0x0205      	MULWF       R5, 0
0x1170	0xF00BCFF4  	MOVFF       PRODH, R11
0x1174	0xF00ACFF3  	MOVFF       PRODL, R10
0x1178	0x5000      	MOVF        R0, 0, 0
0x117A	0x0205      	MULWF       R5, 0
0x117C	0x50F3      	MOVF        PRODL, 0, 0
0x117E	0x2609      	ADDWF       R9, 1, 0
0x1180	0x50F4      	MOVF        PRODH, 0, 0
0x1182	0x220A      	ADDWFC      R10, 1, 0
0x1184	0x6AE8      	CLRF        WREG, 0
0x1186	0x220B      	ADDWFC      R11, 1, 0
0x1188	0x5001      	MOVF        R1, 0, 0
0x118A	0x0204      	MULWF       R4, 0
0x118C	0x50F3      	MOVF        PRODL, 0, 0
0x118E	0x2609      	ADDWF       R9, 1, 0
0x1190	0x50F4      	MOVF        PRODH, 0, 0
0x1192	0x220A      	ADDWFC      R10, 1, 0
0x1194	0x6AE8      	CLRF        WREG, 0
0x1196	0x220B      	ADDWFC      R11, 1, 0
0x1198	0xF000C008  	MOVFF       R8, R0
0x119C	0xF001C009  	MOVFF       R9, R1
0x11A0	0xF002C00A  	MOVFF       R10, R2
0x11A4	0xF003C00B  	MOVFF       R11, R3
L_end_Mul_16X16_U:
0x11A8	0x0012      	RETURN      0
; end of _Mul_16X16_U
_Div_16x16_S:
0x11AA	0x5004      	MOVF        R4, 0 
0x11AC	0x0A00      	XORLW       0
0x11AE	0xE108      	BNZ         L_Div_16x16_S0
0x11B0	0x5005      	MOVF        R5, 0 
0x11B2	0x0A00      	XORLW       0
0x11B4	0xE105      	BNZ         L_Div_16x16_S1
0x11B6	0x0EFF      	MOVLW       255
0x11B8	0x6E00      	MOVWF       R0 
0x11BA	0x0E7F      	MOVLW       127
0x11BC	0x6E01      	MOVWF       R1 
0x11BE	0xD057      	BRA         L_end_Div_16x16_S
L_Div_16x16_S1:
L_Div_16x16_S0:
0x11C0	0x6A0D      	CLRF        R13, 0
0x11C2	0x6A09      	CLRF        R9, 0
0x11C4	0x6A08      	CLRF        R8, 0
0x11C6	0x5001      	MOVF        R1, 0, 0
0x11C8	0x1000      	IORWF       R0, 0, 0
0x11CA	0xB4D8      	BTFSC       STATUS, 2, 0
0x11CC	0x0C00      	RETLW       0
0x11CE	0x5001      	MOVF        R1, 0, 0
0x11D0	0x1805      	XORWF       R5, 0, 0
0x11D2	0x6E0A      	MOVWF       R10, 0
0x11D4	0xBE0A      	BTFSC       R10, 7, 0
0x11D6	0x1E0D      	COMF        R13, 1, 0
0x11D8	0x6A0B      	CLRF        R11, 0
0x11DA	0xAE05      	BTFSS       R5, 7, 0
0x11DC	0xD005      	BRA         $+12
0x11DE	0x1E04      	COMF        R4, 1, 0
0x11E0	0x1E05      	COMF        R5, 1, 0
0x11E2	0x2A04      	INCF        R4, 1, 0
0x11E4	0xB4D8      	BTFSC       STATUS, 2, 0
0x11E6	0x2A05      	INCF        R5, 1, 0
0x11E8	0xAE01      	BTFSS       R1, 7, 0
0x11EA	0xD005      	BRA         $+12
0x11EC	0x1E00      	COMF        R0, 1, 0
0x11EE	0x1E01      	COMF        R1, 1, 0
0x11F0	0x2A00      	INCF        R0, 1, 0
0x11F2	0xB4D8      	BTFSC       STATUS, 2, 0
0x11F4	0x2A01      	INCF        R1, 1, 0
0x11F6	0x5001      	MOVF        R1, 0, 0
0x11F8	0x1005      	IORWF       R5, 0, 0
0x11FA	0x6E0A      	MOVWF       R10, 0
0x11FC	0xBE0A      	BTFSC       R10, 7, 0
0x11FE	0xD010      	BRA         $+34
0x1200	0xDF2A      	RCALL       _Div_16x16_S_L
0x1202	0xB00B      	BTFSC       R11, 0, 0
0x1204	0xD020      	BRA         $+66
0x1206	0xAE0D      	BTFSS       R13, 7, 0
0x1208	0x0C00      	RETLW       0
0x120A	0x1E00      	COMF        R0, 1, 0
0x120C	0x1E01      	COMF        R1, 1, 0
0x120E	0x2A00      	INCF        R0, 1, 0
0x1210	0xB4D8      	BTFSC       STATUS, 2, 0
0x1212	0x2A01      	INCF        R1, 1, 0
0x1214	0x1E08      	COMF        R8, 1, 0
0x1216	0x1E09      	COMF        R9, 1, 0
0x1218	0x2A08      	INCF        R8, 1, 0
0x121A	0xB4D8      	BTFSC       STATUS, 2, 0
0x121C	0x2A09      	INCF        R9, 1, 0
0x121E	0x0C00      	RETLW       0
0x1220	0xAE05      	BTFSS       R5, 7, 0
0x1222	0xD00D      	BRA         $+28
0x1224	0xBE01      	BTFSC       R1, 7, 0
0x1226	0xD007      	BRA         $+16
0x1228	0x5001      	MOVF        R1, 0, 0
0x122A	0x6E09      	MOVWF       R9, 0
0x122C	0x5000      	MOVF        R0, 0, 0
0x122E	0x6E08      	MOVWF       R8, 0
0x1230	0x6A01      	CLRF        R1, 0
0x1232	0x6A00      	CLRF        R0, 0
0x1234	0xD7E8      	BRA         $-46
0x1236	0x6A01      	CLRF        R1, 0
0x1238	0x6A00      	CLRF        R0, 0
0x123A	0x2A00      	INCF        R0, 1, 0
0x123C	0x0C00      	RETLW       0
0x123E	0x1E01      	COMF        R1, 1, 0
0x1240	0x1E00      	COMF        R0, 1, 0
0x1242	0x2A0B      	INCF        R11, 1, 0
0x1244	0xD7DD      	BRA         $-68
0x1246	0x2A08      	INCF        R8, 1, 0
0x1248	0xB4D8      	BTFSC       STATUS, 2, 0
0x124A	0x2A09      	INCF        R9, 1, 0
0x124C	0x5004      	MOVF        R4, 0, 0
0x124E	0x5C08      	SUBWF       R8, 0, 0
0x1250	0xA4D8      	BTFSS       STATUS, 2, 0
0x1252	0xD7D9      	BRA         $-76
0x1254	0x5005      	MOVF        R5, 0, 0
0x1256	0x5C09      	SUBWF       R9, 0, 0
0x1258	0xA4D8      	BTFSS       STATUS, 2, 0
0x125A	0xD7D5      	BRA         $-84
0x125C	0x6A09      	CLRF        R9, 0
0x125E	0x6A08      	CLRF        R8, 0
0x1260	0x2A00      	INCF        R0, 1, 0
0x1262	0xB4D8      	BTFSC       STATUS, 2, 0
0x1264	0x2A01      	INCF        R1, 1, 0
0x1266	0xAE01      	BTFSS       R1, 7, 0
0x1268	0xD7CE      	BRA         $-98
0x126A	0x0000      	NOP
0x126C	0x0CFF      	RETLW       255
L_end_Div_16x16_S:
0x126E	0x0012      	RETURN      0
; end of _Div_16x16_S
Symbol List:
//** Routines locations **
//ADDRESS    SIZE    PROCEDURE
//----------------------------------------------
0x1000      [86]    _main
0x1056      [88]    _Div_16x16_S_L
0x10AE     [114]    _servo
0x1120      [16]    ___CC2DW
0x1130      [42]    _ADC_Read
0x115A      [80]    _Mul_16X16_U
0x11AA     [198]    _Div_16x16_S
//** Variables locations ** 
//ADDRESS    SIZE    VARIABLE
//----------------------------------------------
0x0000       [1]    __Lib_SoftI2C_PutZerosToLATScl_temp_scl_L0
0x0000       [1]    SPI1_Write_tmp_L0
0x0000       [1]    R0
0x0000       [1]    UART1_Init_tmp_L0
0x0000       [1]    EEPROM_Write_SaveINTCON_L0
0x0000       [1]    FLASH_Erase_64_SaveINTCON_L0
0x0000       [1]    __Lib_SoftI2C_PutZerosToLATSda_temp_sda_L0
0x0001       [2]    FLASH_Read_N_Bytes_i_L0
0x0001       [2]    servo_i_L0
0x0001       [1]    __Lib_TFT_JPEG_FileReadBytes_Result_L0
0x0001       [1]    ispunct_rslt_L0
0x0001       [1]    FLASH_Write_16_i_L0
0x0001       [1]    __Lib_PS2_Wait_Falling_nsample_L0
0x0001       [1]    R1
0x0001       [1]    __Lib_TFT_JPEG_FileRead_i_L0
0x0001       [1]    FLASH_Erase_Write_64_i_L0
0x0001       [1]    UART1_Read___tmp_UART1_Read_L0
0x0001       [1]    __Lib_USB_genHID_P18K50_?FLOC____Lib_USB_genHID_P18K50_USB_Handle_BusyT1
0x0002       [1]    FLASH_Erase_Write_64_j_L0
0x0002       [2]    __Lib_TFT_Defs_Read_From_Port_dataPort_L0
0x0002       [1]    __Lib_USB_genHID_P18K50_USB_CtrlTrf_Rx_Service_byteToRead_L0
0x0002       [2]    strlen_cp_L0
0x0002       [2]    memchr_s_L0
0x0002       [1]    R2
0x0002       [2]    memset_pp_L0
0x0002       [2]    memcpy_dd_L0
0x0002       [1]    FLASH_Write_16_SaveINTCON_L0
0x0003       [1]    MM_Init_i_L0
0x0003       [2]    memmove_tt_L0
0x0003       [2]    __Lib_USB_genHID_P18K50_USB_CtrlTrf_Tx_Service_byteToSend_L0
0x0003       [2]    __Lib_MmcFat16_f16_toInt_l_L0
0x0003       [2]    Ltrim_original_L0
0x0003       [1]    FLASH_Erase_Write_64_SaveINTCON_L0
0x0003       [1]    __Lib_Sprinti_?FLOC____Lib_Sprinti_Do_FillT29
0x0003       [2]    MM_TotalFreeMemSize_Tot_L0
0x0003       [1]    R3
0x0003       [1]    __Lib_USB_genHID_P18K50_USB_CtrlTrf_Rx_Service_i_L0
0x0004       [1]    __Lib_USB_genHID_P18K50_GetMaxIndexInDevDsc_index_L0
0x0004       [2]    strncpy_cp_L0
0x0004       [2]    memcpy_ss_L0
0x0004       [2]    __Lib_USB_genHID_P18K50_USB_Get_Status_Handler_p_L2
0x0004       [1]    R4
0x0004       [2]    __Lib_USB_genHID_P18K50_USB_Transfer_Packet_handle_L0
0x0004       [2]    frexp_pom_L0
0x0004       [2]    strcpy_cp_L0
0x0004       [2]    strncat_cp_L0
0x0004       [2]    strcat_cp_L0
0x0004       [2]    __Lib_USB_genHID_P18K50_USB_Std_Feature_Req_Handler_p_L0
0x0004       [1]    __Lib_Sprinti_?FLOC____Lib_Sprinti_Do_FillT40
0x0004       [2]    __Lib_MemManager_MM_GetMemAlign_P_L0
0x0005       [2]    LongIntToHex_input_half_L0
0x0005       [1]    R5
0x0005       [2]    memmove_ff_L0
0x0005       [1]    MM_TotalFreeMemSize_i_L0
0x0005       [2]    Ltrim_p_L0
0x0005       [2]    LongWordToHex_input_half_L0
0x0005       [1]    __Lib_Sprinti_?FLOC____Lib_Sprinti_Do_FillT54
0x0006       [2]    __Lib_USB_genHID_P18K50_GetMaxIndexInConfigDsc_totalLen_L0
0x0006       [1]    __Lib_MemManager_MM_GetMemAlign_i_L0
0x0006       [1]    __Lib_Sprinti_?FLOC____Lib_Sprinti_Do_FillT69
0x0006       [1]    R6
0x0007       [1]    __Lib_TFT_JPEG_GenerateHuffmanTables_bLength_L0
0x0007       [1]    R7
0x0008       [1]    R8
0x0008       [3]    __Lib_USB_genHID_P18K50_GetMaxIndexInConfigDsc_ptr_L0
0x0008       [1]    __Lib_TFT_JPEG_GenerateHuffmanTables_bTable_L0
0x0009       [1]    R9
0x0009       [4]    __Lib_MmcFat16_f16_toLong_l_L0
0x000A       [1]    R10
0x000B       [1]    R11
0x000C       [1]    R12
0x000D       [1]    R13
0x000E       [1]    R14
0x000F       [1]    R15
0x0010       [1]    R16
0x0011       [1]    R17
0x0012       [1]    R18
0x0013       [1]    R19
0x0014       [1]    R20
0x0015       [2]    _x
0x0017       [2]    FARG_servo_angulo
0x0017       [1]    FARG_ADC_Read_Chan_Sel
0x0F7F       [1]    ANSELH
0x0F8B       [1]    LATC
0x0F93       [1]    TRISB
0x0F94       [1]    TRISC
0x0FC2       [1]    ADCON0
0x0FC3       [1]    ADRESL
0x0FC4       [1]    ADRESH
0x0FD8       [1]    STATUS
0x0FD9       [1]    FSR2L
0x0FDA       [1]    FSR2H
0x0FDE       [1]    POSTINC2
0x0FE0       [1]    BSR
0x0FE1       [1]    FSR1L
0x0FE2       [1]    FSR1H
0x0FE4       [1]    PREINC1
0x0FE6       [1]    POSTINC1
0x0FE7       [1]    INDF1
0x0FE8       [1]    WREG
0x0FE9       [1]    FSR0L
0x0FEA       [1]    FSR0H
0x0FEE       [1]    POSTINC0
0x0FF3       [1]    PRODL
0x0FF4       [1]    PRODH
0x0FF5       [1]    TABLAT
0x0FF6       [1]    TBLPTRL
0x0FF7       [1]    TBLPTRH
0x0FF8       [1]    TBLPTRU
