;  LST file generated by mikroListExporter - v.2.0 
; Date/Time: 01/09/2017 08:34:06 p. m.
;----------------------------------------------

;Address Opcode 	ASM
0x0000	0xF010EF00  	GOTO        8192
0x0004	0x0000      	NOP
0x0006	0x0000      	NOP
0x0008	0xF008EF0F  	GOTO        4126
0x000C	0x0000      	NOP
0x000E	0x0000      	NOP
0x0010	0x0000      	NOP
0x0012	0x0000      	NOP
0x0014	0x0000      	NOP
0x0016	0x0000      	NOP
0x0018	0xD7F3      	BRA         0
_bootInterrupt:
;blynkInterrupt.c,136 :: 		unresolved line
;blynkInterrupt.c,142 :: 		unresolved line
0x1000	0xF010EF00  	GOTO        _main
;blynkInterrupt.c,144 :: 		unresolved line
0x1004	0xF000EF00  	GOTO        0
;blynkInterrupt.c,146 :: 		unresolved line
0x1008	0xF008EF0F  	GOTO        _interrupt
;blynkInterrupt.c,150 :: 		unresolved line
L_end_bootInterrupt:
0x100C	0x0012      	RETURN      0
; end of _bootInterrupt
___CC2DW:
;__Lib_System.c,21 :: 		
;__Lib_System.c,23 :: 		
_CC2DL_Loop1:
;__Lib_System.c,24 :: 		
0x100E	0x0009      	TBLRD*+
;__Lib_System.c,25 :: 		
0x1010	0xFFE6CFF5  	MOVFF       TABLAT, POSTINC1
;__Lib_System.c,26 :: 		
0x1014	0x0600      	DECF        R0, 1, 0
;__Lib_System.c,27 :: 		
0x1016	0xE1FB      	BNZ         _CC2DL_Loop1
;__Lib_System.c,28 :: 		
0x1018	0x0601      	DECF        R1, 1, 0
;__Lib_System.c,29 :: 		
0x101A	0xE1F9      	BNZ         _CC2DL_Loop1
;__Lib_System.c,31 :: 		
L_end___CC2DW:
0x101C	0x0012      	RETURN      0
; end of ___CC2DW
_interrupt:
;blynkInterrupt.c,19 :: 		void interrupt()
0x101E	0xF015C000  	MOVFF       R0, 21
;blynkInterrupt.c,23 :: 		if (INTCON.f2 == 1) //si se desborda el timer y acciona la interrupcion, este registro es una bandera
0x1022	0xA4F2      	BTFSS       INTCON, 2 
0x1024	0xD02A      	BRA         L_interrupt0
;blynkInterrupt.c,27 :: 		T0CON.f7 = 0;
0x1026	0x9ED5      	BCF         T0CON, 7 
;blynkInterrupt.c,29 :: 		unresolved line
0x1028	0x94F2      	BCF         INTCON, 2 
;blynkInterrupt.c,31 :: 		unresolved line
0x102A	0x6AD7      	CLRF        TMR0H 
;blynkInterrupt.c,33 :: 		unresolved line
0x102C	0x6AD6      	CLRF        TMR0L 
;blynkInterrupt.c,35 :: 		unresolved line
0x102E	0x7E8A      	BTG         LATB, 7 
;blynkInterrupt.c,39 :: 		unresolved line
0x1030	0x0E00      	MOVLW       0
0x1032	0x181B      	XORWF       _var1+1, 0 
0x1034	0xE102      	BNZ         L__interrupt13
0x1036	0x0E0A      	MOVLW       10
0x1038	0x181A      	XORWF       _var1, 0 
L__interrupt13:
0x103A	0xE104      	BNZ         L_interrupt1
;blynkInterrupt.c,41 :: 		unresolved line
0x103C	0x708B      	BTG         LATC, 0 
;blynkInterrupt.c,42 :: 		unresolved line
0x103E	0x6A1A      	CLRF        _var1 
0x1040	0x6A1B      	CLRF        _var1+1 
;blynkInterrupt.c,43 :: 		unresolved line
0x1042	0xD002      	BRA         L_interrupt2
L_interrupt1:
;blynkInterrupt.c,46 :: 		unresolved line
0x1044	0x4A1A      	INFSNZ      _var1, 1 
0x1046	0x2A1B      	INCF        _var1+1, 1 
;blynkInterrupt.c,47 :: 		unresolved line
L_interrupt2:
;blynkInterrupt.c,48 :: 		unresolved line
0x1048	0x0E00      	MOVLW       0
0x104A	0x1819      	XORWF       _var2+1, 0 
0x104C	0xE102      	BNZ         L__interrupt14
0x104E	0x0E64      	MOVLW       100
0x1050	0x1818      	XORWF       _var2, 0 
L__interrupt14:
0x1052	0xE104      	BNZ         L_interrupt3
;blynkInterrupt.c,50 :: 		unresolved line
0x1054	0x728B      	BTG         LATC, 1 
;blynkInterrupt.c,51 :: 		unresolved line
0x1056	0x6A18      	CLRF        _var2 
0x1058	0x6A19      	CLRF        _var2+1 
;blynkInterrupt.c,52 :: 		unresolved line
0x105A	0xD002      	BRA         L_interrupt4
L_interrupt3:
;blynkInterrupt.c,55 :: 		unresolved line
0x105C	0x4A18      	INFSNZ      _var2, 1 
0x105E	0x2A19      	INCF        _var2+1, 1 
;blynkInterrupt.c,56 :: 		unresolved line
L_interrupt4:
;blynkInterrupt.c,57 :: 		unresolved line
0x1060	0x5017      	MOVF        _var3+1, 0 
0x1062	0x0A01      	XORLW       1
0x1064	0xE102      	BNZ         L__interrupt15
0x1066	0x0EF4      	MOVLW       244
0x1068	0x1816      	XORWF       _var3, 0 
L__interrupt15:
0x106A	0xE104      	BNZ         L_interrupt5
;blynkInterrupt.c,59 :: 		unresolved line
0x106C	0x748B      	BTG         LATC, 2 
;blynkInterrupt.c,60 :: 		unresolved line
0x106E	0x6A16      	CLRF        _var3 
0x1070	0x6A17      	CLRF        _var3+1 
;blynkInterrupt.c,61 :: 		unresolved line
0x1072	0xD002      	BRA         L_interrupt6
L_interrupt5:
;blynkInterrupt.c,64 :: 		unresolved line
0x1074	0x4A16      	INFSNZ      _var3, 1 
0x1076	0x2A17      	INCF        _var3+1, 1 
;blynkInterrupt.c,65 :: 		unresolved line
L_interrupt6:
;blynkInterrupt.c,66 :: 		unresolved line
0x1078	0x8ED5      	BSF         T0CON, 7 
;blynkInterrupt.c,68 :: 		unresolved line
L_interrupt0:
;blynkInterrupt.c,70 :: 		unresolved line
L_end_interrupt:
L__interrupt12:
0x107A	0xF000C015  	MOVFF       21, R0
0x107E	0x0011      	RETFIE      1
; end of _interrupt
_main:
0x2000	0x6A16      	CLRF        _var3 
0x2002	0x6A17      	CLRF        23 
0x2004	0x6A18      	CLRF        _var2 
0x2006	0x6A19      	CLRF        25 
0x2008	0x6A1A      	CLRF        _var1 
0x200A	0x6A1B      	CLRF        27 
;blynkInterrupt.c,76 :: 		unresolved line
;blynkInterrupt.c,80 :: 		unresolved line
0x200C	0x0E08      	MOVLW       8
0x200E	0x6E92      	MOVWF       TRISA 
;blynkInterrupt.c,82 :: 		unresolved line
0x2010	0x6A93      	CLRF        TRISB 
;blynkInterrupt.c,84 :: 		unresolved line
0x2012	0x6A94      	CLRF        TRISC 
;blynkInterrupt.c,89 :: 		unresolved line
0x2014	0x6A89      	CLRF        LATA 
;blynkInterrupt.c,91 :: 		unresolved line
0x2016	0x6A8A      	CLRF        LATB 
;blynkInterrupt.c,93 :: 		unresolved line
0x2018	0x6A8B      	CLRF        LATC 
;blynkInterrupt.c,98 :: 		unresolved line
0x201A	0x0E01      	MOVLW       1
0x201C	0x6ED5      	MOVWF       T0CON 
;blynkInterrupt.c,100 :: 		unresolved line
0x201E	0x6AD7      	CLRF        TMR0H 
;blynkInterrupt.c,102 :: 		unresolved line
0x2020	0x6AD6      	CLRF        TMR0L 
;blynkInterrupt.c,104 :: 		unresolved line
0x2022	0x0EE0      	MOVLW       224
0x2024	0x6EF2      	MOVWF       INTCON 
;blynkInterrupt.c,106 :: 		unresolved line
0x2026	0x9ED0      	BCF         RCON, 7 
;blynkInterrupt.c,108 :: 		unresolved line
0x2028	0x8ED5      	BSF         T0CON, 7 
;blynkInterrupt.c,113 :: 		unresolved line
L_main7:
;blynkInterrupt.c,117 :: 		unresolved line
0x202A	0xB680      	BTFSC       PORTA, 3 
0x202C	0xD002      	BRA         L_main9
;blynkInterrupt.c,121 :: 		unresolved line
0x202E	0xF000EF18  	GOTO        48
;blynkInterrupt.c,123 :: 		unresolved line
L_main9:
;blynkInterrupt.c,125 :: 		unresolved line
0x2032	0x0E07      	MOVLW       7
0x2034	0x6E0B      	MOVWF       R11, 0
0x2036	0x0E17      	MOVLW       23
0x2038	0x6E0C      	MOVWF       R12, 0
0x203A	0x0E6A      	MOVLW       106
0x203C	0x6E0D      	MOVWF       R13, 0
L_main10:
0x203E	0x2E0D      	DECFSZ      R13, 1, 0
0x2040	0xD7FE      	BRA         L_main10
0x2042	0x2E0C      	DECFSZ      R12, 1, 0
0x2044	0xD7FC      	BRA         L_main10
0x2046	0x2E0B      	DECFSZ      R11, 1, 0
0x2048	0xD7FA      	BRA         L_main10
0x204A	0x0000      	NOP
;blynkInterrupt.c,129 :: 		unresolved line
0x204C	0xD7EE      	BRA         L_main7
;blynkInterrupt.c,131 :: 		unresolved line
L_end_main:
0x204E	0xD7FF      	BRA         $+0
; end of _main
Symbol List:
//** Routines locations **
//ADDRESS    SIZE    PROCEDURE
//----------------------------------------------
0x1000      [14]    _bootInterrupt
0x100E      [16]    ___CC2DW
0x101E      [98]    _interrupt
0x2000      [80]    _main
//** Variables locations ** 
//ADDRESS    SIZE    VARIABLE
//----------------------------------------------
0x0000       [1]    SPI1_Write_tmp_L0
0x0000       [1]    __Lib_SoftI2C_PutZerosToLATScl_temp_scl_L0
0x0000       [1]    __Lib_SoftI2C_PutZerosToLATSda_temp_sda_L0
0x0000       [1]    EEPROM_Write_SaveINTCON_L0
0x0000       [1]    FLASH_Erase_64_SaveINTCON_L0
0x0000       [1]    R0
0x0000       [1]    UART1_Init_tmp_L0
0x0001       [2]    FLASH_Read_N_Bytes_i_L0
0x0001       [1]    __Lib_PS2_Wait_Falling_nsample_L0
0x0001       [1]    UART1_Read___tmp_UART1_Read_L0
0x0001       [1]    __Lib_TFT_JPEG_FileRead_i_L0
0x0001       [1]    R1
0x0001       [1]    ispunct_rslt_L0
0x0001       [1]    FLASH_Erase_Write_64_i_L0
0x0001       [1]    FLASH_Write_16_i_L0
0x0001       [1]    __Lib_TFT_JPEG_FileReadBytes_Result_L0
0x0001       [1]    __Lib_USB_genHID_P18K50_?FLOC____Lib_USB_genHID_P18K50_USB_Handle_BusyT1
0x0002       [1]    __Lib_USB_genHID_P18K50_USB_CtrlTrf_Rx_Service_byteToRead_L0
0x0002       [1]    R2
0x0002       [2]    memcpy_dd_L0
0x0002       [1]    FLASH_Write_16_SaveINTCON_L0
0x0002       [2]    memset_pp_L0
0x0002       [2]    memchr_s_L0
0x0002       [1]    FLASH_Erase_Write_64_j_L0
0x0002       [2]    strlen_cp_L0
0x0003       [1]    __Lib_USB_genHID_P18K50_USB_CtrlTrf_Rx_Service_i_L0
0x0003       [1]    __Lib_Sprinti_?FLOC____Lib_Sprinti_Do_FillT29
0x0003       [1]    MM_Init_i_L0
0x0003       [2]    MM_TotalFreeMemSize_Tot_L0
0x0003       [1]    FLASH_Erase_Write_64_SaveINTCON_L0
0x0003       [1]    R3
0x0003       [2]    __Lib_MmcFat16_f16_toInt_l_L0
0x0003       [2]    memmove_tt_L0
0x0003       [2]    Ltrim_original_L0
0x0003       [2]    __Lib_USB_genHID_P18K50_USB_CtrlTrf_Tx_Service_byteToSend_L0
0x0004       [2]    __Lib_USB_genHID_P18K50_USB_Std_Feature_Req_Handler_p_L0
0x0004       [2]    __Lib_USB_genHID_P18K50_USB_Get_Status_Handler_p_L2
0x0004       [2]    strncpy_cp_L0
0x0004       [2]    frexp_pom_L0
0x0004       [2]    __Lib_MemManager_MM_GetMemAlign_P_L0
0x0004       [2]    __Lib_USB_genHID_P18K50_USB_Transfer_Packet_handle_L0
0x0004       [1]    R4
0x0004       [1]    __Lib_USB_genHID_P18K50_GetMaxIndexInDevDsc_index_L0
0x0004       [2]    memcpy_ss_L0
0x0004       [2]    strcat_cp_L0
0x0004       [1]    __Lib_Sprinti_?FLOC____Lib_Sprinti_Do_FillT40
0x0004       [2]    strncat_cp_L0
0x0004       [2]    strcpy_cp_L0
0x0005       [2]    LongWordToHex_input_half_L0
0x0005       [1]    MM_TotalFreeMemSize_i_L0
0x0005       [1]    __Lib_Sprinti_?FLOC____Lib_Sprinti_Do_FillT54
0x0005       [2]    memmove_ff_L0
0x0005       [2]    Ltrim_p_L0
0x0005       [1]    R5
0x0005       [2]    LongIntToHex_input_half_L0
0x0006       [1]    __Lib_MemManager_MM_GetMemAlign_i_L0
0x0006       [2]    __Lib_USB_genHID_P18K50_GetMaxIndexInConfigDsc_totalLen_L0
0x0006       [1]    R6
0x0006       [1]    __Lib_Sprinti_?FLOC____Lib_Sprinti_Do_FillT69
0x0007       [1]    R7
0x0007       [1]    __Lib_TFT_JPEG_GenerateHuffmanTables_bLength_L0
0x0008       [1]    R8
0x0008       [1]    __Lib_TFT_JPEG_GenerateHuffmanTables_bTable_L0
0x0008       [3]    __Lib_USB_genHID_P18K50_GetMaxIndexInConfigDsc_ptr_L0
0x0009       [4]    __Lib_MmcFat16_f16_toLong_l_L0
0x0009       [1]    R9
0x000A       [1]    R10
0x000B       [1]    R11
0x000C       [1]    R12
0x000D       [1]    R13
0x000E       [1]    R14
0x000F       [1]    R15
0x0010       [1]    R16
0x0011       [1]    R17
0x0012       [1]    R18
0x0013       [1]    R19
0x0014       [1]    R20
0x0016       [2]    _var3
0x0018       [2]    _var2
0x001A       [2]    _var1
0x0F80       [1]    PORTA
0x0F89       [1]    LATA
0x0F8A       [1]    LATB
0x0F8B       [1]    LATC
0x0F92       [1]    TRISA
0x0F93       [1]    TRISB
0x0F94       [1]    TRISC
0x0FD0       [1]    RCON
0x0FD5       [1]    T0CON
0x0FD6       [1]    TMR0L
0x0FD7       [1]    TMR0H
0x0FD8       [1]    STATUS
0x0FD9       [1]    FSR2L
0x0FDA       [1]    FSR2H
0x0FDE       [1]    POSTINC2
0x0FE0       [1]    BSR
0x0FE1       [1]    FSR1L
0x0FE2       [1]    FSR1H
0x0FE4       [1]    PREINC1
0x0FE6       [1]    POSTINC1
0x0FE7       [1]    INDF1
0x0FE8       [1]    WREG
0x0FE9       [1]    FSR0L
0x0FEA       [1]    FSR0H
0x0FEE       [1]    POSTINC0
0x0FF2       [1]    INTCON
0x0FF3       [1]    PRODL
0x0FF4       [1]    PRODH
0x0FF5       [1]    TABLAT
0x0FF6       [1]    TBLPTRL
0x0FF7       [1]    TBLPTRH
0x0FF8       [1]    TBLPTRU
