;  LST file generated by mikroListExporter - v.2.0 
; Date/Time: 10/06/2017 01:03:31 p. m.
;----------------------------------------------

;Address Opcode 	ASM
0x0000	0xF008EF00  	GOTO        4096
0x0004	0x0000      	NOP
0x0006	0x0000      	NOP
0x0008	0xF000EF00  	GOTO        0
0x000C	0x0000      	NOP
0x000E	0x0000      	NOP
0x0010	0x0000      	NOP
0x0012	0x0000      	NOP
0x0014	0x0000      	NOP
0x0016	0x0000      	NOP
0x0018	0xD7F3      	BRA         0
_main:
;display7segmentos.mbas,30 :: 		org 0x1000
;display7segmentos.mbas,32 :: 		UART1_init(9600)
0x1000	0x86B8      	BSF         BAUDCON, 3, 0
0x1002	0x0E04      	MOVLW       4
0x1004	0x6EB0      	MOVWF       SPBRGH 
0x1006	0x0EE1      	MOVLW       225
0x1008	0x6EAF      	MOVWF       SPBRG 
0x100A	0x84AC      	BSF         TXSTA, 2, 0
0x100C	0xD859      	RCALL       _UART1_Init
;display7segmentos.mbas,33 :: 		anselh.3 = 0
0x100E	0x967F      	BCF         ANSELH, 3 
;display7segmentos.mbas,34 :: 		TRISB.5 = 1
0x1010	0x8A93      	BSF         TRISB, 5 
;display7segmentos.mbas,35 :: 		TRISB.7 = 0
0x1012	0x9E93      	BCF         TRISB, 7 
;display7segmentos.mbas,36 :: 		TRISC = %00000000
0x1014	0x6A94      	CLRF        TRISC 
;display7segmentos.mbas,37 :: 		LATC = %00000000
0x1016	0x6A8B      	CLRF        LATC 
;display7segmentos.mbas,38 :: 		loop:
L__main_loop:
;display7segmentos.mbas,39 :: 		if (UART1_data_ready() <> 0) then
0x1018	0xD87E      	RCALL       _UART1_Data_Ready
0x101A	0x5000      	MOVF        R0, 0 
0x101C	0x0A00      	XORLW       0
0x101E	0xE006      	BZ          L__main35
;display7segmentos.mbas,40 :: 		i = UART1_read()
0x1020	0xD807      	RCALL       _UART1_Read
0x1022	0xF019C000  	MOVFF       R0, _i
;display7segmentos.mbas,41 :: 		display(i)
0x1026	0xF026C000  	MOVFF       R0, FARG_display_num
0x102A	0xD80D      	RCALL       _display
L__main35:
;display7segmentos.mbas,43 :: 		goto loop
0x102C	0xD7F5      	BRA         L__main_loop
L_end_main:
0x102E	0xD7FF      	BRA         $+0
; end of _main
_UART1_Read:
;__Lib_UART_b57.mpas,65 :: 		
;__Lib_UART_b57.mpas,66 :: 		
0x1030	0xF002CFAE  	MOVFF       RCREG, R2
;__Lib_UART_b57.mpas,67 :: 		
0x1034	0xA2AB      	BTFSS       RCSTA, 1 
0x1036	0xD002      	BRA         L__UART1_Read9
;__Lib_UART_b57.mpas,69 :: 		
0x1038	0x98AB      	BCF         RCSTA, 4 
;__Lib_UART_b57.mpas,70 :: 		
0x103A	0x88AB      	BSF         RCSTA, 4 
;__Lib_UART_b57.mpas,71 :: 		
L__UART1_Read9:
;__Lib_UART_b57.mpas,72 :: 		
0x103C	0xF001C002  	MOVFF       R2, R1
;__Lib_UART_b57.mpas,73 :: 		
0x1040	0xF000C001  	MOVFF       R1, R0
L_end_UART1_Read:
0x1044	0x0012      	RETURN      0
; end of _UART1_Read
_display:
;display7segmentos.mbas,4 :: 		sub procedure display(dim num as char)
;display7segmentos.mbas,6 :: 		case "0"
0x1046	0x5026      	MOVF        FARG_display_num, 0 
0x1048	0x0A30      	XORLW       48
0x104A	0xE103      	BNZ         L__display4
;display7segmentos.mbas,7 :: 		latc = %00111111
0x104C	0x0E3F      	MOVLW       63
0x104E	0x6E8B      	MOVWF       LATC 
0x1050	0xD036      	BRA         L__display1
L__display4:
;display7segmentos.mbas,8 :: 		case "1"
0x1052	0x5026      	MOVF        FARG_display_num, 0 
0x1054	0x0A31      	XORLW       49
0x1056	0xE103      	BNZ         L__display7
;display7segmentos.mbas,9 :: 		latc = %00000110
0x1058	0x0E06      	MOVLW       6
0x105A	0x6E8B      	MOVWF       LATC 
0x105C	0xD030      	BRA         L__display1
L__display7:
;display7segmentos.mbas,10 :: 		case "2"
0x105E	0x5026      	MOVF        FARG_display_num, 0 
0x1060	0x0A32      	XORLW       50
0x1062	0xE103      	BNZ         L__display10
;display7segmentos.mbas,11 :: 		latc = %01011011
0x1064	0x0E5B      	MOVLW       91
0x1066	0x6E8B      	MOVWF       LATC 
0x1068	0xD02A      	BRA         L__display1
L__display10:
;display7segmentos.mbas,12 :: 		case "3"
0x106A	0x5026      	MOVF        FARG_display_num, 0 
0x106C	0x0A33      	XORLW       51
0x106E	0xE103      	BNZ         L__display13
;display7segmentos.mbas,13 :: 		latc = %01001111
0x1070	0x0E4F      	MOVLW       79
0x1072	0x6E8B      	MOVWF       LATC 
0x1074	0xD024      	BRA         L__display1
L__display13:
;display7segmentos.mbas,14 :: 		case "4"
0x1076	0x5026      	MOVF        FARG_display_num, 0 
0x1078	0x0A34      	XORLW       52
0x107A	0xE103      	BNZ         L__display16
;display7segmentos.mbas,15 :: 		latc = %01100110
0x107C	0x0E66      	MOVLW       102
0x107E	0x6E8B      	MOVWF       LATC 
0x1080	0xD01E      	BRA         L__display1
L__display16:
;display7segmentos.mbas,16 :: 		case "5"
0x1082	0x5026      	MOVF        FARG_display_num, 0 
0x1084	0x0A35      	XORLW       53
0x1086	0xE103      	BNZ         L__display19
;display7segmentos.mbas,17 :: 		latc = %01101101
0x1088	0x0E6D      	MOVLW       109
0x108A	0x6E8B      	MOVWF       LATC 
0x108C	0xD018      	BRA         L__display1
L__display19:
;display7segmentos.mbas,18 :: 		case "6"
0x108E	0x5026      	MOVF        FARG_display_num, 0 
0x1090	0x0A36      	XORLW       54
0x1092	0xE103      	BNZ         L__display22
;display7segmentos.mbas,19 :: 		latc = %01111101
0x1094	0x0E7D      	MOVLW       125
0x1096	0x6E8B      	MOVWF       LATC 
0x1098	0xD012      	BRA         L__display1
L__display22:
;display7segmentos.mbas,20 :: 		case "7"
0x109A	0x5026      	MOVF        FARG_display_num, 0 
0x109C	0x0A37      	XORLW       55
0x109E	0xE103      	BNZ         L__display25
;display7segmentos.mbas,21 :: 		latc = %00000111
0x10A0	0x0E07      	MOVLW       7
0x10A2	0x6E8B      	MOVWF       LATC 
0x10A4	0xD00C      	BRA         L__display1
L__display25:
;display7segmentos.mbas,22 :: 		case "8"
0x10A6	0x5026      	MOVF        FARG_display_num, 0 
0x10A8	0x0A38      	XORLW       56
0x10AA	0xE103      	BNZ         L__display28
;display7segmentos.mbas,23 :: 		latc = %01111111
0x10AC	0x0E7F      	MOVLW       127
0x10AE	0x6E8B      	MOVWF       LATC 
0x10B0	0xD006      	BRA         L__display1
L__display28:
;display7segmentos.mbas,24 :: 		case "9"
0x10B2	0x5026      	MOVF        FARG_display_num, 0 
0x10B4	0x0A39      	XORLW       57
0x10B6	0xE103      	BNZ         L__display31
;display7segmentos.mbas,25 :: 		latc = %01101111
0x10B8	0x0E6F      	MOVLW       111
0x10BA	0x6E8B      	MOVWF       LATC 
0x10BC	0xD000      	BRA         L__display1
L__display31:
L__display1:
;display7segmentos.mbas,27 :: 		end sub
L_end_display:
0x10BE	0x0012      	RETURN      0
; end of _display
_UART1_Init:
;__Lib_UART_b57.mpas,39 :: 		
;__Lib_UART_b57.mpas,41 :: 		
0x10C0	0x0EFF      	MOVLW       _UART1_Write
0x10C2	0x6E15      	MOVWF       _UART_Wr_Ptr 
0x10C4	0x0EFF      	MOVLW       hi_addr(_UART1_Write)
0x10C6	0x6E16      	MOVWF       _UART_Wr_Ptr+1 
0x10C8	0x0EFF      	MOVLW       FARG_UART1_Write_data_
0x10CA	0x6E17      	MOVWF       _UART_Wr_Ptr+2 
0x10CC	0x0EFF      	MOVLW       hi_addr(FARG_UART1_Write_data_)
0x10CE	0x6E18      	MOVWF       _UART_Wr_Ptr+3 
;__Lib_UART_b57.mpas,42 :: 		
0x10D0	0x0E30      	MOVLW       _UART1_Read
0x10D2	0x6E1A      	MOVWF       _UART_Rd_Ptr 
0x10D4	0x0E10      	MOVLW       hi_addr(_UART1_Read)
0x10D6	0x6E1B      	MOVWF       _UART_Rd_Ptr+1 
0x10D8	0x0E00      	MOVLW       0
0x10DA	0x6E1C      	MOVWF       _UART_Rd_Ptr+2 
0x10DC	0x0E00      	MOVLW       0
0x10DE	0x6E1D      	MOVWF       _UART_Rd_Ptr+3 
;__Lib_UART_b57.mpas,43 :: 		
0x10E0	0x0E16      	MOVLW       _UART1_Data_Ready
0x10E2	0x6E22      	MOVWF       _UART_Rdy_Ptr 
0x10E4	0x0E11      	MOVLW       hi_addr(_UART1_Data_Ready)
0x10E6	0x6E23      	MOVWF       _UART_Rdy_Ptr+1 
0x10E8	0x0E00      	MOVLW       0
0x10EA	0x6E24      	MOVWF       _UART_Rdy_Ptr+2 
0x10EC	0x0E00      	MOVLW       0
0x10EE	0x6E25      	MOVWF       _UART_Rdy_Ptr+3 
;__Lib_UART_b57.mpas,44 :: 		
0x10F0	0x0EFF      	MOVLW       _UART1_TX_Idle
0x10F2	0x6E1E      	MOVWF       _UART_TX_Idle_Ptr 
0x10F4	0x0EFF      	MOVLW       hi_addr(_UART1_TX_Idle)
0x10F6	0x6E1F      	MOVWF       _UART_TX_Idle_Ptr+1 
0x10F8	0x0E00      	MOVLW       0
0x10FA	0x6E20      	MOVWF       _UART_TX_Idle_Ptr+2 
0x10FC	0x0E00      	MOVLW       0
0x10FE	0x6E21      	MOVWF       _UART_TX_Idle_Ptr+3 
;__Lib_UART_b57.mpas,46 :: 		
0x1100	0x8AAC      	BSF         TXSTA, 5 
;__Lib_UART_b57.mpas,47 :: 		
0x1102	0x0E90      	MOVLW       144
0x1104	0x6EAB      	MOVWF       RCSTA 
;__Lib_UART_b57.mpas,48 :: 		
0x1106	0x8A93      	BSF         TRISB5_bit, BitPos(TRISB5_bit+0) 
;__Lib_UART_b57.mpas,49 :: 		
0x1108	0x8E93      	BSF         TRISB7_bit, BitPos(TRISB7_bit+0) 
;__Lib_UART_b57.mpas,51 :: 		
L__UART1_Init2:
0x110A	0xAA9E      	BTFSS       PIR1, 5 
0x110C	0xD003      	BRA         L__UART1_Init3
;__Lib_UART_b57.mpas,52 :: 		
0x110E	0xF000CFAE  	MOVFF       RCREG, R0
0x1112	0xD7FB      	BRA         L__UART1_Init2
L__UART1_Init3:
;__Lib_UART_b57.mpas,53 :: 		
L_end_UART1_Init:
0x1114	0x0012      	RETURN      0
; end of _UART1_Init
_UART1_Data_Ready:
;__Lib_UART_b57.mpas,58 :: 		
;__Lib_UART_b57.mpas,59 :: 		
0x1116	0x0E00      	MOVLW       0
0x1118	0xBA9E      	BTFSC       PIR1, 5 
0x111A	0x0E01      	MOVLW       1
0x111C	0x6E01      	MOVWF       R1 
;__Lib_UART_b57.mpas,60 :: 		
0x111E	0xF000C001  	MOVFF       R1, R0
L_end_UART1_Data_Ready:
0x1122	0x0012      	RETURN      0
; end of _UART1_Data_Ready
Symbol List:
//** Routines locations **
//ADDRESS    SIZE    PROCEDURE
//----------------------------------------------
0x1000      [48]    _main
0x1030      [22]    _UART1_Read
0x1046     [122]    _display
0x10C0      [86]    _UART1_Init
0x1116      [14]    _UART1_Data_Ready
//** Variables locations ** 
//ADDRESS    SIZE    VARIABLE
//----------------------------------------------
0x0000       [1]    UART1_Init_tmp
0x0000       [1]    SPI1_Write_tmp
0x0000       [1]    EEPROM_Write_SaveINTCON
0x0000       [1]    FLASH_Erase_64_SaveINTCON
0x0000       [1]    PutZerosToLATSda_temp_sda
0x0000       [1]    PutZerosToLATScl_temp_scl
0x0000       [1]    R0
0x0001       [1]    closeDir_local_result
0x0001       [1]    Is_SSD1963_Set_local_result
0x0001       [2]    memset_chptr
0x0001       [2]    ltrim_ptr1
0x0001       [1]    Is_TFT_Set_local_result
0x0001       [2]    memcpy_chptr1
0x0001       [1]    UART1_TX_Idle_local_result
0x0001       [1]    UART1_Read_local_result
0x0001       [2]    FLASH_Read_N_Bytes_counter
0x0001       [1]    UART1_Data_Ready_local_result
0x0001       [2]    strcat2_ptrl1
0x0001       [2]    strcat_ptr1
0x0001       [2]    strncpy_ptr1
0x0001       [1]    EEPROM_Read_local_result
0x0001       [2]    strncat2_ptr1
0x0001       [1]    Mmc_Fat_EOF_local_result
0x0001       [1]    Is_TFT_Rotated_180_local_result
0x0001       [1]    Cf_Detect_local_result
0x0001       [1]    R1
0x0001       [1]    __Lib_USB_genHID_P18K50_?FLOC____Lib_USB_genHID_P18K50_USB_Handle_BusyT1
0x0001       [2]    strcpy_ptr1
0x0001       [1]    FLASH_Erase_Write_64_cnt1
0x0001       [1]    JPEG_ToSignedCharRange_local_result
0x0001       [1]    FLASH_Read_local_result
0x0001       [1]    Clock_Wait_High_local_result
0x0001       [1]    JPEG_ToCharRange_local_result
0x0001       [1]    MM_error_local_result
0x0001       [1]    JPEG_FileReadBytes_local_result
0x0001       [1]    FLASH_Write_16_counter
0x0001       [1]    SPI1_Read_local_result
0x0002       [2]    max_local_result
0x0002       [2]    Length_local_result
0x0002       [1]    ispunct_local_result
0x0002       [1]    R2
0x0002       [1]    __Lib_USB_genHID_P18K50_USB_CtrlTrf_Rx_Service_byteToRead_L0
0x0002       [2]    SPI_Ethernet_24j600_getIpMask_local_result
0x0002       [1]    tolower_local_result
0x0002       [2]    SPI_Ethernet_24j600_getDnsIpAddress_local_result
0x0002       [1]    I2C1_Is_Idle_local_result
0x0002       [1]    isdigit_local_result
0x0002       [1]    isupper_local_result
0x0002       [2]    T6963C_WaitReady_ptr
0x0002       [2]    f16_toInt_local_result
0x0002       [1]    islower_local_result
0x0002       [2]    memcmp_local_result
0x0002       [2]    strstr_local_result
0x0002       [1]    JPEG_FileRead_i
0x0002       [1]    UART1_Read_tmp
0x0002       [2]    constToVar_local_result
0x0002       [1]    toupper_local_result
0x0002       [1]    iscntrl_local_result
0x0002       [2]    memchr_local_result
0x0002       [2]    abs_local_result
0x0002       [2]    min_local_result
0x0002       [2]    strncat_ptr1
0x0002       [2]    SPI_Ethernet_24j600_getGwIpAddress_local_result
0x0002       [1]    Clock_Wait_Low_local_result
0x0002       [2]    SPI_Ethernet_getGwIpAddress_local_result
0x0002       [1]    FLASH_Erase_Write_64_cnt2
0x0002       [1]    Wait_Falling_local_result
0x0002       [2]    strchr_local_result
0x0002       [2]    SPI_Ethernet_getIpMask_local_result
0x0002       [2]    SPI_Ethernet_24j600_getIpAddress_local_result
0x0002       [2]    strlen_local_result
0x0002       [2]    SPI_Ethernet_getDnsIpAddress_local_result
0x0002       [2]    SPI_Ethernet_getIpAddress_local_result
0x0002       [1]    FLASH_Write_16_SaveINTCON
0x0003       [2]    strcpy_ptr2
0x0003       [2]    MM_CheckBlocks_local_result
0x0003       [1]    Wait_Falling_osample
0x0003       [1]    R3
0x0003       [2]    MM_TotalFreeMemSize_local_result
0x0003       [2]    strcmp_local_result
0x0003       [2]    ltrim_ptr2
0x0003       [2]    memcpy_chptr2
0x0003       [1]    MM_Init_i
0x0003       [2]    strncat2_ptr2
0x0003       [1]    FLASH_Erase_Write_64_SaveINTCON
0x0003       [1]    isspace_local_result
0x0003       [2]    strncpy_ptr2
0x0003       [2]    strcat2_ptr1
0x0003       [1]    __Lib_USB_genHID_P18K50_USB_CtrlTrf_Rx_Service_i_L0
0x0003       [2]    __Lib_USB_genHID_P18K50_USB_CtrlTrf_Tx_Service_byteToSend_L0
0x0003       [2]    strcat_ptr2
0x0004       [4]    labs_local_result
0x0004       [2]    strchr_ptr
0x0004       [4]    frexp_local_result
0x0004       [4]    Cf_Fat_Get_File_Size_local_result
0x0004       [2]    strncmp_local_result
0x0004       [4]    Mmc_Fat_Tell_local_result
0x0004       [2]    strstr_i
0x0004       [2]    memchr_chptr
0x0004       [2]    __Lib_USB_genHID_P18K50_USB_Std_Feature_Req_Handler_p_L0
0x0004       [2]    __Lib_USB_genHID_P18K50_USB_Get_Status_Handler_p_L2
0x0004       [2]    memcmp_chptr1
0x0004       [2]    Length_ptr
0x0004       [1]    Wait_Falling_nsample
0x0004       [2]    strncat_ptr2
0x0004       [1]    __Lib_USB_genHID_P18K50_GetMaxIndexInDevDsc_index_L0
0x0004       [4]    Get_Fosc_kHz_local_result
0x0004       [2]    strlen_ptr
0x0004       [1]    R4
0x0004       [4]    Mmc_Fat_Get_File_Size_local_result
0x0004       [4]    f16_toLong_local_result
0x0004       [1]    Ps2_Get_Value_local_result
0x0004       [2]    __Lib_USB_genHID_P18K50_USB_Transfer_Packet_handle_L0
0x0004       [2]    memmove_chptr1
0x0005       [2]    LongIntToHex_input_half
0x0005       [1]    MM_TotalFreeMemSize_i
0x0005       [2]    LongWordToHex_input_half
0x0005       [1]    GetMemAlign_i
0x0005       [1]    Wait_Falling_i
0x0005       [1]    R5
0x0005       [2]    strcmp_ptr1
0x0005       [2]    strcat2_ptr2
0x0005       [1]    Ps2_Get_Value_rslt
0x0006       [2]    strstr_j
0x0006       [1]    R6
0x0006       [1]    strncmp_ch1
0x0006       [2]    TFT_RGBToColor16bit_local_result
0x0006       [2]    memcmp_chptr2
0x0006       [2]    memmove_chptr2
0x0006       [2]    __Lib_USB_genHID_P18K50_GetMaxIndexInConfigDsc_totalLen_L0
0x0007       [1]    strncmp_ch2
0x0007       [2]    strcmp_ptr2
0x0007       [1]    R7
0x0008       [2]    strstr_k
0x0008       [1]    JPEG_GenerateHuffmanTables_local_result
0x0008       [2]    strncmp_ptr1
0x0008       [3]    __Lib_USB_genHID_P18K50_GetMaxIndexInConfigDsc_ptr_L0
0x0008       [1]    R8
0x0009       [4]    JPEG_UnscaleValue_local_result
0x0009       [1]    R9
0x0009       [1]    JPEG_GenerateHuffmanTables_bLength
0x000A       [1]    R10
0x000A       [1]    JPEG_GenerateHuffmanTables_bTable
0x000A       [1]    strstr_aa
0x000A       [2]    strncmp_ptr2
0x000B       [1]    R11
0x000B       [1]    strstr_bb
0x000C       [1]    R12
0x000D       [1]    R13
0x000E       [1]    R14
0x000F       [1]    R15
0x0010       [1]    R16
0x0011       [1]    R17
0x0012       [1]    R18
0x0013       [1]    R19
0x0014       [1]    R20
0x0015       [4]    _UART_Wr_Ptr
0x0019       [1]    _i
0x001A       [4]    _UART_Rd_Ptr
0x001E       [4]    _UART_TX_Idle_Ptr
0x0022       [4]    _UART_Rdy_Ptr
0x0026       [1]    FARG_display_num
0x0F7F       [1]    ANSELH
0x0F8B       [1]    LATC
0x0F93       [0]    TRISB7_bit
0x0F93       [1]    TRISB
0x0F93       [0]    TRISB5_bit
0x0F94       [1]    TRISC
0x0F9E       [1]    PIR1
0x0FAB       [1]    RCSTA
0x0FAC       [1]    TXSTA
0x0FAE       [1]    RCREG
0x0FAF       [1]    SPBRG
0x0FB0       [1]    SPBRGH
0x0FB8       [1]    BAUDCON
