;  LST file generated by mikroListExporter - v.2.0 
; Date/Time: 25/08/2017 07:51:19 p. m.
;----------------------------------------------

;Address Opcode 	ASM
0x0000	0xF008EF00  	GOTO        4096
0x0004	0x0000      	NOP
0x0006	0x0000      	NOP
0x0008	0xF000EF00  	GOTO        0
0x000C	0x0000      	NOP
0x000E	0x0000      	NOP
0x0010	0x0000      	NOP
0x0012	0x0000      	NOP
0x0014	0x0000      	NOP
0x0016	0x0000      	NOP
0x0018	0xD7F3      	BRA         0
_main:
;buzzer.mbas,25 :: 		org 0x1000
;buzzer.mbas,27 :: 		TRISC.3 = 0
0x1000	0x9694      	BCF         TRISC, 3 
;buzzer.mbas,28 :: 		Sound_Init(LATC,3)
0x1002	0x0E8B      	MOVLW       LATC
0x1004	0x6E19      	MOVWF       FARG_Sound_Init_snd_port 
0x1006	0x0E0F      	MOVLW       hi_addr(LATC)
0x1008	0x6E1A      	MOVWF       FARG_Sound_Init_snd_port+1 
0x100A	0x0E03      	MOVLW       3
0x100C	0x6E1B      	MOVWF       FARG_Sound_Init_snd_pin 
0x100E	0xF00CECAB  	CALL        _Sound_Init, 0
;buzzer.mbas,30 :: 		loop:
L__main_loop:
;buzzer.mbas,32 :: 		Sound_play(a, 500)
0x1012	0x0EB8      	MOVLW       184
0x1014	0x6E19      	MOVWF       FARG_Sound_Play_freq_in_hz 
0x1016	0x0E01      	MOVLW       1
0x1018	0x6E1A      	MOVWF       FARG_Sound_Play_freq_in_hz+1 
0x101A	0x0EF4      	MOVLW       244
0x101C	0x6E1B      	MOVWF       FARG_Sound_Play_duration_ms 
0x101E	0x0E01      	MOVLW       1
0x1020	0x6E1C      	MOVWF       FARG_Sound_Play_duration_ms+1 
0x1022	0xF00CECCB  	CALL        _Sound_Play, 0
;buzzer.mbas,33 :: 		Sound_play(a, 500)
0x1026	0x0EB8      	MOVLW       184
0x1028	0x6E19      	MOVWF       FARG_Sound_Play_freq_in_hz 
0x102A	0x0E01      	MOVLW       1
0x102C	0x6E1A      	MOVWF       FARG_Sound_Play_freq_in_hz+1 
0x102E	0x0EF4      	MOVLW       244
0x1030	0x6E1B      	MOVWF       FARG_Sound_Play_duration_ms 
0x1032	0x0E01      	MOVLW       1
0x1034	0x6E1C      	MOVWF       FARG_Sound_Play_duration_ms+1 
0x1036	0xF00CECCB  	CALL        _Sound_Play, 0
;buzzer.mbas,34 :: 		Sound_play(a, 500)
0x103A	0x0EB8      	MOVLW       184
0x103C	0x6E19      	MOVWF       FARG_Sound_Play_freq_in_hz 
0x103E	0x0E01      	MOVLW       1
0x1040	0x6E1A      	MOVWF       FARG_Sound_Play_freq_in_hz+1 
0x1042	0x0EF4      	MOVLW       244
0x1044	0x6E1B      	MOVWF       FARG_Sound_Play_duration_ms 
0x1046	0x0E01      	MOVLW       1
0x1048	0x6E1C      	MOVWF       FARG_Sound_Play_duration_ms+1 
0x104A	0xF00CECCB  	CALL        _Sound_Play, 0
;buzzer.mbas,35 :: 		Sound_play(f, 350)
0x104E	0x0E5D      	MOVLW       93
0x1050	0x6E19      	MOVWF       FARG_Sound_Play_freq_in_hz 
0x1052	0x0E01      	MOVLW       1
0x1054	0x6E1A      	MOVWF       FARG_Sound_Play_freq_in_hz+1 
0x1056	0x0E5E      	MOVLW       94
0x1058	0x6E1B      	MOVWF       FARG_Sound_Play_duration_ms 
0x105A	0x0E01      	MOVLW       1
0x105C	0x6E1C      	MOVWF       FARG_Sound_Play_duration_ms+1 
0x105E	0xF00CECCB  	CALL        _Sound_Play, 0
;buzzer.mbas,36 :: 		Sound_play(cH, 150)
0x1062	0x0E0B      	MOVLW       11
0x1064	0x6E19      	MOVWF       FARG_Sound_Play_freq_in_hz 
0x1066	0x0E02      	MOVLW       2
0x1068	0x6E1A      	MOVWF       FARG_Sound_Play_freq_in_hz+1 
0x106A	0x0E96      	MOVLW       150
0x106C	0x6E1B      	MOVWF       FARG_Sound_Play_duration_ms 
0x106E	0x0E00      	MOVLW       0
0x1070	0x6E1C      	MOVWF       FARG_Sound_Play_duration_ms+1 
0x1072	0xF00CECCB  	CALL        _Sound_Play, 0
;buzzer.mbas,37 :: 		Sound_play(a, 500)
0x1076	0x0EB8      	MOVLW       184
0x1078	0x6E19      	MOVWF       FARG_Sound_Play_freq_in_hz 
0x107A	0x0E01      	MOVLW       1
0x107C	0x6E1A      	MOVWF       FARG_Sound_Play_freq_in_hz+1 
0x107E	0x0EF4      	MOVLW       244
0x1080	0x6E1B      	MOVWF       FARG_Sound_Play_duration_ms 
0x1082	0x0E01      	MOVLW       1
0x1084	0x6E1C      	MOVWF       FARG_Sound_Play_duration_ms+1 
0x1086	0xF00CECCB  	CALL        _Sound_Play, 0
;buzzer.mbas,38 :: 		Sound_play(f, 350)
0x108A	0x0E5D      	MOVLW       93
0x108C	0x6E19      	MOVWF       FARG_Sound_Play_freq_in_hz 
0x108E	0x0E01      	MOVLW       1
0x1090	0x6E1A      	MOVWF       FARG_Sound_Play_freq_in_hz+1 
0x1092	0x0E5E      	MOVLW       94
0x1094	0x6E1B      	MOVWF       FARG_Sound_Play_duration_ms 
0x1096	0x0E01      	MOVLW       1
0x1098	0x6E1C      	MOVWF       FARG_Sound_Play_duration_ms+1 
0x109A	0xF00CECCB  	CALL        _Sound_Play, 0
;buzzer.mbas,39 :: 		Sound_play(cH, 150)
0x109E	0x0E0B      	MOVLW       11
0x10A0	0x6E19      	MOVWF       FARG_Sound_Play_freq_in_hz 
0x10A2	0x0E02      	MOVLW       2
0x10A4	0x6E1A      	MOVWF       FARG_Sound_Play_freq_in_hz+1 
0x10A6	0x0E96      	MOVLW       150
0x10A8	0x6E1B      	MOVWF       FARG_Sound_Play_duration_ms 
0x10AA	0x0E00      	MOVLW       0
0x10AC	0x6E1C      	MOVWF       FARG_Sound_Play_duration_ms+1 
0x10AE	0xF00CECCB  	CALL        _Sound_Play, 0
;buzzer.mbas,40 :: 		Sound_play(a, 650)
0x10B2	0x0EB8      	MOVLW       184
0x10B4	0x6E19      	MOVWF       FARG_Sound_Play_freq_in_hz 
0x10B6	0x0E01      	MOVLW       1
0x10B8	0x6E1A      	MOVWF       FARG_Sound_Play_freq_in_hz+1 
0x10BA	0x0E8A      	MOVLW       138
0x10BC	0x6E1B      	MOVWF       FARG_Sound_Play_duration_ms 
0x10BE	0x0E02      	MOVLW       2
0x10C0	0x6E1C      	MOVWF       FARG_Sound_Play_duration_ms+1 
0x10C2	0xF00CECCB  	CALL        _Sound_Play, 0
;buzzer.mbas,42 :: 		delay_ms(150)
0x10C6	0x0E0A      	MOVLW       10
0x10C8	0x6E0B      	MOVWF       R11, 0
0x10CA	0x0E22      	MOVLW       34
0x10CC	0x6E0C      	MOVWF       R12, 0
0x10CE	0x0EA1      	MOVLW       161
0x10D0	0x6E0D      	MOVWF       R13, 0
L__main2:
0x10D2	0x2E0D      	DECFSZ      R13, 1, 0
0x10D4	0xD7FE      	BRA         L__main2
0x10D6	0x2E0C      	DECFSZ      R12, 1, 0
0x10D8	0xD7FC      	BRA         L__main2
0x10DA	0x2E0B      	DECFSZ      R11, 1, 0
0x10DC	0xD7FA      	BRA         L__main2
;buzzer.mbas,44 :: 		Sound_play(eH, 500)
0x10DE	0x0E93      	MOVLW       147
0x10E0	0x6E19      	MOVWF       FARG_Sound_Play_freq_in_hz 
0x10E2	0x0E02      	MOVLW       2
0x10E4	0x6E1A      	MOVWF       FARG_Sound_Play_freq_in_hz+1 
0x10E6	0x0EF4      	MOVLW       244
0x10E8	0x6E1B      	MOVWF       FARG_Sound_Play_duration_ms 
0x10EA	0x0E01      	MOVLW       1
0x10EC	0x6E1C      	MOVWF       FARG_Sound_Play_duration_ms+1 
0x10EE	0xF00CECCB  	CALL        _Sound_Play, 0
;buzzer.mbas,45 :: 		Sound_play(eH, 500)
0x10F2	0x0E93      	MOVLW       147
0x10F4	0x6E19      	MOVWF       FARG_Sound_Play_freq_in_hz 
0x10F6	0x0E02      	MOVLW       2
0x10F8	0x6E1A      	MOVWF       FARG_Sound_Play_freq_in_hz+1 
0x10FA	0x0EF4      	MOVLW       244
0x10FC	0x6E1B      	MOVWF       FARG_Sound_Play_duration_ms 
0x10FE	0x0E01      	MOVLW       1
0x1100	0x6E1C      	MOVWF       FARG_Sound_Play_duration_ms+1 
0x1102	0xF00CECCB  	CALL        _Sound_Play, 0
;buzzer.mbas,46 :: 		Sound_play(eH, 500)
0x1106	0x0E93      	MOVLW       147
0x1108	0x6E19      	MOVWF       FARG_Sound_Play_freq_in_hz 
0x110A	0x0E02      	MOVLW       2
0x110C	0x6E1A      	MOVWF       FARG_Sound_Play_freq_in_hz+1 
0x110E	0x0EF4      	MOVLW       244
0x1110	0x6E1B      	MOVWF       FARG_Sound_Play_duration_ms 
0x1112	0x0E01      	MOVLW       1
0x1114	0x6E1C      	MOVWF       FARG_Sound_Play_duration_ms+1 
0x1116	0xF00CECCB  	CALL        _Sound_Play, 0
;buzzer.mbas,47 :: 		Sound_play(fH, 350)
0x111A	0x0EBA      	MOVLW       186
0x111C	0x6E19      	MOVWF       FARG_Sound_Play_freq_in_hz 
0x111E	0x0E02      	MOVLW       2
0x1120	0x6E1A      	MOVWF       FARG_Sound_Play_freq_in_hz+1 
0x1122	0x0E5E      	MOVLW       94
0x1124	0x6E1B      	MOVWF       FARG_Sound_Play_duration_ms 
0x1126	0x0E01      	MOVLW       1
0x1128	0x6E1C      	MOVWF       FARG_Sound_Play_duration_ms+1 
0x112A	0xF00CECCB  	CALL        _Sound_Play, 0
;buzzer.mbas,48 :: 		Sound_play(cH, 150)
0x112E	0x0E0B      	MOVLW       11
0x1130	0x6E19      	MOVWF       FARG_Sound_Play_freq_in_hz 
0x1132	0x0E02      	MOVLW       2
0x1134	0x6E1A      	MOVWF       FARG_Sound_Play_freq_in_hz+1 
0x1136	0x0E96      	MOVLW       150
0x1138	0x6E1B      	MOVWF       FARG_Sound_Play_duration_ms 
0x113A	0x0E00      	MOVLW       0
0x113C	0x6E1C      	MOVWF       FARG_Sound_Play_duration_ms+1 
0x113E	0xF00CECCB  	CALL        _Sound_Play, 0
;buzzer.mbas,49 :: 		Sound_play(gS, 500)
0x1142	0x0E9F      	MOVLW       159
0x1144	0x6E19      	MOVWF       FARG_Sound_Play_freq_in_hz 
0x1146	0x0E01      	MOVLW       1
0x1148	0x6E1A      	MOVWF       FARG_Sound_Play_freq_in_hz+1 
0x114A	0x0EF4      	MOVLW       244
0x114C	0x6E1B      	MOVWF       FARG_Sound_Play_duration_ms 
0x114E	0x0E01      	MOVLW       1
0x1150	0x6E1C      	MOVWF       FARG_Sound_Play_duration_ms+1 
0x1152	0xF00CECCB  	CALL        _Sound_Play, 0
;buzzer.mbas,50 :: 		Sound_play(f, 350)
0x1156	0x0E5D      	MOVLW       93
0x1158	0x6E19      	MOVWF       FARG_Sound_Play_freq_in_hz 
0x115A	0x0E01      	MOVLW       1
0x115C	0x6E1A      	MOVWF       FARG_Sound_Play_freq_in_hz+1 
0x115E	0x0E5E      	MOVLW       94
0x1160	0x6E1B      	MOVWF       FARG_Sound_Play_duration_ms 
0x1162	0x0E01      	MOVLW       1
0x1164	0x6E1C      	MOVWF       FARG_Sound_Play_duration_ms+1 
0x1166	0xF00CECCB  	CALL        _Sound_Play, 0
;buzzer.mbas,51 :: 		Sound_play(cH, 150)
0x116A	0x0E0B      	MOVLW       11
0x116C	0x6E19      	MOVWF       FARG_Sound_Play_freq_in_hz 
0x116E	0x0E02      	MOVLW       2
0x1170	0x6E1A      	MOVWF       FARG_Sound_Play_freq_in_hz+1 
0x1172	0x0E96      	MOVLW       150
0x1174	0x6E1B      	MOVWF       FARG_Sound_Play_duration_ms 
0x1176	0x0E00      	MOVLW       0
0x1178	0x6E1C      	MOVWF       FARG_Sound_Play_duration_ms+1 
0x117A	0xF00CECCB  	CALL        _Sound_Play, 0
;buzzer.mbas,52 :: 		Sound_play(a, 650)
0x117E	0x0EB8      	MOVLW       184
0x1180	0x6E19      	MOVWF       FARG_Sound_Play_freq_in_hz 
0x1182	0x0E01      	MOVLW       1
0x1184	0x6E1A      	MOVWF       FARG_Sound_Play_freq_in_hz+1 
0x1186	0x0E8A      	MOVLW       138
0x1188	0x6E1B      	MOVWF       FARG_Sound_Play_duration_ms 
0x118A	0x0E02      	MOVLW       2
0x118C	0x6E1C      	MOVWF       FARG_Sound_Play_duration_ms+1 
0x118E	0xF00CECCB  	CALL        _Sound_Play, 0
;buzzer.mbas,54 :: 		delay_ms(150)
0x1192	0x0E0A      	MOVLW       10
0x1194	0x6E0B      	MOVWF       R11, 0
0x1196	0x0E22      	MOVLW       34
0x1198	0x6E0C      	MOVWF       R12, 0
0x119A	0x0EA1      	MOVLW       161
0x119C	0x6E0D      	MOVWF       R13, 0
L__main3:
0x119E	0x2E0D      	DECFSZ      R13, 1, 0
0x11A0	0xD7FE      	BRA         L__main3
0x11A2	0x2E0C      	DECFSZ      R12, 1, 0
0x11A4	0xD7FC      	BRA         L__main3
0x11A6	0x2E0B      	DECFSZ      R11, 1, 0
0x11A8	0xD7FA      	BRA         L__main3
;buzzer.mbas,56 :: 		Sound_play(aH, 500)
0x11AA	0x0E70      	MOVLW       112
0x11AC	0x6E19      	MOVWF       FARG_Sound_Play_freq_in_hz 
0x11AE	0x0E03      	MOVLW       3
0x11B0	0x6E1A      	MOVWF       FARG_Sound_Play_freq_in_hz+1 
0x11B2	0x0EF4      	MOVLW       244
0x11B4	0x6E1B      	MOVWF       FARG_Sound_Play_duration_ms 
0x11B6	0x0E01      	MOVLW       1
0x11B8	0x6E1C      	MOVWF       FARG_Sound_Play_duration_ms+1 
0x11BA	0xDBED      	RCALL       _Sound_Play
;buzzer.mbas,57 :: 		Sound_play(a, 300)
0x11BC	0x0EB8      	MOVLW       184
0x11BE	0x6E19      	MOVWF       FARG_Sound_Play_freq_in_hz 
0x11C0	0x0E01      	MOVLW       1
0x11C2	0x6E1A      	MOVWF       FARG_Sound_Play_freq_in_hz+1 
0x11C4	0x0E2C      	MOVLW       44
0x11C6	0x6E1B      	MOVWF       FARG_Sound_Play_duration_ms 
0x11C8	0x0E01      	MOVLW       1
0x11CA	0x6E1C      	MOVWF       FARG_Sound_Play_duration_ms+1 
0x11CC	0xDBE4      	RCALL       _Sound_Play
;buzzer.mbas,58 :: 		Sound_play(a, 150)
0x11CE	0x0EB8      	MOVLW       184
0x11D0	0x6E19      	MOVWF       FARG_Sound_Play_freq_in_hz 
0x11D2	0x0E01      	MOVLW       1
0x11D4	0x6E1A      	MOVWF       FARG_Sound_Play_freq_in_hz+1 
0x11D6	0x0E96      	MOVLW       150
0x11D8	0x6E1B      	MOVWF       FARG_Sound_Play_duration_ms 
0x11DA	0x0E00      	MOVLW       0
0x11DC	0x6E1C      	MOVWF       FARG_Sound_Play_duration_ms+1 
0x11DE	0xDBDB      	RCALL       _Sound_Play
;buzzer.mbas,59 :: 		Sound_play(aH, 400)
0x11E0	0x0E70      	MOVLW       112
0x11E2	0x6E19      	MOVWF       FARG_Sound_Play_freq_in_hz 
0x11E4	0x0E03      	MOVLW       3
0x11E6	0x6E1A      	MOVWF       FARG_Sound_Play_freq_in_hz+1 
0x11E8	0x0E90      	MOVLW       144
0x11EA	0x6E1B      	MOVWF       FARG_Sound_Play_duration_ms 
0x11EC	0x0E01      	MOVLW       1
0x11EE	0x6E1C      	MOVWF       FARG_Sound_Play_duration_ms+1 
0x11F0	0xDBD2      	RCALL       _Sound_Play
;buzzer.mbas,60 :: 		Sound_play(gSH, 200)
0x11F2	0x0E3E      	MOVLW       62
0x11F4	0x6E19      	MOVWF       FARG_Sound_Play_freq_in_hz 
0x11F6	0x0E03      	MOVLW       3
0x11F8	0x6E1A      	MOVWF       FARG_Sound_Play_freq_in_hz+1 
0x11FA	0x0EC8      	MOVLW       200
0x11FC	0x6E1B      	MOVWF       FARG_Sound_Play_duration_ms 
0x11FE	0x0E00      	MOVLW       0
0x1200	0x6E1C      	MOVWF       FARG_Sound_Play_duration_ms+1 
0x1202	0xDBC9      	RCALL       _Sound_Play
;buzzer.mbas,61 :: 		Sound_play(gH, 200)
0x1204	0x0E10      	MOVLW       16
0x1206	0x6E19      	MOVWF       FARG_Sound_Play_freq_in_hz 
0x1208	0x0E03      	MOVLW       3
0x120A	0x6E1A      	MOVWF       FARG_Sound_Play_freq_in_hz+1 
0x120C	0x0EC8      	MOVLW       200
0x120E	0x6E1B      	MOVWF       FARG_Sound_Play_duration_ms 
0x1210	0x0E00      	MOVLW       0
0x1212	0x6E1C      	MOVWF       FARG_Sound_Play_duration_ms+1 
0x1214	0xDBC0      	RCALL       _Sound_Play
;buzzer.mbas,62 :: 		Sound_play(fSH, 125)
0x1216	0x0EE4      	MOVLW       228
0x1218	0x6E19      	MOVWF       FARG_Sound_Play_freq_in_hz 
0x121A	0x0E02      	MOVLW       2
0x121C	0x6E1A      	MOVWF       FARG_Sound_Play_freq_in_hz+1 
0x121E	0x0E7D      	MOVLW       125
0x1220	0x6E1B      	MOVWF       FARG_Sound_Play_duration_ms 
0x1222	0x0E00      	MOVLW       0
0x1224	0x6E1C      	MOVWF       FARG_Sound_Play_duration_ms+1 
0x1226	0xDBB7      	RCALL       _Sound_Play
;buzzer.mbas,63 :: 		Sound_play(fH, 125)
0x1228	0x0EBA      	MOVLW       186
0x122A	0x6E19      	MOVWF       FARG_Sound_Play_freq_in_hz 
0x122C	0x0E02      	MOVLW       2
0x122E	0x6E1A      	MOVWF       FARG_Sound_Play_freq_in_hz+1 
0x1230	0x0E7D      	MOVLW       125
0x1232	0x6E1B      	MOVWF       FARG_Sound_Play_duration_ms 
0x1234	0x0E00      	MOVLW       0
0x1236	0x6E1C      	MOVWF       FARG_Sound_Play_duration_ms+1 
0x1238	0xDBAE      	RCALL       _Sound_Play
;buzzer.mbas,64 :: 		Sound_play(fSH, 250)
0x123A	0x0EE4      	MOVLW       228
0x123C	0x6E19      	MOVWF       FARG_Sound_Play_freq_in_hz 
0x123E	0x0E02      	MOVLW       2
0x1240	0x6E1A      	MOVWF       FARG_Sound_Play_freq_in_hz+1 
0x1242	0x0EFA      	MOVLW       250
0x1244	0x6E1B      	MOVWF       FARG_Sound_Play_duration_ms 
0x1246	0x0E00      	MOVLW       0
0x1248	0x6E1C      	MOVWF       FARG_Sound_Play_duration_ms+1 
0x124A	0xDBA5      	RCALL       _Sound_Play
;buzzer.mbas,66 :: 		delay_ms(250)
0x124C	0x0E10      	MOVLW       16
0x124E	0x6E0B      	MOVWF       R11, 0
0x1250	0x0E39      	MOVLW       57
0x1252	0x6E0C      	MOVWF       R12, 0
0x1254	0x0E0D      	MOVLW       13
0x1256	0x6E0D      	MOVWF       R13, 0
L__main4:
0x1258	0x2E0D      	DECFSZ      R13, 1, 0
0x125A	0xD7FE      	BRA         L__main4
0x125C	0x2E0C      	DECFSZ      R12, 1, 0
0x125E	0xD7FC      	BRA         L__main4
0x1260	0x2E0B      	DECFSZ      R11, 1, 0
0x1262	0xD7FA      	BRA         L__main4
0x1264	0x0000      	NOP
0x1266	0x0000      	NOP
;buzzer.mbas,68 :: 		Sound_play(aS2, 250)
0x1268	0x0EC7      	MOVLW       199
0x126A	0x6E19      	MOVWF       FARG_Sound_Play_freq_in_hz 
0x126C	0x0E01      	MOVLW       1
0x126E	0x6E1A      	MOVWF       FARG_Sound_Play_freq_in_hz+1 
0x1270	0x0EFA      	MOVLW       250
0x1272	0x6E1B      	MOVWF       FARG_Sound_Play_duration_ms 
0x1274	0x0E00      	MOVLW       0
0x1276	0x6E1C      	MOVWF       FARG_Sound_Play_duration_ms+1 
0x1278	0xDB8E      	RCALL       _Sound_Play
;buzzer.mbas,69 :: 		Sound_play(dSH, 400)
0x127A	0x0E6E      	MOVLW       110
0x127C	0x6E19      	MOVWF       FARG_Sound_Play_freq_in_hz 
0x127E	0x0E02      	MOVLW       2
0x1280	0x6E1A      	MOVWF       FARG_Sound_Play_freq_in_hz+1 
0x1282	0x0E90      	MOVLW       144
0x1284	0x6E1B      	MOVWF       FARG_Sound_Play_duration_ms 
0x1286	0x0E01      	MOVLW       1
0x1288	0x6E1C      	MOVWF       FARG_Sound_Play_duration_ms+1 
0x128A	0xDB85      	RCALL       _Sound_Play
;buzzer.mbas,70 :: 		Sound_play(dH, 200)
0x128C	0x0E4B      	MOVLW       75
0x128E	0x6E19      	MOVWF       FARG_Sound_Play_freq_in_hz 
0x1290	0x0E02      	MOVLW       2
0x1292	0x6E1A      	MOVWF       FARG_Sound_Play_freq_in_hz+1 
0x1294	0x0EC8      	MOVLW       200
0x1296	0x6E1B      	MOVWF       FARG_Sound_Play_duration_ms 
0x1298	0x0E00      	MOVLW       0
0x129A	0x6E1C      	MOVWF       FARG_Sound_Play_duration_ms+1 
0x129C	0xDB7C      	RCALL       _Sound_Play
;buzzer.mbas,71 :: 		Sound_play(cSH, 200)
0x129E	0x0E2A      	MOVLW       42
0x12A0	0x6E19      	MOVWF       FARG_Sound_Play_freq_in_hz 
0x12A2	0x0E02      	MOVLW       2
0x12A4	0x6E1A      	MOVWF       FARG_Sound_Play_freq_in_hz+1 
0x12A6	0x0EC8      	MOVLW       200
0x12A8	0x6E1B      	MOVWF       FARG_Sound_Play_duration_ms 
0x12AA	0x0E00      	MOVLW       0
0x12AC	0x6E1C      	MOVWF       FARG_Sound_Play_duration_ms+1 
0x12AE	0xDB73      	RCALL       _Sound_Play
;buzzer.mbas,72 :: 		Sound_play(cH, 125)
0x12B0	0x0E0B      	MOVLW       11
0x12B2	0x6E19      	MOVWF       FARG_Sound_Play_freq_in_hz 
0x12B4	0x0E02      	MOVLW       2
0x12B6	0x6E1A      	MOVWF       FARG_Sound_Play_freq_in_hz+1 
0x12B8	0x0E7D      	MOVLW       125
0x12BA	0x6E1B      	MOVWF       FARG_Sound_Play_duration_ms 
0x12BC	0x0E00      	MOVLW       0
0x12BE	0x6E1C      	MOVWF       FARG_Sound_Play_duration_ms+1 
0x12C0	0xDB6A      	RCALL       _Sound_Play
;buzzer.mbas,73 :: 		Sound_play(b, 125)
0x12C2	0x0ED2      	MOVLW       210
0x12C4	0x6E19      	MOVWF       FARG_Sound_Play_freq_in_hz 
0x12C6	0x0E01      	MOVLW       1
0x12C8	0x6E1A      	MOVWF       FARG_Sound_Play_freq_in_hz+1 
0x12CA	0x0E7D      	MOVLW       125
0x12CC	0x6E1B      	MOVWF       FARG_Sound_Play_duration_ms 
0x12CE	0x0E00      	MOVLW       0
0x12D0	0x6E1C      	MOVWF       FARG_Sound_Play_duration_ms+1 
0x12D2	0xDB61      	RCALL       _Sound_Play
;buzzer.mbas,74 :: 		Sound_play(cH, 250)
0x12D4	0x0E0B      	MOVLW       11
0x12D6	0x6E19      	MOVWF       FARG_Sound_Play_freq_in_hz 
0x12D8	0x0E02      	MOVLW       2
0x12DA	0x6E1A      	MOVWF       FARG_Sound_Play_freq_in_hz+1 
0x12DC	0x0EFA      	MOVLW       250
0x12DE	0x6E1B      	MOVWF       FARG_Sound_Play_duration_ms 
0x12E0	0x0E00      	MOVLW       0
0x12E2	0x6E1C      	MOVWF       FARG_Sound_Play_duration_ms+1 
0x12E4	0xDB58      	RCALL       _Sound_Play
;buzzer.mbas,76 :: 		delay_ms(250)
0x12E6	0x0E10      	MOVLW       16
0x12E8	0x6E0B      	MOVWF       R11, 0
0x12EA	0x0E39      	MOVLW       57
0x12EC	0x6E0C      	MOVWF       R12, 0
0x12EE	0x0E0D      	MOVLW       13
0x12F0	0x6E0D      	MOVWF       R13, 0
L__main5:
0x12F2	0x2E0D      	DECFSZ      R13, 1, 0
0x12F4	0xD7FE      	BRA         L__main5
0x12F6	0x2E0C      	DECFSZ      R12, 1, 0
0x12F8	0xD7FC      	BRA         L__main5
0x12FA	0x2E0B      	DECFSZ      R11, 1, 0
0x12FC	0xD7FA      	BRA         L__main5
0x12FE	0x0000      	NOP
0x1300	0x0000      	NOP
;buzzer.mbas,78 :: 		Sound_play(f, 125)
0x1302	0x0E5D      	MOVLW       93
0x1304	0x6E19      	MOVWF       FARG_Sound_Play_freq_in_hz 
0x1306	0x0E01      	MOVLW       1
0x1308	0x6E1A      	MOVWF       FARG_Sound_Play_freq_in_hz+1 
0x130A	0x0E7D      	MOVLW       125
0x130C	0x6E1B      	MOVWF       FARG_Sound_Play_duration_ms 
0x130E	0x0E00      	MOVLW       0
0x1310	0x6E1C      	MOVWF       FARG_Sound_Play_duration_ms+1 
0x1312	0xDB41      	RCALL       _Sound_Play
;buzzer.mbas,79 :: 		Sound_play(gS, 500)
0x1314	0x0E9F      	MOVLW       159
0x1316	0x6E19      	MOVWF       FARG_Sound_Play_freq_in_hz 
0x1318	0x0E01      	MOVLW       1
0x131A	0x6E1A      	MOVWF       FARG_Sound_Play_freq_in_hz+1 
0x131C	0x0EF4      	MOVLW       244
0x131E	0x6E1B      	MOVWF       FARG_Sound_Play_duration_ms 
0x1320	0x0E01      	MOVLW       1
0x1322	0x6E1C      	MOVWF       FARG_Sound_Play_duration_ms+1 
0x1324	0xDB38      	RCALL       _Sound_Play
;buzzer.mbas,80 :: 		Sound_play(f, 375)
0x1326	0x0E5D      	MOVLW       93
0x1328	0x6E19      	MOVWF       FARG_Sound_Play_freq_in_hz 
0x132A	0x0E01      	MOVLW       1
0x132C	0x6E1A      	MOVWF       FARG_Sound_Play_freq_in_hz+1 
0x132E	0x0E77      	MOVLW       119
0x1330	0x6E1B      	MOVWF       FARG_Sound_Play_duration_ms 
0x1332	0x0E01      	MOVLW       1
0x1334	0x6E1C      	MOVWF       FARG_Sound_Play_duration_ms+1 
0x1336	0xDB2F      	RCALL       _Sound_Play
;buzzer.mbas,81 :: 		Sound_play(a, 125)
0x1338	0x0EB8      	MOVLW       184
0x133A	0x6E19      	MOVWF       FARG_Sound_Play_freq_in_hz 
0x133C	0x0E01      	MOVLW       1
0x133E	0x6E1A      	MOVWF       FARG_Sound_Play_freq_in_hz+1 
0x1340	0x0E7D      	MOVLW       125
0x1342	0x6E1B      	MOVWF       FARG_Sound_Play_duration_ms 
0x1344	0x0E00      	MOVLW       0
0x1346	0x6E1C      	MOVWF       FARG_Sound_Play_duration_ms+1 
0x1348	0xDB26      	RCALL       _Sound_Play
;buzzer.mbas,82 :: 		Sound_play(cH, 500)
0x134A	0x0E0B      	MOVLW       11
0x134C	0x6E19      	MOVWF       FARG_Sound_Play_freq_in_hz 
0x134E	0x0E02      	MOVLW       2
0x1350	0x6E1A      	MOVWF       FARG_Sound_Play_freq_in_hz+1 
0x1352	0x0EF4      	MOVLW       244
0x1354	0x6E1B      	MOVWF       FARG_Sound_Play_duration_ms 
0x1356	0x0E01      	MOVLW       1
0x1358	0x6E1C      	MOVWF       FARG_Sound_Play_duration_ms+1 
0x135A	0xDB1D      	RCALL       _Sound_Play
;buzzer.mbas,83 :: 		Sound_play(a, 375)
0x135C	0x0EB8      	MOVLW       184
0x135E	0x6E19      	MOVWF       FARG_Sound_Play_freq_in_hz 
0x1360	0x0E01      	MOVLW       1
0x1362	0x6E1A      	MOVWF       FARG_Sound_Play_freq_in_hz+1 
0x1364	0x0E77      	MOVLW       119
0x1366	0x6E1B      	MOVWF       FARG_Sound_Play_duration_ms 
0x1368	0x0E01      	MOVLW       1
0x136A	0x6E1C      	MOVWF       FARG_Sound_Play_duration_ms+1 
0x136C	0xDB14      	RCALL       _Sound_Play
;buzzer.mbas,84 :: 		Sound_play(cH, 125)
0x136E	0x0E0B      	MOVLW       11
0x1370	0x6E19      	MOVWF       FARG_Sound_Play_freq_in_hz 
0x1372	0x0E02      	MOVLW       2
0x1374	0x6E1A      	MOVWF       FARG_Sound_Play_freq_in_hz+1 
0x1376	0x0E7D      	MOVLW       125
0x1378	0x6E1B      	MOVWF       FARG_Sound_Play_duration_ms 
0x137A	0x0E00      	MOVLW       0
0x137C	0x6E1C      	MOVWF       FARG_Sound_Play_duration_ms+1 
0x137E	0xDB0B      	RCALL       _Sound_Play
;buzzer.mbas,85 :: 		Sound_play(eH, 650)
0x1380	0x0E93      	MOVLW       147
0x1382	0x6E19      	MOVWF       FARG_Sound_Play_freq_in_hz 
0x1384	0x0E02      	MOVLW       2
0x1386	0x6E1A      	MOVWF       FARG_Sound_Play_freq_in_hz+1 
0x1388	0x0E8A      	MOVLW       138
0x138A	0x6E1B      	MOVWF       FARG_Sound_Play_duration_ms 
0x138C	0x0E02      	MOVLW       2
0x138E	0x6E1C      	MOVWF       FARG_Sound_Play_duration_ms+1 
0x1390	0xDB02      	RCALL       _Sound_Play
;buzzer.mbas,88 :: 		Sound_play(aH, 500)
0x1392	0x0E70      	MOVLW       112
0x1394	0x6E19      	MOVWF       FARG_Sound_Play_freq_in_hz 
0x1396	0x0E03      	MOVLW       3
0x1398	0x6E1A      	MOVWF       FARG_Sound_Play_freq_in_hz+1 
0x139A	0x0EF4      	MOVLW       244
0x139C	0x6E1B      	MOVWF       FARG_Sound_Play_duration_ms 
0x139E	0x0E01      	MOVLW       1
0x13A0	0x6E1C      	MOVWF       FARG_Sound_Play_duration_ms+1 
0x13A2	0xDAF9      	RCALL       _Sound_Play
;buzzer.mbas,89 :: 		Sound_play(a, 300)
0x13A4	0x0EB8      	MOVLW       184
0x13A6	0x6E19      	MOVWF       FARG_Sound_Play_freq_in_hz 
0x13A8	0x0E01      	MOVLW       1
0x13AA	0x6E1A      	MOVWF       FARG_Sound_Play_freq_in_hz+1 
0x13AC	0x0E2C      	MOVLW       44
0x13AE	0x6E1B      	MOVWF       FARG_Sound_Play_duration_ms 
0x13B0	0x0E01      	MOVLW       1
0x13B2	0x6E1C      	MOVWF       FARG_Sound_Play_duration_ms+1 
0x13B4	0xDAF0      	RCALL       _Sound_Play
;buzzer.mbas,90 :: 		Sound_play(a, 150)
0x13B6	0x0EB8      	MOVLW       184
0x13B8	0x6E19      	MOVWF       FARG_Sound_Play_freq_in_hz 
0x13BA	0x0E01      	MOVLW       1
0x13BC	0x6E1A      	MOVWF       FARG_Sound_Play_freq_in_hz+1 
0x13BE	0x0E96      	MOVLW       150
0x13C0	0x6E1B      	MOVWF       FARG_Sound_Play_duration_ms 
0x13C2	0x0E00      	MOVLW       0
0x13C4	0x6E1C      	MOVWF       FARG_Sound_Play_duration_ms+1 
0x13C6	0xDAE7      	RCALL       _Sound_Play
;buzzer.mbas,91 :: 		Sound_play(aH, 400)
0x13C8	0x0E70      	MOVLW       112
0x13CA	0x6E19      	MOVWF       FARG_Sound_Play_freq_in_hz 
0x13CC	0x0E03      	MOVLW       3
0x13CE	0x6E1A      	MOVWF       FARG_Sound_Play_freq_in_hz+1 
0x13D0	0x0E90      	MOVLW       144
0x13D2	0x6E1B      	MOVWF       FARG_Sound_Play_duration_ms 
0x13D4	0x0E01      	MOVLW       1
0x13D6	0x6E1C      	MOVWF       FARG_Sound_Play_duration_ms+1 
0x13D8	0xDADE      	RCALL       _Sound_Play
;buzzer.mbas,92 :: 		Sound_play(gSH, 200)
0x13DA	0x0E3E      	MOVLW       62
0x13DC	0x6E19      	MOVWF       FARG_Sound_Play_freq_in_hz 
0x13DE	0x0E03      	MOVLW       3
0x13E0	0x6E1A      	MOVWF       FARG_Sound_Play_freq_in_hz+1 
0x13E2	0x0EC8      	MOVLW       200
0x13E4	0x6E1B      	MOVWF       FARG_Sound_Play_duration_ms 
0x13E6	0x0E00      	MOVLW       0
0x13E8	0x6E1C      	MOVWF       FARG_Sound_Play_duration_ms+1 
0x13EA	0xDAD5      	RCALL       _Sound_Play
;buzzer.mbas,93 :: 		Sound_play(gH, 200)
0x13EC	0x0E10      	MOVLW       16
0x13EE	0x6E19      	MOVWF       FARG_Sound_Play_freq_in_hz 
0x13F0	0x0E03      	MOVLW       3
0x13F2	0x6E1A      	MOVWF       FARG_Sound_Play_freq_in_hz+1 
0x13F4	0x0EC8      	MOVLW       200
0x13F6	0x6E1B      	MOVWF       FARG_Sound_Play_duration_ms 
0x13F8	0x0E00      	MOVLW       0
0x13FA	0x6E1C      	MOVWF       FARG_Sound_Play_duration_ms+1 
0x13FC	0xDACC      	RCALL       _Sound_Play
;buzzer.mbas,94 :: 		Sound_play(fSH, 125)
0x13FE	0x0EE4      	MOVLW       228
0x1400	0x6E19      	MOVWF       FARG_Sound_Play_freq_in_hz 
0x1402	0x0E02      	MOVLW       2
0x1404	0x6E1A      	MOVWF       FARG_Sound_Play_freq_in_hz+1 
0x1406	0x0E7D      	MOVLW       125
0x1408	0x6E1B      	MOVWF       FARG_Sound_Play_duration_ms 
0x140A	0x0E00      	MOVLW       0
0x140C	0x6E1C      	MOVWF       FARG_Sound_Play_duration_ms+1 
0x140E	0xDAC3      	RCALL       _Sound_Play
;buzzer.mbas,95 :: 		Sound_play(fH, 125)
0x1410	0x0EBA      	MOVLW       186
0x1412	0x6E19      	MOVWF       FARG_Sound_Play_freq_in_hz 
0x1414	0x0E02      	MOVLW       2
0x1416	0x6E1A      	MOVWF       FARG_Sound_Play_freq_in_hz+1 
0x1418	0x0E7D      	MOVLW       125
0x141A	0x6E1B      	MOVWF       FARG_Sound_Play_duration_ms 
0x141C	0x0E00      	MOVLW       0
0x141E	0x6E1C      	MOVWF       FARG_Sound_Play_duration_ms+1 
0x1420	0xDABA      	RCALL       _Sound_Play
;buzzer.mbas,96 :: 		Sound_play(fSH, 250)
0x1422	0x0EE4      	MOVLW       228
0x1424	0x6E19      	MOVWF       FARG_Sound_Play_freq_in_hz 
0x1426	0x0E02      	MOVLW       2
0x1428	0x6E1A      	MOVWF       FARG_Sound_Play_freq_in_hz+1 
0x142A	0x0EFA      	MOVLW       250
0x142C	0x6E1B      	MOVWF       FARG_Sound_Play_duration_ms 
0x142E	0x0E00      	MOVLW       0
0x1430	0x6E1C      	MOVWF       FARG_Sound_Play_duration_ms+1 
0x1432	0xDAB1      	RCALL       _Sound_Play
;buzzer.mbas,98 :: 		delay_ms(250)
0x1434	0x0E10      	MOVLW       16
0x1436	0x6E0B      	MOVWF       R11, 0
0x1438	0x0E39      	MOVLW       57
0x143A	0x6E0C      	MOVWF       R12, 0
0x143C	0x0E0D      	MOVLW       13
0x143E	0x6E0D      	MOVWF       R13, 0
L__main6:
0x1440	0x2E0D      	DECFSZ      R13, 1, 0
0x1442	0xD7FE      	BRA         L__main6
0x1444	0x2E0C      	DECFSZ      R12, 1, 0
0x1446	0xD7FC      	BRA         L__main6
0x1448	0x2E0B      	DECFSZ      R11, 1, 0
0x144A	0xD7FA      	BRA         L__main6
0x144C	0x0000      	NOP
0x144E	0x0000      	NOP
;buzzer.mbas,100 :: 		Sound_play(aS2, 250)
0x1450	0x0EC7      	MOVLW       199
0x1452	0x6E19      	MOVWF       FARG_Sound_Play_freq_in_hz 
0x1454	0x0E01      	MOVLW       1
0x1456	0x6E1A      	MOVWF       FARG_Sound_Play_freq_in_hz+1 
0x1458	0x0EFA      	MOVLW       250
0x145A	0x6E1B      	MOVWF       FARG_Sound_Play_duration_ms 
0x145C	0x0E00      	MOVLW       0
0x145E	0x6E1C      	MOVWF       FARG_Sound_Play_duration_ms+1 
0x1460	0xDA9A      	RCALL       _Sound_Play
;buzzer.mbas,101 :: 		Sound_play(dSH, 400)
0x1462	0x0E6E      	MOVLW       110
0x1464	0x6E19      	MOVWF       FARG_Sound_Play_freq_in_hz 
0x1466	0x0E02      	MOVLW       2
0x1468	0x6E1A      	MOVWF       FARG_Sound_Play_freq_in_hz+1 
0x146A	0x0E90      	MOVLW       144
0x146C	0x6E1B      	MOVWF       FARG_Sound_Play_duration_ms 
0x146E	0x0E01      	MOVLW       1
0x1470	0x6E1C      	MOVWF       FARG_Sound_Play_duration_ms+1 
0x1472	0xDA91      	RCALL       _Sound_Play
;buzzer.mbas,102 :: 		Sound_play(dH, 200)
0x1474	0x0E4B      	MOVLW       75
0x1476	0x6E19      	MOVWF       FARG_Sound_Play_freq_in_hz 
0x1478	0x0E02      	MOVLW       2
0x147A	0x6E1A      	MOVWF       FARG_Sound_Play_freq_in_hz+1 
0x147C	0x0EC8      	MOVLW       200
0x147E	0x6E1B      	MOVWF       FARG_Sound_Play_duration_ms 
0x1480	0x0E00      	MOVLW       0
0x1482	0x6E1C      	MOVWF       FARG_Sound_Play_duration_ms+1 
0x1484	0xDA88      	RCALL       _Sound_Play
;buzzer.mbas,103 :: 		Sound_play(cSH, 200)
0x1486	0x0E2A      	MOVLW       42
0x1488	0x6E19      	MOVWF       FARG_Sound_Play_freq_in_hz 
0x148A	0x0E02      	MOVLW       2
0x148C	0x6E1A      	MOVWF       FARG_Sound_Play_freq_in_hz+1 
0x148E	0x0EC8      	MOVLW       200
0x1490	0x6E1B      	MOVWF       FARG_Sound_Play_duration_ms 
0x1492	0x0E00      	MOVLW       0
0x1494	0x6E1C      	MOVWF       FARG_Sound_Play_duration_ms+1 
0x1496	0xDA7F      	RCALL       _Sound_Play
;buzzer.mbas,104 :: 		Sound_play(cH, 125)
0x1498	0x0E0B      	MOVLW       11
0x149A	0x6E19      	MOVWF       FARG_Sound_Play_freq_in_hz 
0x149C	0x0E02      	MOVLW       2
0x149E	0x6E1A      	MOVWF       FARG_Sound_Play_freq_in_hz+1 
0x14A0	0x0E7D      	MOVLW       125
0x14A2	0x6E1B      	MOVWF       FARG_Sound_Play_duration_ms 
0x14A4	0x0E00      	MOVLW       0
0x14A6	0x6E1C      	MOVWF       FARG_Sound_Play_duration_ms+1 
0x14A8	0xDA76      	RCALL       _Sound_Play
;buzzer.mbas,105 :: 		Sound_play(b, 125)
0x14AA	0x0ED2      	MOVLW       210
0x14AC	0x6E19      	MOVWF       FARG_Sound_Play_freq_in_hz 
0x14AE	0x0E01      	MOVLW       1
0x14B0	0x6E1A      	MOVWF       FARG_Sound_Play_freq_in_hz+1 
0x14B2	0x0E7D      	MOVLW       125
0x14B4	0x6E1B      	MOVWF       FARG_Sound_Play_duration_ms 
0x14B6	0x0E00      	MOVLW       0
0x14B8	0x6E1C      	MOVWF       FARG_Sound_Play_duration_ms+1 
0x14BA	0xDA6D      	RCALL       _Sound_Play
;buzzer.mbas,106 :: 		Sound_play(cH, 250)
0x14BC	0x0E0B      	MOVLW       11
0x14BE	0x6E19      	MOVWF       FARG_Sound_Play_freq_in_hz 
0x14C0	0x0E02      	MOVLW       2
0x14C2	0x6E1A      	MOVWF       FARG_Sound_Play_freq_in_hz+1 
0x14C4	0x0EFA      	MOVLW       250
0x14C6	0x6E1B      	MOVWF       FARG_Sound_Play_duration_ms 
0x14C8	0x0E00      	MOVLW       0
0x14CA	0x6E1C      	MOVWF       FARG_Sound_Play_duration_ms+1 
0x14CC	0xDA64      	RCALL       _Sound_Play
;buzzer.mbas,108 :: 		delay_ms(250)
0x14CE	0x0E10      	MOVLW       16
0x14D0	0x6E0B      	MOVWF       R11, 0
0x14D2	0x0E39      	MOVLW       57
0x14D4	0x6E0C      	MOVWF       R12, 0
0x14D6	0x0E0D      	MOVLW       13
0x14D8	0x6E0D      	MOVWF       R13, 0
L__main7:
0x14DA	0x2E0D      	DECFSZ      R13, 1, 0
0x14DC	0xD7FE      	BRA         L__main7
0x14DE	0x2E0C      	DECFSZ      R12, 1, 0
0x14E0	0xD7FC      	BRA         L__main7
0x14E2	0x2E0B      	DECFSZ      R11, 1, 0
0x14E4	0xD7FA      	BRA         L__main7
0x14E6	0x0000      	NOP
0x14E8	0x0000      	NOP
;buzzer.mbas,110 :: 		Sound_play(f, 250)
0x14EA	0x0E5D      	MOVLW       93
0x14EC	0x6E19      	MOVWF       FARG_Sound_Play_freq_in_hz 
0x14EE	0x0E01      	MOVLW       1
0x14F0	0x6E1A      	MOVWF       FARG_Sound_Play_freq_in_hz+1 
0x14F2	0x0EFA      	MOVLW       250
0x14F4	0x6E1B      	MOVWF       FARG_Sound_Play_duration_ms 
0x14F6	0x0E00      	MOVLW       0
0x14F8	0x6E1C      	MOVWF       FARG_Sound_Play_duration_ms+1 
0x14FA	0xDA4D      	RCALL       _Sound_Play
;buzzer.mbas,111 :: 		Sound_play(gS, 500)
0x14FC	0x0E9F      	MOVLW       159
0x14FE	0x6E19      	MOVWF       FARG_Sound_Play_freq_in_hz 
0x1500	0x0E01      	MOVLW       1
0x1502	0x6E1A      	MOVWF       FARG_Sound_Play_freq_in_hz+1 
0x1504	0x0EF4      	MOVLW       244
0x1506	0x6E1B      	MOVWF       FARG_Sound_Play_duration_ms 
0x1508	0x0E01      	MOVLW       1
0x150A	0x6E1C      	MOVWF       FARG_Sound_Play_duration_ms+1 
0x150C	0xDA44      	RCALL       _Sound_Play
;buzzer.mbas,112 :: 		Sound_play(f, 375)
0x150E	0x0E5D      	MOVLW       93
0x1510	0x6E19      	MOVWF       FARG_Sound_Play_freq_in_hz 
0x1512	0x0E01      	MOVLW       1
0x1514	0x6E1A      	MOVWF       FARG_Sound_Play_freq_in_hz+1 
0x1516	0x0E77      	MOVLW       119
0x1518	0x6E1B      	MOVWF       FARG_Sound_Play_duration_ms 
0x151A	0x0E01      	MOVLW       1
0x151C	0x6E1C      	MOVWF       FARG_Sound_Play_duration_ms+1 
0x151E	0xDA3B      	RCALL       _Sound_Play
;buzzer.mbas,113 :: 		Sound_play(cH, 125)
0x1520	0x0E0B      	MOVLW       11
0x1522	0x6E19      	MOVWF       FARG_Sound_Play_freq_in_hz 
0x1524	0x0E02      	MOVLW       2
0x1526	0x6E1A      	MOVWF       FARG_Sound_Play_freq_in_hz+1 
0x1528	0x0E7D      	MOVLW       125
0x152A	0x6E1B      	MOVWF       FARG_Sound_Play_duration_ms 
0x152C	0x0E00      	MOVLW       0
0x152E	0x6E1C      	MOVWF       FARG_Sound_Play_duration_ms+1 
0x1530	0xDA32      	RCALL       _Sound_Play
;buzzer.mbas,114 :: 		Sound_play(a, 500)
0x1532	0x0EB8      	MOVLW       184
0x1534	0x6E19      	MOVWF       FARG_Sound_Play_freq_in_hz 
0x1536	0x0E01      	MOVLW       1
0x1538	0x6E1A      	MOVWF       FARG_Sound_Play_freq_in_hz+1 
0x153A	0x0EF4      	MOVLW       244
0x153C	0x6E1B      	MOVWF       FARG_Sound_Play_duration_ms 
0x153E	0x0E01      	MOVLW       1
0x1540	0x6E1C      	MOVWF       FARG_Sound_Play_duration_ms+1 
0x1542	0xDA29      	RCALL       _Sound_Play
;buzzer.mbas,115 :: 		Sound_play(f, 375)
0x1544	0x0E5D      	MOVLW       93
0x1546	0x6E19      	MOVWF       FARG_Sound_Play_freq_in_hz 
0x1548	0x0E01      	MOVLW       1
0x154A	0x6E1A      	MOVWF       FARG_Sound_Play_freq_in_hz+1 
0x154C	0x0E77      	MOVLW       119
0x154E	0x6E1B      	MOVWF       FARG_Sound_Play_duration_ms 
0x1550	0x0E01      	MOVLW       1
0x1552	0x6E1C      	MOVWF       FARG_Sound_Play_duration_ms+1 
0x1554	0xDA20      	RCALL       _Sound_Play
;buzzer.mbas,116 :: 		Sound_play(cH, 125)
0x1556	0x0E0B      	MOVLW       11
0x1558	0x6E19      	MOVWF       FARG_Sound_Play_freq_in_hz 
0x155A	0x0E02      	MOVLW       2
0x155C	0x6E1A      	MOVWF       FARG_Sound_Play_freq_in_hz+1 
0x155E	0x0E7D      	MOVLW       125
0x1560	0x6E1B      	MOVWF       FARG_Sound_Play_duration_ms 
0x1562	0x0E00      	MOVLW       0
0x1564	0x6E1C      	MOVWF       FARG_Sound_Play_duration_ms+1 
0x1566	0xDA17      	RCALL       _Sound_Play
;buzzer.mbas,117 :: 		Sound_play(a, 650)
0x1568	0x0EB8      	MOVLW       184
0x156A	0x6E19      	MOVWF       FARG_Sound_Play_freq_in_hz 
0x156C	0x0E01      	MOVLW       1
0x156E	0x6E1A      	MOVWF       FARG_Sound_Play_freq_in_hz+1 
0x1570	0x0E8A      	MOVLW       138
0x1572	0x6E1B      	MOVWF       FARG_Sound_Play_duration_ms 
0x1574	0x0E02      	MOVLW       2
0x1576	0x6E1C      	MOVWF       FARG_Sound_Play_duration_ms+1 
0x1578	0xDA0E      	RCALL       _Sound_Play
;buzzer.mbas,119 :: 		delay_ms(2000)
0x157A	0x0E7A      	MOVLW       122
0x157C	0x6E0B      	MOVWF       R11, 0
0x157E	0x0EC1      	MOVLW       193
0x1580	0x6E0C      	MOVWF       R12, 0
0x1582	0x0E81      	MOVLW       129
0x1584	0x6E0D      	MOVWF       R13, 0
L__main8:
0x1586	0x2E0D      	DECFSZ      R13, 1, 0
0x1588	0xD7FE      	BRA         L__main8
0x158A	0x2E0C      	DECFSZ      R12, 1, 0
0x158C	0xD7FC      	BRA         L__main8
0x158E	0x2E0B      	DECFSZ      R11, 1, 0
0x1590	0xD7FA      	BRA         L__main8
0x1592	0x0000      	NOP
0x1594	0x0000      	NOP
;buzzer.mbas,121 :: 		goto loop
0x1596	0xD53D      	BRA         L__main_loop
L_end_main:
0x1598	0xD7FF      	BRA         $+0
; end of _main
_Div_32x32_U:
;__Lib_Math.mpas,1159 :: 		
;__Lib_Math.mpas,1170 :: 		
0x159A	0x6A0B      	CLRF        R11, 0
;__Lib_Math.mpas,1171 :: 		
0x159C	0x6A0A      	CLRF        R10, 0
;__Lib_Math.mpas,1172 :: 		
0x159E	0x6A09      	CLRF        R9, 0
;__Lib_Math.mpas,1173 :: 		
0x15A0	0x6A08      	CLRF        R8, 0
;__Lib_Math.mpas,1175 :: 		
0x15A2	0x6A0E      	CLRF        R14, 0
;__Lib_Math.mpas,1177 :: 		
0x15A4	0x3403      	RLCF        R3, 0, 0
;__Lib_Math.mpas,1178 :: 		
0x15A6	0x3608      	RLCF        R8, 1, 0
;__Lib_Math.mpas,1179 :: 		
0x15A8	0x5004      	MOVF        R4, 0, 0
;__Lib_Math.mpas,1180 :: 		
0x15AA	0x5E08      	SUBWF       R8, 1, 0
;__Lib_Math.mpas,1181 :: 		
0x15AC	0x5005      	MOVF        R5, 0, 0
;__Lib_Math.mpas,1182 :: 		
0x15AE	0xA0D8      	BTFSS       STATUS, 0, 0
;__Lib_Math.mpas,1183 :: 		
0x15B0	0x3C05      	INCFSZ      R5, 0, 0
;__Lib_Math.mpas,1184 :: 		
0x15B2	0x5E09      	SUBWF       R9, 1, 0
;__Lib_Math.mpas,1185 :: 		
0x15B4	0x5006      	MOVF        R6, 0, 0
;__Lib_Math.mpas,1186 :: 		
0x15B6	0xA0D8      	BTFSS       STATUS, 0, 0
;__Lib_Math.mpas,1187 :: 		
0x15B8	0x3C06      	INCFSZ      R6, 0, 0
;__Lib_Math.mpas,1188 :: 		
0x15BA	0x5E0A      	SUBWF       R10, 1, 0
;__Lib_Math.mpas,1189 :: 		
0x15BC	0x5007      	MOVF        R7, 0, 0
;__Lib_Math.mpas,1190 :: 		
0x15BE	0xA0D8      	BTFSS       STATUS, 0, 0
;__Lib_Math.mpas,1191 :: 		
0x15C0	0x3C07      	INCFSZ      R7, 0, 0
;__Lib_Math.mpas,1192 :: 		
0x15C2	0x5E0B      	SUBWF       R11, 1, 0
;__Lib_Math.mpas,1194 :: 		
0x15C4	0x6AE8      	CLRF        WREG, 0
;__Lib_Math.mpas,1195 :: 		
0x15C6	0xA0D8      	BTFSS       STATUS, 0, 0
;__Lib_Math.mpas,1196 :: 		
0x15C8	0x0E01      	MOVLW       1
;__Lib_Math.mpas,1197 :: 		
0x15CA	0x5E0E      	SUBWF       R14, 1, 0
;__Lib_Math.mpas,1198 :: 		
0x15CC	0x3603      	RLCF        R3, 1, 0
;__Lib_Math.mpas,1200 :: 		
0x15CE	0x0E07      	MOVLW       7
;__Lib_Math.mpas,1201 :: 		
0x15D0	0x6E0C      	MOVWF       R12, 0
;__Lib_Math.mpas,1203 :: 		
LOOPU3232A:
;__Lib_Math.mpas,1204 :: 		
0x15D2	0x3403      	RLCF        R3, 0, 0
;__Lib_Math.mpas,1205 :: 		
0x15D4	0x3608      	RLCF        R8, 1, 0
;__Lib_Math.mpas,1206 :: 		
0x15D6	0x3609      	RLCF        R9, 1, 0
;__Lib_Math.mpas,1207 :: 		
0x15D8	0x360A      	RLCF        R10, 1, 0
;__Lib_Math.mpas,1208 :: 		
0x15DA	0x360B      	RLCF        R11, 1, 0
;__Lib_Math.mpas,1209 :: 		
0x15DC	0x360E      	RLCF        R14, 1, 0
;__Lib_Math.mpas,1210 :: 		
0x15DE	0x5004      	MOVF        R4, 0, 0
;__Lib_Math.mpas,1211 :: 		
0x15E0	0xA003      	BTFSS       R3, 0, 0
;__Lib_Math.mpas,1212 :: 		
0x15E2	0xD012      	BRA         UADD22LA
;__Lib_Math.mpas,1214 :: 		
0x15E4	0x5E08      	SUBWF       R8, 1, 0
;__Lib_Math.mpas,1215 :: 		
0x15E6	0x5005      	MOVF        R5, 0, 0
;__Lib_Math.mpas,1216 :: 		
0x15E8	0xA0D8      	BTFSS       STATUS, 0, 0
;__Lib_Math.mpas,1217 :: 		
0x15EA	0x3C05      	INCFSZ      R5, 0, 0
;__Lib_Math.mpas,1218 :: 		
0x15EC	0x5E09      	SUBWF       R9, 1, 0
;__Lib_Math.mpas,1219 :: 		
0x15EE	0x5006      	MOVF        R6, 0, 0
;__Lib_Math.mpas,1220 :: 		
0x15F0	0xA0D8      	BTFSS       STATUS, 0, 0
;__Lib_Math.mpas,1221 :: 		
0x15F2	0x3C06      	INCFSZ      R6, 0, 0
;__Lib_Math.mpas,1222 :: 		
0x15F4	0x5E0A      	SUBWF       R10, 1, 0
;__Lib_Math.mpas,1223 :: 		
0x15F6	0x5007      	MOVF        R7, 0, 0
;__Lib_Math.mpas,1224 :: 		
0x15F8	0xA0D8      	BTFSS       STATUS, 0, 0
;__Lib_Math.mpas,1225 :: 		
0x15FA	0x3C07      	INCFSZ      R7, 0, 0
;__Lib_Math.mpas,1226 :: 		
0x15FC	0x5E0B      	SUBWF       R11, 1, 0
;__Lib_Math.mpas,1227 :: 		
0x15FE	0x6AE8      	CLRF        WREG, 0
;__Lib_Math.mpas,1228 :: 		
0x1600	0xA0D8      	BTFSS       STATUS, 0, 0
;__Lib_Math.mpas,1229 :: 		
0x1602	0x0E01      	MOVLW       1
;__Lib_Math.mpas,1230 :: 		
0x1604	0x5E0E      	SUBWF       R14, 1, 0
;__Lib_Math.mpas,1231 :: 		
0x1606	0xD011      	BRA         UOK22LA
;__Lib_Math.mpas,1233 :: 		
UADD22LA:
;__Lib_Math.mpas,1234 :: 		
0x1608	0x2608      	ADDWF       R8, 1, 0
;__Lib_Math.mpas,1235 :: 		
0x160A	0x5005      	MOVF        R5, 0, 0
;__Lib_Math.mpas,1236 :: 		
0x160C	0xB0D8      	BTFSC       STATUS, 0, 0
;__Lib_Math.mpas,1237 :: 		
0x160E	0x3C05      	INCFSZ      R5, 0, 0
;__Lib_Math.mpas,1238 :: 		
0x1610	0x2609      	ADDWF       R9, 1, 0
;__Lib_Math.mpas,1239 :: 		
0x1612	0x5006      	MOVF        R6, 0, 0
;__Lib_Math.mpas,1240 :: 		
0x1614	0xB0D8      	BTFSC       STATUS, 0, 0
;__Lib_Math.mpas,1241 :: 		
0x1616	0x3C06      	INCFSZ      R6, 0, 0
;__Lib_Math.mpas,1242 :: 		
0x1618	0x260A      	ADDWF       R10, 1, 0
;__Lib_Math.mpas,1243 :: 		
0x161A	0x5007      	MOVF        R7, 0, 0
;__Lib_Math.mpas,1244 :: 		
0x161C	0xB0D8      	BTFSC       STATUS, 0, 0
;__Lib_Math.mpas,1245 :: 		
0x161E	0x3C07      	INCFSZ      R7, 0, 0
;__Lib_Math.mpas,1246 :: 		
0x1620	0x260B      	ADDWF       R11, 1, 0
;__Lib_Math.mpas,1247 :: 		
0x1622	0x6AE8      	CLRF        WREG, 0
;__Lib_Math.mpas,1248 :: 		
0x1624	0xB0D8      	BTFSC       STATUS, 0, 0
;__Lib_Math.mpas,1249 :: 		
0x1626	0x0E01      	MOVLW       1
;__Lib_Math.mpas,1250 :: 		
0x1628	0x260E      	ADDWF       R14, 1, 0
;__Lib_Math.mpas,1252 :: 		
UOK22LA:
;__Lib_Math.mpas,1253 :: 		
0x162A	0x3603      	RLCF        R3, 1, 0
;__Lib_Math.mpas,1255 :: 		
0x162C	0x2E0C      	DECFSZ      R12, 1, 0
;__Lib_Math.mpas,1256 :: 		
0x162E	0xD7D1      	BRA         LOOPU3232A
;__Lib_Math.mpas,1258 :: 		
0x1630	0x3402      	RLCF        R2, 0, 0
;__Lib_Math.mpas,1259 :: 		
0x1632	0x3608      	RLCF        R8, 1, 0
;__Lib_Math.mpas,1260 :: 		
0x1634	0x3609      	RLCF        R9, 1, 0
;__Lib_Math.mpas,1261 :: 		
0x1636	0x360A      	RLCF        R10, 1, 0
;__Lib_Math.mpas,1262 :: 		
0x1638	0x360B      	RLCF        R11, 1, 0
;__Lib_Math.mpas,1263 :: 		
0x163A	0x360E      	RLCF        R14, 1, 0
;__Lib_Math.mpas,1264 :: 		
0x163C	0x5004      	MOVF        R4, 0, 0
;__Lib_Math.mpas,1265 :: 		
0x163E	0xA003      	BTFSS       R3, 0, 0
;__Lib_Math.mpas,1266 :: 		
0x1640	0xD012      	BRA         UADD22L8
;__Lib_Math.mpas,1268 :: 		
0x1642	0x5E08      	SUBWF       R8, 1, 0
;__Lib_Math.mpas,1269 :: 		
0x1644	0x5005      	MOVF        R5, 0, 0
;__Lib_Math.mpas,1270 :: 		
0x1646	0xA0D8      	BTFSS       STATUS, 0, 0
;__Lib_Math.mpas,1271 :: 		
0x1648	0x3C05      	INCFSZ      R5, 0, 0
;__Lib_Math.mpas,1272 :: 		
0x164A	0x5E09      	SUBWF       R9, 1, 0
;__Lib_Math.mpas,1273 :: 		
0x164C	0x5006      	MOVF        R6, 0, 0
;__Lib_Math.mpas,1274 :: 		
0x164E	0xA0D8      	BTFSS       STATUS, 0, 0
;__Lib_Math.mpas,1275 :: 		
0x1650	0x3C06      	INCFSZ      R6, 0, 0
;__Lib_Math.mpas,1276 :: 		
0x1652	0x5E0A      	SUBWF       R10, 1, 0
;__Lib_Math.mpas,1277 :: 		
0x1654	0x5007      	MOVF        R7, 0, 0
;__Lib_Math.mpas,1278 :: 		
0x1656	0xA0D8      	BTFSS       STATUS, 0, 0
;__Lib_Math.mpas,1279 :: 		
0x1658	0x3C07      	INCFSZ      R7, 0, 0
;__Lib_Math.mpas,1280 :: 		
0x165A	0x5E0B      	SUBWF       R11, 1, 0
;__Lib_Math.mpas,1281 :: 		
0x165C	0x6AE8      	CLRF        WREG, 0
;__Lib_Math.mpas,1282 :: 		
0x165E	0xA0D8      	BTFSS       STATUS, 0, 0
;__Lib_Math.mpas,1283 :: 		
0x1660	0x0E01      	MOVLW       1
;__Lib_Math.mpas,1284 :: 		
0x1662	0x5E0E      	SUBWF       R14, 1, 0
;__Lib_Math.mpas,1285 :: 		
0x1664	0xD011      	BRA         UOK22L8
;__Lib_Math.mpas,1287 :: 		
UADD22L8:
;__Lib_Math.mpas,1288 :: 		
0x1666	0x2608      	ADDWF       R8, 1, 0
;__Lib_Math.mpas,1289 :: 		
0x1668	0x5005      	MOVF        R5, 0, 0
;__Lib_Math.mpas,1290 :: 		
0x166A	0xB0D8      	BTFSC       STATUS, 0, 0
;__Lib_Math.mpas,1291 :: 		
0x166C	0x3C05      	INCFSZ      R5, 0, 0
;__Lib_Math.mpas,1292 :: 		
0x166E	0x2609      	ADDWF       R9, 1, 0
;__Lib_Math.mpas,1293 :: 		
0x1670	0x5006      	MOVF        R6, 0, 0
;__Lib_Math.mpas,1294 :: 		
0x1672	0xB0D8      	BTFSC       STATUS, 0, 0
;__Lib_Math.mpas,1295 :: 		
0x1674	0x3C06      	INCFSZ      R6, 0, 0
;__Lib_Math.mpas,1296 :: 		
0x1676	0x260A      	ADDWF       R10, 1, 0
;__Lib_Math.mpas,1297 :: 		
0x1678	0x5007      	MOVF        R7, 0, 0
;__Lib_Math.mpas,1298 :: 		
0x167A	0xB0D8      	BTFSC       STATUS, 0, 0
;__Lib_Math.mpas,1299 :: 		
0x167C	0x3C07      	INCFSZ      R7, 0, 0
;__Lib_Math.mpas,1300 :: 		
0x167E	0x260B      	ADDWF       R11, 1, 0
;__Lib_Math.mpas,1301 :: 		
0x1680	0x6AE8      	CLRF        WREG, 0
;__Lib_Math.mpas,1302 :: 		
0x1682	0xB0D8      	BTFSC       STATUS, 0, 0
;__Lib_Math.mpas,1303 :: 		
0x1684	0x0E01      	MOVLW       1
;__Lib_Math.mpas,1304 :: 		
0x1686	0x260E      	ADDWF       R14, 1, 0
;__Lib_Math.mpas,1306 :: 		
UOK22L8:
;__Lib_Math.mpas,1307 :: 		
0x1688	0x3602      	RLCF        R2, 1, 0
;__Lib_Math.mpas,1309 :: 		
0x168A	0x0E07      	MOVLW       7
;__Lib_Math.mpas,1310 :: 		
0x168C	0x6E0C      	MOVWF       R12, 0
;__Lib_Math.mpas,1312 :: 		
LOOPU3232B:
;__Lib_Math.mpas,1313 :: 		
0x168E	0x3402      	RLCF        R2, 0, 0
;__Lib_Math.mpas,1314 :: 		
0x1690	0x3608      	RLCF        R8, 1, 0
;__Lib_Math.mpas,1315 :: 		
0x1692	0x3609      	RLCF        R9, 1, 0
;__Lib_Math.mpas,1316 :: 		
0x1694	0x360A      	RLCF        R10, 1, 0
;__Lib_Math.mpas,1317 :: 		
0x1696	0x360B      	RLCF        R11, 1, 0
;__Lib_Math.mpas,1318 :: 		
0x1698	0x360E      	RLCF        R14, 1, 0
;__Lib_Math.mpas,1319 :: 		
0x169A	0x5004      	MOVF        R4, 0, 0
;__Lib_Math.mpas,1320 :: 		
0x169C	0xA002      	BTFSS       R2, 0, 0
;__Lib_Math.mpas,1321 :: 		
0x169E	0xD012      	BRA         UADD22LB
;__Lib_Math.mpas,1323 :: 		
0x16A0	0x5E08      	SUBWF       R8, 1, 0
;__Lib_Math.mpas,1324 :: 		
0x16A2	0x5005      	MOVF        R5, 0, 0
;__Lib_Math.mpas,1325 :: 		
0x16A4	0xA0D8      	BTFSS       STATUS, 0, 0
;__Lib_Math.mpas,1326 :: 		
0x16A6	0x3C05      	INCFSZ      R5, 0, 0
;__Lib_Math.mpas,1327 :: 		
0x16A8	0x5E09      	SUBWF       R9, 1, 0
;__Lib_Math.mpas,1328 :: 		
0x16AA	0x5006      	MOVF        R6, 0, 0
;__Lib_Math.mpas,1329 :: 		
0x16AC	0xA0D8      	BTFSS       STATUS, 0, 0
;__Lib_Math.mpas,1330 :: 		
0x16AE	0x3C06      	INCFSZ      R6, 0, 0
;__Lib_Math.mpas,1331 :: 		
0x16B0	0x5E0A      	SUBWF       R10, 1, 0
;__Lib_Math.mpas,1332 :: 		
0x16B2	0x5007      	MOVF        R7, 0, 0
;__Lib_Math.mpas,1333 :: 		
0x16B4	0xA0D8      	BTFSS       STATUS, 0, 0
;__Lib_Math.mpas,1334 :: 		
0x16B6	0x3C07      	INCFSZ      R7, 0, 0
;__Lib_Math.mpas,1335 :: 		
0x16B8	0x5E0B      	SUBWF       R11, 1, 0
;__Lib_Math.mpas,1336 :: 		
0x16BA	0x6AE8      	CLRF        WREG, 0
;__Lib_Math.mpas,1337 :: 		
0x16BC	0xA0D8      	BTFSS       STATUS, 0, 0
;__Lib_Math.mpas,1338 :: 		
0x16BE	0x0E01      	MOVLW       1
;__Lib_Math.mpas,1339 :: 		
0x16C0	0x5E0E      	SUBWF       R14, 1, 0
;__Lib_Math.mpas,1340 :: 		
0x16C2	0xD011      	BRA         UOK22LB
;__Lib_Math.mpas,1342 :: 		
UADD22LB:
;__Lib_Math.mpas,1343 :: 		
0x16C4	0x2608      	ADDWF       R8, 1, 0
;__Lib_Math.mpas,1344 :: 		
0x16C6	0x5005      	MOVF        R5, 0, 0
;__Lib_Math.mpas,1345 :: 		
0x16C8	0xB0D8      	BTFSC       STATUS, 0, 0
;__Lib_Math.mpas,1346 :: 		
0x16CA	0x3C05      	INCFSZ      R5, 0, 0
;__Lib_Math.mpas,1347 :: 		
0x16CC	0x2609      	ADDWF       R9, 1, 0
;__Lib_Math.mpas,1348 :: 		
0x16CE	0x5006      	MOVF        R6, 0, 0
;__Lib_Math.mpas,1349 :: 		
0x16D0	0xB0D8      	BTFSC       STATUS, 0, 0
;__Lib_Math.mpas,1350 :: 		
0x16D2	0x3C06      	INCFSZ      R6, 0, 0
;__Lib_Math.mpas,1351 :: 		
0x16D4	0x260A      	ADDWF       R10, 1, 0
;__Lib_Math.mpas,1352 :: 		
0x16D6	0x5007      	MOVF        R7, 0, 0
;__Lib_Math.mpas,1353 :: 		
0x16D8	0xB0D8      	BTFSC       STATUS, 0, 0
;__Lib_Math.mpas,1354 :: 		
0x16DA	0x3C07      	INCFSZ      R7, 0, 0
;__Lib_Math.mpas,1355 :: 		
0x16DC	0x260B      	ADDWF       R11, 1, 0
;__Lib_Math.mpas,1356 :: 		
0x16DE	0x6AE8      	CLRF        WREG, 0
;__Lib_Math.mpas,1357 :: 		
0x16E0	0xB0D8      	BTFSC       STATUS, 0, 0
;__Lib_Math.mpas,1358 :: 		
0x16E2	0x0E01      	MOVLW       1
;__Lib_Math.mpas,1359 :: 		
0x16E4	0x260E      	ADDWF       R14, 1, 0
;__Lib_Math.mpas,1361 :: 		
UOK22LB:
;__Lib_Math.mpas,1362 :: 		
0x16E6	0x3602      	RLCF        R2, 1, 0
;__Lib_Math.mpas,1364 :: 		
0x16E8	0x2E0C      	DECFSZ      R12, 1, 0
;__Lib_Math.mpas,1365 :: 		
0x16EA	0xD7D1      	BRA         LOOPU3232B
;__Lib_Math.mpas,1367 :: 		
0x16EC	0x3401      	RLCF        R1, 0, 0
;__Lib_Math.mpas,1368 :: 		
0x16EE	0x3608      	RLCF        R8, 1, 0
;__Lib_Math.mpas,1369 :: 		
0x16F0	0x3609      	RLCF        R9, 1, 0
;__Lib_Math.mpas,1370 :: 		
0x16F2	0x360A      	RLCF        R10, 1, 0
;__Lib_Math.mpas,1371 :: 		
0x16F4	0x360B      	RLCF        R11, 1, 0
;__Lib_Math.mpas,1372 :: 		
0x16F6	0x360E      	RLCF        R14, 1, 0
;__Lib_Math.mpas,1373 :: 		
0x16F8	0x5004      	MOVF        R4, 0, 0
;__Lib_Math.mpas,1374 :: 		
0x16FA	0xA002      	BTFSS       R2, 0, 0
;__Lib_Math.mpas,1375 :: 		
0x16FC	0xD012      	BRA         UADD22L16
;__Lib_Math.mpas,1377 :: 		
0x16FE	0x5E08      	SUBWF       R8, 1, 0
;__Lib_Math.mpas,1378 :: 		
0x1700	0x5005      	MOVF        R5, 0, 0
;__Lib_Math.mpas,1379 :: 		
0x1702	0xA0D8      	BTFSS       STATUS, 0, 0
;__Lib_Math.mpas,1380 :: 		
0x1704	0x3C05      	INCFSZ      R5, 0, 0
;__Lib_Math.mpas,1381 :: 		
0x1706	0x5E09      	SUBWF       R9, 1, 0
;__Lib_Math.mpas,1382 :: 		
0x1708	0x5006      	MOVF        R6, 0, 0
;__Lib_Math.mpas,1383 :: 		
0x170A	0xA0D8      	BTFSS       STATUS, 0, 0
;__Lib_Math.mpas,1384 :: 		
0x170C	0x3C06      	INCFSZ      R6, 0, 0
;__Lib_Math.mpas,1385 :: 		
0x170E	0x5E0A      	SUBWF       R10, 1, 0
;__Lib_Math.mpas,1386 :: 		
0x1710	0x5007      	MOVF        R7, 0, 0
;__Lib_Math.mpas,1387 :: 		
0x1712	0xA0D8      	BTFSS       STATUS, 0, 0
;__Lib_Math.mpas,1388 :: 		
0x1714	0x3C07      	INCFSZ      R7, 0, 0
;__Lib_Math.mpas,1389 :: 		
0x1716	0x5E0B      	SUBWF       R11, 1, 0
;__Lib_Math.mpas,1390 :: 		
0x1718	0x6AE8      	CLRF        WREG, 0
;__Lib_Math.mpas,1391 :: 		
0x171A	0xA0D8      	BTFSS       STATUS, 0, 0
;__Lib_Math.mpas,1392 :: 		
0x171C	0x0E01      	MOVLW       1
;__Lib_Math.mpas,1393 :: 		
0x171E	0x5E0E      	SUBWF       R14, 1, 0
;__Lib_Math.mpas,1394 :: 		
0x1720	0xD011      	BRA         UOK22L16
;__Lib_Math.mpas,1396 :: 		
UADD22L16:
;__Lib_Math.mpas,1397 :: 		
0x1722	0x2608      	ADDWF       R8, 1, 0
;__Lib_Math.mpas,1398 :: 		
0x1724	0x5005      	MOVF        R5, 0, 0
;__Lib_Math.mpas,1399 :: 		
0x1726	0xB0D8      	BTFSC       STATUS, 0, 0
;__Lib_Math.mpas,1400 :: 		
0x1728	0x3C05      	INCFSZ      R5, 0, 0
;__Lib_Math.mpas,1401 :: 		
0x172A	0x2609      	ADDWF       R9, 1, 0
;__Lib_Math.mpas,1402 :: 		
0x172C	0x5006      	MOVF        R6, 0, 0
;__Lib_Math.mpas,1403 :: 		
0x172E	0xB0D8      	BTFSC       STATUS, 0, 0
;__Lib_Math.mpas,1404 :: 		
0x1730	0x3C06      	INCFSZ      R6, 0, 0
;__Lib_Math.mpas,1405 :: 		
0x1732	0x260A      	ADDWF       R10, 1, 0
;__Lib_Math.mpas,1406 :: 		
0x1734	0x5007      	MOVF        R7, 0, 0
;__Lib_Math.mpas,1407 :: 		
0x1736	0xB0D8      	BTFSC       STATUS, 0, 0
;__Lib_Math.mpas,1408 :: 		
0x1738	0x3C07      	INCFSZ      R7, 0, 0
;__Lib_Math.mpas,1409 :: 		
0x173A	0x260B      	ADDWF       R11, 1, 0
;__Lib_Math.mpas,1410 :: 		
0x173C	0x6AE8      	CLRF        WREG, 0
;__Lib_Math.mpas,1411 :: 		
0x173E	0xB0D8      	BTFSC       STATUS, 0, 0
;__Lib_Math.mpas,1412 :: 		
0x1740	0x0E01      	MOVLW       1
;__Lib_Math.mpas,1413 :: 		
0x1742	0x260E      	ADDWF       R14, 1, 0
;__Lib_Math.mpas,1415 :: 		
UOK22L16:
;__Lib_Math.mpas,1416 :: 		
0x1744	0x3601      	RLCF        R1, 1, 0
;__Lib_Math.mpas,1418 :: 		
0x1746	0x0E07      	MOVLW       7
;__Lib_Math.mpas,1419 :: 		
0x1748	0x6E0C      	MOVWF       R12, 0
;__Lib_Math.mpas,1421 :: 		
LOOPU3232C:
;__Lib_Math.mpas,1422 :: 		
0x174A	0x3401      	RLCF        R1, 0, 0
;__Lib_Math.mpas,1423 :: 		
0x174C	0x3608      	RLCF        R8, 1, 0
;__Lib_Math.mpas,1424 :: 		
0x174E	0x3609      	RLCF        R9, 1, 0
;__Lib_Math.mpas,1425 :: 		
0x1750	0x360A      	RLCF        R10, 1, 0
;__Lib_Math.mpas,1426 :: 		
0x1752	0x360B      	RLCF        R11, 1, 0
;__Lib_Math.mpas,1427 :: 		
0x1754	0x360E      	RLCF        R14, 1, 0
;__Lib_Math.mpas,1428 :: 		
0x1756	0x5004      	MOVF        R4, 0, 0
;__Lib_Math.mpas,1429 :: 		
0x1758	0xA001      	BTFSS       R1, 0, 0
;__Lib_Math.mpas,1430 :: 		
0x175A	0xD012      	BRA         UADD22LC
;__Lib_Math.mpas,1432 :: 		
0x175C	0x5E08      	SUBWF       R8, 1, 0
;__Lib_Math.mpas,1433 :: 		
0x175E	0x5005      	MOVF        R5, 0, 0
;__Lib_Math.mpas,1434 :: 		
0x1760	0xA0D8      	BTFSS       STATUS, 0, 0
;__Lib_Math.mpas,1435 :: 		
0x1762	0x3C05      	INCFSZ      R5, 0, 0
;__Lib_Math.mpas,1436 :: 		
0x1764	0x5E09      	SUBWF       R9, 1, 0
;__Lib_Math.mpas,1437 :: 		
0x1766	0x5006      	MOVF        R6, 0, 0
;__Lib_Math.mpas,1438 :: 		
0x1768	0xA0D8      	BTFSS       STATUS, 0, 0
;__Lib_Math.mpas,1439 :: 		
0x176A	0x3C06      	INCFSZ      R6, 0, 0
;__Lib_Math.mpas,1440 :: 		
0x176C	0x5E0A      	SUBWF       R10, 1, 0
;__Lib_Math.mpas,1441 :: 		
0x176E	0x5007      	MOVF        R7, 0, 0
;__Lib_Math.mpas,1442 :: 		
0x1770	0xA0D8      	BTFSS       STATUS, 0, 0
;__Lib_Math.mpas,1443 :: 		
0x1772	0x3C07      	INCFSZ      R7, 0, 0
;__Lib_Math.mpas,1444 :: 		
0x1774	0x5E0B      	SUBWF       R11, 1, 0
;__Lib_Math.mpas,1445 :: 		
0x1776	0x6AE8      	CLRF        WREG, 0
;__Lib_Math.mpas,1446 :: 		
0x1778	0xA0D8      	BTFSS       STATUS, 0, 0
;__Lib_Math.mpas,1447 :: 		
0x177A	0x0E01      	MOVLW       1
;__Lib_Math.mpas,1448 :: 		
0x177C	0x5E0E      	SUBWF       R14, 1, 0
;__Lib_Math.mpas,1449 :: 		
0x177E	0xD011      	BRA         UOK22LC
;__Lib_Math.mpas,1451 :: 		
UADD22LC:
;__Lib_Math.mpas,1452 :: 		
0x1780	0x2608      	ADDWF       R8, 1, 0
;__Lib_Math.mpas,1453 :: 		
0x1782	0x5005      	MOVF        R5, 0, 0
;__Lib_Math.mpas,1454 :: 		
0x1784	0xB0D8      	BTFSC       STATUS, 0, 0
;__Lib_Math.mpas,1455 :: 		
0x1786	0x3C05      	INCFSZ      R5, 0, 0
;__Lib_Math.mpas,1456 :: 		
0x1788	0x2609      	ADDWF       R9, 1, 0
;__Lib_Math.mpas,1457 :: 		
0x178A	0x5006      	MOVF        R6, 0, 0
;__Lib_Math.mpas,1458 :: 		
0x178C	0xB0D8      	BTFSC       STATUS, 0, 0
;__Lib_Math.mpas,1459 :: 		
0x178E	0x3C06      	INCFSZ      R6, 0, 0
;__Lib_Math.mpas,1460 :: 		
0x1790	0x260A      	ADDWF       R10, 1, 0
;__Lib_Math.mpas,1461 :: 		
0x1792	0x5007      	MOVF        R7, 0, 0
;__Lib_Math.mpas,1462 :: 		
0x1794	0xB0D8      	BTFSC       STATUS, 0, 0
;__Lib_Math.mpas,1463 :: 		
0x1796	0x3C07      	INCFSZ      R7, 0, 0
;__Lib_Math.mpas,1464 :: 		
0x1798	0x260B      	ADDWF       R11, 1, 0
;__Lib_Math.mpas,1465 :: 		
0x179A	0x6AE8      	CLRF        WREG, 0
;__Lib_Math.mpas,1466 :: 		
0x179C	0xB0D8      	BTFSC       STATUS, 0, 0
;__Lib_Math.mpas,1467 :: 		
0x179E	0x0E01      	MOVLW       1
;__Lib_Math.mpas,1468 :: 		
0x17A0	0x260E      	ADDWF       R14, 1, 0
;__Lib_Math.mpas,1470 :: 		
UOK22LC:
;__Lib_Math.mpas,1471 :: 		
0x17A2	0x3601      	RLCF        R1, 1, 0
;__Lib_Math.mpas,1473 :: 		
0x17A4	0x2E0C      	DECFSZ      R12, 1, 0
;__Lib_Math.mpas,1474 :: 		
0x17A6	0xD7D1      	BRA         LOOPU3232C
;__Lib_Math.mpas,1476 :: 		
0x17A8	0x3400      	RLCF        R0, 0, 0
;__Lib_Math.mpas,1477 :: 		
0x17AA	0x3608      	RLCF        R8, 1, 0
;__Lib_Math.mpas,1478 :: 		
0x17AC	0x3609      	RLCF        R9, 1, 0
;__Lib_Math.mpas,1479 :: 		
0x17AE	0x360A      	RLCF        R10, 1, 0
;__Lib_Math.mpas,1480 :: 		
0x17B0	0x360B      	RLCF        R11, 1, 0
;__Lib_Math.mpas,1481 :: 		
0x17B2	0x360E      	RLCF        R14, 1, 0
;__Lib_Math.mpas,1482 :: 		
0x17B4	0x5004      	MOVF        R4, 0, 0
;__Lib_Math.mpas,1483 :: 		
0x17B6	0xA001      	BTFSS       R1, 0, 0
;__Lib_Math.mpas,1484 :: 		
0x17B8	0xD012      	BRA         UADD22L24
;__Lib_Math.mpas,1486 :: 		
0x17BA	0x5E08      	SUBWF       R8, 1, 0
;__Lib_Math.mpas,1487 :: 		
0x17BC	0x5005      	MOVF        R5, 0, 0
;__Lib_Math.mpas,1488 :: 		
0x17BE	0xA0D8      	BTFSS       STATUS, 0, 0
;__Lib_Math.mpas,1489 :: 		
0x17C0	0x3C05      	INCFSZ      R5, 0, 0
;__Lib_Math.mpas,1490 :: 		
0x17C2	0x5E09      	SUBWF       R9, 1, 0
;__Lib_Math.mpas,1491 :: 		
0x17C4	0x5006      	MOVF        R6, 0, 0
;__Lib_Math.mpas,1492 :: 		
0x17C6	0xA0D8      	BTFSS       STATUS, 0, 0
;__Lib_Math.mpas,1493 :: 		
0x17C8	0x3C06      	INCFSZ      R6, 0, 0
;__Lib_Math.mpas,1494 :: 		
0x17CA	0x5E0A      	SUBWF       R10, 1, 0
;__Lib_Math.mpas,1495 :: 		
0x17CC	0x5007      	MOVF        R7, 0, 0
;__Lib_Math.mpas,1496 :: 		
0x17CE	0xA0D8      	BTFSS       STATUS, 0, 0
;__Lib_Math.mpas,1497 :: 		
0x17D0	0x3C07      	INCFSZ      R7, 0, 0
;__Lib_Math.mpas,1498 :: 		
0x17D2	0x5E0B      	SUBWF       R11, 1, 0
;__Lib_Math.mpas,1499 :: 		
0x17D4	0x6AE8      	CLRF        WREG, 0
;__Lib_Math.mpas,1500 :: 		
0x17D6	0xA0D8      	BTFSS       STATUS, 0, 0
;__Lib_Math.mpas,1501 :: 		
0x17D8	0x0E01      	MOVLW       1
;__Lib_Math.mpas,1502 :: 		
0x17DA	0x5E0E      	SUBWF       R14, 1, 0
;__Lib_Math.mpas,1503 :: 		
0x17DC	0xD011      	BRA         UOK22L24
;__Lib_Math.mpas,1505 :: 		
UADD22L24:
;__Lib_Math.mpas,1506 :: 		
0x17DE	0x2608      	ADDWF       R8, 1, 0
;__Lib_Math.mpas,1507 :: 		
0x17E0	0x5005      	MOVF        R5, 0, 0
;__Lib_Math.mpas,1508 :: 		
0x17E2	0xB0D8      	BTFSC       STATUS, 0, 0
;__Lib_Math.mpas,1509 :: 		
0x17E4	0x3C05      	INCFSZ      R5, 0, 0
;__Lib_Math.mpas,1510 :: 		
0x17E6	0x2609      	ADDWF       R9, 1, 0
;__Lib_Math.mpas,1511 :: 		
0x17E8	0x5006      	MOVF        R6, 0, 0
;__Lib_Math.mpas,1512 :: 		
0x17EA	0xB0D8      	BTFSC       STATUS, 0, 0
;__Lib_Math.mpas,1513 :: 		
0x17EC	0x3C06      	INCFSZ      R6, 0, 0
;__Lib_Math.mpas,1514 :: 		
0x17EE	0x260A      	ADDWF       R10, 1, 0
;__Lib_Math.mpas,1515 :: 		
0x17F0	0x5007      	MOVF        R7, 0, 0
;__Lib_Math.mpas,1516 :: 		
0x17F2	0xB0D8      	BTFSC       STATUS, 0, 0
;__Lib_Math.mpas,1517 :: 		
0x17F4	0x3C07      	INCFSZ      R7, 0, 0
;__Lib_Math.mpas,1518 :: 		
0x17F6	0x260B      	ADDWF       R11, 1, 0
;__Lib_Math.mpas,1519 :: 		
0x17F8	0x6AE8      	CLRF        WREG, 0
;__Lib_Math.mpas,1520 :: 		
0x17FA	0xB0D8      	BTFSC       STATUS, 0, 0
;__Lib_Math.mpas,1521 :: 		
0x17FC	0x0E01      	MOVLW       1
;__Lib_Math.mpas,1522 :: 		
0x17FE	0x260E      	ADDWF       R14, 1, 0
;__Lib_Math.mpas,1524 :: 		
UOK22L24:
;__Lib_Math.mpas,1525 :: 		
0x1800	0x3600      	RLCF        R0, 1, 0
;__Lib_Math.mpas,1527 :: 		
0x1802	0x0E07      	MOVLW       7
;__Lib_Math.mpas,1528 :: 		
0x1804	0x6E0C      	MOVWF       R12, 0
;__Lib_Math.mpas,1530 :: 		
LOOPU3232D:
;__Lib_Math.mpas,1531 :: 		
0x1806	0x3400      	RLCF        R0, 0, 0
;__Lib_Math.mpas,1532 :: 		
0x1808	0x3608      	RLCF        R8, 1, 0
;__Lib_Math.mpas,1533 :: 		
0x180A	0x3609      	RLCF        R9, 1, 0
;__Lib_Math.mpas,1534 :: 		
0x180C	0x360A      	RLCF        R10, 1, 0
;__Lib_Math.mpas,1535 :: 		
0x180E	0x360B      	RLCF        R11, 1, 0
;__Lib_Math.mpas,1536 :: 		
0x1810	0x360E      	RLCF        R14, 1, 0
;__Lib_Math.mpas,1537 :: 		
0x1812	0x5004      	MOVF        R4, 0, 0
;__Lib_Math.mpas,1538 :: 		
0x1814	0xA000      	BTFSS       R0, 0, 0
;__Lib_Math.mpas,1539 :: 		
0x1816	0xD012      	BRA         UADD22LD
;__Lib_Math.mpas,1541 :: 		
0x1818	0x5E08      	SUBWF       R8, 1, 0
;__Lib_Math.mpas,1542 :: 		
0x181A	0x5005      	MOVF        R5, 0, 0
;__Lib_Math.mpas,1543 :: 		
0x181C	0xA0D8      	BTFSS       STATUS, 0, 0
;__Lib_Math.mpas,1544 :: 		
0x181E	0x3C05      	INCFSZ      R5, 0, 0
;__Lib_Math.mpas,1545 :: 		
0x1820	0x5E09      	SUBWF       R9, 1, 0
;__Lib_Math.mpas,1546 :: 		
0x1822	0x5006      	MOVF        R6, 0, 0
;__Lib_Math.mpas,1547 :: 		
0x1824	0xA0D8      	BTFSS       STATUS, 0, 0
;__Lib_Math.mpas,1548 :: 		
0x1826	0x3C06      	INCFSZ      R6, 0, 0
;__Lib_Math.mpas,1549 :: 		
0x1828	0x5E0A      	SUBWF       R10, 1, 0
;__Lib_Math.mpas,1550 :: 		
0x182A	0x5007      	MOVF        R7, 0, 0
;__Lib_Math.mpas,1551 :: 		
0x182C	0xA0D8      	BTFSS       STATUS, 0, 0
;__Lib_Math.mpas,1552 :: 		
0x182E	0x3C07      	INCFSZ      R7, 0, 0
;__Lib_Math.mpas,1553 :: 		
0x1830	0x5E0B      	SUBWF       R11, 1, 0
;__Lib_Math.mpas,1554 :: 		
0x1832	0x6AE8      	CLRF        WREG, 0
;__Lib_Math.mpas,1555 :: 		
0x1834	0xA0D8      	BTFSS       STATUS, 0, 0
;__Lib_Math.mpas,1556 :: 		
0x1836	0x0E01      	MOVLW       1
;__Lib_Math.mpas,1557 :: 		
0x1838	0x5E0E      	SUBWF       R14, 1, 0
;__Lib_Math.mpas,1558 :: 		
0x183A	0xD011      	BRA         UOK22LD
;__Lib_Math.mpas,1560 :: 		
UADD22LD:
;__Lib_Math.mpas,1561 :: 		
0x183C	0x2608      	ADDWF       R8, 1, 0
;__Lib_Math.mpas,1562 :: 		
0x183E	0x5005      	MOVF        R5, 0, 0
;__Lib_Math.mpas,1563 :: 		
0x1840	0xB0D8      	BTFSC       STATUS, 0, 0
;__Lib_Math.mpas,1564 :: 		
0x1842	0x3C05      	INCFSZ      R5, 0, 0
;__Lib_Math.mpas,1565 :: 		
0x1844	0x2609      	ADDWF       R9, 1, 0
;__Lib_Math.mpas,1566 :: 		
0x1846	0x5006      	MOVF        R6, 0, 0
;__Lib_Math.mpas,1567 :: 		
0x1848	0xB0D8      	BTFSC       STATUS, 0, 0
;__Lib_Math.mpas,1568 :: 		
0x184A	0x3C06      	INCFSZ      R6, 0, 0
;__Lib_Math.mpas,1569 :: 		
0x184C	0x260A      	ADDWF       R10, 1, 0
;__Lib_Math.mpas,1570 :: 		
0x184E	0x5007      	MOVF        R7, 0, 0
;__Lib_Math.mpas,1571 :: 		
0x1850	0xB0D8      	BTFSC       STATUS, 0, 0
;__Lib_Math.mpas,1572 :: 		
0x1852	0x3C07      	INCFSZ      R7, 0, 0
;__Lib_Math.mpas,1573 :: 		
0x1854	0x260B      	ADDWF       R11, 1, 0
;__Lib_Math.mpas,1574 :: 		
0x1856	0x6AE8      	CLRF        WREG, 0
;__Lib_Math.mpas,1575 :: 		
0x1858	0xB0D8      	BTFSC       STATUS, 0, 0
;__Lib_Math.mpas,1576 :: 		
0x185A	0x0E01      	MOVLW       1
;__Lib_Math.mpas,1577 :: 		
0x185C	0x260E      	ADDWF       R14, 1, 0
;__Lib_Math.mpas,1579 :: 		
UOK22LD:
;__Lib_Math.mpas,1580 :: 		
0x185E	0x3600      	RLCF        R0, 1, 0
;__Lib_Math.mpas,1582 :: 		
0x1860	0x2E0C      	DECFSZ      R12, 1, 0
;__Lib_Math.mpas,1583 :: 		
0x1862	0xD7D1      	BRA         LOOPU3232D
;__Lib_Math.mpas,1585 :: 		
0x1864	0xB000      	BTFSC       R0, 0, 0
;__Lib_Math.mpas,1586 :: 		
0x1866	0xD00E      	BRA         UOK22L
;__Lib_Math.mpas,1587 :: 		
0x1868	0x5004      	MOVF        R4, 0, 0
;__Lib_Math.mpas,1588 :: 		
0x186A	0x2608      	ADDWF       R8, 1, 0
;__Lib_Math.mpas,1589 :: 		
0x186C	0x5005      	MOVF        R5, 0, 0
;__Lib_Math.mpas,1590 :: 		
0x186E	0xB0D8      	BTFSC       STATUS, 0, 0
;__Lib_Math.mpas,1591 :: 		
0x1870	0x3C05      	INCFSZ      R5, 0, 0
;__Lib_Math.mpas,1592 :: 		
0x1872	0x2609      	ADDWF       R9, 1, 0
;__Lib_Math.mpas,1593 :: 		
0x1874	0x5006      	MOVF        R6, 0, 0
;__Lib_Math.mpas,1594 :: 		
0x1876	0xB0D8      	BTFSC       STATUS, 0, 0
;__Lib_Math.mpas,1595 :: 		
0x1878	0x3C06      	INCFSZ      R6, 0, 0
;__Lib_Math.mpas,1596 :: 		
0x187A	0x260A      	ADDWF       R10, 1, 0
;__Lib_Math.mpas,1597 :: 		
0x187C	0x5007      	MOVF        R7, 0, 0
;__Lib_Math.mpas,1598 :: 		
0x187E	0xB0D8      	BTFSC       STATUS, 0, 0
;__Lib_Math.mpas,1599 :: 		
0x1880	0x3C07      	INCFSZ      R7, 0, 0
;__Lib_Math.mpas,1600 :: 		
0x1882	0x260B      	ADDWF       R11, 1, 0
;__Lib_Math.mpas,1602 :: 		
UOK22L:
;__Lib_Math.mpas,1604 :: 		
L_end_Div_32x32_U:
0x1884	0x0012      	RETURN      0
; end of _Div_32x32_U
_Div_16x16_U:
;__Lib_Math.mpas,91 :: 		
;__Lib_Math.mpas,98 :: 		
0x1886	0x6A08      	CLRF        R8, 0
;__Lib_Math.mpas,99 :: 		
0x1888	0x6A09      	CLRF        R9, 0
;__Lib_Math.mpas,100 :: 		
0x188A	0x0E10      	MOVLW       16
;__Lib_Math.mpas,101 :: 		
0x188C	0x6E0C      	MOVWF       R12, 0
;__Lib_Math.mpas,102 :: 		
0x188E	0x3401      	RLCF        R1, 0, 0
;__Lib_Math.mpas,103 :: 		
0x1890	0x3608      	RLCF        R8, 1, 0
;__Lib_Math.mpas,104 :: 		
0x1892	0x3609      	RLCF        R9, 1, 0
;__Lib_Math.mpas,105 :: 		
0x1894	0x5004      	MOVF        R4, 0, 0
;__Lib_Math.mpas,106 :: 		
0x1896	0x5E08      	SUBWF       R8, 1, 0
;__Lib_Math.mpas,107 :: 		
0x1898	0x5005      	MOVF        R5, 0, 0
;__Lib_Math.mpas,108 :: 		
0x189A	0xA0D8      	BTFSS       STATUS, 0, 0
;__Lib_Math.mpas,109 :: 		
0x189C	0x3C05      	INCFSZ      R5, 0, 0
;__Lib_Math.mpas,110 :: 		
0x189E	0x5E09      	SUBWF       R9, 1, 0
;__Lib_Math.mpas,111 :: 		
0x18A0	0xB0D8      	BTFSC       STATUS, 0, 0
;__Lib_Math.mpas,112 :: 		
0x18A2	0xD007      	BRA         $+16
;__Lib_Math.mpas,113 :: 		
0x18A4	0x5004      	MOVF        R4, 0, 0
;__Lib_Math.mpas,114 :: 		
0x18A6	0x2608      	ADDWF       R8, 1, 0
;__Lib_Math.mpas,115 :: 		
0x18A8	0x5005      	MOVF        R5, 0, 0
;__Lib_Math.mpas,116 :: 		
0x18AA	0xB0D8      	BTFSC       STATUS, 0, 0
;__Lib_Math.mpas,117 :: 		
0x18AC	0x3C05      	INCFSZ      R5, 0, 0
;__Lib_Math.mpas,118 :: 		
0x18AE	0x2609      	ADDWF       R9, 1, 0
;__Lib_Math.mpas,119 :: 		
0x18B0	0x90D8      	BCF         STATUS, 0, 0
;__Lib_Math.mpas,120 :: 		
0x18B2	0x3600      	RLCF        R0, 1, 0
;__Lib_Math.mpas,121 :: 		
0x18B4	0x3601      	RLCF        R1, 1, 0
;__Lib_Math.mpas,122 :: 		
0x18B6	0x2E0C      	DECFSZ      R12, 1, 0
;__Lib_Math.mpas,123 :: 		
0x18B8	0xD7EA      	BRA         $-42
;__Lib_Math.mpas,125 :: 		
L_end_Div_16x16_U:
0x18BA	0x0012      	RETURN      0
; end of _Div_16x16_U
_Delay_Cyc:
;__Lib_Delays.mbas,81 :: 		sub procedure Delay_Cyc( dim Cycles_div_by_10 as  byte) ' Cycles_div_by_10 as  min 3, max 255
;__Lib_Delays.mbas,86 :: 		Dec(cycles_div_by_10)
0x18BC	0x0626      	DECF        FARG_Delay_Cyc_Cycles_div_by_10, 1 
;__Lib_Delays.mbas,87 :: 		Dec(cycles_div_by_10)
0x18BE	0x0626      	DECF        FARG_Delay_Cyc_Cycles_div_by_10, 1 
;__Lib_Delays.mbas,88 :: 		while (cycles_div_by_10 > 0)
L__Delay_Cyc29:
0x18C0	0x5026      	MOVF        FARG_Delay_Cyc_Cycles_div_by_10, 0 
0x18C2	0x0800      	SUBLW       0
0x18C4	0xE206      	BC          L__Delay_Cyc30
;__Lib_Delays.mbas,89 :: 		Dec(cycles_div_by_10)
0x18C6	0x0626      	DECF        FARG_Delay_Cyc_Cycles_div_by_10, 1 
;__Lib_Delays.mbas,91 :: 		nop
0x18C8	0x0000      	NOP
;__Lib_Delays.mbas,92 :: 		nop
0x18CA	0x0000      	NOP
;__Lib_Delays.mbas,93 :: 		nop
0x18CC	0x0000      	NOP
;__Lib_Delays.mbas,94 :: 		nop
0x18CE	0x0000      	NOP
;__Lib_Delays.mbas,96 :: 		wend
0x18D0	0xD7F7      	BRA         L__Delay_Cyc29
L__Delay_Cyc30:
;__Lib_Delays.mbas,98 :: 		nop
0x18D2	0x0000      	NOP
;__Lib_Delays.mbas,99 :: 		nop
0x18D4	0x0000      	NOP
;__Lib_Delays.mbas,100 :: 		nop
0x18D6	0x0000      	NOP
;__Lib_Delays.mbas,101 :: 		nop
0x18D8	0x0000      	NOP
;__Lib_Delays.mbas,102 :: 		nop
0x18DA	0x0000      	NOP
;__Lib_Delays.mbas,103 :: 		nop
0x18DC	0x0000      	NOP
;__Lib_Delays.mbas,104 :: 		nop
0x18DE	0x0000      	NOP
;__Lib_Delays.mbas,105 :: 		nop
0x18E0	0x0000      	NOP
;__Lib_Delays.mbas,107 :: 		end sub
L_end_Delay_Cyc:
0x18E2	0x0012      	RETURN      0
; end of _Delay_Cyc
_Mul_32x32_U:
;__Lib_Math.mpas,1614 :: 		
;__Lib_Math.mpas,1628 :: 		
0x18E4	0x0E22      	MOVLW       34
;__Lib_Math.mpas,1629 :: 		
0x18E6	0x6E0C      	MOVWF       R12, 0
;__Lib_Math.mpas,1630 :: 		
0x18E8	0x6A08      	CLRF        R8, 0
;__Lib_Math.mpas,1631 :: 		
0x18EA	0x6A09      	CLRF        R9, 0
;__Lib_Math.mpas,1632 :: 		
0x18EC	0x6A0A      	CLRF        R10, 0
;__Lib_Math.mpas,1633 :: 		
0x18EE	0x6A0B      	CLRF        R11, 0
;__Lib_Math.mpas,1635 :: 		
_NEXT:
;__Lib_Math.mpas,1639 :: 		
0x18F0	0x060C      	DECF        R12, 1, 0
;__Lib_Math.mpas,1640 :: 		
0x18F2	0xB4D8      	BTFSC       STATUS, 2, 0
;__Lib_Math.mpas,1641 :: 		
0x18F4	0xD01F      	BRA         _EXIT2
;__Lib_Math.mpas,1642 :: 		
0x18F6	0x90D8      	BCF         STATUS, 0, 0
;__Lib_Math.mpas,1644 :: 		
_LOOP:
;__Lib_Math.mpas,1653 :: 		
0x18F8	0x320B      	RRCF        R11, 1, 0
;__Lib_Math.mpas,1654 :: 		
0x18FA	0x320A      	RRCF        R10, 1, 0
;__Lib_Math.mpas,1655 :: 		
0x18FC	0x3209      	RRCF        R9, 1, 0
;__Lib_Math.mpas,1656 :: 		
0x18FE	0x3208      	RRCF        R8, 1, 0
;__Lib_Math.mpas,1657 :: 		
0x1900	0x3203      	RRCF        R3, 1, 0
;__Lib_Math.mpas,1658 :: 		
0x1902	0x3202      	RRCF        R2, 1, 0
;__Lib_Math.mpas,1659 :: 		
0x1904	0x3201      	RRCF        R1, 1, 0
;__Lib_Math.mpas,1660 :: 		
0x1906	0x3200      	RRCF        R0, 1, 0
;__Lib_Math.mpas,1665 :: 		
0x1908	0xA0D8      	BTFSS       STATUS, 0, 0
;__Lib_Math.mpas,1666 :: 		
0x190A	0xD7F2      	BRA         _NEXT
;__Lib_Math.mpas,1667 :: 		
0x190C	0x060C      	DECF        R12, 1, 0
;__Lib_Math.mpas,1668 :: 		
0x190E	0xB4D8      	BTFSC       STATUS, 2, 0
;__Lib_Math.mpas,1669 :: 		
0x1910	0xD009      	BRA         _EXIT1
;__Lib_Math.mpas,1676 :: 		
0x1912	0x5004      	MOVF        R4, 0, 0
;__Lib_Math.mpas,1677 :: 		
0x1914	0x2608      	ADDWF       R8, 1, 0
;__Lib_Math.mpas,1678 :: 		
0x1916	0x5005      	MOVF        R5, 0, 0
;__Lib_Math.mpas,1681 :: 		
0x1918	0x2209      	ADDWFC      R9, 1, 0
;__Lib_Math.mpas,1682 :: 		
0x191A	0x5006      	MOVF        R6, 0, 0
;__Lib_Math.mpas,1685 :: 		
0x191C	0x220A      	ADDWFC      R10, 1, 0
;__Lib_Math.mpas,1686 :: 		
0x191E	0x5007      	MOVF        R7, 0, 0
;__Lib_Math.mpas,1689 :: 		
0x1920	0x220B      	ADDWFC      R11, 1, 0
;__Lib_Math.mpas,1691 :: 		
0x1922	0xD7EA      	BRA         _LOOP
;__Lib_Math.mpas,1693 :: 		
_EXIT1:
;__Lib_Math.mpas,1698 :: 		
0x1924	0x5004      	MOVF        R4, 0, 0
;__Lib_Math.mpas,1699 :: 		
0x1926	0x2608      	ADDWF       R8, 1, 0
;__Lib_Math.mpas,1700 :: 		
0x1928	0x5005      	MOVF        R5, 0, 0
;__Lib_Math.mpas,1703 :: 		
0x192A	0x2209      	ADDWFC      R9, 1, 0
;__Lib_Math.mpas,1704 :: 		
0x192C	0x5006      	MOVF        R6, 0, 0
;__Lib_Math.mpas,1707 :: 		
0x192E	0x220A      	ADDWFC      R10, 1, 0
;__Lib_Math.mpas,1708 :: 		
0x1930	0x5007      	MOVF        R7, 0, 0
;__Lib_Math.mpas,1711 :: 		
0x1932	0x220B      	ADDWFC      R11, 1, 0
;__Lib_Math.mpas,1714 :: 		
_EXIT2:
;__Lib_Math.mpas,1716 :: 		
L_end_Mul_32x32_U:
0x1934	0x0012      	RETURN      0
; end of _Mul_32x32_U
_Get_Fosc_kHz:
;__Lib_Delays.mbas,25 :: 		sub function Get_Fosc_kHz()  as  longword
;__Lib_Delays.mbas,26 :: 		result  = Clock_kHz()
0x1936	0x0E80      	MOVLW       128
0x1938	0x6E04      	MOVWF       R4 
0x193A	0x0EBB      	MOVLW       187
0x193C	0x6E05      	MOVWF       R5 
0x193E	0x0E00      	MOVLW       0
0x1940	0x6E06      	MOVWF       R6 
0x1942	0x6E07      	MOVWF       R7 
;__Lib_Delays.mbas,27 :: 		end sub
0x1944	0xF000C004  	MOVFF       R4, R0
0x1948	0xF001C005  	MOVFF       R5, R1
0x194C	0xF002C006  	MOVFF       R6, R2
0x1950	0xF003C007  	MOVFF       R7, R3
L_end_Get_Fosc_kHz:
0x1954	0x0012      	RETURN      0
; end of _Get_Fosc_kHz
_Sound_Init:
;__Lib_Sound.mpas,18 :: 		
;__Lib_Sound.mpas,19 :: 		
0x1956	0xF017C019  	MOVFF       FARG_Sound_Init_snd_port, __Lib_Sound_soundPortAddr
0x195A	0xF018C01A  	MOVFF       FARG_Sound_Init_snd_port+1, __Lib_Sound_soundPortAddr+1
;__Lib_Sound.mpas,21 :: 		
0x195E	0xF001C01B  	MOVFF       FARG_Sound_Init_snd_pin, R1
0x1962	0x0E01      	MOVLW       1
0x1964	0x6E00      	MOVWF       R0 
0x1966	0x5001      	MOVF        R1, 0 
L__Sound_Init27:
0x1968	0xE004      	BZ          L__Sound_Init28
0x196A	0x3600      	RLCF        R0, 1 
0x196C	0x9000      	BCF         R0, 0 
0x196E	0x0FFF      	ADDLW       255
0x1970	0xD7FB      	BRA         L__Sound_Init27
L__Sound_Init28:
0x1972	0xF015C000  	MOVFF       R0, __Lib_Sound_pinMask1
;__Lib_Sound.mpas,22 :: 		
0x1976	0x1E00      	COMF        R0, 1 
0x1978	0xF016C000  	MOVFF       R0, __Lib_Sound_pinMask0
;__Lib_Sound.mpas,26 :: 		
0x197C	0x0E12      	MOVLW       18
0x197E	0x2419      	ADDWF       FARG_Sound_Init_snd_port, 0 
0x1980	0x6EE9      	MOVWF       FSR0L 
0x1982	0x0E00      	MOVLW       0
0x1984	0x201A      	ADDWFC      FARG_Sound_Init_snd_port+1, 0 
0x1986	0x6EEA      	MOVWF       FSR0H 
;__Lib_Sound.mpas,27 :: 		
0x1988	0x5000      	MOVF        R0, 0 
0x198A	0x16EF      	ANDWF       INDF0, 1 
;__Lib_Sound.mpas,29 :: 		
0x198C	0x0E12      	MOVLW       18
0x198E	0x5EE9      	SUBWF       FSR0L, 1 
;__Lib_Sound.mpas,30 :: 		
0x1990	0x5000      	MOVF        R0, 0 
0x1992	0x16EF      	ANDWF       INDF0, 1 
;__Lib_Sound.mpas,31 :: 		
L_end_Sound_Init:
0x1994	0x0012      	RETURN      0
; end of _Sound_Init
_Sound_Play:
;__Lib_Sound.mpas,36 :: 		
;__Lib_Sound.mpas,37 :: 		
0x1996	0xDFCF      	RCALL       _Get_Fosc_kHz
0x1998	0x0EE8      	MOVLW       232
0x199A	0x6E04      	MOVWF       R4 
0x199C	0x0E03      	MOVLW       3
0x199E	0x6E05      	MOVWF       R5 
0x19A0	0x0E00      	MOVLW       0
0x19A2	0x6E06      	MOVWF       R6 
0x19A4	0x6E07      	MOVWF       R7 
0x19A6	0xDF9E      	RCALL       _Mul_32x32_U
0x19A8	0xF021C000  	MOVFF       R0, Sound_Play_per_nc
0x19AC	0xF022C001  	MOVFF       R1, Sound_Play_per_nc+1
0x19B0	0xF023C002  	MOVFF       R2, Sound_Play_per_nc+2
0x19B4	0xF024C003  	MOVFF       R3, Sound_Play_per_nc+3
;__Lib_Sound.mpas,38 :: 		
0x19B8	0xF004C019  	MOVFF       FARG_Sound_Play_freq_in_hz, R4
0x19BC	0xF005C01A  	MOVFF       FARG_Sound_Play_freq_in_hz+1, R5
0x19C0	0x0E00      	MOVLW       0
0x19C2	0x6E06      	MOVWF       R6 
0x19C4	0x6E07      	MOVWF       R7 
0x19C6	0xDDE9      	RCALL       _Div_32x32_U
0x19C8	0xF021C000  	MOVFF       R0, Sound_Play_per_nc
0x19CC	0xF022C001  	MOVFF       R1, Sound_Play_per_nc+1
0x19D0	0xF023C002  	MOVFF       R2, Sound_Play_per_nc+2
0x19D4	0xF024C003  	MOVFF       R3, Sound_Play_per_nc+3
;__Lib_Sound.mpas,39 :: 		
0x19D8	0xF005C000  	MOVFF       R0, R5
0x19DC	0xF006C001  	MOVFF       R1, R6
0x19E0	0xF007C002  	MOVFF       R2, R7
0x19E4	0xF008C003  	MOVFF       R3, R8
0x19E8	0x3208      	RRCF        R8, 1 
0x19EA	0x3207      	RRCF        R7, 1 
0x19EC	0x3206      	RRCF        R6, 1 
0x19EE	0x3205      	RRCF        R5, 1 
0x19F0	0x9E08      	BCF         R8, 7 
0x19F2	0x3208      	RRCF        R8, 1 
0x19F4	0x3207      	RRCF        R7, 1 
0x19F6	0x3206      	RRCF        R6, 1 
0x19F8	0x3205      	RRCF        R5, 1 
0x19FA	0x9E08      	BCF         R8, 7 
0x19FC	0xF000C005  	MOVFF       R5, R0
0x1A00	0xF001C006  	MOVFF       R6, R1
0x1A04	0xF002C007  	MOVFF       R7, R2
0x1A08	0xF003C008  	MOVFF       R8, R3
0x1A0C	0x3203      	RRCF        R3, 1 
0x1A0E	0x3202      	RRCF        R2, 1 
0x1A10	0x3201      	RRCF        R1, 1 
0x1A12	0x3200      	RRCF        R0, 1 
0x1A14	0x9E03      	BCF         R3, 7 
0x1A16	0xF01DC000  	MOVFF       R0, Sound_Play_nc
0x1A1A	0xF01EC001  	MOVFF       R1, Sound_Play_nc+1
;__Lib_Sound.mpas,42 :: 		
0x1A1E	0xDF8B      	RCALL       _Get_Fosc_kHz
0x1A20	0xF004C01B  	MOVFF       FARG_Sound_Play_duration_ms, R4
0x1A24	0xF005C01C  	MOVFF       FARG_Sound_Play_duration_ms+1, R5
0x1A28	0x0E00      	MOVLW       0
0x1A2A	0x6E06      	MOVWF       R6 
0x1A2C	0x6E07      	MOVWF       R7 
0x1A2E	0xDF5A      	RCALL       _Mul_32x32_U
0x1A30	0xF009C01D  	MOVFF       Sound_Play_nc, R9
0x1A34	0xF00AC01E  	MOVFF       Sound_Play_nc+1, R10
0x1A38	0x0E00      	MOVLW       0
0x1A3A	0x6E0B      	MOVWF       R11 
0x1A3C	0x6E0C      	MOVWF       R12 
0x1A3E	0x0E03      	MOVLW       3
0x1A40	0x6E08      	MOVWF       R8 
0x1A42	0xF004C009  	MOVFF       R9, R4
0x1A46	0xF005C00A  	MOVFF       R10, R5
0x1A4A	0xF006C00B  	MOVFF       R11, R6
0x1A4E	0xF007C00C  	MOVFF       R12, R7
0x1A52	0x5008      	MOVF        R8, 0 
L__Sound_Play30:
0x1A54	0xE007      	BZ          L__Sound_Play31
0x1A56	0x3604      	RLCF        R4, 1 
0x1A58	0x9004      	BCF         R4, 0 
0x1A5A	0x3605      	RLCF        R5, 1 
0x1A5C	0x3606      	RLCF        R6, 1 
0x1A5E	0x3607      	RLCF        R7, 1 
0x1A60	0x0FFF      	ADDLW       255
0x1A62	0xD7F8      	BRA         L__Sound_Play30
L__Sound_Play31:
0x1A64	0xDD9A      	RCALL       _Div_32x32_U
0x1A66	0xF021C000  	MOVFF       R0, Sound_Play_per_nc
0x1A6A	0xF022C001  	MOVFF       R1, Sound_Play_per_nc+1
0x1A6E	0xF023C002  	MOVFF       R2, Sound_Play_per_nc+2
0x1A72	0xF024C003  	MOVFF       R3, Sound_Play_per_nc+3
;__Lib_Sound.mpas,43 :: 		
0x1A76	0x0E0A      	MOVLW       10
0x1A78	0x6E04      	MOVWF       R4 
0x1A7A	0x0E00      	MOVLW       0
0x1A7C	0x6E05      	MOVWF       R5 
0x1A7E	0xF000C01D  	MOVFF       Sound_Play_nc, R0
0x1A82	0xF001C01E  	MOVFF       Sound_Play_nc+1, R1
0x1A86	0xDEFF      	RCALL       _Div_16x16_U
0x1A88	0xF01DC000  	MOVFF       R0, Sound_Play_nc
0x1A8C	0xF01EC001  	MOVFF       R1, Sound_Play_nc+1
;__Lib_Sound.mpas,45 :: 		
0x1A90	0x0E00      	MOVLW       0
0x1A92	0x5C01      	SUBWF       R1, 0 
0x1A94	0xE102      	BNZ         L__Sound_Play32
0x1A96	0x0E03      	MOVLW       3
0x1A98	0x5C00      	SUBWF       R0, 0 
L__Sound_Play32:
0x1A9A	0xE201      	BC          L__Sound_Play3
;__Lib_Sound.mpas,46 :: 		
0x1A9C	0xD057      	BRA         L_end__Sound_Play
L__Sound_Play3:
;__Lib_Sound.mpas,47 :: 		
0x1A9E	0xFFE9C017  	MOVFF       __Lib_Sound_soundPortAddr, FSR0L
0x1AA2	0xFFEAC018  	MOVFF       __Lib_Sound_soundPortAddr+1, FSR0H
;__Lib_Sound.mpas,48 :: 		
L__Sound_Play6:
0x1AA6	0x5024      	MOVF        Sound_Play_per_nc+3, 0 
0x1AA8	0x0800      	SUBLW       0
0x1AAA	0xE108      	BNZ         L__Sound_Play33
0x1AAC	0x5023      	MOVF        Sound_Play_per_nc+2, 0 
0x1AAE	0x0800      	SUBLW       0
0x1AB0	0xE105      	BNZ         L__Sound_Play33
0x1AB2	0x5022      	MOVF        Sound_Play_per_nc+1, 0 
0x1AB4	0x0800      	SUBLW       0
0x1AB6	0xE102      	BNZ         L__Sound_Play33
0x1AB8	0x5021      	MOVF        Sound_Play_per_nc, 0 
0x1ABA	0x0800      	SUBLW       0
L__Sound_Play33:
0x1ABC	0xE245      	BC          L__Sound_Play7
;__Lib_Sound.mpas,50 :: 		
0x1ABE	0x5015      	MOVF        __Lib_Sound_pinMask1, 0 
0x1AC0	0x12EF      	IORWF       INDF0, 1 
;__Lib_Sound.mpas,52 :: 		
0x1AC2	0x501E      	MOVF        Sound_Play_nc+1, 0 
0x1AC4	0x0A00      	XORLW       0
0x1AC6	0xE017      	BZ          L__Sound_Play11
;__Lib_Sound.mpas,54 :: 		
0x1AC8	0x6A1F      	CLRF        Sound_Play_counter 
0x1ACA	0x6A20      	CLRF        Sound_Play_counter+1 
L__Sound_Play13:
0x1ACC	0x041E      	DECF        Sound_Play_nc+1, 0 
0x1ACE	0x6E25      	MOVWF       FLOC__Sound_Play 
0x1AD0	0x0E00      	MOVLW       0
0x1AD2	0x6E00      	MOVWF       R0 
0x1AD4	0x5020      	MOVF        Sound_Play_counter+1, 0 
0x1AD6	0x5C00      	SUBWF       R0, 0 
0x1AD8	0xE102      	BNZ         L__Sound_Play34
0x1ADA	0x501F      	MOVF        Sound_Play_counter, 0 
0x1ADC	0x5C25      	SUBWF       FLOC__Sound_Play, 0 
L__Sound_Play34:
0x1ADE	0xE30B      	BNC         L__Sound_Play17
;__Lib_Sound.mpas,55 :: 		
0x1AE0	0x6A26      	CLRF        FARG_Delay_Cyc_Cycles_div_by_10 
0x1AE2	0xDEEC      	RCALL       _Delay_Cyc
0x1AE4	0x0E00      	MOVLW       0
0x1AE6	0x1820      	XORWF       Sound_Play_counter+1, 0 
0x1AE8	0xE102      	BNZ         L__Sound_Play35
0x1AEA	0x5025      	MOVF        FLOC__Sound_Play, 0 
0x1AEC	0x181F      	XORWF       Sound_Play_counter, 0 
L__Sound_Play35:
0x1AEE	0xE003      	BZ          L__Sound_Play17
0x1AF0	0x4A1F      	INFSNZ      Sound_Play_counter, 1 
0x1AF2	0x2A20      	INCF        Sound_Play_counter+1, 1 
0x1AF4	0xD7EB      	BRA         L__Sound_Play13
L__Sound_Play17:
;__Lib_Sound.mpas,57 :: 		
L__Sound_Play11:
;__Lib_Sound.mpas,58 :: 		
0x1AF6	0xF026C01D  	MOVFF       Sound_Play_nc, FARG_Delay_Cyc_Cycles_div_by_10
0x1AFA	0xDEE0      	RCALL       _Delay_Cyc
;__Lib_Sound.mpas,60 :: 		
0x1AFC	0x5016      	MOVF        __Lib_Sound_pinMask0, 0 
0x1AFE	0x16EF      	ANDWF       INDF0, 1 
;__Lib_Sound.mpas,62 :: 		
0x1B00	0x501E      	MOVF        Sound_Play_nc+1, 0 
0x1B02	0x0A00      	XORLW       0
0x1B04	0xE017      	BZ          L__Sound_Play19
;__Lib_Sound.mpas,64 :: 		
0x1B06	0x6A1F      	CLRF        Sound_Play_counter 
0x1B08	0x6A20      	CLRF        Sound_Play_counter+1 
L__Sound_Play21:
0x1B0A	0x041E      	DECF        Sound_Play_nc+1, 0 
0x1B0C	0x6E25      	MOVWF       FLOC__Sound_Play 
0x1B0E	0x0E00      	MOVLW       0
0x1B10	0x6E00      	MOVWF       R0 
0x1B12	0x5020      	MOVF        Sound_Play_counter+1, 0 
0x1B14	0x5C00      	SUBWF       R0, 0 
0x1B16	0xE102      	BNZ         L__Sound_Play36
0x1B18	0x501F      	MOVF        Sound_Play_counter, 0 
0x1B1A	0x5C25      	SUBWF       FLOC__Sound_Play, 0 
L__Sound_Play36:
0x1B1C	0xE30B      	BNC         L__Sound_Play25
;__Lib_Sound.mpas,65 :: 		
0x1B1E	0x6A26      	CLRF        FARG_Delay_Cyc_Cycles_div_by_10 
0x1B20	0xDECD      	RCALL       _Delay_Cyc
0x1B22	0x0E00      	MOVLW       0
0x1B24	0x1820      	XORWF       Sound_Play_counter+1, 0 
0x1B26	0xE102      	BNZ         L__Sound_Play37
0x1B28	0x5025      	MOVF        FLOC__Sound_Play, 0 
0x1B2A	0x181F      	XORWF       Sound_Play_counter, 0 
L__Sound_Play37:
0x1B2C	0xE003      	BZ          L__Sound_Play25
0x1B2E	0x4A1F      	INFSNZ      Sound_Play_counter, 1 
0x1B30	0x2A20      	INCF        Sound_Play_counter+1, 1 
0x1B32	0xD7EB      	BRA         L__Sound_Play21
L__Sound_Play25:
;__Lib_Sound.mpas,66 :: 		
L__Sound_Play19:
;__Lib_Sound.mpas,67 :: 		
0x1B34	0xF026C01D  	MOVFF       Sound_Play_nc, FARG_Delay_Cyc_Cycles_div_by_10
0x1B38	0xDEC1      	RCALL       _Delay_Cyc
;__Lib_Sound.mpas,69 :: 		
0x1B3A	0x0E01      	MOVLW       1
0x1B3C	0x5E21      	SUBWF       Sound_Play_per_nc, 1 
0x1B3E	0x0E00      	MOVLW       0
0x1B40	0x5A22      	SUBWFB      Sound_Play_per_nc+1, 1 
0x1B42	0x5A23      	SUBWFB      Sound_Play_per_nc+2, 1 
0x1B44	0x5A24      	SUBWFB      Sound_Play_per_nc+3, 1 
;__Lib_Sound.mpas,70 :: 		
0x1B46	0xD7AF      	BRA         L__Sound_Play6
L__Sound_Play7:
;__Lib_Sound.mpas,71 :: 		
0x1B48	0x5016      	MOVF        __Lib_Sound_pinMask0, 0 
0x1B4A	0x16EF      	ANDWF       INDF0, 1 
;__Lib_Sound.mpas,72 :: 		
L_end__Sound_Play:
L_end_Sound_Play:
0x1B4C	0x0012      	RETURN      0
; end of _Sound_Play
Symbol List:
//** Routines locations **
//ADDRESS    SIZE    PROCEDURE
//----------------------------------------------
0x1000    [1434]    _main
0x159A     [748]    _Div_32x32_U
0x1886      [54]    _Div_16x16_U
0x18BC      [40]    _Delay_Cyc
0x18E4      [82]    _Mul_32x32_U
0x1936      [32]    _Get_Fosc_kHz
0x1956      [64]    _Sound_Init
0x1996     [440]    _Sound_Play
//** Variables locations ** 
//ADDRESS    SIZE    VARIABLE
//----------------------------------------------
0x0000       [1]    PutZerosToLATSda_temp_sda
0x0000       [1]    PutZerosToLATScl_temp_scl
0x0000       [1]    SPI1_Write_tmp
0x0000       [1]    UART1_Init_tmp
0x0000       [1]    EEPROM_Write_SaveINTCON
0x0000       [1]    FLASH_Erase_64_SaveINTCON
0x0000       [1]    R0
0x0001       [1]    __Lib_USB_genHID_P18K50_?FLOC____Lib_USB_genHID_P18K50_USB_Handle_BusyT1
0x0001       [1]    UART1_Read_local_result
0x0001       [1]    FLASH_Erase_Write_64_cnt1
0x0001       [1]    closeDir_local_result
0x0001       [1]    SPI1_Read_local_result
0x0001       [1]    UART1_TX_Idle_local_result
0x0001       [1]    FLASH_Write_16_counter
0x0001       [1]    EEPROM_Read_local_result
0x0001       [1]    Cf_Detect_local_result
0x0001       [2]    memcpy_chptr1
0x0001       [2]    strcat2_ptrl1
0x0001       [2]    strcat_ptr1
0x0001       [2]    memset_chptr
0x0001       [1]    UART1_Data_Ready_local_result
0x0001       [1]    Is_TFT_Set_local_result
0x0001       [2]    FLASH_Read_N_Bytes_counter
0x0001       [1]    Clock_Wait_High_local_result
0x0001       [1]    R1
0x0001       [2]    strcpy_ptr1
0x0001       [1]    MM_error_local_result
0x0001       [1]    Is_SSD1963_Set_local_result
0x0001       [2]    strncat2_ptr1
0x0001       [2]    ltrim_ptr1
0x0001       [1]    Is_TFT_Rotated_180_local_result
0x0001       [1]    FLASH_Read_local_result
0x0001       [1]    JPEG_ToSignedCharRange_local_result
0x0001       [1]    JPEG_FileReadBytes_local_result
0x0001       [2]    strncpy_ptr1
0x0001       [1]    JPEG_ToCharRange_local_result
0x0001       [1]    Mmc_Fat_EOF_local_result
0x0002       [1]    iscntrl_local_result
0x0002       [1]    UART1_Read_tmp
0x0002       [2]    SPI_Ethernet_24j600_getDnsIpAddress_local_result
0x0002       [2]    SPI_Ethernet_24j600_getGwIpAddress_local_result
0x0002       [2]    abs_local_result
0x0002       [1]    I2C1_Is_Idle_local_result
0x0002       [1]    ispunct_local_result
0x0002       [2]    SPI_Ethernet_24j600_getIpAddress_local_result
0x0002       [1]    isdigit_local_result
0x0002       [2]    strncat_ptr1
0x0002       [2]    SPI_Ethernet_24j600_getIpMask_local_result
0x0002       [2]    strchr_local_result
0x0002       [2]    memcmp_local_result
0x0002       [1]    FLASH_Write_16_SaveINTCON
0x0002       [2]    min_local_result
0x0002       [1]    FLASH_Erase_Write_64_cnt2
0x0002       [2]    Length_local_result
0x0002       [2]    memchr_local_result
0x0002       [1]    islower_local_result
0x0002       [2]    f16_toInt_local_result
0x0002       [1]    JPEG_FileRead_i
0x0002       [2]    strstr_local_result
0x0002       [2]    strlen_local_result
0x0002       [1]    tolower_local_result
0x0002       [2]    max_local_result
0x0002       [2]    constToVar_local_result
0x0002       [1]    __Lib_USB_genHID_P18K50_USB_CtrlTrf_Rx_Service_byteToRead_L0
0x0002       [1]    isupper_local_result
0x0002       [1]    toupper_local_result
0x0002       [2]    SPI_Ethernet_getIpAddress_local_result
0x0002       [2]    T6963C_WaitReady_ptr
0x0002       [1]    Wait_Falling_local_result
0x0002       [1]    Clock_Wait_Low_local_result
0x0002       [2]    SPI_Ethernet_getIpMask_local_result
0x0002       [1]    R2
0x0002       [2]    SPI_Ethernet_getGwIpAddress_local_result
0x0002       [2]    SPI_Ethernet_getDnsIpAddress_local_result
0x0003       [1]    Wait_Falling_osample
0x0003       [2]    MM_TotalFreeMemSize_local_result
0x0003       [2]    __Lib_USB_genHID_P18K50_USB_CtrlTrf_Tx_Service_byteToSend_L0
0x0003       [1]    __Lib_USB_genHID_P18K50_USB_CtrlTrf_Rx_Service_i_L0
0x0003       [1]    FLASH_Erase_Write_64_SaveINTCON
0x0003       [2]    strcpy_ptr2
0x0003       [2]    strncat2_ptr2
0x0003       [2]    strncpy_ptr2
0x0003       [2]    strcmp_local_result
0x0003       [1]    isspace_local_result
0x0003       [2]    ltrim_ptr2
0x0003       [1]    R3
0x0003       [1]    MM_Init_i
0x0003       [2]    strcat2_ptr1
0x0003       [2]    strcat_ptr2
0x0003       [2]    memcpy_chptr2
0x0003       [2]    MM_CheckBlocks_local_result
0x0004       [2]    strncmp_local_result
0x0004       [2]    __Lib_USB_genHID_P18K50_USB_Std_Feature_Req_Handler_p_L0
0x0004       [1]    Wait_Falling_nsample
0x0004       [4]    Cf_Fat_Get_File_Size_local_result
0x0004       [2]    strstr_i
0x0004       [1]    __Lib_USB_genHID_P18K50_GetMaxIndexInDevDsc_index_L0
0x0004       [4]    Get_Fosc_kHz_local_result
0x0004       [4]    Mmc_Fat_Get_File_Size_local_result
0x0004       [2]    memmove_chptr1
0x0004       [2]    strchr_ptr
0x0004       [2]    memcmp_chptr1
0x0004       [1]    R4
0x0004       [2]    memchr_chptr
0x0004       [2]    strncat_ptr2
0x0004       [4]    Mmc_Fat_Tell_local_result
0x0004       [2]    strlen_ptr
0x0004       [4]    frexp_local_result
0x0004       [4]    labs_local_result
0x0004       [2]    Length_ptr
0x0004       [4]    f16_toLong_local_result
0x0004       [1]    Ps2_Get_Value_local_result
0x0004       [2]    __Lib_USB_genHID_P18K50_USB_Transfer_Packet_handle_L0
0x0004       [2]    __Lib_USB_genHID_P18K50_USB_Get_Status_Handler_p_L2
0x0005       [2]    strcat2_ptr2
0x0005       [2]    LongIntToHex_input_half
0x0005       [1]    GetMemAlign_i
0x0005       [1]    MM_TotalFreeMemSize_i
0x0005       [2]    LongWordToHex_input_half
0x0005       [2]    strcmp_ptr1
0x0005       [1]    Wait_Falling_i
0x0005       [1]    R5
0x0005       [1]    Ps2_Get_Value_rslt
0x0006       [1]    strncmp_ch1
0x0006       [2]    __Lib_USB_genHID_P18K50_GetMaxIndexInConfigDsc_totalLen_L0
0x0006       [2]    strstr_j
0x0006       [2]    TFT_RGBToColor16bit_local_result
0x0006       [2]    memcmp_chptr2
0x0006       [1]    R6
0x0006       [2]    memmove_chptr2
0x0007       [1]    R7
0x0007       [2]    strcmp_ptr2
0x0007       [1]    strncmp_ch2
0x0008       [1]    JPEG_GenerateHuffmanTables_local_result
0x0008       [3]    __Lib_USB_genHID_P18K50_GetMaxIndexInConfigDsc_ptr_L0
0x0008       [1]    R8
0x0008       [2]    strncmp_ptr1
0x0008       [2]    strstr_k
0x0009       [4]    JPEG_UnscaleValue_local_result
0x0009       [1]    JPEG_GenerateHuffmanTables_bLength
0x0009       [1]    R9
0x000A       [1]    JPEG_GenerateHuffmanTables_bTable
0x000A       [1]    R10
0x000A       [1]    strstr_aa
0x000A       [2]    strncmp_ptr2
0x000B       [1]    strstr_bb
0x000B       [1]    R11
0x000C       [1]    R12
0x000D       [1]    R13
0x000E       [1]    R14
0x000F       [1]    R15
0x0010       [1]    R16
0x0011       [1]    R17
0x0012       [1]    R18
0x0013       [1]    R19
0x0014       [1]    R20
0x0015       [1]    __Lib_Sound_pinMask1
0x0016       [1]    __Lib_Sound_pinMask0
0x0017       [2]    __Lib_Sound_soundPortAddr
0x0019       [2]    FARG_Sound_Play_freq_in_hz
0x0019       [2]    FARG_Sound_Init_snd_port
0x001B       [1]    FARG_Sound_Init_snd_pin
0x001B       [2]    FARG_Sound_Play_duration_ms
0x001D       [2]    Sound_Play_nc
0x001F       [2]    Sound_Play_counter
0x0021       [4]    Sound_Play_per_nc
0x0025       [1]    FLOC__Sound_Play
0x0026       [1]    FARG_Delay_Cyc_Cycles_div_by_10
0x0F8B       [1]    LATC
0x0F94       [1]    TRISC
0x0FD8       [1]    STATUS
0x0FE8       [1]    WREG
0x0FE9       [2]    FSR0
0x0FE9       [1]    FSR0L
0x0FEF       [1]    INDF0
