;  LST file generated by mikroListExporter - v.2.0 
; Date/Time: 19/05/2017 08:54:18 p. m.
;----------------------------------------------

;Address Opcode 	ASM
0x0000	0xF008EF00  	GOTO        4096
0x0004	0x0000      	NOP
0x0006	0x0000      	NOP
0x0008	0xF000EF00  	GOTO        0
0x000C	0x0000      	NOP
0x000E	0x0000      	NOP
0x0010	0x0000      	NOP
0x0012	0x0000      	NOP
0x0014	0x0000      	NOP
0x0016	0x0000      	NOP
0x0018	0xD7F3      	BRA         0
_main:
;TMP007.mbas,36 :: 		org 0x1000
;TMP007.mbas,38 :: 		TRISB.7 = 0
0x1000	0x9E93      	BCF         TRISB, 7 
;TMP007.mbas,39 :: 		TRISB.5 = 1
0x1002	0x8A93      	BSF         TRISB, 5 
;TMP007.mbas,40 :: 		TRISB.4 = 0
0x1004	0x9893      	BCF         TRISB, 4 
;TMP007.mbas,41 :: 		TRISB.6 = 0
0x1006	0x9C93      	BCF         TRISB, 6 
;TMP007.mbas,44 :: 		I2C1_Init(100000)
0x1008	0x0E78      	MOVLW       120
0x100A	0x6EC8      	MOVWF       SSPADD 
0x100C	0xDB5D      	RCALL       _I2C1_Init
;TMP007.mbas,45 :: 		UART1_Init(9600)
0x100E	0x86B8      	BSF         BAUDCON, 3, 0
0x1010	0x0E04      	MOVLW       4
0x1012	0x6EB0      	MOVWF       SPBRGH 
0x1014	0x0EE1      	MOVLW       225
0x1016	0x6EAF      	MOVWF       SPBRG 
0x1018	0x84AC      	BSF         TXSTA, 2, 0
0x101A	0xDB2B      	RCALL       _UART1_Init
;TMP007.mbas,46 :: 		delay_ms(200)
0x101C	0x0E0D      	MOVLW       13
0x101E	0x6E0B      	MOVWF       R11, 0
0x1020	0x0E2D      	MOVLW       45
0x1022	0x6E0C      	MOVWF       R12, 0
0x1024	0x0ED7      	MOVLW       215
0x1026	0x6E0D      	MOVWF       R13, 0
L__main5:
0x1028	0x2E0D      	DECFSZ      R13, 1, 0
0x102A	0xD7FE      	BRA         L__main5
0x102C	0x2E0C      	DECFSZ      R12, 1, 0
0x102E	0xD7FC      	BRA         L__main5
0x1030	0x2E0B      	DECFSZ      R11, 1, 0
0x1032	0xD7FA      	BRA         L__main5
0x1034	0x0000      	NOP
0x1036	0x0000      	NOP
;TMP007.mbas,48 :: 		UART1_write_text("Demo TMP007")
0x1038	0x0E44      	MOVLW       68
0x103A	0x6E46      	MOVWF       ?LocalText_main 
0x103C	0x0E65      	MOVLW       101
0x103E	0x6E47      	MOVWF       ?LocalText_main+1 
0x1040	0x0E6D      	MOVLW       109
0x1042	0x6E48      	MOVWF       ?LocalText_main+2 
0x1044	0x0E6F      	MOVLW       111
0x1046	0x6E49      	MOVWF       ?LocalText_main+3 
0x1048	0x0E20      	MOVLW       32
0x104A	0x6E4A      	MOVWF       ?LocalText_main+4 
0x104C	0x0E54      	MOVLW       84
0x104E	0x6E4B      	MOVWF       ?LocalText_main+5 
0x1050	0x0E4D      	MOVLW       77
0x1052	0x6E4C      	MOVWF       ?LocalText_main+6 
0x1054	0x0E50      	MOVLW       80
0x1056	0x6E4D      	MOVWF       ?LocalText_main+7 
0x1058	0x0E30      	MOVLW       48
0x105A	0x6E4E      	MOVWF       ?LocalText_main+8 
0x105C	0x0E30      	MOVLW       48
0x105E	0x6E4F      	MOVWF       ?LocalText_main+9 
0x1060	0x0E37      	MOVLW       55
0x1062	0x6E50      	MOVWF       ?LocalText_main+10 
0x1064	0x6A51      	CLRF        ?LocalText_main+11 
0x1066	0x0E46      	MOVLW       ?LocalText_main
0x1068	0x6E52      	MOVWF       FARG_UART1_Write_Text_uart_text 
0x106A	0x0E00      	MOVLW       hi_addr(?LocalText_main)
0x106C	0x6E53      	MOVWF       FARG_UART1_Write_Text_uart_text+1 
0x106E	0xDB6B      	RCALL       _UART1_Write_Text
;TMP007.mbas,49 :: 		UART1_Write(10)                      ' Line Feed
0x1070	0x0E0A      	MOVLW       10
0x1072	0x6E5F      	MOVWF       FARG_UART1_Write_data_ 
0x1074	0xD83A      	RCALL       _UART1_Write
;TMP007.mbas,50 :: 		UART1_Write(13)                      ' Carriage Return
0x1076	0x0E0D      	MOVLW       13
0x1078	0x6E5F      	MOVWF       FARG_UART1_Write_data_ 
0x107A	0xD837      	RCALL       _UART1_Write
;TMP007.mbas,53 :: 		loop:
L__main_loop:
;TMP007.mbas,54 :: 		Temperature_read = Get_Object_Temperature()              ' Store temperature value in Temperature_read
0x107C	0xDBC9      	RCALL       _Get_Object_Temperature
0x107E	0xDB7B      	RCALL       _Double2Byte
0x1080	0xF045C000  	MOVFF       R0, _Temperature_read
;TMP007.mbas,55 :: 		UART1_write(Temperature_read)
0x1084	0xF05FC000  	MOVFF       R0, FARG_UART1_Write_data_
0x1088	0xD830      	RCALL       _UART1_Write
;TMP007.mbas,56 :: 		UART1_Write(10)                      ' Line Feed
0x108A	0x0E0A      	MOVLW       10
0x108C	0x6E5F      	MOVWF       FARG_UART1_Write_data_ 
0x108E	0xD82D      	RCALL       _UART1_Write
;TMP007.mbas,57 :: 		UART1_Write(13)                      ' Carriage Return
0x1090	0x0E0D      	MOVLW       13
0x1092	0x6E5F      	MOVWF       FARG_UART1_Write_data_ 
0x1094	0xD82A      	RCALL       _UART1_Write
;TMP007.mbas,59 :: 		delay_ms(1010)
0x1096	0x0E3E      	MOVLW       62
0x1098	0x6E0B      	MOVWF       R11, 0
0x109A	0x0E7D      	MOVLW       125
0x109C	0x6E0C      	MOVWF       R12, 0
0x109E	0x0E17      	MOVLW       23
0x10A0	0x6E0D      	MOVWF       R13, 0
L__main7:
0x10A2	0x2E0D      	DECFSZ      R13, 1, 0
0x10A4	0xD7FE      	BRA         L__main7
0x10A6	0x2E0C      	DECFSZ      R12, 1, 0
0x10A8	0xD7FC      	BRA         L__main7
0x10AA	0x2E0B      	DECFSZ      R11, 1, 0
0x10AC	0xD7FA      	BRA         L__main7
;TMP007.mbas,60 :: 		if porta.3 = 0 then
0x10AE	0xB680      	BTFSC       PORTA, 3 
0x10B0	0xD002      	BRA         L__main9
;TMP007.mbas,61 :: 		asm goto 0x30 end asm
0x10B2	0xF000EF18  	GOTO        48
L__main9:
;TMP007.mbas,63 :: 		goto loop
0x10B6	0xD7E2      	BRA         L__main_loop
L_end_main:
0x10B8	0xD7FF      	BRA         $+0
; end of _main
_FIXSIGN32:
;__Lib_MathDouble.mpas,106 :: 		
;__Lib_MathDouble.mpas,110 :: 		
0x10BA	0xAE0A      	BTFSS       R10, 7, 0
;__Lib_MathDouble.mpas,111 :: 		
0x10BC	0x9E02      	BCF         R2, 7, 0
;__Lib_MathDouble.mpas,112 :: 		
0x10BE	0x0E00      	MOVLW       0
;__Lib_MathDouble.mpas,114 :: 		
L_end_FIXSIGN32:
0x10C0	0x0012      	RETURN      0
; end of _FIXSIGN32
_SETFUN32:
;__Lib_MathDouble.mpas,135 :: 		
;__Lib_MathDouble.mpas,142 :: 		
0x10C2	0x840B      	BSF         R11, 2, 0
;__Lib_MathDouble.mpas,143 :: 		
0x10C4	0xAE0B      	BTFSS       R11, 7, 0
;__Lib_MathDouble.mpas,144 :: 		
0x10C6	0xF008EF6C  	GOTO        SETFUN32EEE
;__Lib_MathDouble.mpas,146 :: 		
0x10CA	0x0E01      	MOVLW       1
;__Lib_MathDouble.mpas,147 :: 		
0x10CC	0x6E03      	MOVWF       R3, 0
;__Lib_MathDouble.mpas,148 :: 		
0x10CE	0x6A02      	CLRF        R2, 0
;__Lib_MathDouble.mpas,149 :: 		
0x10D0	0x6A01      	CLRF        R1, 0
;__Lib_MathDouble.mpas,150 :: 		
0x10D2	0x6A00      	CLRF        R0, 0
;__Lib_MathDouble.mpas,151 :: 		
0x10D4	0x360A      	RLCF        R10, 1, 0
;__Lib_MathDouble.mpas,152 :: 		
0x10D6	0x3202      	RRCF        R2, 1, 0
;__Lib_MathDouble.mpas,153 :: 		
SETFUN32EEE:
;__Lib_MathDouble.mpas,154 :: 		
0x10D8	0x0EFF      	MOVLW       255
;__Lib_MathDouble.mpas,156 :: 		
L_end_SETFUN32:
0x10DA	0x0012      	RETURN      0
; end of _SETFUN32
_RES032:
;__Lib_MathDouble.mpas,118 :: 		
;__Lib_MathDouble.mpas,124 :: 		
0x10DC	0x6A02      	CLRF        R2, 0
;__Lib_MathDouble.mpas,125 :: 		
0x10DE	0x6A01      	CLRF        R1, 0
;__Lib_MathDouble.mpas,126 :: 		
0x10E0	0x6A00      	CLRF        R0, 0
;__Lib_MathDouble.mpas,127 :: 		
0x10E2	0x6A08      	CLRF        R8, 0
;__Lib_MathDouble.mpas,128 :: 		
0x10E4	0x6A03      	CLRF        R3, 0
;__Lib_MathDouble.mpas,129 :: 		
0x10E6	0x0E00      	MOVLW       0
;__Lib_MathDouble.mpas,131 :: 		
L_end_RES032:
0x10E8	0x0012      	RETURN      0
; end of _RES032
_UART1_Write:
;__Lib_UART_b57.mpas,85 :: 		
;__Lib_UART_b57.mpas,86 :: 		
L__UART1_Write14:
0x10EA	0xB2AC      	BTFSC       TXSTA, 1 
0x10EC	0xD002      	BRA         L__UART1_Write15
0x10EE	0x0000      	NOP
0x10F0	0xD7FC      	BRA         L__UART1_Write14
L__UART1_Write15:
;__Lib_UART_b57.mpas,87 :: 		
0x10F2	0xFFADC05F  	MOVFF       FARG_UART1_Write_data_, TXREG
;__Lib_UART_b57.mpas,88 :: 		
L_end_UART1_Write:
0x10F6	0x0012      	RETURN      0
; end of _UART1_Write
_SPI1_Write:
;__Lib_SPI_b46c7.mpas,100 :: 		
;__Lib_SPI_b46c7.mpas,102 :: 		
0x10F8	0xFFC9C05F  	MOVFF       FARG_SPI1_Write_data_, SSPBUF
;__Lib_SPI_b46c7.mpas,103 :: 		
L__SPI1_Write22:
0x10FC	0xB0C7      	BTFSC       SSPSTAT, 0 
0x10FE	0xD002      	BRA         L__SPI1_Write23
0x1100	0x0000      	NOP
0x1102	0xD7FC      	BRA         L__SPI1_Write22
L__SPI1_Write23:
;__Lib_SPI_b46c7.mpas,104 :: 		
0x1104	0xF000CFC9  	MOVFF       SSPBUF, R0
;__Lib_SPI_b46c7.mpas,106 :: 		
L_end_SPI1_Write:
0x1108	0x0012      	RETURN      0
; end of _SPI1_Write
_I2C1_Is_Idle:
;__Lib_I2C_b46.mpas,95 :: 		
;__Lib_I2C_b46.mpas,96 :: 		
0x110A	0x6A02      	CLRF        R2 
;__Lib_I2C_b46.mpas,97 :: 		
0x110C	0xB4C7      	BTFSC       SSPSTAT, 2 
0x110E	0xD008      	BRA         L__I2C1_Is_Idle4
;__Lib_I2C_b46.mpas,98 :: 		
0x1110	0x0E1F      	MOVLW       31
0x1112	0x14C5      	ANDWF       SSPCON2, 0 
0x1114	0x6E01      	MOVWF       R1 
0x1116	0x5001      	MOVF        R1, 0 
0x1118	0x0A00      	XORLW       0
0x111A	0xE102      	BNZ         L__I2C1_Is_Idle7
;__Lib_I2C_b46.mpas,99 :: 		
0x111C	0x0EFF      	MOVLW       255
0x111E	0x6E02      	MOVWF       R2 
L__I2C1_Is_Idle7:
L__I2C1_Is_Idle4:
;__Lib_I2C_b46.mpas,100 :: 		
0x1120	0xF000C002  	MOVFF       R2, R0
L_end_I2C1_Is_Idle:
0x1124	0x0012      	RETURN      0
; end of _I2C1_Is_Idle
_____DoIFC:
;__Lib_System.mpas,137 :: 		
;__Lib_System.mpas,139 :: 		
0x1126	0x50F2      	MOVF        INTCON, 0, 0
;__Lib_System.mpas,140 :: 		
0x1128	0x6E02      	MOVWF       R2, 0
;__Lib_System.mpas,142 :: 		
0x112A	0x9EF2      	BCF         INTCON, 7 
;__Lib_System.mpas,144 :: 		
0x112C	0x0005      	PUSH
;__Lib_System.mpas,145 :: 		
0x112E	0x6AFF      	CLRF        TOSU, 0
;__Lib_System.mpas,146 :: 		
0x1130	0x5001      	MOVF        R1, 0, 0
;__Lib_System.mpas,147 :: 		
0x1132	0x6EFE      	MOVWF       TOSH, 0
;__Lib_System.mpas,148 :: 		
0x1134	0x5000      	MOVF        R0, 0, 0
;__Lib_System.mpas,149 :: 		
0x1136	0x6EFD      	MOVWF       TOSL, 0
;__Lib_System.mpas,150 :: 		
0x1138	0xBE02      	BTFSC       R2, 7, 0
;__Lib_System.mpas,151 :: 		
0x113A	0x8EF2      	BSF         INTCON, 7, 0
;__Lib_System.mpas,153 :: 		
L_end_____DoIFC:
0x113C	0x0012      	RETURN      0
; end of _____DoIFC
_NRM3232:
;__Lib_MathDouble.mpas,441 :: 		
;__Lib_MathDouble.mpas,449 :: 		
0x113E	0x6A0C      	CLRF        R12, 0
;__Lib_MathDouble.mpas,450 :: 		
0x1140	0x6A0E      	CLRF        R14, 0
;__Lib_MathDouble.mpas,451 :: 		
0x1142	0x5002      	MOVF        R2, 0, 0
;__Lib_MathDouble.mpas,452 :: 		
0x1144	0xA4D8      	BTFSS       STATUS, 2, 0
;__Lib_MathDouble.mpas,453 :: 		
0x1146	0xF008EFB8  	GOTO        NORM3232
;__Lib_MathDouble.mpas,454 :: 		
0x114A	0xF002C001  	MOVFF       R1, R2
;__Lib_MathDouble.mpas,455 :: 		
0x114E	0xF001C000  	MOVFF       R0, R1
;__Lib_MathDouble.mpas,456 :: 		
0x1152	0x6A00      	CLRF        R0, 0
;__Lib_MathDouble.mpas,457 :: 		
0x1154	0x860E      	BSF         R14, 3, 0
;__Lib_MathDouble.mpas,459 :: 		
0x1156	0x5002      	MOVF        R2, 0, 0
;__Lib_MathDouble.mpas,460 :: 		
0x1158	0xA4D8      	BTFSS       STATUS, 2, 0
;__Lib_MathDouble.mpas,461 :: 		
0x115A	0xF008EFB8  	GOTO        NORM3232
;__Lib_MathDouble.mpas,462 :: 		
0x115E	0xF002C001  	MOVFF       R1, R2
;__Lib_MathDouble.mpas,463 :: 		
0x1162	0x6A01      	CLRF        R1, 0
;__Lib_MathDouble.mpas,464 :: 		
0x1164	0x960E      	BCF         R14, 3, 0
;__Lib_MathDouble.mpas,465 :: 		
0x1166	0x880E      	BSF         R14, 4, 0
;__Lib_MathDouble.mpas,467 :: 		
0x1168	0x5002      	MOVF        R2, 0, 0
;__Lib_MathDouble.mpas,468 :: 		
0x116A	0xB4D8      	BTFSC       STATUS, 2, 0
;__Lib_MathDouble.mpas,469 :: 		
0x116C	0xF008EFCA  	GOTO        JPNRES032
;__Lib_MathDouble.mpas,470 :: 		
NORM3232:
;__Lib_MathDouble.mpas,471 :: 		
0x1170	0x500E      	MOVF        R14, 0, 0
;__Lib_MathDouble.mpas,472 :: 		
0x1172	0x5E03      	SUBWF       R3, 1, 0
;__Lib_MathDouble.mpas,473 :: 		
0x1174	0xA4D8      	BTFSS       STATUS, 2, 0
;__Lib_MathDouble.mpas,474 :: 		
0x1176	0xA0D8      	BTFSS       STATUS, 0, 0
;__Lib_MathDouble.mpas,475 :: 		
0x1178	0xF008EFCF  	GOTO        JPNSETFUN32
;__Lib_MathDouble.mpas,476 :: 		
0x117C	0x90D8      	BCF         STATUS, 0, 0
;__Lib_MathDouble.mpas,477 :: 		
NORM3232A:
;__Lib_MathDouble.mpas,478 :: 		
0x117E	0xBE02      	BTFSC       R2, 7, 0
;__Lib_MathDouble.mpas,479 :: 		
0x1180	0xF008EFD4  	GOTO        JMPNFIXSIGN32
;__Lib_MathDouble.mpas,480 :: 		
0x1184	0x3600      	RLCF        R0, 1, 0
;__Lib_MathDouble.mpas,481 :: 		
0x1186	0x3601      	RLCF        R1, 1, 0
;__Lib_MathDouble.mpas,482 :: 		
0x1188	0x3602      	RLCF        R2, 1, 0
;__Lib_MathDouble.mpas,483 :: 		
0x118A	0x2E03      	DECFSZ      R3, 1, 0
;__Lib_MathDouble.mpas,484 :: 		
0x118C	0xF008EFBF  	GOTO        NORM3232A
;__Lib_MathDouble.mpas,485 :: 		
0x1190	0xF008EFCF  	GOTO        JPNSETFUN32
;__Lib_MathDouble.mpas,486 :: 		
JPNRES032:
;__Lib_MathDouble.mpas,487 :: 		
0x1194	0x0E01      	MOVLW       1
;__Lib_MathDouble.mpas,488 :: 		
0x1196	0x6E0C      	MOVWF       R12, 0
;__Lib_MathDouble.mpas,490 :: 		
0x1198	0xDFA1      	RCALL       _RES032
;__Lib_MathDouble.mpas,492 :: 		
0x119A	0xF008EFD7  	GOTO        NORM32EEE
;__Lib_MathDouble.mpas,493 :: 		
JPNSETFUN32:
;__Lib_MathDouble.mpas,494 :: 		
0x119E	0x0E02      	MOVLW       2
;__Lib_MathDouble.mpas,495 :: 		
0x11A0	0x6E0C      	MOVWF       R12, 0
;__Lib_MathDouble.mpas,497 :: 		
0x11A2	0xDF8F      	RCALL       _SETFUN32
;__Lib_MathDouble.mpas,499 :: 		
0x11A4	0xF008EFD7  	GOTO        NORM32EEE
;__Lib_MathDouble.mpas,500 :: 		
JMPNFIXSIGN32:
;__Lib_MathDouble.mpas,501 :: 		
0x11A8	0x0E04      	MOVLW       4
;__Lib_MathDouble.mpas,502 :: 		
0x11AA	0x6E0C      	MOVWF       R12, 0
;__Lib_MathDouble.mpas,504 :: 		
0x11AC	0xDF86      	RCALL       _FIXSIGN32
;__Lib_MathDouble.mpas,506 :: 		
NORM32EEE:
;__Lib_MathDouble.mpas,508 :: 		
L_end_NRM3232:
0x11AE	0x0012      	RETURN      0
; end of _NRM3232
_SETFOV32:
;__Lib_MathDouble.mpas,69 :: 		
;__Lib_MathDouble.mpas,77 :: 		
0x11B0	0x820B      	BSF         R11, 1, 0
;__Lib_MathDouble.mpas,78 :: 		
0x11B2	0xAE0B      	BTFSS       R11, 7, 0
;__Lib_MathDouble.mpas,79 :: 		
0x11B4	0xF008EFE2  	GOTO        SETFOV32EEE
;__Lib_MathDouble.mpas,81 :: 		
0x11B8	0x6803      	SETF        R3, 0
;__Lib_MathDouble.mpas,82 :: 		
0x11BA	0x6802      	SETF        R2, 0
;__Lib_MathDouble.mpas,83 :: 		
0x11BC	0x6801      	SETF        R1, 0
;__Lib_MathDouble.mpas,84 :: 		
0x11BE	0x6800      	SETF        R0, 0
;__Lib_MathDouble.mpas,85 :: 		
0x11C0	0x360A      	RLCF        R10, 1, 0
;__Lib_MathDouble.mpas,86 :: 		
0x11C2	0x3202      	RRCF        R2, 1, 0
;__Lib_MathDouble.mpas,87 :: 		
SETFOV32EEE:
;__Lib_MathDouble.mpas,88 :: 		
0x11C4	0x0EFF      	MOVLW       255
;__Lib_MathDouble.mpas,90 :: 		
L_end_SETFOV32:
0x11C6	0x0012      	RETURN      0
; end of _SETFOV32
_SETIOV3224:
;__Lib_MathDouble.mpas,512 :: 		
;__Lib_MathDouble.mpas,519 :: 		
0x11C8	0x800B      	BSF         R11, 0, 0
;__Lib_MathDouble.mpas,520 :: 		
0x11CA	0xAE0B      	BTFSS       R11, 7, 0
;__Lib_MathDouble.mpas,521 :: 		
0x11CC	0xF008EFF0  	GOTO        SETIOV3224EEE
;__Lib_MathDouble.mpas,523 :: 		
0x11D0	0x6A02      	CLRF        R2, 0
;__Lib_MathDouble.mpas,524 :: 		
0x11D2	0xAE0A      	BTFSS       R10, 7, 0
;__Lib_MathDouble.mpas,525 :: 		
0x11D4	0x0EFF      	MOVLW       255
;__Lib_MathDouble.mpas,526 :: 		
0x11D6	0x6E02      	MOVWF       R2, 0
;__Lib_MathDouble.mpas,527 :: 		
0x11D8	0x6E01      	MOVWF       R1, 0
;__Lib_MathDouble.mpas,528 :: 		
0x11DA	0x6E00      	MOVWF       R0, 0
;__Lib_MathDouble.mpas,529 :: 		
0x11DC	0x360A      	RLCF        R10, 1, 0
;__Lib_MathDouble.mpas,530 :: 		
0x11DE	0x3202      	RRCF        R2, 1, 0
;__Lib_MathDouble.mpas,531 :: 		
SETIOV3224EEE:
;__Lib_MathDouble.mpas,532 :: 		
0x11E0	0x0EFF      	MOVLW       255
;__Lib_MathDouble.mpas,534 :: 		
L_end_SETIOV3224:
0x11E2	0x0012      	RETURN      0
; end of _SETIOV3224
_Int2Double:
;__Lib_MathDouble.mpas,2248 :: 		
;__Lib_MathDouble.mpas,2257 :: 		
0x11E4	0xF008C000  	MOVFF       R0, R8
;__Lib_MathDouble.mpas,2258 :: 		
0x11E8	0x5001      	MOVF        R1, 0, 0
;__Lib_MathDouble.mpas,2259 :: 		
0x11EA	0x6E00      	MOVWF       R0, 0
;__Lib_MathDouble.mpas,2260 :: 		
0x11EC	0x6A01      	CLRF        R1, 0
;__Lib_MathDouble.mpas,2261 :: 		
0x11EE	0x6A02      	CLRF        R2, 0
;__Lib_MathDouble.mpas,2262 :: 		
0x11F0	0x6A03      	CLRF        R3, 0
;__Lib_MathDouble.mpas,2265 :: 		
0x11F2	0x6A0B      	CLRF        R11, 0
;__Lib_MathDouble.mpas,2266 :: 		
0x11F4	0x6A0C      	CLRF        R12, 0
;__Lib_MathDouble.mpas,2267 :: 		
0x11F6	0x6A01      	CLRF        R1, 0
;__Lib_MathDouble.mpas,2268 :: 		
0x11F8	0x6A02      	CLRF        R2, 0
;__Lib_MathDouble.mpas,2269 :: 		
0x11FA	0x6A03      	CLRF        R3, 0
;__Lib_MathDouble.mpas,2271 :: 		
0x11FC	0x0E96      	MOVLW       150
;__Lib_MathDouble.mpas,2272 :: 		
0x11FE	0x6E03      	MOVWF       R3, 0
;__Lib_MathDouble.mpas,2273 :: 		
0x1200	0x6A0A      	CLRF        R10, 0
;__Lib_MathDouble.mpas,2274 :: 		
0x1202	0xAE00      	BTFSS       R0, 7, 0
;__Lib_MathDouble.mpas,2275 :: 		
0x1204	0xF009EF0A  	GOTO        FLO1632EEE
;__Lib_MathDouble.mpas,2277 :: 		
0x1208	0x1E08      	COMF        R8, 1, 0
;__Lib_MathDouble.mpas,2278 :: 		
0x120A	0x1E00      	COMF        R0, 1, 0
;__Lib_MathDouble.mpas,2280 :: 		
0x120C	0x2A08      	INCF        R8, 1, 0
;__Lib_MathDouble.mpas,2281 :: 		
0x120E	0xB4D8      	BTFSC       STATUS, 2, 0
;__Lib_MathDouble.mpas,2282 :: 		
0x1210	0x2A00      	INCF        R0, 1, 0
;__Lib_MathDouble.mpas,2284 :: 		
0x1212	0x8E0A      	BSF         R10, 7, 0
;__Lib_MathDouble.mpas,2285 :: 		
FLO1632EEE:
;__Lib_MathDouble.mpas,2286 :: 		
0x1214	0xF001C000  	MOVFF       R0, R1
;__Lib_MathDouble.mpas,2287 :: 		
0x1218	0xF000C008  	MOVFF       R8, R0
;__Lib_MathDouble.mpas,2288 :: 		
0x121C	0x6A08      	CLRF        R8, 0
;__Lib_MathDouble.mpas,2289 :: 		
0x121E	0x6A02      	CLRF        R2, 0
;__Lib_MathDouble.mpas,2291 :: 		
0x1220	0xDF8E      	RCALL       _NRM3232
;__Lib_MathDouble.mpas,2292 :: 		
L_end_Int2Double:
0x1222	0x0012      	RETURN      0
; end of _Int2Double
_I2C1_Wr:
;__Lib_I2C_b46.mpas,212 :: 		
;__Lib_I2C_b46.mpas,213 :: 		
0x1224	0xF061C041  	MOVFF       __Lib_I2C_b46__I2C1_TIMEOUT, I2C1_Wr_timeout
0x1228	0xF062C042  	MOVFF       __Lib_I2C_b46__I2C1_TIMEOUT+1, I2C1_Wr_timeout+1
0x122C	0xF063C043  	MOVFF       __Lib_I2C_b46__I2C1_TIMEOUT+2, I2C1_Wr_timeout+2
0x1230	0xF064C044  	MOVFF       __Lib_I2C_b46__I2C1_TIMEOUT+3, I2C1_Wr_timeout+3
;__Lib_I2C_b46.mpas,215 :: 		
0x1234	0x969E      	BCF         PIR1, 3 
;__Lib_I2C_b46.mpas,216 :: 		
0x1236	0xFFC9C05B  	MOVFF       FARG_I2C1_Wr_data_, SSPBUF
;__Lib_I2C_b46.mpas,218 :: 		
L__I2C1_Wr72:
0x123A	0xA4C7      	BTFSS       SSPSTAT, 2 
0x123C	0xD031      	BRA         L__I2C1_Wr73
;__Lib_I2C_b46.mpas,221 :: 		
0x123E	0x0E00      	MOVLW       0
0x1240	0x6E00      	MOVWF       R0 
0x1242	0x1844      	XORWF       __Lib_I2C_b46__I2C1_TIMEOUT+3, 0 
0x1244	0xE108      	BNZ         L__I2C1_Wr121
0x1246	0x5000      	MOVF        R0, 0 
0x1248	0x1843      	XORWF       __Lib_I2C_b46__I2C1_TIMEOUT+2, 0 
0x124A	0xE105      	BNZ         L__I2C1_Wr121
0x124C	0x5000      	MOVF        R0, 0 
0x124E	0x1842      	XORWF       __Lib_I2C_b46__I2C1_TIMEOUT+1, 0 
0x1250	0xE102      	BNZ         L__I2C1_Wr121
0x1252	0x5041      	MOVF        __Lib_I2C_b46__I2C1_TIMEOUT, 0 
0x1254	0x0A00      	XORLW       0
L__I2C1_Wr121:
0x1256	0xE023      	BZ          L__I2C1_Wr77
;__Lib_I2C_b46.mpas,223 :: 		
0x1258	0x0E00      	MOVLW       0
0x125A	0x6E00      	MOVWF       R0 
0x125C	0x0100      	MOVLB       0
0x125E	0x1964      	XORWF       I2C1_Wr_timeout+3, 0, 1
0x1260	0xE108      	BNZ         L__I2C1_Wr122
0x1262	0x5000      	MOVF        R0, 0 
0x1264	0x1963      	XORWF       I2C1_Wr_timeout+2, 0, 1
0x1266	0xE105      	BNZ         L__I2C1_Wr122
0x1268	0x5000      	MOVF        R0, 0 
0x126A	0x1962      	XORWF       I2C1_Wr_timeout+1, 0, 1
0x126C	0xE102      	BNZ         L__I2C1_Wr122
0x126E	0x5161      	MOVF        I2C1_Wr_timeout, 0, 1
0x1270	0x0A00      	XORLW       0
L__I2C1_Wr122:
0x1272	0xE10E      	BNZ         L__I2C1_Wr80
;__Lib_I2C_b46.mpas,225 :: 		
0x1274	0xFFE1C023  	MOVFF       _I2C1_Timeout_Ptr+2, FSR1L
0x1278	0xFFE2C024  	MOVFF       _I2C1_Timeout_Ptr+3, FSR1H
0x127C	0x0E04      	MOVLW       4
0x127E	0x6EE6      	MOVWF       POSTINC1 
0x1280	0xF000C021  	MOVFF       _I2C1_Timeout_Ptr, R0
0x1284	0xF001C022  	MOVFF       _I2C1_Timeout_Ptr+1, R1
0x1288	0xDF4E      	RCALL       _____DoIFC
;__Lib_I2C_b46.mpas,226 :: 		
0x128A	0x0E01      	MOVLW       1
0x128C	0x6E5C      	MOVWF       I2C1_Wr_local_result 
;__Lib_I2C_b46.mpas,227 :: 		
0x128E	0xD04A      	BRA         L_end__I2C1_Wr
;__Lib_I2C_b46.mpas,228 :: 		
L__I2C1_Wr80:
;__Lib_I2C_b46.mpas,229 :: 		
0x1290	0x0E01      	MOVLW       1
0x1292	0x0100      	MOVLB       0
0x1294	0x5F61      	SUBWF       I2C1_Wr_timeout, 1, 1
0x1296	0x0E00      	MOVLW       0
0x1298	0x5B62      	SUBWFB      I2C1_Wr_timeout+1, 1, 1
0x129A	0x5B63      	SUBWFB      I2C1_Wr_timeout+2, 1, 1
0x129C	0x5B64      	SUBWFB      I2C1_Wr_timeout+3, 1, 1
;__Lib_I2C_b46.mpas,230 :: 		
L__I2C1_Wr77:
;__Lib_I2C_b46.mpas,231 :: 		
0x129E	0xD7CD      	BRA         L__I2C1_Wr72
L__I2C1_Wr73:
;__Lib_I2C_b46.mpas,233 :: 		
0x12A0	0xF061C041  	MOVFF       __Lib_I2C_b46__I2C1_TIMEOUT, I2C1_Wr_timeout
0x12A4	0xF062C042  	MOVFF       __Lib_I2C_b46__I2C1_TIMEOUT+1, I2C1_Wr_timeout+1
0x12A8	0xF063C043  	MOVFF       __Lib_I2C_b46__I2C1_TIMEOUT+2, I2C1_Wr_timeout+2
0x12AC	0xF064C044  	MOVFF       __Lib_I2C_b46__I2C1_TIMEOUT+3, I2C1_Wr_timeout+3
;__Lib_I2C_b46.mpas,235 :: 		
L__I2C1_Wr83:
0x12B0	0xB69E      	BTFSC       PIR1, 3 
0x12B2	0xD031      	BRA         L__I2C1_Wr84
;__Lib_I2C_b46.mpas,238 :: 		
0x12B4	0x0E00      	MOVLW       0
0x12B6	0x6E00      	MOVWF       R0 
0x12B8	0x1844      	XORWF       __Lib_I2C_b46__I2C1_TIMEOUT+3, 0 
0x12BA	0xE108      	BNZ         L__I2C1_Wr123
0x12BC	0x5000      	MOVF        R0, 0 
0x12BE	0x1843      	XORWF       __Lib_I2C_b46__I2C1_TIMEOUT+2, 0 
0x12C0	0xE105      	BNZ         L__I2C1_Wr123
0x12C2	0x5000      	MOVF        R0, 0 
0x12C4	0x1842      	XORWF       __Lib_I2C_b46__I2C1_TIMEOUT+1, 0 
0x12C6	0xE102      	BNZ         L__I2C1_Wr123
0x12C8	0x5041      	MOVF        __Lib_I2C_b46__I2C1_TIMEOUT, 0 
0x12CA	0x0A00      	XORLW       0
L__I2C1_Wr123:
0x12CC	0xE023      	BZ          L__I2C1_Wr88
;__Lib_I2C_b46.mpas,240 :: 		
0x12CE	0x0100      	MOVLB       0
0x12D0	0x0E00      	MOVLW       0
0x12D2	0x6E00      	MOVWF       R0 
0x12D4	0x1964      	XORWF       I2C1_Wr_timeout+3, 0, 1
0x12D6	0xE108      	BNZ         L__I2C1_Wr124
0x12D8	0x5000      	MOVF        R0, 0 
0x12DA	0x1963      	XORWF       I2C1_Wr_timeout+2, 0, 1
0x12DC	0xE105      	BNZ         L__I2C1_Wr124
0x12DE	0x5000      	MOVF        R0, 0 
0x12E0	0x1962      	XORWF       I2C1_Wr_timeout+1, 0, 1
0x12E2	0xE102      	BNZ         L__I2C1_Wr124
0x12E4	0x5161      	MOVF        I2C1_Wr_timeout, 0, 1
0x12E6	0x0A00      	XORLW       0
L__I2C1_Wr124:
0x12E8	0xE10E      	BNZ         L__I2C1_Wr91
;__Lib_I2C_b46.mpas,242 :: 		
0x12EA	0xFFE1C023  	MOVFF       _I2C1_Timeout_Ptr+2, FSR1L
0x12EE	0xFFE2C024  	MOVFF       _I2C1_Timeout_Ptr+3, FSR1H
0x12F2	0x0E04      	MOVLW       4
0x12F4	0x6EE6      	MOVWF       POSTINC1 
0x12F6	0xF000C021  	MOVFF       _I2C1_Timeout_Ptr, R0
0x12FA	0xF001C022  	MOVFF       _I2C1_Timeout_Ptr+1, R1
0x12FE	0xDF13      	RCALL       _____DoIFC
;__Lib_I2C_b46.mpas,243 :: 		
0x1300	0x0E01      	MOVLW       1
0x1302	0x6E5C      	MOVWF       I2C1_Wr_local_result 
;__Lib_I2C_b46.mpas,244 :: 		
0x1304	0xD00F      	BRA         L_end__I2C1_Wr
;__Lib_I2C_b46.mpas,245 :: 		
L__I2C1_Wr91:
;__Lib_I2C_b46.mpas,246 :: 		
0x1306	0x0E01      	MOVLW       1
0x1308	0x0100      	MOVLB       0
0x130A	0x5F61      	SUBWF       I2C1_Wr_timeout, 1, 1
0x130C	0x0E00      	MOVLW       0
0x130E	0x5B62      	SUBWFB      I2C1_Wr_timeout+1, 1, 1
0x1310	0x5B63      	SUBWFB      I2C1_Wr_timeout+2, 1, 1
0x1312	0x5B64      	SUBWFB      I2C1_Wr_timeout+3, 1, 1
;__Lib_I2C_b46.mpas,247 :: 		
L__I2C1_Wr88:
;__Lib_I2C_b46.mpas,248 :: 		
0x1314	0xD7CD      	BRA         L__I2C1_Wr83
L__I2C1_Wr84:
;__Lib_I2C_b46.mpas,250 :: 		
0x1316	0xBCC5      	BTFSC       SSPCON2, 6 
0x1318	0xD002      	BRA         L__I2C1_Wr94
;__Lib_I2C_b46.mpas,251 :: 		
0x131A	0x6A5C      	CLRF        I2C1_Wr_local_result 
0x131C	0xD003      	BRA         L__I2C1_Wr95
;__Lib_I2C_b46.mpas,252 :: 		
L__I2C1_Wr94:
;__Lib_I2C_b46.mpas,254 :: 		
0x131E	0x84C5      	BSF         SSPCON2, 2 
;__Lib_I2C_b46.mpas,255 :: 		
0x1320	0x0E02      	MOVLW       2
0x1322	0x6E5C      	MOVWF       I2C1_Wr_local_result 
;__Lib_I2C_b46.mpas,256 :: 		
L__I2C1_Wr95:
;__Lib_I2C_b46.mpas,257 :: 		
L_end__I2C1_Wr:
0x1324	0xF000C05C  	MOVFF       I2C1_Wr_local_result, R0
L_end_I2C1_Wr:
0x1328	0x0012      	RETURN      0
; end of _I2C1_Wr
_Mul_32x32_FP:
;__Lib_MathDouble.mpas,1110 :: 		
;__Lib_MathDouble.mpas,1128 :: 		
0x132A	0x6A08      	CLRF        R8, 0
;__Lib_MathDouble.mpas,1129 :: 		
0x132C	0x6A09      	CLRF        R9, 0
;__Lib_MathDouble.mpas,1131 :: 		
0x132E	0x0E00      	MOVLW       0
;__Lib_MathDouble.mpas,1132 :: 		
0x1330	0x6207      	CPFSEQ      R7, 0
;__Lib_MathDouble.mpas,1133 :: 		
0x1332	0x6403      	CPFSGT      R3, 0
;__Lib_MathDouble.mpas,1134 :: 		
0x1334	0xF00AEF1A  	GOTO        MULJPRES032
;__Lib_MathDouble.mpas,1137 :: 		
0x1338	0x5002      	MOVF        R2, 0, 0
;__Lib_MathDouble.mpas,1138 :: 		
0x133A	0x1806      	XORWF       R6, 0, 0
;__Lib_MathDouble.mpas,1139 :: 		
0x133C	0x6E0A      	MOVWF       R10, 0
;__Lib_MathDouble.mpas,1141 :: 		
0x133E	0x5007      	MOVF        R7, 0, 0
;__Lib_MathDouble.mpas,1142 :: 		
0x1340	0x2603      	ADDWF       R3, 1, 0
;__Lib_MathDouble.mpas,1143 :: 		
0x1342	0x0E7E      	MOVLW       126
;__Lib_MathDouble.mpas,1144 :: 		
0x1344	0xA0D8      	BTFSS       STATUS, 0, 0
;__Lib_MathDouble.mpas,1145 :: 		
0x1346	0xF009EFAB  	GOTO        MTUN32
;__Lib_MathDouble.mpas,1147 :: 		
0x134A	0x5E03      	SUBWF       R3, 1, 0
;__Lib_MathDouble.mpas,1148 :: 		
0x134C	0xB0D8      	BTFSC       STATUS, 0, 0
;__Lib_MathDouble.mpas,1149 :: 		
0x134E	0xF00AEF1E  	GOTO        MULJPSETFOV32
;__Lib_MathDouble.mpas,1150 :: 		
0x1352	0xF009EFAF  	GOTO        MOK32
;__Lib_MathDouble.mpas,1152 :: 		
MTUN32:
;__Lib_MathDouble.mpas,1153 :: 		
0x1356	0x5E03      	SUBWF       R3, 1, 0
;__Lib_MathDouble.mpas,1154 :: 		
0x1358	0xA0D8      	BTFSS       STATUS, 0, 0
;__Lib_MathDouble.mpas,1155 :: 		
0x135A	0xF00AEF22  	GOTO        MULJPSETFUN32
;__Lib_MathDouble.mpas,1157 :: 		
MOK32:
;__Lib_MathDouble.mpas,1158 :: 		
0x135E	0x8E02      	BSF         R2, 7, 0
;__Lib_MathDouble.mpas,1159 :: 		
0x1360	0x8E06      	BSF         R6, 7, 0
;__Lib_MathDouble.mpas,1161 :: 		
0x1362	0xF00EC002  	MOVFF       R2, R14
;__Lib_MathDouble.mpas,1162 :: 		
0x1366	0xF00BC001  	MOVFF       R1, R11
;__Lib_MathDouble.mpas,1163 :: 		
0x136A	0xF00DC000  	MOVFF       R0, R13
;__Lib_MathDouble.mpas,1165 :: 		
0x136E	0x5000      	MOVF        R0, 0, 0
;__Lib_MathDouble.mpas,1166 :: 		
0x1370	0x0204      	MULWF       R4, 0
;__Lib_MathDouble.mpas,1167 :: 		
0x1372	0xF00CCFF4  	MOVFF       PRODH, R12
;__Lib_MathDouble.mpas,1169 :: 		
0x1376	0x5001      	MOVF        R1, 0, 0
;__Lib_MathDouble.mpas,1170 :: 		
0x1378	0x0205      	MULWF       R5, 0
;__Lib_MathDouble.mpas,1171 :: 		
0x137A	0xF000CFF4  	MOVFF       PRODH, R0
;__Lib_MathDouble.mpas,1172 :: 		
0x137E	0xF008CFF3  	MOVFF       PRODL, R8
;__Lib_MathDouble.mpas,1174 :: 		
0x1382	0x0204      	MULWF       R4, 0
;__Lib_MathDouble.mpas,1175 :: 		
0x1384	0x50F3      	MOVF        PRODL, 0, 0
;__Lib_MathDouble.mpas,1176 :: 		
0x1386	0x260C      	ADDWF       R12, 1, 0
;__Lib_MathDouble.mpas,1177 :: 		
0x1388	0x50F4      	MOVF        PRODH, 0, 0
;__Lib_MathDouble.mpas,1178 :: 		
0x138A	0x2208      	ADDWFC      R8, 1, 0
;__Lib_MathDouble.mpas,1179 :: 		
0x138C	0x0E00      	MOVLW       0
;__Lib_MathDouble.mpas,1180 :: 		
0x138E	0x2200      	ADDWFC      R0, 1, 0
;__Lib_MathDouble.mpas,1182 :: 		
0x1390	0x500D      	MOVF        R13, 0, 0
;__Lib_MathDouble.mpas,1183 :: 		
0x1392	0x0205      	MULWF       R5, 0
;__Lib_MathDouble.mpas,1184 :: 		
0x1394	0x50F3      	MOVF        PRODL, 0, 0
;__Lib_MathDouble.mpas,1185 :: 		
0x1396	0x260C      	ADDWF       R12, 1, 0
;__Lib_MathDouble.mpas,1186 :: 		
0x1398	0x50F4      	MOVF        PRODH, 0, 0
;__Lib_MathDouble.mpas,1187 :: 		
0x139A	0x2208      	ADDWFC      R8, 1, 0
;__Lib_MathDouble.mpas,1188 :: 		
0x139C	0x0E00      	MOVLW       0
;__Lib_MathDouble.mpas,1189 :: 		
0x139E	0x2200      	ADDWFC      R0, 1, 0
;__Lib_MathDouble.mpas,1191 :: 		
0x13A0	0x5002      	MOVF        R2, 0, 0
;__Lib_MathDouble.mpas,1192 :: 		
0x13A2	0x0204      	MULWF       R4, 0
;__Lib_MathDouble.mpas,1193 :: 		
0x13A4	0x50F3      	MOVF        PRODL, 0, 0
;__Lib_MathDouble.mpas,1194 :: 		
0x13A6	0x2608      	ADDWF       R8, 1, 0
;__Lib_MathDouble.mpas,1195 :: 		
0x13A8	0x50F4      	MOVF        PRODH, 0, 0
;__Lib_MathDouble.mpas,1196 :: 		
0x13AA	0x2200      	ADDWFC      R0, 1, 0
;__Lib_MathDouble.mpas,1197 :: 		
0x13AC	0x5002      	MOVF        R2, 0, 0
;__Lib_MathDouble.mpas,1198 :: 		
0x13AE	0x0205      	MULWF       R5, 0
;__Lib_MathDouble.mpas,1199 :: 		
0x13B0	0x6A01      	CLRF        R1, 0
;__Lib_MathDouble.mpas,1200 :: 		
0x13B2	0x0E00      	MOVLW       0
;__Lib_MathDouble.mpas,1201 :: 		
0x13B4	0x2201      	ADDWFC      R1, 1, 0
;__Lib_MathDouble.mpas,1202 :: 		
0x13B6	0x50F3      	MOVF        PRODL, 0, 0
;__Lib_MathDouble.mpas,1203 :: 		
0x13B8	0x2600      	ADDWF       R0, 1, 0
;__Lib_MathDouble.mpas,1204 :: 		
0x13BA	0x50F4      	MOVF        PRODH, 0, 0
;__Lib_MathDouble.mpas,1205 :: 		
0x13BC	0x2201      	ADDWFC      R1, 1, 0
;__Lib_MathDouble.mpas,1207 :: 		
0x13BE	0x500D      	MOVF        R13, 0, 0
;__Lib_MathDouble.mpas,1208 :: 		
0x13C0	0x0206      	MULWF       R6, 0
;__Lib_MathDouble.mpas,1209 :: 		
0x13C2	0x50F3      	MOVF        PRODL, 0, 0
;__Lib_MathDouble.mpas,1210 :: 		
0x13C4	0x2608      	ADDWF       R8, 1, 0
;__Lib_MathDouble.mpas,1211 :: 		
0x13C6	0x50F4      	MOVF        PRODH, 0, 0
;__Lib_MathDouble.mpas,1212 :: 		
0x13C8	0x2200      	ADDWFC      R0, 1, 0
;__Lib_MathDouble.mpas,1213 :: 		
0x13CA	0x6A02      	CLRF        R2, 0
;__Lib_MathDouble.mpas,1214 :: 		
0x13CC	0x0E00      	MOVLW       0
;__Lib_MathDouble.mpas,1215 :: 		
0x13CE	0x2201      	ADDWFC      R1, 1, 0
;__Lib_MathDouble.mpas,1216 :: 		
0x13D0	0x2202      	ADDWFC      R2, 1, 0
;__Lib_MathDouble.mpas,1218 :: 		
0x13D2	0x500B      	MOVF        R11, 0, 0
;__Lib_MathDouble.mpas,1219 :: 		
0x13D4	0x0206      	MULWF       R6, 0
;__Lib_MathDouble.mpas,1220 :: 		
0x13D6	0x50F3      	MOVF        PRODL, 0, 0
;__Lib_MathDouble.mpas,1221 :: 		
0x13D8	0x2600      	ADDWF       R0, 1, 0
;__Lib_MathDouble.mpas,1222 :: 		
0x13DA	0x50F4      	MOVF        PRODH, 0, 0
;__Lib_MathDouble.mpas,1223 :: 		
0x13DC	0x2201      	ADDWFC      R1, 1, 0
;__Lib_MathDouble.mpas,1224 :: 		
0x13DE	0x0E00      	MOVLW       0
;__Lib_MathDouble.mpas,1225 :: 		
0x13E0	0x2202      	ADDWFC      R2, 1, 0
;__Lib_MathDouble.mpas,1227 :: 		
0x13E2	0x500E      	MOVF        R14, 0, 0
;__Lib_MathDouble.mpas,1228 :: 		
0x13E4	0x0206      	MULWF       R6, 0
;__Lib_MathDouble.mpas,1229 :: 		
0x13E6	0x50F3      	MOVF        PRODL, 0, 0
;__Lib_MathDouble.mpas,1230 :: 		
0x13E8	0x2601      	ADDWF       R1, 1, 0
;__Lib_MathDouble.mpas,1231 :: 		
0x13EA	0x50F4      	MOVF        PRODH, 0, 0
;__Lib_MathDouble.mpas,1232 :: 		
0x13EC	0x2202      	ADDWFC      R2, 1, 0
;__Lib_MathDouble.mpas,1234 :: 		
0x13EE	0xBE02      	BTFSC       R2, 7, 0
;__Lib_MathDouble.mpas,1235 :: 		
0x13F0	0xF00AEF02  	GOTO        MROUND32
;__Lib_MathDouble.mpas,1236 :: 		
0x13F4	0x3608      	RLCF        R8, 1, 0
;__Lib_MathDouble.mpas,1237 :: 		
0x13F6	0x3600      	RLCF        R0, 1, 0
;__Lib_MathDouble.mpas,1238 :: 		
0x13F8	0x3601      	RLCF        R1, 1, 0
;__Lib_MathDouble.mpas,1239 :: 		
0x13FA	0x3602      	RLCF        R2, 1, 0
;__Lib_MathDouble.mpas,1240 :: 		
0x13FC	0x0603      	DECF        R3, 1, 0
;__Lib_MathDouble.mpas,1241 :: 		
0x13FE	0xB4D8      	BTFSC       STATUS, 2, 0
;__Lib_MathDouble.mpas,1242 :: 		
0x1400	0xF00AEF22  	GOTO        MULJPSETFUN32
;__Lib_MathDouble.mpas,1244 :: 		
MROUND32:
;__Lib_MathDouble.mpas,1247 :: 		
0x1404	0xF00AEF15  	GOTO        MUL32OK
;__Lib_MathDouble.mpas,1248 :: 		
0x1408	0x80D8      	BSF         STATUS, 0, 0
;__Lib_MathDouble.mpas,1249 :: 		
0x140A	0x0E80      	MOVLW       128
;__Lib_MathDouble.mpas,1250 :: 		
0x140C	0x6408      	CPFSGT      R8, 0
;__Lib_MathDouble.mpas,1251 :: 		
0x140E	0x3000      	RRCF        R0, 0, 0
;__Lib_MathDouble.mpas,1252 :: 		
0x1410	0x0E00      	MOVLW       0
;__Lib_MathDouble.mpas,1253 :: 		
0x1412	0x2200      	ADDWFC      R0, 1, 0
;__Lib_MathDouble.mpas,1254 :: 		
0x1414	0x2201      	ADDWFC      R1, 1, 0
;__Lib_MathDouble.mpas,1255 :: 		
0x1416	0x2202      	ADDWFC      R2, 1, 0
;__Lib_MathDouble.mpas,1257 :: 		
0x1418	0xA0D8      	BTFSS       STATUS, 0, 0
;__Lib_MathDouble.mpas,1258 :: 		
0x141A	0xF00AEF15  	GOTO        MUL32OK
;__Lib_MathDouble.mpas,1259 :: 		
0x141E	0x3202      	RRCF        R2, 1, 0
;__Lib_MathDouble.mpas,1260 :: 		
0x1420	0x3201      	RRCF        R1, 1, 0
;__Lib_MathDouble.mpas,1261 :: 		
0x1422	0x3200      	RRCF        R0, 1, 0
;__Lib_MathDouble.mpas,1262 :: 		
0x1424	0x4A03      	INFSNZ      R3, 1, 0
;__Lib_MathDouble.mpas,1263 :: 		
0x1426	0xF00AEF1E  	GOTO        MULJPSETFOV32
;__Lib_MathDouble.mpas,1265 :: 		
MUL32OK:
;__Lib_MathDouble.mpas,1266 :: 		
0x142A	0xAE0A      	BTFSS       R10, 7, 0
;__Lib_MathDouble.mpas,1267 :: 		
0x142C	0x9E02      	BCF         R2, 7, 0
;__Lib_MathDouble.mpas,1269 :: 		
0x142E	0x0E00      	MOVLW       0
;__Lib_MathDouble.mpas,1270 :: 		
0x1430	0xF00AEF24  	GOTO        MULEEE
;__Lib_MathDouble.mpas,1271 :: 		
MULJPRES032:
;__Lib_MathDouble.mpas,1272 :: 		
0x1434	0x0E01      	MOVLW       1
;__Lib_MathDouble.mpas,1275 :: 		
0x1436	0xDE52      	RCALL       _RES032
;__Lib_MathDouble.mpas,1277 :: 		
0x1438	0xF00AEF24  	GOTO        MULEEE
;__Lib_MathDouble.mpas,1278 :: 		
MULJPSETFOV32:
;__Lib_MathDouble.mpas,1279 :: 		
0x143C	0x0E02      	MOVLW       2
;__Lib_MathDouble.mpas,1282 :: 		
0x143E	0xDEB8      	RCALL       _SETFOV32
;__Lib_MathDouble.mpas,1284 :: 		
0x1440	0xF00AEF24  	GOTO        MULEEE
;__Lib_MathDouble.mpas,1285 :: 		
MULJPSETFUN32:
;__Lib_MathDouble.mpas,1286 :: 		
0x1444	0x0E04      	MOVLW       4
;__Lib_MathDouble.mpas,1289 :: 		
0x1446	0xDE3D      	RCALL       _SETFUN32
;__Lib_MathDouble.mpas,1291 :: 		
MULEEE:
;__Lib_MathDouble.mpas,1293 :: 		
L_end_Mul_32x32_FP:
0x1448	0x0012      	RETURN      0
; end of _Mul_32x32_FP
_I2C1_Repeated_Start:
;__Lib_I2C_b46.mpas,142 :: 		
;__Lib_I2C_b46.mpas,143 :: 		
0x144A	0xF05BC041  	MOVFF       __Lib_I2C_b46__I2C1_TIMEOUT, I2C1_Repeated_Start_timeout
0x144E	0xF05CC042  	MOVFF       __Lib_I2C_b46__I2C1_TIMEOUT+1, I2C1_Repeated_Start_timeout+1
0x1452	0xF05DC043  	MOVFF       __Lib_I2C_b46__I2C1_TIMEOUT+2, I2C1_Repeated_Start_timeout+2
0x1456	0xF05EC044  	MOVFF       __Lib_I2C_b46__I2C1_TIMEOUT+3, I2C1_Repeated_Start_timeout+3
;__Lib_I2C_b46.mpas,145 :: 		
0x145A	0x82C5      	BSF         SSPCON2, 1 
;__Lib_I2C_b46.mpas,146 :: 		
L__I2C1_Repeated_Start34:
0x145C	0xA2C5      	BTFSS       SSPCON2, 1 
0x145E	0xD02D      	BRA         L__I2C1_Repeated_Start35
;__Lib_I2C_b46.mpas,149 :: 		
0x1460	0x0E00      	MOVLW       0
0x1462	0x6E00      	MOVWF       R0 
0x1464	0x1844      	XORWF       __Lib_I2C_b46__I2C1_TIMEOUT+3, 0 
0x1466	0xE108      	BNZ         L__I2C1_Repeated_Start113
0x1468	0x5000      	MOVF        R0, 0 
0x146A	0x1843      	XORWF       __Lib_I2C_b46__I2C1_TIMEOUT+2, 0 
0x146C	0xE105      	BNZ         L__I2C1_Repeated_Start113
0x146E	0x5000      	MOVF        R0, 0 
0x1470	0x1842      	XORWF       __Lib_I2C_b46__I2C1_TIMEOUT+1, 0 
0x1472	0xE102      	BNZ         L__I2C1_Repeated_Start113
0x1474	0x5041      	MOVF        __Lib_I2C_b46__I2C1_TIMEOUT, 0 
0x1476	0x0A00      	XORLW       0
L__I2C1_Repeated_Start113:
0x1478	0xE01F      	BZ          L__I2C1_Repeated_Start39
;__Lib_I2C_b46.mpas,151 :: 		
0x147A	0x0E00      	MOVLW       0
0x147C	0x6E00      	MOVWF       R0 
0x147E	0x185E      	XORWF       I2C1_Repeated_Start_timeout+3, 0 
0x1480	0xE108      	BNZ         L__I2C1_Repeated_Start114
0x1482	0x5000      	MOVF        R0, 0 
0x1484	0x185D      	XORWF       I2C1_Repeated_Start_timeout+2, 0 
0x1486	0xE105      	BNZ         L__I2C1_Repeated_Start114
0x1488	0x5000      	MOVF        R0, 0 
0x148A	0x185C      	XORWF       I2C1_Repeated_Start_timeout+1, 0 
0x148C	0xE102      	BNZ         L__I2C1_Repeated_Start114
0x148E	0x505B      	MOVF        I2C1_Repeated_Start_timeout, 0 
0x1490	0x0A00      	XORLW       0
L__I2C1_Repeated_Start114:
0x1492	0xE10C      	BNZ         L__I2C1_Repeated_Start42
;__Lib_I2C_b46.mpas,153 :: 		
0x1494	0xFFE1C023  	MOVFF       _I2C1_Timeout_Ptr+2, FSR1L
0x1498	0xFFE2C024  	MOVFF       _I2C1_Timeout_Ptr+3, FSR1H
0x149C	0x0E06      	MOVLW       6
0x149E	0x6EE6      	MOVWF       POSTINC1 
0x14A0	0xF000C021  	MOVFF       _I2C1_Timeout_Ptr, R0
0x14A4	0xF001C022  	MOVFF       _I2C1_Timeout_Ptr+1, R1
0x14A8	0xDE3E      	RCALL       _____DoIFC
;__Lib_I2C_b46.mpas,154 :: 		
0x14AA	0xD007      	BRA         L__I2C1_Repeated_Start35
;__Lib_I2C_b46.mpas,155 :: 		
L__I2C1_Repeated_Start42:
;__Lib_I2C_b46.mpas,156 :: 		
0x14AC	0x0E01      	MOVLW       1
0x14AE	0x5E5B      	SUBWF       I2C1_Repeated_Start_timeout, 1 
0x14B0	0x0E00      	MOVLW       0
0x14B2	0x5A5C      	SUBWFB      I2C1_Repeated_Start_timeout+1, 1 
0x14B4	0x5A5D      	SUBWFB      I2C1_Repeated_Start_timeout+2, 1 
0x14B6	0x5A5E      	SUBWFB      I2C1_Repeated_Start_timeout+3, 1 
;__Lib_I2C_b46.mpas,157 :: 		
L__I2C1_Repeated_Start39:
;__Lib_I2C_b46.mpas,158 :: 		
0x14B8	0xD7D1      	BRA         L__I2C1_Repeated_Start34
L__I2C1_Repeated_Start35:
;__Lib_I2C_b46.mpas,159 :: 		
L_end_I2C1_Repeated_Start:
0x14BA	0x0012      	RETURN      0
; end of _I2C1_Repeated_Start
_I2C1_Stop:
;__Lib_I2C_b46.mpas,261 :: 		
;__Lib_I2C_b46.mpas,262 :: 		
0x14BC	0x84C5      	BSF         SSPCON2, 2 
;__Lib_I2C_b46.mpas,263 :: 		
L_end_I2C1_Stop:
0x14BE	0x0012      	RETURN      0
; end of _I2C1_Stop
_I2C1_Rd:
;__Lib_I2C_b46.mpas,164 :: 		
;__Lib_I2C_b46.mpas,165 :: 		
0x14C0	0xF061C041  	MOVFF       __Lib_I2C_b46__I2C1_TIMEOUT, I2C1_Rd_timeout
0x14C4	0xF062C042  	MOVFF       __Lib_I2C_b46__I2C1_TIMEOUT+1, I2C1_Rd_timeout+1
0x14C8	0xF063C043  	MOVFF       __Lib_I2C_b46__I2C1_TIMEOUT+2, I2C1_Rd_timeout+2
0x14CC	0xF064C044  	MOVFF       __Lib_I2C_b46__I2C1_TIMEOUT+3, I2C1_Rd_timeout+3
;__Lib_I2C_b46.mpas,167 :: 		
0x14D0	0x969E      	BCF         PIR1, 3 
;__Lib_I2C_b46.mpas,168 :: 		
0x14D2	0x86C5      	BSF         SSPCON2, 3 
;__Lib_I2C_b46.mpas,170 :: 		
L__I2C1_Rd46:
0x14D4	0xB69E      	BTFSC       PIR1, 3 
0x14D6	0xD02F      	BRA         L__I2C1_Rd47
;__Lib_I2C_b46.mpas,173 :: 		
0x14D8	0x0E00      	MOVLW       0
0x14DA	0x6E00      	MOVWF       R0 
0x14DC	0x1844      	XORWF       __Lib_I2C_b46__I2C1_TIMEOUT+3, 0 
0x14DE	0xE108      	BNZ         L__I2C1_Rd116
0x14E0	0x5000      	MOVF        R0, 0 
0x14E2	0x1843      	XORWF       __Lib_I2C_b46__I2C1_TIMEOUT+2, 0 
0x14E4	0xE105      	BNZ         L__I2C1_Rd116
0x14E6	0x5000      	MOVF        R0, 0 
0x14E8	0x1842      	XORWF       __Lib_I2C_b46__I2C1_TIMEOUT+1, 0 
0x14EA	0xE102      	BNZ         L__I2C1_Rd116
0x14EC	0x5041      	MOVF        __Lib_I2C_b46__I2C1_TIMEOUT, 0 
0x14EE	0x0A00      	XORLW       0
L__I2C1_Rd116:
0x14F0	0xE021      	BZ          L__I2C1_Rd51
;__Lib_I2C_b46.mpas,175 :: 		
0x14F2	0x0E00      	MOVLW       0
0x14F4	0x6E00      	MOVWF       R0 
0x14F6	0x0100      	MOVLB       0
0x14F8	0x1964      	XORWF       I2C1_Rd_timeout+3, 0, 1
0x14FA	0xE108      	BNZ         L__I2C1_Rd117
0x14FC	0x5000      	MOVF        R0, 0 
0x14FE	0x1963      	XORWF       I2C1_Rd_timeout+2, 0, 1
0x1500	0xE105      	BNZ         L__I2C1_Rd117
0x1502	0x5000      	MOVF        R0, 0 
0x1504	0x1962      	XORWF       I2C1_Rd_timeout+1, 0, 1
0x1506	0xE102      	BNZ         L__I2C1_Rd117
0x1508	0x5161      	MOVF        I2C1_Rd_timeout, 0, 1
0x150A	0x0A00      	XORLW       0
L__I2C1_Rd117:
0x150C	0xE10C      	BNZ         L__I2C1_Rd54
;__Lib_I2C_b46.mpas,177 :: 		
0x150E	0xFFE1C023  	MOVFF       _I2C1_Timeout_Ptr+2, FSR1L
0x1512	0xFFE2C024  	MOVFF       _I2C1_Timeout_Ptr+3, FSR1H
0x1516	0x0E03      	MOVLW       3
0x1518	0x6EE6      	MOVWF       POSTINC1 
0x151A	0xF000C021  	MOVFF       _I2C1_Timeout_Ptr, R0
0x151E	0xF001C022  	MOVFF       _I2C1_Timeout_Ptr+1, R1
0x1522	0xDE01      	RCALL       _____DoIFC
;__Lib_I2C_b46.mpas,178 :: 		
0x1524	0xD008      	BRA         L__I2C1_Rd47
;__Lib_I2C_b46.mpas,179 :: 		
L__I2C1_Rd54:
;__Lib_I2C_b46.mpas,180 :: 		
0x1526	0x0E01      	MOVLW       1
0x1528	0x0100      	MOVLB       0
0x152A	0x5F61      	SUBWF       I2C1_Rd_timeout, 1, 1
0x152C	0x0E00      	MOVLW       0
0x152E	0x5B62      	SUBWFB      I2C1_Rd_timeout+1, 1, 1
0x1530	0x5B63      	SUBWFB      I2C1_Rd_timeout+2, 1, 1
0x1532	0x5B64      	SUBWFB      I2C1_Rd_timeout+3, 1, 1
;__Lib_I2C_b46.mpas,181 :: 		
L__I2C1_Rd51:
;__Lib_I2C_b46.mpas,182 :: 		
0x1534	0xD7CF      	BRA         L__I2C1_Rd46
L__I2C1_Rd47:
;__Lib_I2C_b46.mpas,184 :: 		
0x1536	0xF05CCFC9  	MOVFF       SSPBUF, I2C1_Rd_local_result
;__Lib_I2C_b46.mpas,185 :: 		
0x153A	0x9AC5      	BCF         SSPCON2, 5 
;__Lib_I2C_b46.mpas,186 :: 		
0x153C	0x505B      	MOVF        FARG_I2C1_Rd_ack, 0 
0x153E	0x0A00      	XORLW       0
0x1540	0xB4D8      	BTFSC       STATUS, 2 
;__Lib_I2C_b46.mpas,187 :: 		
0x1542	0x8AC5      	BSF         SSPCON2, 5 
L__I2C1_Rd57:
;__Lib_I2C_b46.mpas,189 :: 		
0x1544	0x969E      	BCF         PIR1, 3 
;__Lib_I2C_b46.mpas,190 :: 		
0x1546	0x88C5      	BSF         SSPCON2, 4 
;__Lib_I2C_b46.mpas,192 :: 		
0x1548	0xF061C041  	MOVFF       __Lib_I2C_b46__I2C1_TIMEOUT, I2C1_Rd_timeout
0x154C	0xF062C042  	MOVFF       __Lib_I2C_b46__I2C1_TIMEOUT+1, I2C1_Rd_timeout+1
0x1550	0xF063C043  	MOVFF       __Lib_I2C_b46__I2C1_TIMEOUT+2, I2C1_Rd_timeout+2
0x1554	0xF064C044  	MOVFF       __Lib_I2C_b46__I2C1_TIMEOUT+3, I2C1_Rd_timeout+3
;__Lib_I2C_b46.mpas,194 :: 		
L__I2C1_Rd60:
0x1558	0xB69E      	BTFSC       PIR1, 3 
0x155A	0xD02F      	BRA         L__I2C1_Rd61
;__Lib_I2C_b46.mpas,197 :: 		
0x155C	0x0E00      	MOVLW       0
0x155E	0x6E00      	MOVWF       R0 
0x1560	0x1844      	XORWF       __Lib_I2C_b46__I2C1_TIMEOUT+3, 0 
0x1562	0xE108      	BNZ         L__I2C1_Rd118
0x1564	0x5000      	MOVF        R0, 0 
0x1566	0x1843      	XORWF       __Lib_I2C_b46__I2C1_TIMEOUT+2, 0 
0x1568	0xE105      	BNZ         L__I2C1_Rd118
0x156A	0x5000      	MOVF        R0, 0 
0x156C	0x1842      	XORWF       __Lib_I2C_b46__I2C1_TIMEOUT+1, 0 
0x156E	0xE102      	BNZ         L__I2C1_Rd118
0x1570	0x5041      	MOVF        __Lib_I2C_b46__I2C1_TIMEOUT, 0 
0x1572	0x0A00      	XORLW       0
L__I2C1_Rd118:
0x1574	0xE021      	BZ          L__I2C1_Rd65
;__Lib_I2C_b46.mpas,199 :: 		
0x1576	0x0100      	MOVLB       0
0x1578	0x0E00      	MOVLW       0
0x157A	0x6E00      	MOVWF       R0 
0x157C	0x1964      	XORWF       I2C1_Rd_timeout+3, 0, 1
0x157E	0xE108      	BNZ         L__I2C1_Rd119
0x1580	0x5000      	MOVF        R0, 0 
0x1582	0x1963      	XORWF       I2C1_Rd_timeout+2, 0, 1
0x1584	0xE105      	BNZ         L__I2C1_Rd119
0x1586	0x5000      	MOVF        R0, 0 
0x1588	0x1962      	XORWF       I2C1_Rd_timeout+1, 0, 1
0x158A	0xE102      	BNZ         L__I2C1_Rd119
0x158C	0x5161      	MOVF        I2C1_Rd_timeout, 0, 1
0x158E	0x0A00      	XORLW       0
L__I2C1_Rd119:
0x1590	0xE10C      	BNZ         L__I2C1_Rd68
;__Lib_I2C_b46.mpas,201 :: 		
0x1592	0xFFE1C023  	MOVFF       _I2C1_Timeout_Ptr+2, FSR1L
0x1596	0xFFE2C024  	MOVFF       _I2C1_Timeout_Ptr+3, FSR1H
0x159A	0x0E03      	MOVLW       3
0x159C	0x6EE6      	MOVWF       POSTINC1 
0x159E	0xF000C021  	MOVFF       _I2C1_Timeout_Ptr, R0
0x15A2	0xF001C022  	MOVFF       _I2C1_Timeout_Ptr+1, R1
0x15A6	0xDDBF      	RCALL       _____DoIFC
;__Lib_I2C_b46.mpas,202 :: 		
0x15A8	0xD008      	BRA         L__I2C1_Rd61
;__Lib_I2C_b46.mpas,203 :: 		
L__I2C1_Rd68:
;__Lib_I2C_b46.mpas,204 :: 		
0x15AA	0x0E01      	MOVLW       1
0x15AC	0x0100      	MOVLB       0
0x15AE	0x5F61      	SUBWF       I2C1_Rd_timeout, 1, 1
0x15B0	0x0E00      	MOVLW       0
0x15B2	0x5B62      	SUBWFB      I2C1_Rd_timeout+1, 1, 1
0x15B4	0x5B63      	SUBWFB      I2C1_Rd_timeout+2, 1, 1
0x15B6	0x5B64      	SUBWFB      I2C1_Rd_timeout+3, 1, 1
;__Lib_I2C_b46.mpas,205 :: 		
L__I2C1_Rd65:
;__Lib_I2C_b46.mpas,206 :: 		
0x15B8	0xD7CF      	BRA         L__I2C1_Rd60
L__I2C1_Rd61:
;__Lib_I2C_b46.mpas,207 :: 		
0x15BA	0xF000C05C  	MOVFF       I2C1_Rd_local_result, R0
L_end_I2C1_Rd:
0x15BE	0x0012      	RETURN      0
; end of _I2C1_Rd
_I2C1_Start:
;__Lib_I2C_b46.mpas,106 :: 		
;__Lib_I2C_b46.mpas,108 :: 		
0x15C0	0xF061C041  	MOVFF       __Lib_I2C_b46__I2C1_TIMEOUT, I2C1_Start_timeout
0x15C4	0xF062C042  	MOVFF       __Lib_I2C_b46__I2C1_TIMEOUT+1, I2C1_Start_timeout+1
0x15C8	0xF063C043  	MOVFF       __Lib_I2C_b46__I2C1_TIMEOUT+2, I2C1_Start_timeout+2
0x15CC	0xF064C044  	MOVFF       __Lib_I2C_b46__I2C1_TIMEOUT+3, I2C1_Start_timeout+3
;__Lib_I2C_b46.mpas,110 :: 		
0x15D0	0x6A5C      	CLRF        I2C1_Start_j 
0x15D2	0x6A5D      	CLRF        I2C1_Start_j+1 
L__I2C1_Start11:
;__Lib_I2C_b46.mpas,112 :: 		
0x15D4	0xDD9A      	RCALL       _I2C1_Is_Idle
0x15D6	0x5000      	MOVF        R0, 0 
0x15D8	0x0A00      	XORLW       0
0x15DA	0xE001      	BZ          L__I2C1_Start16
;__Lib_I2C_b46.mpas,113 :: 		
0x15DC	0xD009      	BRA         L__I2C1_Start14
L__I2C1_Start16:
;__Lib_I2C_b46.mpas,114 :: 		
0x15DE	0x505D      	MOVF        I2C1_Start_j+1, 0 
0x15E0	0x0A12      	XORLW       18
0x15E2	0xE102      	BNZ         L__I2C1_Start108
0x15E4	0x0E8E      	MOVLW       142
0x15E6	0x185C      	XORWF       I2C1_Start_j, 0 
L__I2C1_Start108:
0x15E8	0xE003      	BZ          L__I2C1_Start14
0x15EA	0x4A5C      	INFSNZ      I2C1_Start_j, 1 
0x15EC	0x2A5D      	INCF        I2C1_Start_j+1, 1 
0x15EE	0xD7F2      	BRA         L__I2C1_Start11
L__I2C1_Start14:
;__Lib_I2C_b46.mpas,116 :: 		
0x15F0	0x0E12      	MOVLW       18
0x15F2	0x5C5D      	SUBWF       I2C1_Start_j+1, 0 
0x15F4	0xE102      	BNZ         L__I2C1_Start109
0x15F6	0x0E8F      	MOVLW       143
0x15F8	0x5C5C      	SUBWF       I2C1_Start_j, 0 
L__I2C1_Start109:
0x15FA	0xE303      	BNC         L__I2C1_Start19
;__Lib_I2C_b46.mpas,117 :: 		
0x15FC	0x0E7B      	MOVLW       123
0x15FE	0x6E5B      	MOVWF       I2C1_Start_local_result 
0x1600	0xD035      	BRA         L__I2C1_Start20
;__Lib_I2C_b46.mpas,118 :: 		
L__I2C1_Start19:
;__Lib_I2C_b46.mpas,120 :: 		
0x1602	0x80C5      	BSF         SSPCON2, 0 
;__Lib_I2C_b46.mpas,121 :: 		
L__I2C1_Start22:
0x1604	0xA0C5      	BTFSS       SSPCON2, 0 
0x1606	0xD031      	BRA         L__I2C1_Start23
;__Lib_I2C_b46.mpas,124 :: 		
0x1608	0x0E00      	MOVLW       0
0x160A	0x6E00      	MOVWF       R0 
0x160C	0x1844      	XORWF       __Lib_I2C_b46__I2C1_TIMEOUT+3, 0 
0x160E	0xE108      	BNZ         L__I2C1_Start110
0x1610	0x5000      	MOVF        R0, 0 
0x1612	0x1843      	XORWF       __Lib_I2C_b46__I2C1_TIMEOUT+2, 0 
0x1614	0xE105      	BNZ         L__I2C1_Start110
0x1616	0x5000      	MOVF        R0, 0 
0x1618	0x1842      	XORWF       __Lib_I2C_b46__I2C1_TIMEOUT+1, 0 
0x161A	0xE102      	BNZ         L__I2C1_Start110
0x161C	0x5041      	MOVF        __Lib_I2C_b46__I2C1_TIMEOUT, 0 
0x161E	0x0A00      	XORLW       0
L__I2C1_Start110:
0x1620	0xE023      	BZ          L__I2C1_Start27
;__Lib_I2C_b46.mpas,126 :: 		
0x1622	0x0E00      	MOVLW       0
0x1624	0x6E00      	MOVWF       R0 
0x1626	0x0100      	MOVLB       0
0x1628	0x1964      	XORWF       I2C1_Start_timeout+3, 0, 1
0x162A	0xE108      	BNZ         L__I2C1_Start111
0x162C	0x5000      	MOVF        R0, 0 
0x162E	0x1963      	XORWF       I2C1_Start_timeout+2, 0, 1
0x1630	0xE105      	BNZ         L__I2C1_Start111
0x1632	0x5000      	MOVF        R0, 0 
0x1634	0x1962      	XORWF       I2C1_Start_timeout+1, 0, 1
0x1636	0xE102      	BNZ         L__I2C1_Start111
0x1638	0x5161      	MOVF        I2C1_Start_timeout, 0, 1
0x163A	0x0A00      	XORLW       0
L__I2C1_Start111:
0x163C	0xE10E      	BNZ         L__I2C1_Start30
;__Lib_I2C_b46.mpas,128 :: 		
0x163E	0xFFE1C023  	MOVFF       _I2C1_Timeout_Ptr+2, FSR1L
0x1642	0xFFE2C024  	MOVFF       _I2C1_Timeout_Ptr+3, FSR1H
0x1646	0x0E05      	MOVLW       5
0x1648	0x6EE6      	MOVWF       POSTINC1 
0x164A	0xF000C021  	MOVFF       _I2C1_Timeout_Ptr, R0
0x164E	0xF001C022  	MOVFF       _I2C1_Timeout_Ptr+1, R1
0x1652	0xDD69      	RCALL       _____DoIFC
;__Lib_I2C_b46.mpas,129 :: 		
0x1654	0x0E01      	MOVLW       1
0x1656	0x6E5B      	MOVWF       I2C1_Start_local_result 
;__Lib_I2C_b46.mpas,130 :: 		
0x1658	0xD009      	BRA         L_end__I2C1_Start
;__Lib_I2C_b46.mpas,131 :: 		
L__I2C1_Start30:
;__Lib_I2C_b46.mpas,132 :: 		
0x165A	0x0E01      	MOVLW       1
0x165C	0x0100      	MOVLB       0
0x165E	0x5F61      	SUBWF       I2C1_Start_timeout, 1, 1
0x1660	0x0E00      	MOVLW       0
0x1662	0x5B62      	SUBWFB      I2C1_Start_timeout+1, 1, 1
0x1664	0x5B63      	SUBWFB      I2C1_Start_timeout+2, 1, 1
0x1666	0x5B64      	SUBWFB      I2C1_Start_timeout+3, 1, 1
;__Lib_I2C_b46.mpas,133 :: 		
L__I2C1_Start27:
;__Lib_I2C_b46.mpas,134 :: 		
0x1668	0xD7CD      	BRA         L__I2C1_Start22
L__I2C1_Start23:
;__Lib_I2C_b46.mpas,135 :: 		
0x166A	0x6A5B      	CLRF        I2C1_Start_local_result 
;__Lib_I2C_b46.mpas,136 :: 		
L__I2C1_Start20:
;__Lib_I2C_b46.mpas,137 :: 		
L_end__I2C1_Start:
0x166C	0xF000C05B  	MOVFF       I2C1_Start_local_result, R0
L_end_I2C1_Start:
0x1670	0x0012      	RETURN      0
; end of _I2C1_Start
_UART1_Init:
;__Lib_UART_b57.mpas,39 :: 		
;__Lib_UART_b57.mpas,41 :: 		
0x1672	0x0EEA      	MOVLW       _UART1_Write
0x1674	0x6E31      	MOVWF       _UART_Wr_Ptr 
0x1676	0x0E10      	MOVLW       hi_addr(_UART1_Write)
0x1678	0x6E32      	MOVWF       _UART_Wr_Ptr+1 
0x167A	0x0E5F      	MOVLW       FARG_UART1_Write_data_
0x167C	0x6E33      	MOVWF       _UART_Wr_Ptr+2 
0x167E	0x0E00      	MOVLW       hi_addr(FARG_UART1_Write_data_)
0x1680	0x6E34      	MOVWF       _UART_Wr_Ptr+3 
;__Lib_UART_b57.mpas,42 :: 		
0x1682	0x0EFF      	MOVLW       _UART1_Read
0x1684	0x6E2D      	MOVWF       _UART_Rd_Ptr 
0x1686	0x0EFF      	MOVLW       hi_addr(_UART1_Read)
0x1688	0x6E2E      	MOVWF       _UART_Rd_Ptr+1 
0x168A	0x0E00      	MOVLW       0
0x168C	0x6E2F      	MOVWF       _UART_Rd_Ptr+2 
0x168E	0x0E00      	MOVLW       0
0x1690	0x6E30      	MOVWF       _UART_Rd_Ptr+3 
;__Lib_UART_b57.mpas,43 :: 		
0x1692	0x0EFF      	MOVLW       _UART1_Data_Ready
0x1694	0x6E35      	MOVWF       _UART_Rdy_Ptr 
0x1696	0x0EFF      	MOVLW       hi_addr(_UART1_Data_Ready)
0x1698	0x6E36      	MOVWF       _UART_Rdy_Ptr+1 
0x169A	0x0E00      	MOVLW       0
0x169C	0x6E37      	MOVWF       _UART_Rdy_Ptr+2 
0x169E	0x0E00      	MOVLW       0
0x16A0	0x6E38      	MOVWF       _UART_Rdy_Ptr+3 
;__Lib_UART_b57.mpas,44 :: 		
0x16A2	0x0EFF      	MOVLW       _UART1_TX_Idle
0x16A4	0x6E3D      	MOVWF       _UART_TX_Idle_Ptr 
0x16A6	0x0EFF      	MOVLW       hi_addr(_UART1_TX_Idle)
0x16A8	0x6E3E      	MOVWF       _UART_TX_Idle_Ptr+1 
0x16AA	0x0E00      	MOVLW       0
0x16AC	0x6E3F      	MOVWF       _UART_TX_Idle_Ptr+2 
0x16AE	0x0E00      	MOVLW       0
0x16B0	0x6E40      	MOVWF       _UART_TX_Idle_Ptr+3 
;__Lib_UART_b57.mpas,46 :: 		
0x16B2	0x8AAC      	BSF         TXSTA, 5 
;__Lib_UART_b57.mpas,47 :: 		
0x16B4	0x0E90      	MOVLW       144
0x16B6	0x6EAB      	MOVWF       RCSTA 
;__Lib_UART_b57.mpas,48 :: 		
0x16B8	0x8A93      	BSF         TRISB5_bit, BitPos(TRISB5_bit+0) 
;__Lib_UART_b57.mpas,49 :: 		
0x16BA	0x8E93      	BSF         TRISB7_bit, BitPos(TRISB7_bit+0) 
;__Lib_UART_b57.mpas,51 :: 		
L__UART1_Init2:
0x16BC	0xAA9E      	BTFSS       PIR1, 5 
0x16BE	0xD003      	BRA         L__UART1_Init3
;__Lib_UART_b57.mpas,52 :: 		
0x16C0	0xF000CFAE  	MOVFF       RCREG, R0
0x16C4	0xD7FB      	BRA         L__UART1_Init2
L__UART1_Init3:
;__Lib_UART_b57.mpas,53 :: 		
L_end_UART1_Init:
0x16C6	0x0012      	RETURN      0
; end of _UART1_Init
_I2C1_Init:
;__Lib_I2C_b46.mpas,59 :: 		
;__Lib_I2C_b46.mpas,60 :: 		
0x16C8	0x6A41      	CLRF        __Lib_I2C_b46__I2C1_TIMEOUT 
0x16CA	0x6A42      	CLRF        __Lib_I2C_b46__I2C1_TIMEOUT+1 
0x16CC	0x6A43      	CLRF        __Lib_I2C_b46__I2C1_TIMEOUT+2 
0x16CE	0x6A44      	CLRF        __Lib_I2C_b46__I2C1_TIMEOUT+3 
;__Lib_I2C_b46.mpas,62 :: 		
0x16D0	0x0E0A      	MOVLW       _I2C1_Is_Idle
0x16D2	0x6E25      	MOVWF       _I2C_Is_Idle_Ptr 
0x16D4	0x0E11      	MOVLW       hi_addr(_I2C1_Is_Idle)
0x16D6	0x6E26      	MOVWF       _I2C_Is_Idle_Ptr+1 
0x16D8	0x0E00      	MOVLW       0
0x16DA	0x6E27      	MOVWF       _I2C_Is_Idle_Ptr+2 
0x16DC	0x0E00      	MOVLW       0
0x16DE	0x6E28      	MOVWF       _I2C_Is_Idle_Ptr+3 
;__Lib_I2C_b46.mpas,63 :: 		
0x16E0	0x0EC0      	MOVLW       _I2C1_Start
0x16E2	0x6E1D      	MOVWF       _I2C_Start_Ptr 
0x16E4	0x0E15      	MOVLW       hi_addr(_I2C1_Start)
0x16E6	0x6E1E      	MOVWF       _I2C_Start_Ptr+1 
0x16E8	0x0E00      	MOVLW       0
0x16EA	0x6E1F      	MOVWF       _I2C_Start_Ptr+2 
0x16EC	0x0E00      	MOVLW       0
0x16EE	0x6E20      	MOVWF       _I2C_Start_Ptr+3 
;__Lib_I2C_b46.mpas,64 :: 		
0x16F0	0x0E4A      	MOVLW       _I2C1_Repeated_Start
0x16F2	0x6E15      	MOVWF       _I2C_Restart_Ptr 
0x16F4	0x0E14      	MOVLW       hi_addr(_I2C1_Repeated_Start)
0x16F6	0x6E16      	MOVWF       _I2C_Restart_Ptr+1 
0x16F8	0x0E00      	MOVLW       0
0x16FA	0x6E17      	MOVWF       _I2C_Restart_Ptr+2 
0x16FC	0x0E00      	MOVLW       0
0x16FE	0x6E18      	MOVWF       _I2C_Restart_Ptr+3 
;__Lib_I2C_b46.mpas,65 :: 		
0x1700	0x0EC0      	MOVLW       _I2C1_Rd
0x1702	0x6E19      	MOVWF       _I2C_Read_Ptr 
0x1704	0x0E14      	MOVLW       hi_addr(_I2C1_Rd)
0x1706	0x6E1A      	MOVWF       _I2C_Read_Ptr+1 
0x1708	0x0E5B      	MOVLW       FARG_I2C1_Rd_ack
0x170A	0x6E1B      	MOVWF       _I2C_Read_Ptr+2 
0x170C	0x0E00      	MOVLW       hi_addr(FARG_I2C1_Rd_ack)
0x170E	0x6E1C      	MOVWF       _I2C_Read_Ptr+3 
;__Lib_I2C_b46.mpas,66 :: 		
0x1710	0x0E24      	MOVLW       _I2C1_Wr
0x1712	0x6E29      	MOVWF       _I2C_Write_Ptr 
0x1714	0x0E12      	MOVLW       hi_addr(_I2C1_Wr)
0x1716	0x6E2A      	MOVWF       _I2C_Write_Ptr+1 
0x1718	0x0E5B      	MOVLW       FARG_I2C1_Wr_data_
0x171A	0x6E2B      	MOVWF       _I2C_Write_Ptr+2 
0x171C	0x0E00      	MOVLW       hi_addr(FARG_I2C1_Wr_data_)
0x171E	0x6E2C      	MOVWF       _I2C_Write_Ptr+3 
;__Lib_I2C_b46.mpas,67 :: 		
0x1720	0x0EBC      	MOVLW       _I2C1_Stop
0x1722	0x6E39      	MOVWF       _I2C_Stop_Ptr 
0x1724	0x0E14      	MOVLW       hi_addr(_I2C1_Stop)
0x1726	0x6E3A      	MOVWF       _I2C_Stop_Ptr+1 
0x1728	0x0E00      	MOVLW       0
0x172A	0x6E3B      	MOVWF       _I2C_Stop_Ptr+2 
0x172C	0x0E00      	MOVLW       0
0x172E	0x6E3C      	MOVWF       _I2C_Stop_Ptr+3 
;__Lib_I2C_b46.mpas,75 :: 		
0x1730	0x9893      	BCF         TRISB4_bit, BitPos(TRISB4_bit+0) 
;__Lib_I2C_b46.mpas,76 :: 		
0x1732	0x9C93      	BCF         TRISB6_bit, BitPos(TRISB6_bit+0) 
;__Lib_I2C_b46.mpas,79 :: 		
0x1734	0x988A      	BCF         LATB4_bit, BitPos(LATB4_bit+0) 
;__Lib_I2C_b46.mpas,80 :: 		
0x1736	0x9C8A      	BCF         LATB6_bit, BitPos(LATB6_bit+0) 
;__Lib_I2C_b46.mpas,83 :: 		
0x1738	0x8893      	BSF         TRISB4_bit, BitPos(TRISB4_bit+0) 
;__Lib_I2C_b46.mpas,84 :: 		
0x173A	0x8C93      	BSF         TRISB6_bit, BitPos(TRISB6_bit+0) 
;__Lib_I2C_b46.mpas,86 :: 		
0x173C	0x9EC7      	BCF         SSPSTAT, 7 
;__Lib_I2C_b46.mpas,87 :: 		
0x173E	0x9CC7      	BCF         SSPSTAT, 6 
;__Lib_I2C_b46.mpas,88 :: 		
0x1740	0x0E38      	MOVLW       56
0x1742	0x6EC6      	MOVWF       SSPCON1 
;__Lib_I2C_b46.mpas,91 :: 		
L_end_I2C1_Init:
0x1744	0x0012      	RETURN      0
; end of _I2C1_Init
_UART1_Write_Text:
;__Lib_UART_b57.mpas,93 :: 		
;__Lib_UART_b57.mpas,94 :: 		
0x1746	0x6A54      	CLRF        UART1_Write_Text_counter 
;__Lib_UART_b57.mpas,95 :: 		
0x1748	0xFFE9C052  	MOVFF       FARG_UART1_Write_Text_uart_text, FSR0L
0x174C	0xFFEAC053  	MOVFF       FARG_UART1_Write_Text_uart_text+1, FSR0H
0x1750	0xF055CFEE  	MOVFF       POSTINC0, UART1_Write_Text_data_
;__Lib_UART_b57.mpas,96 :: 		
L__UART1_Write_Text20:
0x1754	0x5055      	MOVF        UART1_Write_Text_data_, 0 
0x1756	0x0A00      	XORLW       0
0x1758	0xE00D      	BZ          L__UART1_Write_Text21
;__Lib_UART_b57.mpas,98 :: 		
0x175A	0xF05FC055  	MOVFF       UART1_Write_Text_data_, FARG_UART1_Write_data_
0x175E	0xDCC5      	RCALL       _UART1_Write
;__Lib_UART_b57.mpas,99 :: 		
0x1760	0x2A54      	INCF        UART1_Write_Text_counter, 1 
;__Lib_UART_b57.mpas,100 :: 		
0x1762	0x5054      	MOVF        UART1_Write_Text_counter, 0 
0x1764	0x2452      	ADDWF       FARG_UART1_Write_Text_uart_text, 0 
0x1766	0x6EE9      	MOVWF       FSR0L 
0x1768	0x0E00      	MOVLW       0
0x176A	0x2053      	ADDWFC      FARG_UART1_Write_Text_uart_text+1, 0 
0x176C	0x6EEA      	MOVWF       FSR0H 
0x176E	0xF055CFEE  	MOVFF       POSTINC0, UART1_Write_Text_data_
;__Lib_UART_b57.mpas,101 :: 		
0x1772	0xD7F0      	BRA         L__UART1_Write_Text20
L__UART1_Write_Text21:
;__Lib_UART_b57.mpas,102 :: 		
L_end_UART1_Write_Text:
0x1774	0x0012      	RETURN      0
; end of _UART1_Write_Text
_Double2Byte:
;__Lib_MathDouble.mpas,2118 :: 		
;__Lib_MathDouble.mpas,2127 :: 		
0x1776	0x6A0B      	CLRF        R11, 0
;__Lib_MathDouble.mpas,2128 :: 		
0x1778	0x6A0C      	CLRF        R12, 0
;__Lib_MathDouble.mpas,2129 :: 		
0x177A	0x6A0A      	CLRF        R10, 0
;__Lib_MathDouble.mpas,2131 :: 		
0x177C	0x5003      	MOVF        R3, 0, 0
;__Lib_MathDouble.mpas,2132 :: 		
0x177E	0xB4D8      	BTFSC       STATUS, 2, 0
;__Lib_MathDouble.mpas,2133 :: 		
0x1780	0xF00BEFF0  	GOTO        IRES008
;__Lib_MathDouble.mpas,2135 :: 		
0x1784	0x9E0A      	BCF         R10, 7, 0
;__Lib_MathDouble.mpas,2136 :: 		
0x1786	0x8E02      	BSF         R2, 7, 0
;__Lib_MathDouble.mpas,2138 :: 		
0x1788	0x0E86      	MOVLW       134
;__Lib_MathDouble.mpas,2139 :: 		
0x178A	0x5E03      	SUBWF       R3, 1, 0
;__Lib_MathDouble.mpas,2140 :: 		
0x178C	0xBE03      	BTFSC       R3, 7, 0
;__Lib_MathDouble.mpas,2141 :: 		
0x178E	0xF00BEFCE  	GOTO        SETEXP08
;__Lib_MathDouble.mpas,2142 :: 		
0x1792	0xB4D8      	BTFSC       STATUS, 2, 0
;__Lib_MathDouble.mpas,2143 :: 		
0x1794	0xF00BEFCE  	GOTO        SETEXP08
;__Lib_MathDouble.mpas,2144 :: 		
0x1798	0xF00BEFF3  	GOTO        SETIOV08
;__Lib_MathDouble.mpas,2145 :: 		
SETEXP08:
;__Lib_MathDouble.mpas,2146 :: 		
0x179C	0x6C03      	NEGF        R3, 0
;__Lib_MathDouble.mpas,2148 :: 		
0x179E	0x0E08      	MOVLW       8
;__Lib_MathDouble.mpas,2149 :: 		
0x17A0	0x5C03      	SUBWF       R3, 0, 0
;__Lib_MathDouble.mpas,2150 :: 		
0x17A2	0xA0D8      	BTFSS       STATUS, 0, 0
;__Lib_MathDouble.mpas,2151 :: 		
0x17A4	0xF00BEFDC  	GOTO        TSHIFT3208
;__Lib_MathDouble.mpas,2152 :: 		
0x17A8	0x6E03      	MOVWF       R3, 0
;__Lib_MathDouble.mpas,2153 :: 		
0x17AA	0x3602      	RLCF        R2, 1, 0
;__Lib_MathDouble.mpas,2154 :: 		
0x17AC	0x6A02      	CLRF        R2, 0
;__Lib_MathDouble.mpas,2156 :: 		
0x17AE	0x5003      	MOVF        R3, 0, 0
;__Lib_MathDouble.mpas,2157 :: 		
0x17B0	0xA4D8      	BTFSS       STATUS, 2, 0
;__Lib_MathDouble.mpas,2158 :: 		
0x17B2	0x90D8      	BCF         STATUS, 0, 0
;__Lib_MathDouble.mpas,2159 :: 		
0x17B4	0xF00BEFE5  	GOTO        SHIFT3208OK
;__Lib_MathDouble.mpas,2160 :: 		
TSHIFT3208:
;__Lib_MathDouble.mpas,2161 :: 		
0x17B8	0x5003      	MOVF        R3, 0, 0
;__Lib_MathDouble.mpas,2162 :: 		
0x17BA	0xB4D8      	BTFSC       STATUS, 2, 0
;__Lib_MathDouble.mpas,2163 :: 		
0x17BC	0xF00BEFE5  	GOTO        SHIFT3208OK
;__Lib_MathDouble.mpas,2164 :: 		
SHIFT3208:
;__Lib_MathDouble.mpas,2165 :: 		
0x17C0	0x90D8      	BCF         STATUS, 0, 0
;__Lib_MathDouble.mpas,2166 :: 		
0x17C2	0x3202      	RRCF        R2, 1, 0
;__Lib_MathDouble.mpas,2167 :: 		
0x17C4	0x2E03      	DECFSZ      R3, 1, 0
;__Lib_MathDouble.mpas,2168 :: 		
0x17C6	0xF00BEFE0  	GOTO        SHIFT3208
;__Lib_MathDouble.mpas,2169 :: 		
SHIFT3208OK:
;__Lib_MathDouble.mpas,2170 :: 		
0x17CA	0xBC0B      	BTFSC       R11, 6, 0
;__Lib_MathDouble.mpas,2171 :: 		
0x17CC	0xA002      	BTFSS       R2, 0, 0
;__Lib_MathDouble.mpas,2172 :: 		
0x17CE	0xF00BEFF0  	GOTO        INT3208OK
;__Lib_MathDouble.mpas,2173 :: 		
0x17D2	0xA0D8      	BTFSS       STATUS, 0, 0
;__Lib_MathDouble.mpas,2174 :: 		
0x17D4	0xF00BEFF0  	GOTO        INT3208OK
;__Lib_MathDouble.mpas,2175 :: 		
0x17D8	0x2A02      	INCF        R2, 1, 0
;__Lib_MathDouble.mpas,2176 :: 		
0x17DA	0xB4D8      	BTFSC       STATUS, 2, 0
;__Lib_MathDouble.mpas,2177 :: 		
0x17DC	0xF00BEFFA  	GOTO        D2B_JPKSETIOV3224
;__Lib_MathDouble.mpas,2178 :: 		
INT3208OK:
;__Lib_MathDouble.mpas,2179 :: 		
IRES008:
;__Lib_MathDouble.mpas,2180 :: 		
0x17E0	0x6A01      	CLRF        R1, 0
;__Lib_MathDouble.mpas,2181 :: 		
0x17E2	0xF00BEFFF  	GOTO        INT3208EOK
;__Lib_MathDouble.mpas,2182 :: 		
SETIOV08:
;__Lib_MathDouble.mpas,2183 :: 		
0x17E6	0x800B      	BSF         R11, 0, 0
;__Lib_MathDouble.mpas,2184 :: 		
0x17E8	0xAE0B      	BTFSS       R11, 7, 0
;__Lib_MathDouble.mpas,2185 :: 		
0x17EA	0xF00CEF03  	GOTO        INT3208EER
;__Lib_MathDouble.mpas,2187 :: 		
0x17EE	0x6A01      	CLRF        R1, 0
;__Lib_MathDouble.mpas,2188 :: 		
0x17F0	0xF00CEF03  	GOTO        INT3208EER
;__Lib_MathDouble.mpas,2189 :: 		
D2B_JPKSETIOV3224:
;__Lib_MathDouble.mpas,2190 :: 		
0x17F4	0x0E01      	MOVLW       1
;__Lib_MathDouble.mpas,2191 :: 		
0x17F6	0x6E0C      	MOVWF       R12, 0
;__Lib_MathDouble.mpas,2193 :: 		
0x17F8	0xDCE7      	RCALL       _SETIOV3224
;__Lib_MathDouble.mpas,2195 :: 		
0x17FA	0xF00CEF05  	GOTO        INT3208EEE
;__Lib_MathDouble.mpas,2196 :: 		
INT3208EOK:
;__Lib_MathDouble.mpas,2197 :: 		
0x17FE	0x0E00      	MOVLW       0
;__Lib_MathDouble.mpas,2198 :: 		
0x1800	0x6E0C      	MOVWF       R12, 0
;__Lib_MathDouble.mpas,2199 :: 		
0x1802	0xF00CEF05  	GOTO        INT3208EEE
;__Lib_MathDouble.mpas,2200 :: 		
INT3208EER:
;__Lib_MathDouble.mpas,2201 :: 		
0x1806	0x0EFF      	MOVLW       255
;__Lib_MathDouble.mpas,2202 :: 		
0x1808	0x6E0C      	MOVWF       R12, 0
;__Lib_MathDouble.mpas,2203 :: 		
INT3208EEE:
;__Lib_MathDouble.mpas,2204 :: 		
0x180A	0x5002      	MOVF        R2, 0, 0
;__Lib_MathDouble.mpas,2205 :: 		
0x180C	0x6E00      	MOVWF       R0, 0
;__Lib_MathDouble.mpas,2207 :: 		
L_end_Double2Byte:
0x180E	0x0012      	RETURN      0
; end of _Double2Byte
_Get_Object_Temperature:
;TMP007.mbas,11 :: 		dim Temperature as float
;TMP007.mbas,13 :: 		I2C1_Start()                                               ' Issue I2C start signal
0x1810	0xDED7      	RCALL       _I2C1_Start
;TMP007.mbas,14 :: 		I2C1_Wr(TMP007_I2C_ADDR)                                   ' Send Slave Address Byte
0x1812	0x0E80      	MOVLW       128
0x1814	0x6E5B      	MOVWF       FARG_I2C1_Wr_data_ 
0x1816	0xDD06      	RCALL       _I2C1_Wr
;TMP007.mbas,15 :: 		I2C1_Wr(0x03)                                              ' Pointer Register Byte
0x1818	0x0E03      	MOVLW       3
0x181A	0x6E5B      	MOVWF       FARG_I2C1_Wr_data_ 
0x181C	0xDD03      	RCALL       _I2C1_Wr
;TMP007.mbas,16 :: 		I2C1_Repeated_Start()                                      ' Issue I2C signal repeated start
0x181E	0xDE15      	RCALL       _I2C1_Repeated_Start
;TMP007.mbas,17 :: 		I2C1_Wr(TMP007_I2C_ADDR+1)                                 ' Slave Address Byte incremented for one address
0x1820	0x0E81      	MOVLW       129
0x1822	0x6E5B      	MOVWF       FARG_I2C1_Wr_data_ 
0x1824	0xDCFF      	RCALL       _I2C1_Wr
;TMP007.mbas,18 :: 		tmp_data[0] = I2C1_Rd(1)                                   ' Read High value from register address (0x03) and store it in tmp_data and send
0x1826	0x0E01      	MOVLW       1
0x1828	0x6E5B      	MOVWF       FARG_I2C1_Rd_ack 
0x182A	0xDE4A      	RCALL       _I2C1_Rd
0x182C	0xF056C000  	MOVFF       R0, Get_Object_Temperature_tmp_data
;TMP007.mbas,20 :: 		tmp_data[1] = I2C1_Rd(_I2C_NACK)                           ' Read Low value from register address (0x03)
0x1830	0x6A5B      	CLRF        FARG_I2C1_Rd_ack 
0x1832	0xDE46      	RCALL       _I2C1_Rd
0x1834	0xF057C000  	MOVFF       R0, Get_Object_Temperature_tmp_data+1
;TMP007.mbas,21 :: 		I2C1_Stop()                                                ' Issue I2C stop signal
0x1838	0xDE41      	RCALL       _I2C1_Stop
;TMP007.mbas,23 :: 		TemperatureSum = ((tmp_data[0] << 8) or tmp_data[1]) >> 2  ' Justify temperature values
0x183A	0xF001C056  	MOVFF       Get_Object_Temperature_tmp_data, R1
0x183E	0x6A00      	CLRF        R0 
0x1840	0x5057      	MOVF        Get_Object_Temperature_tmp_data+1, 0 
0x1842	0x1000      	IORWF       R0, 0 
0x1844	0x6E04      	MOVWF       R4 
0x1846	0xF005C001  	MOVFF       R1, R5
0x184A	0x0E00      	MOVLW       0
0x184C	0x1205      	IORWF       R5, 1 
0x184E	0xF002C004  	MOVFF       R4, R2
0x1852	0xF003C005  	MOVFF       R5, R3
0x1856	0x3203      	RRCF        R3, 1 
0x1858	0x3202      	RRCF        R2, 1 
0x185A	0x9E03      	BCF         R3, 7 
0x185C	0xBC03      	BTFSC       R3, 6 
0x185E	0x8E03      	BSF         R3, 7 
0x1860	0x3203      	RRCF        R3, 1 
0x1862	0x3202      	RRCF        R2, 1 
0x1864	0x9E03      	BCF         R3, 7 
0x1866	0xBC03      	BTFSC       R3, 6 
0x1868	0x8E03      	BSF         R3, 7 
0x186A	0xF059C002  	MOVFF       R2, Get_Object_Temperature_TemperatureSum
0x186E	0xF05AC003  	MOVFF       R3, Get_Object_Temperature_TemperatureSum+1
;TMP007.mbas,25 :: 		if(TemperatureSum and (1 << 13)) then                      ' Test negative bit
0x1872	0xAA03      	BTFSS       R3, 5 
0x1874	0xD004      	BRA         L__Get_Object_Temperature2
;TMP007.mbas,26 :: 		TemperatureSum = TemperatureSum or 0xE000                ' Set bits 11 to 15 to logic 1 to get this reading into real two complement
0x1876	0x0E00      	MOVLW       0
0x1878	0x1259      	IORWF       Get_Object_Temperature_TemperatureSum, 1 
0x187A	0x0EE0      	MOVLW       224
0x187C	0x125A      	IORWF       Get_Object_Temperature_TemperatureSum+1, 1 
L__Get_Object_Temperature2:
;TMP007.mbas,29 :: 		Temperature = TemperatureSum * 0.03125                     ' Multiply temperature value with 0.03125 (value per bit)
0x187E	0xF000C059  	MOVFF       Get_Object_Temperature_TemperatureSum, R0
0x1882	0xF001C05A  	MOVFF       Get_Object_Temperature_TemperatureSum+1, R1
0x1886	0xDCAE      	RCALL       _Int2Double
0x1888	0x0E00      	MOVLW       0
0x188A	0x6E04      	MOVWF       R4 
0x188C	0x0E00      	MOVLW       0
0x188E	0x6E05      	MOVWF       R5 
0x1890	0x0E00      	MOVLW       0
0x1892	0x6E06      	MOVWF       R6 
0x1894	0x0E7A      	MOVLW       122
0x1896	0x6E07      	MOVWF       R7 
0x1898	0xDD48      	RCALL       _Mul_32x32_FP
;TMP007.mbas,31 :: 		result = Temperature
0x189A	0xF052C000  	MOVFF       R0, Get_Object_Temperature_local_result
0x189E	0xF053C001  	MOVFF       R1, Get_Object_Temperature_local_result+1
0x18A2	0xF054C002  	MOVFF       R2, Get_Object_Temperature_local_result+2
0x18A6	0xF055C003  	MOVFF       R3, Get_Object_Temperature_local_result+3
;TMP007.mbas,33 :: 		end sub
0x18AA	0xF000C052  	MOVFF       Get_Object_Temperature_local_result, R0
0x18AE	0xF001C053  	MOVFF       Get_Object_Temperature_local_result+1, R1
0x18B2	0xF002C054  	MOVFF       Get_Object_Temperature_local_result+2, R2
0x18B6	0xF003C055  	MOVFF       Get_Object_Temperature_local_result+3, R3
L_end_Get_Object_Temperature:
0x18BA	0x0012      	RETURN      0
; end of _Get_Object_Temperature
Symbol List:
//** Routines locations **
//ADDRESS    SIZE    PROCEDURE
//----------------------------------------------
0x1000     [186]    _main
0x10BA       [8]    _FIXSIGN32
0x10C2      [26]    _SETFUN32
0x10DC      [14]    _RES032
0x10EA      [14]    _UART1_Write
0x10F8      [18]    _SPI1_Write
0x110A      [28]    _I2C1_Is_Idle
0x1126      [24]    _____DoIFC
0x113E     [114]    _NRM3232
0x11B0      [24]    _SETFOV32
0x11C8      [28]    _SETIOV3224
0x11E4      [64]    _Int2Double
0x1224     [262]    _I2C1_Wr
0x132A     [288]    _Mul_32x32_FP
0x144A     [114]    _I2C1_Repeated_Start
0x14BC       [4]    _I2C1_Stop
0x14C0     [256]    _I2C1_Rd
0x15C0     [178]    _I2C1_Start
0x1672      [86]    _UART1_Init
0x16C8     [126]    _I2C1_Init
0x1746      [48]    _UART1_Write_Text
0x1776     [154]    _Double2Byte
0x1810     [172]    _Get_Object_Temperature
//** Variables locations ** 
//ADDRESS    SIZE    VARIABLE
//----------------------------------------------
0x0000       [1]    PutZerosToLATScl_temp_scl
0x0000       [1]    FLASH_Erase_64_SaveINTCON
0x0000       [1]    UART1_Init_tmp
0x0000       [1]    EEPROM_Write_SaveINTCON
0x0000       [1]    SPI1_Write_tmp
0x0000       [1]    R0
0x0000       [1]    PutZerosToLATSda_temp_sda
0x0001       [1]    UART1_Data_Ready_local_result
0x0001       [1]    FLASH_Read_local_result
0x0001       [1]    Is_SSD1963_Set_local_result
0x0001       [2]    strncpy_ptr1
0x0001       [1]    JPEG_ToSignedCharRange_local_result
0x0001       [1]    __Lib_USB_genHID_P18K50_?FLOC____Lib_USB_genHID_P18K50_USB_Handle_BusyT1
0x0001       [1]    FLASH_Erase_Write_64_cnt1
0x0001       [2]    ltrim_ptr1
0x0001       [1]    R1
0x0001       [1]    SPI1_Read_local_result
0x0001       [2]    strcat_ptr1
0x0001       [1]    Is_TFT_Set_local_result
0x0001       [1]    JPEG_FileReadBytes_local_result
0x0001       [1]    Mmc_Fat_EOF_local_result
0x0001       [2]    strcpy_ptr1
0x0001       [1]    UART1_TX_Idle_local_result
0x0001       [1]    closeDir_local_result
0x0001       [1]    Cf_Detect_local_result
0x0001       [2]    memcpy_chptr1
0x0001       [1]    Clock_Wait_High_local_result
0x0001       [1]    JPEG_ToCharRange_local_result
0x0001       [1]    EEPROM_Read_local_result
0x0001       [1]    Is_TFT_Rotated_180_local_result
0x0001       [2]    strncat2_ptr1
0x0001       [2]    FLASH_Read_N_Bytes_counter
0x0001       [2]    strcat2_ptrl1
0x0001       [1]    FLASH_Write_16_counter
0x0001       [2]    memset_chptr
0x0001       [1]    UART1_Read_local_result
0x0001       [1]    MM_error_local_result
0x0002       [1]    Wait_Falling_local_result
0x0002       [2]    strstr_local_result
0x0002       [1]    Clock_Wait_Low_local_result
0x0002       [2]    min_local_result
0x0002       [2]    SPI_Ethernet_getIpMask_local_result
0x0002       [2]    T6963C_WaitReady_ptr
0x0002       [1]    UART1_Read_tmp
0x0002       [2]    f16_toInt_local_result
0x0002       [1]    tolower_local_result
0x0002       [1]    toupper_local_result
0x0002       [2]    SPI_Ethernet_24j600_getGwIpAddress_local_result
0x0002       [2]    SPI_Ethernet_24j600_getIpAddress_local_result
0x0002       [1]    __Lib_USB_genHID_P18K50_USB_CtrlTrf_Rx_Service_byteToRead_L0
0x0002       [2]    strchr_local_result
0x0002       [1]    FLASH_Write_16_SaveINTCON
0x0002       [1]    FLASH_Erase_Write_64_cnt2
0x0002       [2]    memchr_local_result
0x0002       [2]    memcmp_local_result
0x0002       [1]    I2C1_Is_Idle_local_result
0x0002       [2]    SPI_Ethernet_24j600_getDnsIpAddress_local_result
0x0002       [1]    islower_local_result
0x0002       [1]    isupper_local_result
0x0002       [1]    iscntrl_local_result
0x0002       [2]    SPI_Ethernet_getDnsIpAddress_local_result
0x0002       [2]    SPI_Ethernet_getGwIpAddress_local_result
0x0002       [2]    SPI_Ethernet_getIpAddress_local_result
0x0002       [1]    ispunct_local_result
0x0002       [2]    constToVar_local_result
0x0002       [2]    SPI_Ethernet_24j600_getIpMask_local_result
0x0002       [2]    strncat_ptr1
0x0002       [1]    isdigit_local_result
0x0002       [2]    strlen_local_result
0x0002       [2]    Length_local_result
0x0002       [2]    max_local_result
0x0002       [1]    JPEG_FileRead_i
0x0002       [2]    abs_local_result
0x0002       [1]    R2
0x0003       [2]    strcpy_ptr2
0x0003       [2]    strcat_ptr2
0x0003       [2]    MM_CheckBlocks_local_result
0x0003       [2]    __Lib_USB_genHID_P18K50_USB_CtrlTrf_Tx_Service_byteToSend_L0
0x0003       [2]    strncat2_ptr2
0x0003       [1]    Wait_Falling_osample
0x0003       [2]    memcpy_chptr2
0x0003       [2]    strncpy_ptr2
0x0003       [1]    FLASH_Erase_Write_64_SaveINTCON
0x0003       [1]    MM_Init_i
0x0003       [1]    isspace_local_result
0x0003       [2]    strcat2_ptr1
0x0003       [2]    strcmp_local_result
0x0003       [1]    __Lib_USB_genHID_P18K50_USB_CtrlTrf_Rx_Service_i_L0
0x0003       [2]    MM_TotalFreeMemSize_local_result
0x0003       [2]    ltrim_ptr2
0x0003       [1]    R3
0x0004       [1]    Ps2_Get_Value_local_result
0x0004       [2]    __Lib_USB_genHID_P18K50_USB_Transfer_Packet_handle_L0
0x0004       [2]    strstr_i
0x0004       [4]    Mmc_Fat_Get_File_Size_local_result
0x0004       [2]    __Lib_USB_genHID_P18K50_USB_Std_Feature_Req_Handler_p_L0
0x0004       [2]    strchr_ptr
0x0004       [4]    frexp_local_result
0x0004       [4]    Get_Fosc_kHz_local_result
0x0004       [2]    Length_ptr
0x0004       [4]    Mmc_Fat_Tell_local_result
0x0004       [2]    strlen_ptr
0x0004       [2]    strncmp_local_result
0x0004       [2]    memcmp_chptr1
0x0004       [4]    Cf_Fat_Get_File_Size_local_result
0x0004       [4]    f16_toLong_local_result
0x0004       [2]    memchr_chptr
0x0004       [1]    Wait_Falling_nsample
0x0004       [2]    strncat_ptr2
0x0004       [1]    R4
0x0004       [1]    __Lib_USB_genHID_P18K50_GetMaxIndexInDevDsc_index_L0
0x0004       [2]    memmove_chptr1
0x0004       [4]    labs_local_result
0x0004       [2]    __Lib_USB_genHID_P18K50_USB_Get_Status_Handler_p_L2
0x0005       [1]    MM_TotalFreeMemSize_i
0x0005       [2]    LongWordToHex_input_half
0x0005       [1]    GetMemAlign_i
0x0005       [1]    Ps2_Get_Value_rslt
0x0005       [2]    strcmp_ptr1
0x0005       [1]    R5
0x0005       [2]    strcat2_ptr2
0x0005       [2]    LongIntToHex_input_half
0x0005       [1]    Wait_Falling_i
0x0006       [2]    memmove_chptr2
0x0006       [1]    R6
0x0006       [2]    TFT_RGBToColor16bit_local_result
0x0006       [2]    __Lib_USB_genHID_P18K50_GetMaxIndexInConfigDsc_totalLen_L0
0x0006       [2]    memcmp_chptr2
0x0006       [2]    strstr_j
0x0006       [1]    strncmp_ch1
0x0007       [2]    strcmp_ptr2
0x0007       [1]    R7
0x0007       [1]    strncmp_ch2
0x0008       [1]    R8
0x0008       [1]    JPEG_GenerateHuffmanTables_local_result
0x0008       [3]    __Lib_USB_genHID_P18K50_GetMaxIndexInConfigDsc_ptr_L0
0x0008       [2]    strstr_k
0x0008       [2]    strncmp_ptr1
0x0009       [1]    JPEG_GenerateHuffmanTables_bLength
0x0009       [1]    R9
0x0009       [4]    JPEG_UnscaleValue_local_result
0x000A       [1]    R10
0x000A       [1]    strstr_aa
0x000A       [1]    JPEG_GenerateHuffmanTables_bTable
0x000A       [2]    strncmp_ptr2
0x000B       [1]    R11
0x000B       [1]    strstr_bb
0x000C       [1]    R12
0x000D       [1]    R13
0x000E       [1]    R14
0x000F       [1]    R15
0x0010       [1]    R16
0x0011       [1]    R17
0x0012       [1]    R18
0x0013       [1]    R19
0x0014       [1]    R20
0x0015       [4]    _I2C_Restart_Ptr
0x0019       [4]    _I2C_Read_Ptr
0x001D       [4]    _I2C_Start_Ptr
0x0021       [4]    _I2C1_Timeout_Ptr
0x0025       [4]    _I2C_Is_Idle_Ptr
0x0029       [4]    _I2C_Write_Ptr
0x002D       [4]    _UART_Rd_Ptr
0x0031       [4]    _UART_Wr_Ptr
0x0035       [4]    _UART_Rdy_Ptr
0x0039       [4]    _I2C_Stop_Ptr
0x003D       [4]    _UART_TX_Idle_Ptr
0x0041       [4]    __Lib_I2C_b46__I2C1_TIMEOUT
0x0045       [1]    _Temperature_read
0x0046      [12]    ?LocalText_main
0x0052       [4]    FARG_I2C1_Init_clock
0x0052       [4]    Get_Object_Temperature_local_result
0x0052       [2]    FARG_UART1_Write_Text_uart_text
0x0054       [1]    UART1_Write_Text_counter
0x0055       [1]    UART1_Write_Text_data_
0x0056       [3]    Get_Object_Temperature_tmp_data
0x0059       [2]    Get_Object_Temperature_TemperatureSum
0x005B       [1]    FARG_I2C1_Rd_ack
0x005B       [1]    I2C1_Start_local_result
0x005B       [4]    I2C1_Repeated_Start_timeout
0x005B       [1]    FARG_I2C1_Wr_data_
0x005C       [1]    I2C1_Rd_local_result
0x005C       [2]    I2C1_Start_j
0x005C       [1]    I2C1_Wr_local_result
0x005F       [1]    FARG_UART1_Write_data_
0x005F       [1]    FARG_SPI1_Write_data_
0x0061       [4]    I2C1_Start_timeout
0x0061       [4]    I2C1_Rd_timeout
0x0061       [4]    I2C1_Wr_timeout
0x0F80       [1]    PORTA
0x0F8A       [0]    LATB6_bit
0x0F8A       [0]    LATB4_bit
0x0F93       [0]    TRISB5_bit
0x0F93       [1]    TRISB
0x0F93       [0]    TRISB7_bit
0x0F93       [0]    TRISB6_bit
0x0F93       [0]    TRISB4_bit
0x0F9E       [1]    PIR1
0x0FAB       [1]    RCSTA
0x0FAC       [1]    TXSTA
0x0FAD       [1]    TXREG
0x0FAE       [1]    RCREG
0x0FAF       [1]    SPBRG
0x0FB0       [1]    SPBRGH
0x0FB8       [1]    BAUDCON
0x0FC5       [1]    SSPCON2
0x0FC6       [1]    SSPCON1
0x0FC7       [1]    SSPSTAT
0x0FC8       [1]    SSPADD
0x0FC9       [1]    SSPBUF
0x0FD8       [1]    STATUS
0x0FE1       [2]    FSR1
0x0FF2       [1]    INTCON
0x0FF3       [1]    PRODL
0x0FF4       [1]    PRODH
0x0FFD       [1]    TOSL
0x0FFE       [1]    TOSH
0x0FFF       [1]    TOSU
