;  LST file generated by mikroListExporter - v.2.0 
; Date/Time: 19/05/2017 01:45:49 p. m.
;----------------------------------------------

;Address Opcode 	ASM
0x0000	0xF008EF00  	GOTO        4096
0x0004	0x0000      	NOP
0x0006	0x0000      	NOP
0x0008	0xF000EF00  	GOTO        0
0x000C	0x0000      	NOP
0x000E	0x0000      	NOP
0x0010	0x0000      	NOP
0x0012	0x0000      	NOP
0x0014	0x0000      	NOP
0x0016	0x0000      	NOP
0x0018	0xD7F3      	BRA         0
_main:
;LCD_i2c.mbas,197 :: 		org 0x1000
;LCD_i2c.mbas,200 :: 		txt1 = "I2C LCD EXAMPLE"
0x1000	0x0E49      	MOVLW       73
0x1002	0x6E46      	MOVWF       _txt1 
0x1004	0x0E32      	MOVLW       50
0x1006	0x6E47      	MOVWF       _txt1+1 
0x1008	0x0E43      	MOVLW       67
0x100A	0x6E48      	MOVWF       _txt1+2 
0x100C	0x0E20      	MOVLW       32
0x100E	0x6E49      	MOVWF       _txt1+3 
0x1010	0x0E4C      	MOVLW       76
0x1012	0x6E4A      	MOVWF       _txt1+4 
0x1014	0x0E43      	MOVLW       67
0x1016	0x6E4B      	MOVWF       _txt1+5 
0x1018	0x0E44      	MOVLW       68
0x101A	0x6E4C      	MOVWF       _txt1+6 
0x101C	0x0E20      	MOVLW       32
0x101E	0x6E4D      	MOVWF       _txt1+7 
0x1020	0x0E45      	MOVLW       69
0x1022	0x6E4E      	MOVWF       _txt1+8 
0x1024	0x0E58      	MOVLW       88
0x1026	0x6E4F      	MOVWF       _txt1+9 
0x1028	0x0E41      	MOVLW       65
0x102A	0x6E50      	MOVWF       _txt1+10 
0x102C	0x0E4D      	MOVLW       77
0x102E	0x6E51      	MOVWF       _txt1+11 
0x1030	0x0E50      	MOVLW       80
0x1032	0x6E52      	MOVWF       _txt1+12 
0x1034	0x0E4C      	MOVLW       76
0x1036	0x6E53      	MOVWF       _txt1+13 
0x1038	0x0E45      	MOVLW       69
0x103A	0x6E54      	MOVWF       _txt1+14 
0x103C	0x6A55      	CLRF        _txt1+15 
;LCD_i2c.mbas,201 :: 		txt2 = "Hola mundo! :)"
0x103E	0x0E48      	MOVLW       72
0x1040	0x6E35      	MOVWF       _txt2 
0x1042	0x0E6F      	MOVLW       111
0x1044	0x6E36      	MOVWF       _txt2+1 
0x1046	0x0E6C      	MOVLW       108
0x1048	0x6E37      	MOVWF       _txt2+2 
0x104A	0x0E61      	MOVLW       97
0x104C	0x6E38      	MOVWF       _txt2+3 
0x104E	0x0E20      	MOVLW       32
0x1050	0x6E39      	MOVWF       _txt2+4 
0x1052	0x0E6D      	MOVLW       109
0x1054	0x6E3A      	MOVWF       _txt2+5 
0x1056	0x0E75      	MOVLW       117
0x1058	0x6E3B      	MOVWF       _txt2+6 
0x105A	0x0E6E      	MOVLW       110
0x105C	0x6E3C      	MOVWF       _txt2+7 
0x105E	0x0E64      	MOVLW       100
0x1060	0x6E3D      	MOVWF       _txt2+8 
0x1062	0x0E6F      	MOVLW       111
0x1064	0x6E3E      	MOVWF       _txt2+9 
0x1066	0x0E21      	MOVLW       33
0x1068	0x6E3F      	MOVWF       _txt2+10 
0x106A	0x0E20      	MOVLW       32
0x106C	0x6E40      	MOVWF       _txt2+11 
0x106E	0x0E3A      	MOVLW       58
0x1070	0x6E41      	MOVWF       _txt2+12 
0x1072	0x0E29      	MOVLW       41
0x1074	0x6E42      	MOVWF       _txt2+13 
0x1076	0x6A43      	CLRF        _txt2+14 
;LCD_i2c.mbas,203 :: 		I2C1_Init(100000)
0x1078	0x0E78      	MOVLW       120
0x107A	0x6EC8      	MOVWF       SSPADD 
0x107C	0xDA13      	RCALL       _I2C1_Init
;LCD_i2c.mbas,205 :: 		I2C_LCD_Init()
0x107E	0xDA51      	RCALL       _I2C_LCD_Init
;LCD_i2c.mbas,206 :: 		I2C_LCD_Cmd(_LCD_CURSOR_OFF)
0x1080	0x0E0C      	MOVLW       12
0x1082	0x6F64      	MOVWF       FARG_I2C_LCD_Cmd_out_char, 1
0x1084	0xD923      	RCALL       _I2C_LCD_Cmd
;LCD_i2c.mbas,207 :: 		I2C_LCD_Cmd(_LCD_CLEAR)
0x1086	0x0E01      	MOVLW       1
0x1088	0x6F64      	MOVWF       FARG_I2C_LCD_Cmd_out_char, 1
0x108A	0xD920      	RCALL       _I2C_LCD_Cmd
;LCD_i2c.mbas,208 :: 		I2C_Lcd_Out(1,1,txt1)                 ' Write text in first row
0x108C	0x0E01      	MOVLW       1
0x108E	0x6E57      	MOVWF       FARG_I2C_LCD_Out_row 
0x1090	0x0E01      	MOVLW       1
0x1092	0x6E58      	MOVWF       FARG_I2C_LCD_Out_column 
0x1094	0x0E46      	MOVLW       _txt1
0x1096	0x6E59      	MOVWF       FARG_I2C_LCD_Out_text 
0x1098	0x0E00      	MOVLW       hi_addr(_txt1)
0x109A	0x6E5A      	MOVWF       FARG_I2C_LCD_Out_text+1 
0x109C	0xDAD2      	RCALL       _I2C_LCD_Out
;LCD_i2c.mbas,209 :: 		I2C_Lcd_Out(2,1,txt2)                 ' Write text in second row
0x109E	0x0E02      	MOVLW       2
0x10A0	0x6E57      	MOVWF       FARG_I2C_LCD_Out_row 
0x10A2	0x0E01      	MOVLW       1
0x10A4	0x6E58      	MOVWF       FARG_I2C_LCD_Out_column 
0x10A6	0x0E35      	MOVLW       _txt2
0x10A8	0x6E59      	MOVWF       FARG_I2C_LCD_Out_text 
0x10AA	0x0E00      	MOVLW       hi_addr(_txt2)
0x10AC	0x6E5A      	MOVWF       FARG_I2C_LCD_Out_text+1 
0x10AE	0xDAC9      	RCALL       _I2C_LCD_Out
;LCD_i2c.mbas,211 :: 		while(TRUE)
L__main53:
0x10B0	0xD7FF      	BRA         L__main53
;LCD_i2c.mbas,213 :: 		Wend
L_end_main:
0x10B2	0xD7FF      	BRA         $+0
; end of _main
_UART1_Write:
;__Lib_UART_b57.mpas,85 :: 		
;__Lib_UART_b57.mpas,86 :: 		
L__UART1_Write14:
0x10B4	0xB2AC      	BTFSC       TXSTA, 1 
0x10B6	0xD002      	BRA         L__UART1_Write15
0x10B8	0x0000      	NOP
0x10BA	0xD7FC      	BRA         L__UART1_Write14
L__UART1_Write15:
;__Lib_UART_b57.mpas,87 :: 		
0x10BC	0xFFADC06F  	MOVFF       FARG_UART1_Write_data_, TXREG
;__Lib_UART_b57.mpas,88 :: 		
L_end_UART1_Write:
0x10C0	0x0012      	RETURN      0
; end of _UART1_Write
_SPI1_Write:
;__Lib_SPI_b46c7.mpas,100 :: 		
;__Lib_SPI_b46c7.mpas,102 :: 		
0x10C2	0xFFC9C06F  	MOVFF       FARG_SPI1_Write_data_, SSPBUF
;__Lib_SPI_b46c7.mpas,103 :: 		
L__SPI1_Write22:
0x10C6	0xB0C7      	BTFSC       SSPSTAT, 0 
0x10C8	0xD002      	BRA         L__SPI1_Write23
0x10CA	0x0000      	NOP
0x10CC	0xD7FC      	BRA         L__SPI1_Write22
L__SPI1_Write23:
;__Lib_SPI_b46c7.mpas,104 :: 		
0x10CE	0xF000CFC9  	MOVFF       SSPBUF, R0
;__Lib_SPI_b46c7.mpas,106 :: 		
L_end_SPI1_Write:
0x10D2	0x0012      	RETURN      0
; end of _SPI1_Write
_I2C1_Is_Idle:
;__Lib_I2C_b46.mpas,95 :: 		
;__Lib_I2C_b46.mpas,96 :: 		
0x10D4	0x6A02      	CLRF        R2 
;__Lib_I2C_b46.mpas,97 :: 		
0x10D6	0xB4C7      	BTFSC       SSPSTAT, 2 
0x10D8	0xD008      	BRA         L__I2C1_Is_Idle4
;__Lib_I2C_b46.mpas,98 :: 		
0x10DA	0x0E1F      	MOVLW       31
0x10DC	0x14C5      	ANDWF       SSPCON2, 0 
0x10DE	0x6E01      	MOVWF       R1 
0x10E0	0x5001      	MOVF        R1, 0 
0x10E2	0x0A00      	XORLW       0
0x10E4	0xE102      	BNZ         L__I2C1_Is_Idle7
;__Lib_I2C_b46.mpas,99 :: 		
0x10E6	0x0EFF      	MOVLW       255
0x10E8	0x6E02      	MOVWF       R2 
L__I2C1_Is_Idle7:
L__I2C1_Is_Idle4:
;__Lib_I2C_b46.mpas,100 :: 		
0x10EA	0xF000C002  	MOVFF       R2, R0
L_end_I2C1_Is_Idle:
0x10EE	0x0012      	RETURN      0
; end of _I2C1_Is_Idle
_____DoIFC:
;__Lib_System.mpas,137 :: 		
;__Lib_System.mpas,139 :: 		
0x10F0	0x50F2      	MOVF        INTCON, 0, 0
;__Lib_System.mpas,140 :: 		
0x10F2	0x6E02      	MOVWF       R2, 0
;__Lib_System.mpas,142 :: 		
0x10F4	0x9EF2      	BCF         INTCON, 7 
;__Lib_System.mpas,144 :: 		
0x10F6	0x0005      	PUSH
;__Lib_System.mpas,145 :: 		
0x10F8	0x6AFF      	CLRF        TOSU, 0
;__Lib_System.mpas,146 :: 		
0x10FA	0x5001      	MOVF        R1, 0, 0
;__Lib_System.mpas,147 :: 		
0x10FC	0x6EFE      	MOVWF       TOSH, 0
;__Lib_System.mpas,148 :: 		
0x10FE	0x5000      	MOVF        R0, 0, 0
;__Lib_System.mpas,149 :: 		
0x1100	0x6EFD      	MOVWF       TOSL, 0
;__Lib_System.mpas,150 :: 		
0x1102	0xBE02      	BTFSC       R2, 7, 0
;__Lib_System.mpas,151 :: 		
0x1104	0x8EF2      	BSF         INTCON, 7, 0
;__Lib_System.mpas,153 :: 		
L_end_____DoIFC:
0x1106	0x0012      	RETURN      0
; end of _____DoIFC
_I2C1_Stop:
;__Lib_I2C_b46.mpas,261 :: 		
;__Lib_I2C_b46.mpas,262 :: 		
0x1108	0x84C5      	BSF         SSPCON2, 2 
;__Lib_I2C_b46.mpas,263 :: 		
L_end_I2C1_Stop:
0x110A	0x0012      	RETURN      0
; end of _I2C1_Stop
_I2C1_Wr:
;__Lib_I2C_b46.mpas,212 :: 		
;__Lib_I2C_b46.mpas,213 :: 		
0x110C	0xF06AC031  	MOVFF       __Lib_I2C_b46__I2C1_TIMEOUT, I2C1_Wr_timeout
0x1110	0xF06BC032  	MOVFF       __Lib_I2C_b46__I2C1_TIMEOUT+1, I2C1_Wr_timeout+1
0x1114	0xF06CC033  	MOVFF       __Lib_I2C_b46__I2C1_TIMEOUT+2, I2C1_Wr_timeout+2
0x1118	0xF06DC034  	MOVFF       __Lib_I2C_b46__I2C1_TIMEOUT+3, I2C1_Wr_timeout+3
;__Lib_I2C_b46.mpas,215 :: 		
0x111C	0x969E      	BCF         PIR1, 3 
;__Lib_I2C_b46.mpas,216 :: 		
0x111E	0xFFC9C068  	MOVFF       FARG_I2C1_Wr_data_, SSPBUF
;__Lib_I2C_b46.mpas,218 :: 		
L__I2C1_Wr72:
0x1122	0xA4C7      	BTFSS       SSPSTAT, 2 
0x1124	0xD031      	BRA         L__I2C1_Wr73
;__Lib_I2C_b46.mpas,221 :: 		
0x1126	0x0E00      	MOVLW       0
0x1128	0x6E00      	MOVWF       R0 
0x112A	0x1834      	XORWF       __Lib_I2C_b46__I2C1_TIMEOUT+3, 0 
0x112C	0xE108      	BNZ         L__I2C1_Wr121
0x112E	0x5000      	MOVF        R0, 0 
0x1130	0x1833      	XORWF       __Lib_I2C_b46__I2C1_TIMEOUT+2, 0 
0x1132	0xE105      	BNZ         L__I2C1_Wr121
0x1134	0x5000      	MOVF        R0, 0 
0x1136	0x1832      	XORWF       __Lib_I2C_b46__I2C1_TIMEOUT+1, 0 
0x1138	0xE102      	BNZ         L__I2C1_Wr121
0x113A	0x5031      	MOVF        __Lib_I2C_b46__I2C1_TIMEOUT, 0 
0x113C	0x0A00      	XORLW       0
L__I2C1_Wr121:
0x113E	0xE023      	BZ          L__I2C1_Wr77
;__Lib_I2C_b46.mpas,223 :: 		
0x1140	0x0E00      	MOVLW       0
0x1142	0x6E00      	MOVWF       R0 
0x1144	0x0100      	MOVLB       0
0x1146	0x196D      	XORWF       I2C1_Wr_timeout+3, 0, 1
0x1148	0xE108      	BNZ         L__I2C1_Wr122
0x114A	0x5000      	MOVF        R0, 0 
0x114C	0x196C      	XORWF       I2C1_Wr_timeout+2, 0, 1
0x114E	0xE105      	BNZ         L__I2C1_Wr122
0x1150	0x5000      	MOVF        R0, 0 
0x1152	0x196B      	XORWF       I2C1_Wr_timeout+1, 0, 1
0x1154	0xE102      	BNZ         L__I2C1_Wr122
0x1156	0x516A      	MOVF        I2C1_Wr_timeout, 0, 1
0x1158	0x0A00      	XORLW       0
L__I2C1_Wr122:
0x115A	0xE10F      	BNZ         L__I2C1_Wr80
;__Lib_I2C_b46.mpas,225 :: 		
0x115C	0xFFE1C01F  	MOVFF       _I2C1_Timeout_Ptr+2, FSR1L
0x1160	0xFFE2C020  	MOVFF       _I2C1_Timeout_Ptr+3, FSR1H
0x1164	0x0E04      	MOVLW       4
0x1166	0x6EE6      	MOVWF       POSTINC1 
0x1168	0xF000C01D  	MOVFF       _I2C1_Timeout_Ptr, R0
0x116C	0xF001C01E  	MOVFF       _I2C1_Timeout_Ptr+1, R1
0x1170	0xDFBF      	RCALL       _____DoIFC
;__Lib_I2C_b46.mpas,226 :: 		
0x1172	0x0E01      	MOVLW       1
0x1174	0x0100      	MOVLB       0
0x1176	0x6F69      	MOVWF       I2C1_Wr_local_result, 1
;__Lib_I2C_b46.mpas,227 :: 		
0x1178	0xD04B      	BRA         L_end__I2C1_Wr
;__Lib_I2C_b46.mpas,228 :: 		
L__I2C1_Wr80:
;__Lib_I2C_b46.mpas,229 :: 		
0x117A	0x0E01      	MOVLW       1
0x117C	0x5F6A      	SUBWF       I2C1_Wr_timeout, 1, 1
0x117E	0x0E00      	MOVLW       0
0x1180	0x5B6B      	SUBWFB      I2C1_Wr_timeout+1, 1, 1
0x1182	0x5B6C      	SUBWFB      I2C1_Wr_timeout+2, 1, 1
0x1184	0x5B6D      	SUBWFB      I2C1_Wr_timeout+3, 1, 1
;__Lib_I2C_b46.mpas,230 :: 		
L__I2C1_Wr77:
;__Lib_I2C_b46.mpas,231 :: 		
0x1186	0xD7CD      	BRA         L__I2C1_Wr72
L__I2C1_Wr73:
;__Lib_I2C_b46.mpas,233 :: 		
0x1188	0xF06AC031  	MOVFF       __Lib_I2C_b46__I2C1_TIMEOUT, I2C1_Wr_timeout
0x118C	0xF06BC032  	MOVFF       __Lib_I2C_b46__I2C1_TIMEOUT+1, I2C1_Wr_timeout+1
0x1190	0xF06CC033  	MOVFF       __Lib_I2C_b46__I2C1_TIMEOUT+2, I2C1_Wr_timeout+2
0x1194	0xF06DC034  	MOVFF       __Lib_I2C_b46__I2C1_TIMEOUT+3, I2C1_Wr_timeout+3
;__Lib_I2C_b46.mpas,235 :: 		
L__I2C1_Wr83:
0x1198	0xB69E      	BTFSC       PIR1, 3 
0x119A	0xD031      	BRA         L__I2C1_Wr84
;__Lib_I2C_b46.mpas,238 :: 		
0x119C	0x0E00      	MOVLW       0
0x119E	0x6E00      	MOVWF       R0 
0x11A0	0x1834      	XORWF       __Lib_I2C_b46__I2C1_TIMEOUT+3, 0 
0x11A2	0xE108      	BNZ         L__I2C1_Wr123
0x11A4	0x5000      	MOVF        R0, 0 
0x11A6	0x1833      	XORWF       __Lib_I2C_b46__I2C1_TIMEOUT+2, 0 
0x11A8	0xE105      	BNZ         L__I2C1_Wr123
0x11AA	0x5000      	MOVF        R0, 0 
0x11AC	0x1832      	XORWF       __Lib_I2C_b46__I2C1_TIMEOUT+1, 0 
0x11AE	0xE102      	BNZ         L__I2C1_Wr123
0x11B0	0x5031      	MOVF        __Lib_I2C_b46__I2C1_TIMEOUT, 0 
0x11B2	0x0A00      	XORLW       0
L__I2C1_Wr123:
0x11B4	0xE023      	BZ          L__I2C1_Wr88
;__Lib_I2C_b46.mpas,240 :: 		
0x11B6	0x0100      	MOVLB       0
0x11B8	0x0E00      	MOVLW       0
0x11BA	0x6E00      	MOVWF       R0 
0x11BC	0x196D      	XORWF       I2C1_Wr_timeout+3, 0, 1
0x11BE	0xE108      	BNZ         L__I2C1_Wr124
0x11C0	0x5000      	MOVF        R0, 0 
0x11C2	0x196C      	XORWF       I2C1_Wr_timeout+2, 0, 1
0x11C4	0xE105      	BNZ         L__I2C1_Wr124
0x11C6	0x5000      	MOVF        R0, 0 
0x11C8	0x196B      	XORWF       I2C1_Wr_timeout+1, 0, 1
0x11CA	0xE102      	BNZ         L__I2C1_Wr124
0x11CC	0x516A      	MOVF        I2C1_Wr_timeout, 0, 1
0x11CE	0x0A00      	XORLW       0
L__I2C1_Wr124:
0x11D0	0xE10F      	BNZ         L__I2C1_Wr91
;__Lib_I2C_b46.mpas,242 :: 		
0x11D2	0xFFE1C01F  	MOVFF       _I2C1_Timeout_Ptr+2, FSR1L
0x11D6	0xFFE2C020  	MOVFF       _I2C1_Timeout_Ptr+3, FSR1H
0x11DA	0x0E04      	MOVLW       4
0x11DC	0x6EE6      	MOVWF       POSTINC1 
0x11DE	0xF000C01D  	MOVFF       _I2C1_Timeout_Ptr, R0
0x11E2	0xF001C01E  	MOVFF       _I2C1_Timeout_Ptr+1, R1
0x11E6	0xDF84      	RCALL       _____DoIFC
;__Lib_I2C_b46.mpas,243 :: 		
0x11E8	0x0E01      	MOVLW       1
0x11EA	0x0100      	MOVLB       0
0x11EC	0x6F69      	MOVWF       I2C1_Wr_local_result, 1
;__Lib_I2C_b46.mpas,244 :: 		
0x11EE	0xD010      	BRA         L_end__I2C1_Wr
;__Lib_I2C_b46.mpas,245 :: 		
L__I2C1_Wr91:
;__Lib_I2C_b46.mpas,246 :: 		
0x11F0	0x0E01      	MOVLW       1
0x11F2	0x5F6A      	SUBWF       I2C1_Wr_timeout, 1, 1
0x11F4	0x0E00      	MOVLW       0
0x11F6	0x5B6B      	SUBWFB      I2C1_Wr_timeout+1, 1, 1
0x11F8	0x5B6C      	SUBWFB      I2C1_Wr_timeout+2, 1, 1
0x11FA	0x5B6D      	SUBWFB      I2C1_Wr_timeout+3, 1, 1
;__Lib_I2C_b46.mpas,247 :: 		
L__I2C1_Wr88:
;__Lib_I2C_b46.mpas,248 :: 		
0x11FC	0xD7CD      	BRA         L__I2C1_Wr83
L__I2C1_Wr84:
;__Lib_I2C_b46.mpas,250 :: 		
0x11FE	0xBCC5      	BTFSC       SSPCON2, 6 
0x1200	0xD003      	BRA         L__I2C1_Wr94
;__Lib_I2C_b46.mpas,251 :: 		
0x1202	0x0100      	MOVLB       0
0x1204	0x6B69      	CLRF        I2C1_Wr_local_result, 1
0x1206	0xD004      	BRA         L__I2C1_Wr95
;__Lib_I2C_b46.mpas,252 :: 		
L__I2C1_Wr94:
0x1208	0x0100      	MOVLB       0
;__Lib_I2C_b46.mpas,254 :: 		
0x120A	0x84C5      	BSF         SSPCON2, 2 
;__Lib_I2C_b46.mpas,255 :: 		
0x120C	0x0E02      	MOVLW       2
0x120E	0x6F69      	MOVWF       I2C1_Wr_local_result, 1
;__Lib_I2C_b46.mpas,256 :: 		
L__I2C1_Wr95:
;__Lib_I2C_b46.mpas,257 :: 		
L_end__I2C1_Wr:
0x1210	0xF000C069  	MOVFF       I2C1_Wr_local_result, R0
L_end_I2C1_Wr:
0x1214	0x0012      	RETURN      0
; end of _I2C1_Wr
_I2C1_Start:
;__Lib_I2C_b46.mpas,106 :: 		
;__Lib_I2C_b46.mpas,108 :: 		
0x1216	0xF06BC031  	MOVFF       __Lib_I2C_b46__I2C1_TIMEOUT, I2C1_Start_timeout
0x121A	0xF06CC032  	MOVFF       __Lib_I2C_b46__I2C1_TIMEOUT+1, I2C1_Start_timeout+1
0x121E	0xF06DC033  	MOVFF       __Lib_I2C_b46__I2C1_TIMEOUT+2, I2C1_Start_timeout+2
0x1222	0xF06EC034  	MOVFF       __Lib_I2C_b46__I2C1_TIMEOUT+3, I2C1_Start_timeout+3
;__Lib_I2C_b46.mpas,110 :: 		
0x1226	0x0100      	MOVLB       0
0x1228	0x6B69      	CLRF        I2C1_Start_j, 1
0x122A	0x6B6A      	CLRF        I2C1_Start_j+1, 1
L__I2C1_Start11:
;__Lib_I2C_b46.mpas,112 :: 		
0x122C	0xDF53      	RCALL       _I2C1_Is_Idle
0x122E	0x5000      	MOVF        R0, 0 
0x1230	0x0A00      	XORLW       0
0x1232	0xE001      	BZ          L__I2C1_Start16
;__Lib_I2C_b46.mpas,113 :: 		
0x1234	0xD00A      	BRA         L__I2C1_Start14
L__I2C1_Start16:
;__Lib_I2C_b46.mpas,114 :: 		
0x1236	0x0100      	MOVLB       0
0x1238	0x516A      	MOVF        I2C1_Start_j+1, 0, 1
0x123A	0x0A12      	XORLW       18
0x123C	0xE102      	BNZ         L__I2C1_Start108
0x123E	0x0E8E      	MOVLW       142
0x1240	0x1969      	XORWF       I2C1_Start_j, 0, 1
L__I2C1_Start108:
0x1242	0xE003      	BZ          L__I2C1_Start14
0x1244	0x4B69      	INFSNZ      I2C1_Start_j, 1, 1
0x1246	0x2B6A      	INCF        I2C1_Start_j+1, 1, 1
0x1248	0xD7F1      	BRA         L__I2C1_Start11
L__I2C1_Start14:
0x124A	0x0100      	MOVLB       0
;__Lib_I2C_b46.mpas,116 :: 		
0x124C	0x0E12      	MOVLW       18
0x124E	0x5D6A      	SUBWF       I2C1_Start_j+1, 0, 1
0x1250	0xE102      	BNZ         L__I2C1_Start109
0x1252	0x0E8F      	MOVLW       143
0x1254	0x5D69      	SUBWF       I2C1_Start_j, 0, 1
L__I2C1_Start109:
0x1256	0xE303      	BNC         L__I2C1_Start19
;__Lib_I2C_b46.mpas,117 :: 		
0x1258	0x0E7B      	MOVLW       123
0x125A	0x6F68      	MOVWF       I2C1_Start_local_result, 1
0x125C	0xD034      	BRA         L__I2C1_Start20
;__Lib_I2C_b46.mpas,118 :: 		
L__I2C1_Start19:
;__Lib_I2C_b46.mpas,120 :: 		
0x125E	0x80C5      	BSF         SSPCON2, 0 
;__Lib_I2C_b46.mpas,121 :: 		
L__I2C1_Start22:
0x1260	0xA0C5      	BTFSS       SSPCON2, 0 
0x1262	0xD030      	BRA         L__I2C1_Start23
;__Lib_I2C_b46.mpas,124 :: 		
0x1264	0x0E00      	MOVLW       0
0x1266	0x6E00      	MOVWF       R0 
0x1268	0x1834      	XORWF       __Lib_I2C_b46__I2C1_TIMEOUT+3, 0 
0x126A	0xE108      	BNZ         L__I2C1_Start110
0x126C	0x5000      	MOVF        R0, 0 
0x126E	0x1833      	XORWF       __Lib_I2C_b46__I2C1_TIMEOUT+2, 0 
0x1270	0xE105      	BNZ         L__I2C1_Start110
0x1272	0x5000      	MOVF        R0, 0 
0x1274	0x1832      	XORWF       __Lib_I2C_b46__I2C1_TIMEOUT+1, 0 
0x1276	0xE102      	BNZ         L__I2C1_Start110
0x1278	0x5031      	MOVF        __Lib_I2C_b46__I2C1_TIMEOUT, 0 
0x127A	0x0A00      	XORLW       0
L__I2C1_Start110:
0x127C	0xE022      	BZ          L__I2C1_Start27
;__Lib_I2C_b46.mpas,126 :: 		
0x127E	0x0E00      	MOVLW       0
0x1280	0x6E00      	MOVWF       R0 
0x1282	0x196E      	XORWF       I2C1_Start_timeout+3, 0, 1
0x1284	0xE108      	BNZ         L__I2C1_Start111
0x1286	0x5000      	MOVF        R0, 0 
0x1288	0x196D      	XORWF       I2C1_Start_timeout+2, 0, 1
0x128A	0xE105      	BNZ         L__I2C1_Start111
0x128C	0x5000      	MOVF        R0, 0 
0x128E	0x196C      	XORWF       I2C1_Start_timeout+1, 0, 1
0x1290	0xE102      	BNZ         L__I2C1_Start111
0x1292	0x516B      	MOVF        I2C1_Start_timeout, 0, 1
0x1294	0x0A00      	XORLW       0
L__I2C1_Start111:
0x1296	0xE10F      	BNZ         L__I2C1_Start30
;__Lib_I2C_b46.mpas,128 :: 		
0x1298	0xFFE1C01F  	MOVFF       _I2C1_Timeout_Ptr+2, FSR1L
0x129C	0xFFE2C020  	MOVFF       _I2C1_Timeout_Ptr+3, FSR1H
0x12A0	0x0E05      	MOVLW       5
0x12A2	0x6EE6      	MOVWF       POSTINC1 
0x12A4	0xF000C01D  	MOVFF       _I2C1_Timeout_Ptr, R0
0x12A8	0xF001C01E  	MOVFF       _I2C1_Timeout_Ptr+1, R1
0x12AC	0xDF21      	RCALL       _____DoIFC
;__Lib_I2C_b46.mpas,129 :: 		
0x12AE	0x0E01      	MOVLW       1
0x12B0	0x0100      	MOVLB       0
0x12B2	0x6F68      	MOVWF       I2C1_Start_local_result, 1
;__Lib_I2C_b46.mpas,130 :: 		
0x12B4	0xD008      	BRA         L_end__I2C1_Start
;__Lib_I2C_b46.mpas,131 :: 		
L__I2C1_Start30:
;__Lib_I2C_b46.mpas,132 :: 		
0x12B6	0x0E01      	MOVLW       1
0x12B8	0x5F6B      	SUBWF       I2C1_Start_timeout, 1, 1
0x12BA	0x0E00      	MOVLW       0
0x12BC	0x5B6C      	SUBWFB      I2C1_Start_timeout+1, 1, 1
0x12BE	0x5B6D      	SUBWFB      I2C1_Start_timeout+2, 1, 1
0x12C0	0x5B6E      	SUBWFB      I2C1_Start_timeout+3, 1, 1
;__Lib_I2C_b46.mpas,133 :: 		
L__I2C1_Start27:
;__Lib_I2C_b46.mpas,134 :: 		
0x12C2	0xD7CE      	BRA         L__I2C1_Start22
L__I2C1_Start23:
;__Lib_I2C_b46.mpas,135 :: 		
0x12C4	0x6B68      	CLRF        I2C1_Start_local_result, 1
;__Lib_I2C_b46.mpas,136 :: 		
L__I2C1_Start20:
;__Lib_I2C_b46.mpas,137 :: 		
L_end__I2C1_Start:
0x12C6	0xF000C068  	MOVFF       I2C1_Start_local_result, R0
L_end_I2C1_Start:
0x12CA	0x0012      	RETURN      0
; end of _I2C1_Start
_I2C_LCD_Cmd:
;LCD_i2c.mbas,32 :: 		Dim rs as byte
;LCD_i2c.mbas,34 :: 		rs = 0
0x12CC	0x0100      	MOVLB       0
0x12CE	0x6B67      	CLRF        I2C_LCD_Cmd_rs, 1
;LCD_i2c.mbas,36 :: 		hi_n = out_char and $F0
0x12D0	0x0EF0      	MOVLW       240
0x12D2	0x1564      	ANDWF       FARG_I2C_LCD_Cmd_out_char, 0, 1
0x12D4	0x6F65      	MOVWF       I2C_LCD_Cmd_hi_n, 1
;LCD_i2c.mbas,37 :: 		lo_n = (out_char << 4) and $F0
0x12D6	0xF066C064  	MOVFF       FARG_I2C_LCD_Cmd_out_char, I2C_LCD_Cmd_lo_n
0x12DA	0x3766      	RLCF        I2C_LCD_Cmd_lo_n, 1, 1
0x12DC	0x9166      	BCF         I2C_LCD_Cmd_lo_n, 0, 1
0x12DE	0x3766      	RLCF        I2C_LCD_Cmd_lo_n, 1, 1
0x12E0	0x9166      	BCF         I2C_LCD_Cmd_lo_n, 0, 1
0x12E2	0x3766      	RLCF        I2C_LCD_Cmd_lo_n, 1, 1
0x12E4	0x9166      	BCF         I2C_LCD_Cmd_lo_n, 0, 1
0x12E6	0x3766      	RLCF        I2C_LCD_Cmd_lo_n, 1, 1
0x12E8	0x9166      	BCF         I2C_LCD_Cmd_lo_n, 0, 1
0x12EA	0x0EF0      	MOVLW       240
0x12EC	0x1766      	ANDWF       I2C_LCD_Cmd_lo_n, 1, 1
;LCD_i2c.mbas,39 :: 		I2C1_Start()
0x12EE	0xDF93      	RCALL       _I2C1_Start
;LCD_i2c.mbas,40 :: 		I2C1_Is_Idle()
0x12F0	0xDEF1      	RCALL       _I2C1_Is_Idle
;LCD_i2c.mbas,41 :: 		I2C1_Wr(LCD_ADDR)
0x12F2	0x0E4E      	MOVLW       78
0x12F4	0x0100      	MOVLB       0
0x12F6	0x6F68      	MOVWF       FARG_I2C1_Wr_data_, 1
0x12F8	0xDF09      	RCALL       _I2C1_Wr
;LCD_i2c.mbas,42 :: 		I2C1_Is_Idle()
0x12FA	0xDEEC      	RCALL       _I2C1_Is_Idle
;LCD_i2c.mbas,43 :: 		I2C1_Wr(hi_n or rs or $04 or $08)
0x12FC	0x0100      	MOVLB       0
0x12FE	0x5167      	MOVF        I2C_LCD_Cmd_rs, 0, 1
0x1300	0x1165      	IORWF       I2C_LCD_Cmd_hi_n, 0, 1
0x1302	0x6F68      	MOVWF       FARG_I2C1_Wr_data_, 1
0x1304	0x8568      	BSF         FARG_I2C1_Wr_data_, 2, 1
0x1306	0x8768      	BSF         FARG_I2C1_Wr_data_, 3, 1
0x1308	0xDF01      	RCALL       _I2C1_Wr
;LCD_i2c.mbas,44 :: 		I2C1_Is_Idle()
0x130A	0xDEE4      	RCALL       _I2C1_Is_Idle
;LCD_i2c.mbas,45 :: 		Delay_us(50)
0x130C	0x0EC7      	MOVLW       199
0x130E	0x6E0D      	MOVWF       R13, 0
L__I2C_LCD_Cmd1:
0x1310	0x2E0D      	DECFSZ      R13, 1, 0
0x1312	0xD7FE      	BRA         L__I2C_LCD_Cmd1
0x1314	0x0000      	NOP
0x1316	0x0000      	NOP
;LCD_i2c.mbas,46 :: 		I2C1_Wr(hi_n or rs or $00 or $08)
0x1318	0x0100      	MOVLB       0
0x131A	0x5167      	MOVF        I2C_LCD_Cmd_rs, 0, 1
0x131C	0x1165      	IORWF       I2C_LCD_Cmd_hi_n, 0, 1
0x131E	0x6F68      	MOVWF       FARG_I2C1_Wr_data_, 1
0x1320	0x8768      	BSF         FARG_I2C1_Wr_data_, 3, 1
0x1322	0xDEF4      	RCALL       _I2C1_Wr
;LCD_i2c.mbas,47 :: 		I2C1_Is_Idle()
0x1324	0xDED7      	RCALL       _I2C1_Is_Idle
;LCD_i2c.mbas,48 :: 		Delay_us(100)
0x1326	0x0E02      	MOVLW       2
0x1328	0x6E0C      	MOVWF       R12, 0
0x132A	0x0E8D      	MOVLW       141
0x132C	0x6E0D      	MOVWF       R13, 0
L__I2C_LCD_Cmd2:
0x132E	0x2E0D      	DECFSZ      R13, 1, 0
0x1330	0xD7FE      	BRA         L__I2C_LCD_Cmd2
0x1332	0x2E0C      	DECFSZ      R12, 1, 0
0x1334	0xD7FC      	BRA         L__I2C_LCD_Cmd2
0x1336	0x0000      	NOP
0x1338	0x0000      	NOP
;LCD_i2c.mbas,49 :: 		I2C1_Wr(lo_n or rs or $04 or $08)
0x133A	0x0100      	MOVLB       0
0x133C	0x5167      	MOVF        I2C_LCD_Cmd_rs, 0, 1
0x133E	0x1166      	IORWF       I2C_LCD_Cmd_lo_n, 0, 1
0x1340	0x6F68      	MOVWF       FARG_I2C1_Wr_data_, 1
0x1342	0x8568      	BSF         FARG_I2C1_Wr_data_, 2, 1
0x1344	0x8768      	BSF         FARG_I2C1_Wr_data_, 3, 1
0x1346	0xDEE2      	RCALL       _I2C1_Wr
;LCD_i2c.mbas,50 :: 		I2C1_Is_Idle()
0x1348	0xDEC5      	RCALL       _I2C1_Is_Idle
;LCD_i2c.mbas,51 :: 		Delay_us(50)
0x134A	0x0EC7      	MOVLW       199
0x134C	0x6E0D      	MOVWF       R13, 0
L__I2C_LCD_Cmd3:
0x134E	0x2E0D      	DECFSZ      R13, 1, 0
0x1350	0xD7FE      	BRA         L__I2C_LCD_Cmd3
0x1352	0x0000      	NOP
0x1354	0x0000      	NOP
;LCD_i2c.mbas,52 :: 		I2C1_Wr(lo_n or rs or $00 or $08)
0x1356	0x0100      	MOVLB       0
0x1358	0x5167      	MOVF        I2C_LCD_Cmd_rs, 0, 1
0x135A	0x1166      	IORWF       I2C_LCD_Cmd_lo_n, 0, 1
0x135C	0x6F68      	MOVWF       FARG_I2C1_Wr_data_, 1
0x135E	0x8768      	BSF         FARG_I2C1_Wr_data_, 3, 1
0x1360	0xDED5      	RCALL       _I2C1_Wr
;LCD_i2c.mbas,53 :: 		I2C1_Is_Idle()
0x1362	0xDEB8      	RCALL       _I2C1_Is_Idle
;LCD_i2c.mbas,54 :: 		I2C1_stop()
0x1364	0xDED1      	RCALL       _I2C1_Stop
;LCD_i2c.mbas,56 :: 		if(out_char = $01) then
0x1366	0x0100      	MOVLB       0
0x1368	0x5164      	MOVF        FARG_I2C_LCD_Cmd_out_char, 0, 1
0x136A	0x0A01      	XORLW       1
0x136C	0xE10A      	BNZ         L__I2C_LCD_Cmd5
;LCD_i2c.mbas,57 :: 		Delay_ms(2)
0x136E	0x0E20      	MOVLW       32
0x1370	0x6E0C      	MOVWF       R12, 0
0x1372	0x0E29      	MOVLW       41
0x1374	0x6E0D      	MOVWF       R13, 0
L__I2C_LCD_Cmd7:
0x1376	0x2E0D      	DECFSZ      R13, 1, 0
0x1378	0xD7FE      	BRA         L__I2C_LCD_Cmd7
0x137A	0x2E0C      	DECFSZ      R12, 1, 0
0x137C	0xD7FC      	BRA         L__I2C_LCD_Cmd7
0x137E	0x0000      	NOP
0x1380	0x0000      	NOP
L__I2C_LCD_Cmd5:
;LCD_i2c.mbas,59 :: 		end sub
L_end_I2C_LCD_Cmd:
0x1382	0x0012      	RETURN      0
; end of _I2C_LCD_Cmd
_strlen:
;__Lib_String.mpas,240 :: 		
;__Lib_String.mpas,241 :: 		
0x1384	0xF004C05E  	MOVFF       FARG_strlen_s, R4
0x1388	0xF005C05F  	MOVFF       FARG_strlen_s+1, R5
;__Lib_String.mpas,242 :: 		
L__strlen89:
0x138C	0xFFE9C004  	MOVFF       R4, FSR0L
0x1390	0xFFEAC005  	MOVFF       R5, FSR0H
0x1394	0x50EE      	MOVF        POSTINC0, 0 
0x1396	0x0A00      	XORLW       0
0x1398	0xE003      	BZ          L__strlen90
;__Lib_String.mpas,244 :: 		
0x139A	0x4A04      	INFSNZ      R4, 1 
0x139C	0x2A05      	INCF        R5, 1 
;__Lib_String.mpas,245 :: 		
0x139E	0xD7F6      	BRA         L__strlen89
L__strlen90:
;__Lib_String.mpas,246 :: 		
0x13A0	0x505E      	MOVF        FARG_strlen_s, 0 
0x13A2	0x5C04      	SUBWF       R4, 0 
0x13A4	0x6E02      	MOVWF       R2 
0x13A6	0x505F      	MOVF        FARG_strlen_s+1, 0 
0x13A8	0x5805      	SUBWFB      R5, 0 
0x13AA	0x6E03      	MOVWF       R3 
;__Lib_String.mpas,247 :: 		
0x13AC	0xF000C002  	MOVFF       R2, R0
0x13B0	0xF001C003  	MOVFF       R3, R1
L_end_strlen:
0x13B4	0x0012      	RETURN      0
; end of _strlen
_I2C_LCD_Chr:
;LCD_i2c.mbas,64 :: 		Dim rs as byte
;LCD_i2c.mbas,66 :: 		rs = 1
0x13B6	0x0E01      	MOVLW       1
0x13B8	0x0100      	MOVLB       0
0x13BA	0x6F60      	MOVWF       I2C_LCD_Chr_rs, 1
;LCD_i2c.mbas,70 :: 		case 1
0x13BC	0x5161      	MOVF        FARG_I2C_LCD_Chr_row, 0, 1
0x13BE	0x0A01      	XORLW       1
0x13C0	0xE107      	BNZ         L__I2C_LCD_Chr12
;LCD_i2c.mbas,71 :: 		I2C_LCD_Cmd($80 + (column - 1))
0x13C2	0x0562      	DECF        FARG_I2C_LCD_Chr_column, 0, 1
0x13C4	0x6E00      	MOVWF       R0 
0x13C6	0x5000      	MOVF        R0, 0 
0x13C8	0x0F80      	ADDLW       128
0x13CA	0x6F64      	MOVWF       FARG_I2C_LCD_Cmd_out_char, 1
0x13CC	0xDF7F      	RCALL       _I2C_LCD_Cmd
0x13CE	0xD01E      	BRA         L__I2C_LCD_Chr9
L__I2C_LCD_Chr12:
;LCD_i2c.mbas,72 :: 		case 2
0x13D0	0x5161      	MOVF        FARG_I2C_LCD_Chr_row, 0, 1
0x13D2	0x0A02      	XORLW       2
0x13D4	0xE107      	BNZ         L__I2C_LCD_Chr15
;LCD_i2c.mbas,73 :: 		I2C_LCD_Cmd($C0 + (column - 1))
0x13D6	0x0562      	DECF        FARG_I2C_LCD_Chr_column, 0, 1
0x13D8	0x6E00      	MOVWF       R0 
0x13DA	0x5000      	MOVF        R0, 0 
0x13DC	0x0FC0      	ADDLW       192
0x13DE	0x6F64      	MOVWF       FARG_I2C_LCD_Cmd_out_char, 1
0x13E0	0xDF75      	RCALL       _I2C_LCD_Cmd
0x13E2	0xD014      	BRA         L__I2C_LCD_Chr9
L__I2C_LCD_Chr15:
;LCD_i2c.mbas,74 :: 		case 3
0x13E4	0x5161      	MOVF        FARG_I2C_LCD_Chr_row, 0, 1
0x13E6	0x0A03      	XORLW       3
0x13E8	0xE107      	BNZ         L__I2C_LCD_Chr18
;LCD_i2c.mbas,75 :: 		I2C_LCD_Cmd($94 + (column - 1))
0x13EA	0x0562      	DECF        FARG_I2C_LCD_Chr_column, 0, 1
0x13EC	0x6E00      	MOVWF       R0 
0x13EE	0x5000      	MOVF        R0, 0 
0x13F0	0x0F94      	ADDLW       148
0x13F2	0x6F64      	MOVWF       FARG_I2C_LCD_Cmd_out_char, 1
0x13F4	0xDF6B      	RCALL       _I2C_LCD_Cmd
0x13F6	0xD00A      	BRA         L__I2C_LCD_Chr9
L__I2C_LCD_Chr18:
;LCD_i2c.mbas,76 :: 		case 4
0x13F8	0x5161      	MOVF        FARG_I2C_LCD_Chr_row, 0, 1
0x13FA	0x0A04      	XORLW       4
0x13FC	0xE107      	BNZ         L__I2C_LCD_Chr21
;LCD_i2c.mbas,77 :: 		I2C_LCD_Cmd($D4 + (column - 1))
0x13FE	0x0562      	DECF        FARG_I2C_LCD_Chr_column, 0, 1
0x1400	0x6E00      	MOVWF       R0 
0x1402	0x5000      	MOVF        R0, 0 
0x1404	0x0FD4      	ADDLW       212
0x1406	0x6F64      	MOVWF       FARG_I2C_LCD_Cmd_out_char, 1
0x1408	0xDF61      	RCALL       _I2C_LCD_Cmd
0x140A	0xD000      	BRA         L__I2C_LCD_Chr9
L__I2C_LCD_Chr21:
L__I2C_LCD_Chr9:
;LCD_i2c.mbas,80 :: 		hi_n = out_char and $F0
0x140C	0x0EF0      	MOVLW       240
0x140E	0x1563      	ANDWF       FARG_I2C_LCD_Chr_out_char, 0, 1
0x1410	0x6E5E      	MOVWF       I2C_LCD_Chr_hi_n 
;LCD_i2c.mbas,81 :: 		lo_n = (out_char << 4) and $F0
0x1412	0xF05FC063  	MOVFF       FARG_I2C_LCD_Chr_out_char, I2C_LCD_Chr_lo_n
0x1416	0x365F      	RLCF        I2C_LCD_Chr_lo_n, 1 
0x1418	0x905F      	BCF         I2C_LCD_Chr_lo_n, 0 
0x141A	0x365F      	RLCF        I2C_LCD_Chr_lo_n, 1 
0x141C	0x905F      	BCF         I2C_LCD_Chr_lo_n, 0 
0x141E	0x365F      	RLCF        I2C_LCD_Chr_lo_n, 1 
0x1420	0x905F      	BCF         I2C_LCD_Chr_lo_n, 0 
0x1422	0x365F      	RLCF        I2C_LCD_Chr_lo_n, 1 
0x1424	0x905F      	BCF         I2C_LCD_Chr_lo_n, 0 
0x1426	0x0EF0      	MOVLW       240
0x1428	0x165F      	ANDWF       I2C_LCD_Chr_lo_n, 1 
;LCD_i2c.mbas,83 :: 		I2C1_Start()
0x142A	0xDEF5      	RCALL       _I2C1_Start
;LCD_i2c.mbas,84 :: 		I2C1_Is_Idle()
0x142C	0xDE53      	RCALL       _I2C1_Is_Idle
;LCD_i2c.mbas,85 :: 		I2C1_Wr(LCD_ADDR)
0x142E	0x0E4E      	MOVLW       78
0x1430	0x0100      	MOVLB       0
0x1432	0x6F68      	MOVWF       FARG_I2C1_Wr_data_, 1
0x1434	0xDE6B      	RCALL       _I2C1_Wr
;LCD_i2c.mbas,86 :: 		I2C1_Is_Idle()
0x1436	0xDE4E      	RCALL       _I2C1_Is_Idle
;LCD_i2c.mbas,87 :: 		I2C1_Wr(hi_n or rs or $04 or $08)
0x1438	0x0100      	MOVLB       0
0x143A	0x5160      	MOVF        I2C_LCD_Chr_rs, 0, 1
0x143C	0x105E      	IORWF       I2C_LCD_Chr_hi_n, 0 
0x143E	0x6F68      	MOVWF       FARG_I2C1_Wr_data_, 1
0x1440	0x8568      	BSF         FARG_I2C1_Wr_data_, 2, 1
0x1442	0x8768      	BSF         FARG_I2C1_Wr_data_, 3, 1
0x1444	0xDE63      	RCALL       _I2C1_Wr
;LCD_i2c.mbas,88 :: 		I2C1_Is_Idle()
0x1446	0xDE46      	RCALL       _I2C1_Is_Idle
;LCD_i2c.mbas,89 :: 		Delay_us(50)
0x1448	0x0EC7      	MOVLW       199
0x144A	0x6E0D      	MOVWF       R13, 0
L__I2C_LCD_Chr22:
0x144C	0x2E0D      	DECFSZ      R13, 1, 0
0x144E	0xD7FE      	BRA         L__I2C_LCD_Chr22
0x1450	0x0000      	NOP
0x1452	0x0000      	NOP
;LCD_i2c.mbas,90 :: 		I2C1_Wr(hi_n or rs or $00 or $08)
0x1454	0x0100      	MOVLB       0
0x1456	0x5160      	MOVF        I2C_LCD_Chr_rs, 0, 1
0x1458	0x105E      	IORWF       I2C_LCD_Chr_hi_n, 0 
0x145A	0x6F68      	MOVWF       FARG_I2C1_Wr_data_, 1
0x145C	0x8768      	BSF         FARG_I2C1_Wr_data_, 3, 1
0x145E	0xDE56      	RCALL       _I2C1_Wr
;LCD_i2c.mbas,91 :: 		I2C1_Is_Idle()
0x1460	0xDE39      	RCALL       _I2C1_Is_Idle
;LCD_i2c.mbas,92 :: 		Delay_us(100)
0x1462	0x0E02      	MOVLW       2
0x1464	0x6E0C      	MOVWF       R12, 0
0x1466	0x0E8D      	MOVLW       141
0x1468	0x6E0D      	MOVWF       R13, 0
L__I2C_LCD_Chr23:
0x146A	0x2E0D      	DECFSZ      R13, 1, 0
0x146C	0xD7FE      	BRA         L__I2C_LCD_Chr23
0x146E	0x2E0C      	DECFSZ      R12, 1, 0
0x1470	0xD7FC      	BRA         L__I2C_LCD_Chr23
0x1472	0x0000      	NOP
0x1474	0x0000      	NOP
;LCD_i2c.mbas,93 :: 		I2C1_Wr(lo_n or rs or $04 or $08)
0x1476	0x0100      	MOVLB       0
0x1478	0x5160      	MOVF        I2C_LCD_Chr_rs, 0, 1
0x147A	0x105F      	IORWF       I2C_LCD_Chr_lo_n, 0 
0x147C	0x6F68      	MOVWF       FARG_I2C1_Wr_data_, 1
0x147E	0x8568      	BSF         FARG_I2C1_Wr_data_, 2, 1
0x1480	0x8768      	BSF         FARG_I2C1_Wr_data_, 3, 1
0x1482	0xDE44      	RCALL       _I2C1_Wr
;LCD_i2c.mbas,94 :: 		I2C1_Is_Idle()
0x1484	0xDE27      	RCALL       _I2C1_Is_Idle
;LCD_i2c.mbas,95 :: 		Delay_us(50)
0x1486	0x0EC7      	MOVLW       199
0x1488	0x6E0D      	MOVWF       R13, 0
L__I2C_LCD_Chr24:
0x148A	0x2E0D      	DECFSZ      R13, 1, 0
0x148C	0xD7FE      	BRA         L__I2C_LCD_Chr24
0x148E	0x0000      	NOP
0x1490	0x0000      	NOP
;LCD_i2c.mbas,96 :: 		I2C1_Wr(lo_n or rs or $00 or $08)
0x1492	0x0100      	MOVLB       0
0x1494	0x5160      	MOVF        I2C_LCD_Chr_rs, 0, 1
0x1496	0x105F      	IORWF       I2C_LCD_Chr_lo_n, 0 
0x1498	0x6F68      	MOVWF       FARG_I2C1_Wr_data_, 1
0x149A	0x8768      	BSF         FARG_I2C1_Wr_data_, 3, 1
0x149C	0xDE37      	RCALL       _I2C1_Wr
;LCD_i2c.mbas,97 :: 		I2C1_Is_Idle()
0x149E	0xDE1A      	RCALL       _I2C1_Is_Idle
;LCD_i2c.mbas,98 :: 		I2C1_stop()
0x14A0	0xDE33      	RCALL       _I2C1_Stop
;LCD_i2c.mbas,99 :: 		end sub
L_end_I2C_LCD_Chr:
0x14A2	0x0012      	RETURN      0
; end of _I2C_LCD_Chr
_I2C1_Init:
;__Lib_I2C_b46.mpas,59 :: 		
;__Lib_I2C_b46.mpas,60 :: 		
0x14A4	0x6A31      	CLRF        __Lib_I2C_b46__I2C1_TIMEOUT 
0x14A6	0x6A32      	CLRF        __Lib_I2C_b46__I2C1_TIMEOUT+1 
0x14A8	0x6A33      	CLRF        __Lib_I2C_b46__I2C1_TIMEOUT+2 
0x14AA	0x6A34      	CLRF        __Lib_I2C_b46__I2C1_TIMEOUT+3 
;__Lib_I2C_b46.mpas,62 :: 		
0x14AC	0x0ED4      	MOVLW       _I2C1_Is_Idle
0x14AE	0x6E19      	MOVWF       _I2C_Is_Idle_Ptr 
0x14B0	0x0E10      	MOVLW       hi_addr(_I2C1_Is_Idle)
0x14B2	0x6E1A      	MOVWF       _I2C_Is_Idle_Ptr+1 
0x14B4	0x0E00      	MOVLW       0
0x14B6	0x6E1B      	MOVWF       _I2C_Is_Idle_Ptr+2 
0x14B8	0x0E00      	MOVLW       0
0x14BA	0x6E1C      	MOVWF       _I2C_Is_Idle_Ptr+3 
;__Lib_I2C_b46.mpas,63 :: 		
0x14BC	0x0E16      	MOVLW       _I2C1_Start
0x14BE	0x6E15      	MOVWF       _I2C_Start_Ptr 
0x14C0	0x0E12      	MOVLW       hi_addr(_I2C1_Start)
0x14C2	0x6E16      	MOVWF       _I2C_Start_Ptr+1 
0x14C4	0x0E00      	MOVLW       0
0x14C6	0x6E17      	MOVWF       _I2C_Start_Ptr+2 
0x14C8	0x0E00      	MOVLW       0
0x14CA	0x6E18      	MOVWF       _I2C_Start_Ptr+3 
;__Lib_I2C_b46.mpas,64 :: 		
0x14CC	0x0EFF      	MOVLW       _I2C1_Repeated_Start
0x14CE	0x6E21      	MOVWF       _I2C_Restart_Ptr 
0x14D0	0x0EFF      	MOVLW       hi_addr(_I2C1_Repeated_Start)
0x14D2	0x6E22      	MOVWF       _I2C_Restart_Ptr+1 
0x14D4	0x0E00      	MOVLW       0
0x14D6	0x6E23      	MOVWF       _I2C_Restart_Ptr+2 
0x14D8	0x0E00      	MOVLW       0
0x14DA	0x6E24      	MOVWF       _I2C_Restart_Ptr+3 
;__Lib_I2C_b46.mpas,65 :: 		
0x14DC	0x0EFF      	MOVLW       _I2C1_Rd
0x14DE	0x6E2D      	MOVWF       _I2C_Read_Ptr 
0x14E0	0x0EFF      	MOVLW       hi_addr(_I2C1_Rd)
0x14E2	0x6E2E      	MOVWF       _I2C_Read_Ptr+1 
0x14E4	0x0EFF      	MOVLW       FARG_I2C1_Rd_ack
0x14E6	0x6E2F      	MOVWF       _I2C_Read_Ptr+2 
0x14E8	0x0EFF      	MOVLW       hi_addr(FARG_I2C1_Rd_ack)
0x14EA	0x6E30      	MOVWF       _I2C_Read_Ptr+3 
;__Lib_I2C_b46.mpas,66 :: 		
0x14EC	0x0E0C      	MOVLW       _I2C1_Wr
0x14EE	0x6E29      	MOVWF       _I2C_Write_Ptr 
0x14F0	0x0E11      	MOVLW       hi_addr(_I2C1_Wr)
0x14F2	0x6E2A      	MOVWF       _I2C_Write_Ptr+1 
0x14F4	0x0E68      	MOVLW       FARG_I2C1_Wr_data_
0x14F6	0x6E2B      	MOVWF       _I2C_Write_Ptr+2 
0x14F8	0x0E00      	MOVLW       hi_addr(FARG_I2C1_Wr_data_)
0x14FA	0x6E2C      	MOVWF       _I2C_Write_Ptr+3 
;__Lib_I2C_b46.mpas,67 :: 		
0x14FC	0x0E08      	MOVLW       _I2C1_Stop
0x14FE	0x6E25      	MOVWF       _I2C_Stop_Ptr 
0x1500	0x0E11      	MOVLW       hi_addr(_I2C1_Stop)
0x1502	0x6E26      	MOVWF       _I2C_Stop_Ptr+1 
0x1504	0x0E00      	MOVLW       0
0x1506	0x6E27      	MOVWF       _I2C_Stop_Ptr+2 
0x1508	0x0E00      	MOVLW       0
0x150A	0x6E28      	MOVWF       _I2C_Stop_Ptr+3 
;__Lib_I2C_b46.mpas,75 :: 		
0x150C	0x9893      	BCF         TRISB4_bit, BitPos(TRISB4_bit+0) 
;__Lib_I2C_b46.mpas,76 :: 		
0x150E	0x9C93      	BCF         TRISB6_bit, BitPos(TRISB6_bit+0) 
;__Lib_I2C_b46.mpas,79 :: 		
0x1510	0x988A      	BCF         LATB4_bit, BitPos(LATB4_bit+0) 
;__Lib_I2C_b46.mpas,80 :: 		
0x1512	0x9C8A      	BCF         LATB6_bit, BitPos(LATB6_bit+0) 
;__Lib_I2C_b46.mpas,83 :: 		
0x1514	0x8893      	BSF         TRISB4_bit, BitPos(TRISB4_bit+0) 
;__Lib_I2C_b46.mpas,84 :: 		
0x1516	0x8C93      	BSF         TRISB6_bit, BitPos(TRISB6_bit+0) 
;__Lib_I2C_b46.mpas,86 :: 		
0x1518	0x9EC7      	BCF         SSPSTAT, 7 
;__Lib_I2C_b46.mpas,87 :: 		
0x151A	0x9CC7      	BCF         SSPSTAT, 6 
;__Lib_I2C_b46.mpas,88 :: 		
0x151C	0x0E38      	MOVLW       56
0x151E	0x6EC6      	MOVWF       SSPCON1 
;__Lib_I2C_b46.mpas,91 :: 		
L_end_I2C1_Init:
0x1520	0x0012      	RETURN      0
; end of _I2C1_Init
_I2C_LCD_Init:
;LCD_i2c.mbas,132 :: 		Dim rs as byte
;LCD_i2c.mbas,134 :: 		I2C1_Start()
0x1522	0xDE79      	RCALL       _I2C1_Start
;LCD_i2c.mbas,135 :: 		I2C1_Is_Idle()
0x1524	0xDDD7      	RCALL       _I2C1_Is_Idle
;LCD_i2c.mbas,136 :: 		I2C1_Wr(LCD_ADDR)
0x1526	0x0E4E      	MOVLW       78
0x1528	0x0100      	MOVLB       0
0x152A	0x6F68      	MOVWF       FARG_I2C1_Wr_data_, 1
0x152C	0xDDEF      	RCALL       _I2C1_Wr
;LCD_i2c.mbas,137 :: 		I2C1_Is_Idle()
0x152E	0xDDD2      	RCALL       _I2C1_Is_Idle
;LCD_i2c.mbas,139 :: 		Delay_ms(30)
0x1530	0x0E02      	MOVLW       2
0x1532	0x6E0B      	MOVWF       R11, 0
0x1534	0x0ED4      	MOVLW       212
0x1536	0x6E0C      	MOVWF       R12, 0
0x1538	0x0E85      	MOVLW       133
0x153A	0x6E0D      	MOVWF       R13, 0
L__I2C_LCD_Init30:
0x153C	0x2E0D      	DECFSZ      R13, 1, 0
0x153E	0xD7FE      	BRA         L__I2C_LCD_Init30
0x1540	0x2E0C      	DECFSZ      R12, 1, 0
0x1542	0xD7FC      	BRA         L__I2C_LCD_Init30
0x1544	0x2E0B      	DECFSZ      R11, 1, 0
0x1546	0xD7FA      	BRA         L__I2C_LCD_Init30
;LCD_i2c.mbas,141 :: 		I2C1_Wr($30 or rs or $04 or $08)
0x1548	0x0E30      	MOVLW       48
0x154A	0x1057      	IORWF       I2C_LCD_Init_rs, 0 
0x154C	0x0100      	MOVLB       0
0x154E	0x6F68      	MOVWF       FARG_I2C1_Wr_data_, 1
0x1550	0x8568      	BSF         FARG_I2C1_Wr_data_, 2, 1
0x1552	0x8768      	BSF         FARG_I2C1_Wr_data_, 3, 1
0x1554	0xDDDB      	RCALL       _I2C1_Wr
;LCD_i2c.mbas,142 :: 		I2C1_Is_Idle()
0x1556	0xDDBE      	RCALL       _I2C1_Is_Idle
;LCD_i2c.mbas,143 :: 		Delay_us(50)
0x1558	0x0EC7      	MOVLW       199
0x155A	0x6E0D      	MOVWF       R13, 0
L__I2C_LCD_Init31:
0x155C	0x2E0D      	DECFSZ      R13, 1, 0
0x155E	0xD7FE      	BRA         L__I2C_LCD_Init31
0x1560	0x0000      	NOP
0x1562	0x0000      	NOP
;LCD_i2c.mbas,144 :: 		I2C1_Wr($30 or rs or $00 or $08)
0x1564	0x0E30      	MOVLW       48
0x1566	0x1057      	IORWF       I2C_LCD_Init_rs, 0 
0x1568	0x0100      	MOVLB       0
0x156A	0x6F68      	MOVWF       FARG_I2C1_Wr_data_, 1
0x156C	0x8768      	BSF         FARG_I2C1_Wr_data_, 3, 1
0x156E	0xDDCE      	RCALL       _I2C1_Wr
;LCD_i2c.mbas,145 :: 		I2C1_Is_Idle()
0x1570	0xDDB1      	RCALL       _I2C1_Is_Idle
;LCD_i2c.mbas,147 :: 		Delay_ms(10)
0x1572	0x0E9C      	MOVLW       156
0x1574	0x6E0C      	MOVWF       R12, 0
0x1576	0x0ED7      	MOVLW       215
0x1578	0x6E0D      	MOVWF       R13, 0
L__I2C_LCD_Init32:
0x157A	0x2E0D      	DECFSZ      R13, 1, 0
0x157C	0xD7FE      	BRA         L__I2C_LCD_Init32
0x157E	0x2E0C      	DECFSZ      R12, 1, 0
0x1580	0xD7FC      	BRA         L__I2C_LCD_Init32
;LCD_i2c.mbas,149 :: 		I2C1_Wr($30 or rs or $04 or $08)
0x1582	0x0E30      	MOVLW       48
0x1584	0x1057      	IORWF       I2C_LCD_Init_rs, 0 
0x1586	0x0100      	MOVLB       0
0x1588	0x6F68      	MOVWF       FARG_I2C1_Wr_data_, 1
0x158A	0x8568      	BSF         FARG_I2C1_Wr_data_, 2, 1
0x158C	0x8768      	BSF         FARG_I2C1_Wr_data_, 3, 1
0x158E	0xDDBE      	RCALL       _I2C1_Wr
;LCD_i2c.mbas,150 :: 		I2C1_Is_Idle()
0x1590	0xDDA1      	RCALL       _I2C1_Is_Idle
;LCD_i2c.mbas,151 :: 		Delay_us(50)
0x1592	0x0EC7      	MOVLW       199
0x1594	0x6E0D      	MOVWF       R13, 0
L__I2C_LCD_Init33:
0x1596	0x2E0D      	DECFSZ      R13, 1, 0
0x1598	0xD7FE      	BRA         L__I2C_LCD_Init33
0x159A	0x0000      	NOP
0x159C	0x0000      	NOP
;LCD_i2c.mbas,152 :: 		I2C1_Wr($30 or rs or $00 or $08)
0x159E	0x0E30      	MOVLW       48
0x15A0	0x1057      	IORWF       I2C_LCD_Init_rs, 0 
0x15A2	0x0100      	MOVLB       0
0x15A4	0x6F68      	MOVWF       FARG_I2C1_Wr_data_, 1
0x15A6	0x8768      	BSF         FARG_I2C1_Wr_data_, 3, 1
0x15A8	0xDDB1      	RCALL       _I2C1_Wr
;LCD_i2c.mbas,153 :: 		I2C1_Is_Idle()
0x15AA	0xDD94      	RCALL       _I2C1_Is_Idle
;LCD_i2c.mbas,155 :: 		Delay_ms(10)
0x15AC	0x0E9C      	MOVLW       156
0x15AE	0x6E0C      	MOVWF       R12, 0
0x15B0	0x0ED7      	MOVLW       215
0x15B2	0x6E0D      	MOVWF       R13, 0
L__I2C_LCD_Init34:
0x15B4	0x2E0D      	DECFSZ      R13, 1, 0
0x15B6	0xD7FE      	BRA         L__I2C_LCD_Init34
0x15B8	0x2E0C      	DECFSZ      R12, 1, 0
0x15BA	0xD7FC      	BRA         L__I2C_LCD_Init34
;LCD_i2c.mbas,157 :: 		I2C1_Wr($30 or rs or $04 or $08)
0x15BC	0x0E30      	MOVLW       48
0x15BE	0x1057      	IORWF       I2C_LCD_Init_rs, 0 
0x15C0	0x0100      	MOVLB       0
0x15C2	0x6F68      	MOVWF       FARG_I2C1_Wr_data_, 1
0x15C4	0x8568      	BSF         FARG_I2C1_Wr_data_, 2, 1
0x15C6	0x8768      	BSF         FARG_I2C1_Wr_data_, 3, 1
0x15C8	0xDDA1      	RCALL       _I2C1_Wr
;LCD_i2c.mbas,158 :: 		I2C1_Is_Idle()
0x15CA	0xDD84      	RCALL       _I2C1_Is_Idle
;LCD_i2c.mbas,159 :: 		Delay_us(50)
0x15CC	0x0EC7      	MOVLW       199
0x15CE	0x6E0D      	MOVWF       R13, 0
L__I2C_LCD_Init35:
0x15D0	0x2E0D      	DECFSZ      R13, 1, 0
0x15D2	0xD7FE      	BRA         L__I2C_LCD_Init35
0x15D4	0x0000      	NOP
0x15D6	0x0000      	NOP
;LCD_i2c.mbas,160 :: 		I2C1_Wr($30 or rs or $00 or $08)
0x15D8	0x0E30      	MOVLW       48
0x15DA	0x1057      	IORWF       I2C_LCD_Init_rs, 0 
0x15DC	0x0100      	MOVLB       0
0x15DE	0x6F68      	MOVWF       FARG_I2C1_Wr_data_, 1
0x15E0	0x8768      	BSF         FARG_I2C1_Wr_data_, 3, 1
0x15E2	0xDD94      	RCALL       _I2C1_Wr
;LCD_i2c.mbas,161 :: 		I2C1_Is_Idle()
0x15E4	0xDD77      	RCALL       _I2C1_Is_Idle
;LCD_i2c.mbas,163 :: 		Delay_ms(10)
0x15E6	0x0E9C      	MOVLW       156
0x15E8	0x6E0C      	MOVWF       R12, 0
0x15EA	0x0ED7      	MOVLW       215
0x15EC	0x6E0D      	MOVWF       R13, 0
L__I2C_LCD_Init36:
0x15EE	0x2E0D      	DECFSZ      R13, 1, 0
0x15F0	0xD7FE      	BRA         L__I2C_LCD_Init36
0x15F2	0x2E0C      	DECFSZ      R12, 1, 0
0x15F4	0xD7FC      	BRA         L__I2C_LCD_Init36
;LCD_i2c.mbas,165 :: 		I2C1_Wr($20 or rs or $04 or $08)
0x15F6	0x0E20      	MOVLW       32
0x15F8	0x1057      	IORWF       I2C_LCD_Init_rs, 0 
0x15FA	0x0100      	MOVLB       0
0x15FC	0x6F68      	MOVWF       FARG_I2C1_Wr_data_, 1
0x15FE	0x8568      	BSF         FARG_I2C1_Wr_data_, 2, 1
0x1600	0x8768      	BSF         FARG_I2C1_Wr_data_, 3, 1
0x1602	0xDD84      	RCALL       _I2C1_Wr
;LCD_i2c.mbas,166 :: 		I2C1_Is_Idle()
0x1604	0xDD67      	RCALL       _I2C1_Is_Idle
;LCD_i2c.mbas,167 :: 		Delay_us(50)
0x1606	0x0EC7      	MOVLW       199
0x1608	0x6E0D      	MOVWF       R13, 0
L__I2C_LCD_Init37:
0x160A	0x2E0D      	DECFSZ      R13, 1, 0
0x160C	0xD7FE      	BRA         L__I2C_LCD_Init37
0x160E	0x0000      	NOP
0x1610	0x0000      	NOP
;LCD_i2c.mbas,168 :: 		I2C1_Wr($20 or rs or $00 or $08)
0x1612	0x0E20      	MOVLW       32
0x1614	0x1057      	IORWF       I2C_LCD_Init_rs, 0 
0x1616	0x0100      	MOVLB       0
0x1618	0x6F68      	MOVWF       FARG_I2C1_Wr_data_, 1
0x161A	0x8768      	BSF         FARG_I2C1_Wr_data_, 3, 1
0x161C	0xDD77      	RCALL       _I2C1_Wr
;LCD_i2c.mbas,169 :: 		I2C1_Is_Idle()
0x161E	0xDD5A      	RCALL       _I2C1_Is_Idle
;LCD_i2c.mbas,170 :: 		I2C1_Stop()
0x1620	0xDD73      	RCALL       _I2C1_Stop
;LCD_i2c.mbas,172 :: 		Delay_ms(10)
0x1622	0x0E9C      	MOVLW       156
0x1624	0x6E0C      	MOVWF       R12, 0
0x1626	0x0ED7      	MOVLW       215
0x1628	0x6E0D      	MOVWF       R13, 0
L__I2C_LCD_Init38:
0x162A	0x2E0D      	DECFSZ      R13, 1, 0
0x162C	0xD7FE      	BRA         L__I2C_LCD_Init38
0x162E	0x2E0C      	DECFSZ      R12, 1, 0
0x1630	0xD7FC      	BRA         L__I2C_LCD_Init38
;LCD_i2c.mbas,174 :: 		I2C_LCD_Cmd($28)
0x1632	0x0E28      	MOVLW       40
0x1634	0x0100      	MOVLB       0
0x1636	0x6F64      	MOVWF       FARG_I2C_LCD_Cmd_out_char, 1
0x1638	0xDE49      	RCALL       _I2C_LCD_Cmd
;LCD_i2c.mbas,175 :: 		I2C_LCD_Cmd($06)
0x163A	0x0E06      	MOVLW       6
0x163C	0x6F64      	MOVWF       FARG_I2C_LCD_Cmd_out_char, 1
0x163E	0xDE46      	RCALL       _I2C_LCD_Cmd
;LCD_i2c.mbas,176 :: 		end sub
L_end_I2C_LCD_Init:
0x1640	0x0012      	RETURN      0
; end of _I2C_LCD_Init
_I2C_LCD_Out:
;LCD_i2c.mbas,179 :: 		Dim i as byte
;LCD_i2c.mbas,181 :: 		for i = 0 to Strlen(text) - 1
0x1642	0x6A5B      	CLRF        I2C_LCD_Out_i 
L__I2C_LCD_Out40:
0x1644	0xF05EC059  	MOVFF       FARG_I2C_LCD_Out_text, FARG_strlen_s
0x1648	0xF05FC05A  	MOVFF       FARG_I2C_LCD_Out_text+1, FARG_strlen_s+1
0x164C	0xDE9B      	RCALL       _strlen
0x164E	0x0E01      	MOVLW       1
0x1650	0x5C00      	SUBWF       R0, 0 
0x1652	0x6E5C      	MOVWF       FLOC__I2C_LCD_Out 
0x1654	0x0E00      	MOVLW       0
0x1656	0x5801      	SUBWFB      R1, 0 
0x1658	0x6E5D      	MOVWF       FLOC__I2C_LCD_Out+1 
0x165A	0x0E00      	MOVLW       0
0x165C	0x5C5D      	SUBWF       FLOC__I2C_LCD_Out+1, 0 
0x165E	0xE102      	BNZ         L__I2C_LCD_Out62
0x1660	0x505B      	MOVF        I2C_LCD_Out_i, 0 
0x1662	0x5C5C      	SUBWF       FLOC__I2C_LCD_Out, 0 
L__I2C_LCD_Out62:
0x1664	0xE316      	BNC         L__I2C_LCD_Out44
;LCD_i2c.mbas,182 :: 		I2C_LCD_Chr(row, column, text[i])
0x1666	0xF061C057  	MOVFF       FARG_I2C_LCD_Out_row, FARG_I2C_LCD_Chr_row
0x166A	0xF062C058  	MOVFF       FARG_I2C_LCD_Out_column, FARG_I2C_LCD_Chr_column
0x166E	0x505B      	MOVF        I2C_LCD_Out_i, 0 
0x1670	0x2459      	ADDWF       FARG_I2C_LCD_Out_text, 0 
0x1672	0x6EE9      	MOVWF       FSR0L 
0x1674	0x0E00      	MOVLW       0
0x1676	0x205A      	ADDWFC      FARG_I2C_LCD_Out_text+1, 0 
0x1678	0x6EEA      	MOVWF       FSR0H 
0x167A	0xF063CFEE  	MOVFF       POSTINC0, FARG_I2C_LCD_Chr_out_char
0x167E	0xDE9B      	RCALL       _I2C_LCD_Chr
;LCD_i2c.mbas,183 :: 		column = column + 1
0x1680	0x2A58      	INCF        FARG_I2C_LCD_Out_column, 1 
;LCD_i2c.mbas,184 :: 		next i
0x1682	0x0E00      	MOVLW       0
0x1684	0x185D      	XORWF       FLOC__I2C_LCD_Out+1, 0 
0x1686	0xE102      	BNZ         L__I2C_LCD_Out63
0x1688	0x505C      	MOVF        FLOC__I2C_LCD_Out, 0 
0x168A	0x185B      	XORWF       I2C_LCD_Out_i, 0 
L__I2C_LCD_Out63:
0x168C	0xE002      	BZ          L__I2C_LCD_Out44
0x168E	0x2A5B      	INCF        I2C_LCD_Out_i, 1 
0x1690	0xD7D9      	BRA         L__I2C_LCD_Out40
L__I2C_LCD_Out44:
;LCD_i2c.mbas,185 :: 		end sub
L_end_I2C_LCD_Out:
0x1692	0x0012      	RETURN      0
; end of _I2C_LCD_Out
Symbol List:
//** Routines locations **
//ADDRESS    SIZE    PROCEDURE
//----------------------------------------------
0x1000     [180]    _main
0x10B4      [14]    _UART1_Write
0x10C2      [18]    _SPI1_Write
0x10D4      [28]    _I2C1_Is_Idle
0x10F0      [24]    _____DoIFC
0x1108       [4]    _I2C1_Stop
0x110C     [266]    _I2C1_Wr
0x1216     [182]    _I2C1_Start
0x12CC     [184]    _I2C_LCD_Cmd
0x1384      [50]    _strlen
0x13B6     [238]    _I2C_LCD_Chr
0x14A4     [126]    _I2C1_Init
0x1522     [288]    _I2C_LCD_Init
0x1642      [82]    _I2C_LCD_Out
//** Variables locations ** 
//ADDRESS    SIZE    VARIABLE
//----------------------------------------------
0x0000       [1]    PutZerosToLATSda_temp_sda
0x0000       [1]    R0
0x0000       [1]    EEPROM_Write_SaveINTCON
0x0000       [1]    PutZerosToLATScl_temp_scl
0x0000       [1]    UART1_Init_tmp
0x0000       [1]    SPI1_Write_tmp
0x0000       [1]    FLASH_Erase_64_SaveINTCON
0x0001       [1]    UART1_TX_Idle_local_result
0x0001       [1]    Mmc_Fat_EOF_local_result
0x0001       [2]    strncpy_ptr1
0x0001       [1]    EEPROM_Read_local_result
0x0001       [2]    strcat_ptr1
0x0001       [2]    strncat2_ptr1
0x0001       [1]    MM_error_local_result
0x0001       [1]    Cf_Detect_local_result
0x0001       [1]    SPI1_Read_local_result
0x0001       [1]    UART1_Data_Ready_local_result
0x0001       [1]    __Lib_USB_genHID_P18K50_?FLOC____Lib_USB_genHID_P18K50_USB_Handle_BusyT1
0x0001       [2]    strcpy_ptr1
0x0001       [1]    closeDir_local_result
0x0001       [1]    FLASH_Write_16_counter
0x0001       [2]    FLASH_Read_N_Bytes_counter
0x0001       [1]    UART1_Read_local_result
0x0001       [2]    memset_chptr
0x0001       [1]    R1
0x0001       [2]    ltrim_ptr1
0x0001       [1]    FLASH_Erase_Write_64_cnt1
0x0001       [2]    strcat2_ptrl1
0x0001       [2]    memcpy_chptr1
0x0001       [1]    FLASH_Read_local_result
0x0001       [1]    Clock_Wait_High_local_result
0x0002       [2]    SPI_Ethernet_24j600_getIpAddress_local_result
0x0002       [2]    max_local_result
0x0002       [1]    isupper_local_result
0x0002       [2]    T6963C_WaitReady_ptr
0x0002       [2]    Length_local_result
0x0002       [1]    toupper_local_result
0x0002       [2]    strlen_local_result
0x0002       [1]    FLASH_Erase_Write_64_cnt2
0x0002       [1]    Clock_Wait_Low_local_result
0x0002       [1]    Wait_Falling_local_result
0x0002       [1]    __Lib_USB_genHID_P18K50_USB_CtrlTrf_Rx_Service_byteToRead_L0
0x0002       [1]    R2
0x0002       [1]    ispunct_local_result
0x0002       [2]    strstr_local_result
0x0002       [1]    FLASH_Write_16_SaveINTCON
0x0002       [2]    SPI_Ethernet_24j600_getIpMask_local_result
0x0002       [1]    I2C1_Is_Idle_local_result
0x0002       [2]    SPI_Ethernet_24j600_getGwIpAddress_local_result
0x0002       [2]    SPI_Ethernet_24j600_getDnsIpAddress_local_result
0x0002       [1]    isdigit_local_result
0x0002       [2]    strchr_local_result
0x0002       [1]    tolower_local_result
0x0002       [1]    iscntrl_local_result
0x0002       [1]    islower_local_result
0x0002       [2]    constToVar_local_result
0x0002       [2]    memchr_local_result
0x0002       [2]    strncat_ptr1
0x0002       [2]    SPI_Ethernet_getGwIpAddress_local_result
0x0002       [2]    min_local_result
0x0002       [2]    SPI_Ethernet_getDnsIpAddress_local_result
0x0002       [1]    UART1_Read_tmp
0x0002       [2]    abs_local_result
0x0002       [2]    f16_toInt_local_result
0x0002       [2]    SPI_Ethernet_getIpMask_local_result
0x0002       [2]    SPI_Ethernet_getIpAddress_local_result
0x0002       [2]    memcmp_local_result
0x0003       [2]    __Lib_USB_genHID_P18K50_USB_CtrlTrf_Tx_Service_byteToSend_L0
0x0003       [1]    isspace_local_result
0x0003       [1]    Wait_Falling_osample
0x0003       [1]    __Lib_USB_genHID_P18K50_USB_CtrlTrf_Rx_Service_i_L0
0x0003       [1]    MM_Init_i
0x0003       [2]    strcat_ptr2
0x0003       [2]    strcmp_local_result
0x0003       [2]    MM_CheckBlocks_local_result
0x0003       [2]    strncat2_ptr2
0x0003       [2]    strcpy_ptr2
0x0003       [1]    R3
0x0003       [2]    strncpy_ptr2
0x0003       [2]    memcpy_chptr2
0x0003       [2]    MM_TotalFreeMemSize_local_result
0x0003       [2]    ltrim_ptr2
0x0003       [1]    FLASH_Erase_Write_64_SaveINTCON
0x0003       [2]    strcat2_ptr1
0x0004       [2]    strchr_ptr
0x0004       [2]    strlen_ptr
0x0004       [2]    memcmp_chptr1
0x0004       [1]    Wait_Falling_nsample
0x0004       [4]    Cf_Fat_Get_File_Size_local_result
0x0004       [4]    labs_local_result
0x0004       [4]    Mmc_Fat_Tell_local_result
0x0004       [2]    __Lib_USB_genHID_P18K50_USB_Get_Status_Handler_p_L2
0x0004       [2]    memchr_chptr
0x0004       [2]    strstr_i
0x0004       [1]    __Lib_USB_genHID_P18K50_GetMaxIndexInDevDsc_index_L0
0x0004       [4]    f16_toLong_local_result
0x0004       [2]    memmove_chptr1
0x0004       [1]    R4
0x0004       [2]    Length_ptr
0x0004       [2]    strncat_ptr2
0x0004       [4]    Mmc_Fat_Get_File_Size_local_result
0x0004       [4]    frexp_local_result
0x0004       [2]    __Lib_USB_genHID_P18K50_USB_Transfer_Packet_handle_L0
0x0004       [2]    __Lib_USB_genHID_P18K50_USB_Std_Feature_Req_Handler_p_L0
0x0004       [1]    Ps2_Get_Value_local_result
0x0004       [4]    Get_Fosc_kHz_local_result
0x0004       [2]    strncmp_local_result
0x0005       [2]    strcat2_ptr2
0x0005       [2]    LongIntToHex_input_half
0x0005       [1]    GetMemAlign_i
0x0005       [2]    strcmp_ptr1
0x0005       [2]    LongWordToHex_input_half
0x0005       [1]    Ps2_Get_Value_rslt
0x0005       [1]    MM_TotalFreeMemSize_i
0x0005       [1]    Wait_Falling_i
0x0005       [1]    R5
0x0006       [2]    memcmp_chptr2
0x0006       [2]    __Lib_USB_genHID_P18K50_GetMaxIndexInConfigDsc_totalLen_L0
0x0006       [1]    strncmp_ch1
0x0006       [2]    strstr_j
0x0006       [1]    R6
0x0006       [2]    memmove_chptr2
0x0007       [1]    R7
0x0007       [2]    strcmp_ptr2
0x0007       [1]    strncmp_ch2
0x0008       [2]    strstr_k
0x0008       [2]    strncmp_ptr1
0x0008       [3]    __Lib_USB_genHID_P18K50_GetMaxIndexInConfigDsc_ptr_L0
0x0008       [1]    R8
0x0009       [1]    R9
0x000A       [2]    strncmp_ptr2
0x000A       [1]    strstr_aa
0x000A       [1]    R10
0x000B       [1]    strstr_bb
0x000B       [1]    R11
0x000C       [1]    R12
0x000D       [1]    R13
0x000E       [1]    R14
0x000F       [1]    R15
0x0010       [1]    R16
0x0011       [1]    R17
0x0012       [1]    R18
0x0013       [1]    R19
0x0014       [1]    R20
0x0015       [4]    _I2C_Start_Ptr
0x0019       [4]    _I2C_Is_Idle_Ptr
0x001D       [4]    _I2C1_Timeout_Ptr
0x0021       [4]    _I2C_Restart_Ptr
0x0025       [4]    _I2C_Stop_Ptr
0x0029       [4]    _I2C_Write_Ptr
0x002D       [4]    _I2C_Read_Ptr
0x0031       [4]    __Lib_I2C_b46__I2C1_TIMEOUT
0x0035      [17]    _txt2
0x0046      [17]    _txt1
0x0057       [1]    FARG_I2C_LCD_Out_row
0x0057       [4]    FARG_I2C1_Init_clock
0x0057       [1]    I2C_LCD_Init_rs
0x0058       [1]    FARG_I2C_LCD_Out_column
0x0059       [2]    FARG_I2C_LCD_Out_text
0x005B       [1]    I2C_LCD_Out_i
0x005C       [2]    FLOC__I2C_LCD_Out
0x005E       [2]    FARG_strlen_s
0x005E       [1]    I2C_LCD_Chr_hi_n
0x005F       [1]    I2C_LCD_Chr_lo_n
0x0060       [1]    I2C_LCD_Chr_rs
0x0061       [1]    FARG_I2C_LCD_Chr_row
0x0062       [1]    FARG_I2C_LCD_Chr_column
0x0063       [1]    FARG_I2C_LCD_Chr_out_char
0x0064       [1]    FARG_I2C_LCD_Cmd_out_char
0x0065       [1]    I2C_LCD_Cmd_hi_n
0x0066       [1]    I2C_LCD_Cmd_lo_n
0x0067       [1]    I2C_LCD_Cmd_rs
0x0068       [1]    I2C1_Start_local_result
0x0068       [1]    FARG_I2C1_Wr_data_
0x0069       [2]    I2C1_Start_j
0x0069       [1]    I2C1_Wr_local_result
0x006A       [4]    I2C1_Wr_timeout
0x006B       [4]    I2C1_Start_timeout
0x006F       [1]    FARG_SPI1_Write_data_
0x006F       [1]    FARG_UART1_Write_data_
0x0F8A       [0]    LATB6_bit
0x0F8A       [0]    LATB4_bit
0x0F93       [0]    TRISB4_bit
0x0F93       [0]    TRISB6_bit
0x0F9E       [1]    PIR1
0x0FAC       [1]    TXSTA
0x0FAD       [1]    TXREG
0x0FC5       [1]    SSPCON2
0x0FC6       [1]    SSPCON1
0x0FC7       [1]    SSPSTAT
0x0FC8       [1]    SSPADD
0x0FC9       [1]    SSPBUF
0x0FE1       [2]    FSR1
0x0FF2       [1]    INTCON
0x0FFD       [1]    TOSL
0x0FFE       [1]    TOSH
0x0FFF       [1]    TOSU
