;  LST file generated by mikroListExporter - v.2.0 
; Date/Time: 18/02/2017 09:51:04 a.m.
;----------------------------------------------

;Address Opcode 	ASM
0x0000	0xF008EF00  	GOTO        4096
0x0004	0x0000      	NOP
0x0006	0x0000      	NOP
0x0008	0xF000EF00  	GOTO        0
0x000C	0x0000      	NOP
0x000E	0x0000      	NOP
0x0010	0x0000      	NOP
0x0012	0x0000      	NOP
0x0014	0x0000      	NOP
0x0016	0x0000      	NOP
0x0018	0xD7F3      	BRA         0
_main:
;Servo.mbas,20 :: 		org 0x1000
;Servo.mbas,23 :: 		trisc.5 = 0
0x1000	0x9A94      	BCF         TRISC, 5 
;Servo.mbas,24 :: 		loop:
L__main_loop:
;Servo.mbas,25 :: 		for va = 0 to 180 step 5
0x1002	0x6A16      	CLRF        _va 
L__main10:
0x1004	0x5016      	MOVF        _va, 0 
0x1006	0x08B4      	SUBLW       180
0x1008	0xE315      	BNC         L__main14
;Servo.mbas,26 :: 		servo(va)
0x100A	0xF017C016  	MOVFF       _va, FARG_servo_x
0x100E	0xD82B      	RCALL       _servo
;Servo.mbas,27 :: 		delay_ms(20)
0x1010	0x0E02      	MOVLW       2
0x1012	0x6E0B      	MOVWF       R11, 0
0x1014	0x0E38      	MOVLW       56
0x1016	0x6E0C      	MOVWF       R12, 0
0x1018	0x0EAD      	MOVLW       173
0x101A	0x6E0D      	MOVWF       R13, 0
L__main15:
0x101C	0x2E0D      	DECFSZ      R13, 1, 0
0x101E	0xD7FE      	BRA         L__main15
0x1020	0x2E0C      	DECFSZ      R12, 1, 0
0x1022	0xD7FC      	BRA         L__main15
0x1024	0x2E0B      	DECFSZ      R11, 1, 0
0x1026	0xD7FA      	BRA         L__main15
;Servo.mbas,28 :: 		next va
0x1028	0x5016      	MOVF        _va, 0 
0x102A	0x0AB4      	XORLW       180
0x102C	0xE003      	BZ          L__main14
0x102E	0x0E05      	MOVLW       5
0x1030	0x2616      	ADDWF       _va, 1 
0x1032	0xD7E8      	BRA         L__main10
L__main14:
;Servo.mbas,30 :: 		for va = 180 to 0 step -1
0x1034	0x0EB4      	MOVLW       180
0x1036	0x6E16      	MOVWF       _va 
L__main17:
;Servo.mbas,31 :: 		servo(va)
0x1038	0xF017C016  	MOVFF       _va, FARG_servo_x
0x103C	0xD814      	RCALL       _servo
;Servo.mbas,32 :: 		delay_ms(20)
0x103E	0x0E02      	MOVLW       2
0x1040	0x6E0B      	MOVWF       R11, 0
0x1042	0x0E38      	MOVLW       56
0x1044	0x6E0C      	MOVWF       R12, 0
0x1046	0x0EAD      	MOVLW       173
0x1048	0x6E0D      	MOVWF       R13, 0
L__main21:
0x104A	0x2E0D      	DECFSZ      R13, 1, 0
0x104C	0xD7FE      	BRA         L__main21
0x104E	0x2E0C      	DECFSZ      R12, 1, 0
0x1050	0xD7FC      	BRA         L__main21
0x1052	0x2E0B      	DECFSZ      R11, 1, 0
0x1054	0xD7FA      	BRA         L__main21
;Servo.mbas,33 :: 		next va
0x1056	0x5016      	MOVF        _va, 0 
0x1058	0x0A00      	XORLW       0
0x105A	0xE003      	BZ          L__main20
0x105C	0x0EFF      	MOVLW       255
0x105E	0x2616      	ADDWF       _va, 1 
0x1060	0xD7EB      	BRA         L__main17
L__main20:
;Servo.mbas,34 :: 		goto loop
0x1062	0xD7CF      	BRA         L__main_loop
L_end_main:
0x1064	0xD7FF      	BRA         $+0
; end of _main
_servo:
;Servo.mbas,7 :: 		sub procedure servo (dim x as byte)
;Servo.mbas,8 :: 		portc.5 = 1
0x1066	0x8A82      	BSF         PORTC, 5 
;Servo.mbas,9 :: 		delay_us (600)
0x1068	0x0E0A      	MOVLW       10
0x106A	0x6E0C      	MOVWF       R12, 0
0x106C	0x0E58      	MOVLW       88
0x106E	0x6E0D      	MOVWF       R13, 0
L__servo1:
0x1070	0x2E0D      	DECFSZ      R13, 1, 0
0x1072	0xD7FE      	BRA         L__servo1
0x1074	0x2E0C      	DECFSZ      R12, 1, 0
0x1076	0xD7FC      	BRA         L__servo1
0x1078	0x0000      	NOP
;Servo.mbas,10 :: 		for i = 0 to x step 1
0x107A	0x6A15      	CLRF        _i 
L__servo2:
0x107C	0x5015      	MOVF        _i, 0 
0x107E	0x5C17      	SUBWF       FARG_servo_x, 0 
0x1080	0xE30B      	BNC         L__servo6
;Servo.mbas,11 :: 		delay_us (9)
0x1082	0x0E23      	MOVLW       35
0x1084	0x6E0D      	MOVWF       R13, 0
L__servo7:
0x1086	0x2E0D      	DECFSZ      R13, 1, 0
0x1088	0xD7FE      	BRA         L__servo7
0x108A	0x0000      	NOP
0x108C	0x0000      	NOP
;Servo.mbas,12 :: 		next i
0x108E	0x5015      	MOVF        _i, 0 
0x1090	0x1817      	XORWF       FARG_servo_x, 0 
0x1092	0xE002      	BZ          L__servo6
0x1094	0x2A15      	INCF        _i, 1 
0x1096	0xD7F2      	BRA         L__servo2
L__servo6:
;Servo.mbas,13 :: 		portc.5 = 0
0x1098	0x9A82      	BCF         PORTC, 5 
;Servo.mbas,14 :: 		end sub
L_end_servo:
0x109A	0x0012      	RETURN      0
; end of _servo
Symbol List:
//** Routines locations **
//ADDRESS    SIZE    PROCEDURE
//----------------------------------------------
0x1000     [102]    _main
0x1066      [54]    _servo
//** Variables locations ** 
//ADDRESS    SIZE    VARIABLE
//----------------------------------------------
0x0000       [1]    PutZerosToLATSda_temp_sda
0x0000       [1]    R0
0x0000       [1]    FLASH_Erase_64_SaveINTCON
0x0000       [1]    EEPROM_Write_SaveINTCON
0x0000       [1]    SPI1_Write_tmp
0x0000       [1]    PutZerosToLATScl_temp_scl
0x0000       [1]    UART1_Init_tmp
0x0001       [1]    Is_TFT_Set_local_result
0x0001       [1]    Cf_Detect_local_result
0x0001       [1]    __Lib_USB_genHID_P18K50_?FLOC____Lib_USB_genHID_P18K50_USB_Handle_BusyT1
0x0001       [1]    SPI1_Read_local_result
0x0001       [2]    strcat2_ptrl1
0x0001       [1]    I2C1_Wr_local_result
0x0001       [1]    UART1_Read_local_result
0x0001       [1]    UART1_Data_Ready_local_result
0x0001       [2]    memcpy_chptr1
0x0001       [1]    JPEG_ToSignedCharRange_local_result
0x0001       [1]    FLASH_Write_16_counter
0x0001       [1]    Is_TFT_Rotated_180_local_result
0x0001       [2]    memset_chptr
0x0001       [1]    FLASH_Erase_Write_64_cnt1
0x0001       [1]    FLASH_Read_local_result
0x0001       [1]    R1
0x0001       [2]    FLASH_Read_N_Bytes_counter
0x0001       [1]    Mmc_Fat_EOF_local_result
0x0001       [1]    JPEG_FileReadBytes_local_result
0x0001       [1]    MM_error_local_result
0x0001       [1]    Clock_Wait_High_local_result
0x0001       [1]    I2C1_Rd_local_result
0x0001       [1]    closeDir_local_result
0x0001       [1]    JPEG_ToCharRange_local_result
0x0001       [1]    Is_SSD1963_Set_local_result
0x0001       [2]    ltrim_ptr1
0x0001       [1]    UART1_TX_Idle_local_result
0x0001       [2]    strncat2_ptr1
0x0001       [2]    strcat_ptr1
0x0001       [2]    strncpy_ptr1
0x0001       [1]    EEPROM_Read_local_result
0x0001       [2]    strcpy_ptr1
0x0002       [1]    toupper_local_result
0x0002       [2]    SPI_Ethernet_24j600_getDnsIpAddress_local_result
0x0002       [1]    Clock_Wait_Low_local_result
0x0002       [1]    UART1_Read_tmp
0x0002       [2]    strncat_ptr1
0x0002       [2]    max_local_result
0x0002       [1]    __Lib_USB_genHID_P18K50_USB_CtrlTrf_Rx_Service_byteToRead_L0
0x0002       [1]    FLASH_Write_16_SaveINTCON
0x0002       [2]    SPI_Ethernet_getDnsIpAddress_local_result
0x0002       [2]    min_local_result
0x0002       [1]    FLASH_Erase_Write_64_cnt2
0x0002       [2]    strstr_local_result
0x0002       [2]    memchr_local_result
0x0002       [1]    Wait_Falling_local_result
0x0002       [2]    memcmp_local_result
0x0002       [2]    SPI_Ethernet_24j600_getIpMask_local_result
0x0002       [2]    SPI_Ethernet_getGwIpAddress_local_result
0x0002       [2]    SPI_Ethernet_getIpAddress_local_result
0x0002       [1]    isdigit_local_result
0x0002       [2]    strlen_local_result
0x0002       [1]    isupper_local_result
0x0002       [1]    ispunct_local_result
0x0002       [2]    T6963C_WaitReady_ptr
0x0002       [1]    I2C1_Is_Idle_local_result
0x0002       [2]    Length_local_result
0x0002       [2]    SPI_Ethernet_24j600_getIpAddress_local_result
0x0002       [2]    SPI_Ethernet_getIpMask_local_result
0x0002       [2]    abs_local_result
0x0002       [1]    R2
0x0002       [2]    f16_toInt_local_result
0x0002       [1]    JPEG_FileRead_i
0x0002       [1]    iscntrl_local_result
0x0002       [1]    islower_local_result
0x0002       [2]    constToVar_local_result
0x0002       [2]    SPI_Ethernet_24j600_getGwIpAddress_local_result
0x0002       [2]    strchr_local_result
0x0002       [1]    tolower_local_result
0x0003       [2]    strcat2_ptr1
0x0003       [2]    strcmp_local_result
0x0003       [2]    strcat_ptr2
0x0003       [2]    memcpy_chptr2
0x0003       [1]    isspace_local_result
0x0003       [2]    strncpy_ptr2
0x0003       [1]    Wait_Falling_osample
0x0003       [2]    strncat2_ptr2
0x0003       [2]    strcpy_ptr2
0x0003       [2]    ltrim_ptr2
0x0003       [1]    __Lib_USB_genHID_P18K50_USB_CtrlTrf_Rx_Service_i_L0
0x0003       [2]    MM_TotalFreeMemSize_local_result
0x0003       [2]    __Lib_USB_genHID_P18K50_USB_CtrlTrf_Tx_Service_byteToSend_L0
0x0003       [1]    FLASH_Erase_Write_64_SaveINTCON
0x0003       [1]    R3
0x0003       [2]    MM_CheckBlocks_local_result
0x0003       [1]    MM_Init_i
0x0004       [4]    Cf_Fat_Get_File_Size_local_result
0x0004       [4]    Mmc_Fat_Tell_local_result
0x0004       [2]    __Lib_USB_genHID_P18K50_USB_Get_Status_Handler_p_L2
0x0004       [2]    __Lib_USB_genHID_P18K50_USB_Std_Feature_Req_Handler_p_L0
0x0004       [4]    labs_local_result
0x0004       [1]    R4
0x0004       [1]    Ps2_Get_Value_local_result
0x0004       [4]    frexp_local_result
0x0004       [1]    Wait_Falling_nsample
0x0004       [2]    strncmp_local_result
0x0004       [1]    __Lib_USB_genHID_P18K50_GetMaxIndexInDevDsc_index_L0
0x0004       [4]    Get_Fosc_kHz_local_result
0x0004       [2]    memcmp_chptr1
0x0004       [2]    strlen_ptr
0x0004       [2]    memchr_chptr
0x0004       [2]    __Lib_USB_genHID_P18K50_USB_Transfer_Packet_handle_L0
0x0004       [2]    strstr_i
0x0004       [4]    Mmc_Fat_Get_File_Size_local_result
0x0004       [2]    strchr_ptr
0x0004       [2]    strncat_ptr2
0x0004       [2]    memmove_chptr1
0x0004       [2]    Length_ptr
0x0004       [4]    f16_toLong_local_result
0x0005       [1]    R5
0x0005       [2]    strcmp_ptr1
0x0005       [2]    LongIntToHex_input_half
0x0005       [1]    Ps2_Get_Value_rslt
0x0005       [2]    strcat2_ptr2
0x0005       [2]    LongWordToHex_input_half
0x0005       [1]    GetMemAlign_i
0x0005       [1]    MM_TotalFreeMemSize_i
0x0005       [2]    __Lib_USB_genHID_P18K50_USB_Configure_Endpoint_handle_L0
0x0005       [1]    Wait_Falling_i
0x0006       [2]    memcmp_chptr2
0x0006       [2]    __Lib_USB_genHID_P18K50_GetMaxIndexInConfigDsc_totalLen_L0
0x0006       [2]    memmove_chptr2
0x0006       [2]    TFT_RGBToColor16bit_local_result
0x0006       [2]    strstr_j
0x0006       [1]    strncmp_ch1
0x0006       [1]    R6
0x0007       [1]    strncmp_ch2
0x0007       [2]    strcmp_ptr2
0x0007       [1]    R7
0x0008       [3]    __Lib_USB_genHID_P18K50_GetMaxIndexInConfigDsc_ptr_L0
0x0008       [1]    R8
0x0008       [2]    strncmp_ptr1
0x0008       [1]    JPEG_GenerateHuffmanTables_local_result
0x0008       [2]    strstr_k
0x0009       [4]    JPEG_UnscaleValue_local_result
0x0009       [1]    JPEG_GenerateHuffmanTables_bLength
0x0009       [1]    R9
0x000A       [1]    JPEG_GenerateHuffmanTables_bTable
0x000A       [2]    strncmp_ptr2
0x000A       [1]    R10
0x000A       [1]    strstr_aa
0x000B       [1]    R11
0x000B       [1]    strstr_bb
0x000C       [1]    R12
0x000D       [1]    R13
0x000E       [1]    R14
0x000F       [1]    R15
0x0010       [1]    R16
0x0011       [1]    R17
0x0012       [1]    R18
0x0013       [1]    R19
0x0014       [1]    R20
0x0015       [1]    _i
0x0016       [1]    _va
0x0017       [1]    FARG_servo_x
0x0F82       [1]    PORTC
0x0F94       [1]    TRISC
