;  LST file generated by mikroListExporter - v.2.0 
; Date/Time: 09/06/2017 10:27:53 p. m.
;----------------------------------------------

;Address Opcode 	ASM
0x0000	0xF008EF15  	GOTO        4138
0x0004	0x0000      	NOP
0x0006	0x0000      	NOP
0x0008	0xF008EF04  	GOTO        4104
0x000C	0x0000      	NOP
0x000E	0x0000      	NOP
0x0010	0x0000      	NOP
0x0012	0x0000      	NOP
0x0014	0x0000      	NOP
0x0016	0x0000      	NOP
0x0018	0xD7F3      	BRA         0
_interrupt:
;Timer_interrupt.mbas,5 :: 		org 0x1008
;Timer_interrupt.mbas,6 :: 		if INTCON.0 = 1 then
0x1008	0xA0F2      	BTFSS       INTCON, 0 
0x100A	0xD006      	BRA         L__interrupt2
;Timer_interrupt.mbas,7 :: 		LATB.7 = not PORTB.7
0x100C	0xBE81      	BTFSC       PORTB, 7 
0x100E	0xD002      	BRA         L__interrupt9
0x1010	0x8E8A      	BSF         LATB, 7 
0x1012	0xD001      	BRA         L__interrupt10
L__interrupt9:
0x1014	0x9E8A      	BCF         LATB, 7 
L__interrupt10:
;Timer_interrupt.mbas,8 :: 		INTCON.0 = 0
0x1016	0x90F2      	BCF         INTCON, 0 
L__interrupt2:
;Timer_interrupt.mbas,10 :: 		end sub
L_end_interrupt:
L__interrupt8:
0x1018	0x0011      	RETFIE      1
; end of _interrupt
_main:
;Timer_interrupt.mbas,13 :: 		org 0x102A
;Timer_interrupt.mbas,14 :: 		INTCON = %11001000
0x102A	0x0EC8      	MOVLW       200
0x102C	0x6EF2      	MOVWF       INTCON 
;Timer_interrupt.mbas,15 :: 		IOCA.3 = 1
0x102E	0x8679      	BSF         IOCA, 3 
;Timer_interrupt.mbas,16 :: 		TRISB.7 = 0
0x1030	0x9E93      	BCF         TRISB, 7 
;Timer_interrupt.mbas,17 :: 		LATB.7 = 0
0x1032	0x9E8A      	BCF         LATB, 7 
;Timer_interrupt.mbas,18 :: 		delay_ms(500)
0x1034	0x0E1F      	MOVLW       31
0x1036	0x6E0B      	MOVWF       R11, 0
0x1038	0x0E71      	MOVLW       113
0x103A	0x6E0C      	MOVWF       R12, 0
0x103C	0x0E1E      	MOVLW       30
0x103E	0x6E0D      	MOVWF       R13, 0
L__main5:
0x1040	0x2E0D      	DECFSZ      R13, 1, 0
0x1042	0xD7FE      	BRA         L__main5
0x1044	0x2E0C      	DECFSZ      R12, 1, 0
0x1046	0xD7FC      	BRA         L__main5
0x1048	0x2E0B      	DECFSZ      R11, 1, 0
0x104A	0xD7FA      	BRA         L__main5
0x104C	0x0000      	NOP
;Timer_interrupt.mbas,19 :: 		LATB.7 = 1
0x104E	0x8E8A      	BSF         LATB, 7 
;Timer_interrupt.mbas,20 :: 		delay_ms(500)
0x1050	0x0E1F      	MOVLW       31
0x1052	0x6E0B      	MOVWF       R11, 0
0x1054	0x0E71      	MOVLW       113
0x1056	0x6E0C      	MOVWF       R12, 0
0x1058	0x0E1E      	MOVLW       30
0x105A	0x6E0D      	MOVWF       R13, 0
L__main6:
0x105C	0x2E0D      	DECFSZ      R13, 1, 0
0x105E	0xD7FE      	BRA         L__main6
0x1060	0x2E0C      	DECFSZ      R12, 1, 0
0x1062	0xD7FC      	BRA         L__main6
0x1064	0x2E0B      	DECFSZ      R11, 1, 0
0x1066	0xD7FA      	BRA         L__main6
0x1068	0x0000      	NOP
;Timer_interrupt.mbas,21 :: 		LATB.7 = 0
0x106A	0x9E8A      	BCF         LATB, 7 
L_end_main:
0x106C	0xD7FF      	BRA         $+0
; end of _main
Symbol List:
//** Routines locations **
//ADDRESS    SIZE    PROCEDURE
//----------------------------------------------
0x1008      [18]    _interrupt
0x102A      [68]    _main
//** Variables locations ** 
//ADDRESS    SIZE    VARIABLE
//----------------------------------------------
0x0000       [1]    PutZerosToLATScl_temp_scl
0x0000       [1]    FLASH_Erase_64_SaveINTCON
0x0000       [1]    EEPROM_Write_SaveINTCON
0x0000       [1]    PutZerosToLATSda_temp_sda
0x0000       [1]    UART1_Init_tmp
0x0000       [1]    R0
0x0000       [1]    SPI1_Write_tmp
0x0001       [1]    JPEG_ToCharRange_local_result
0x0001       [1]    Mmc_Fat_EOF_local_result
0x0001       [1]    Cf_Detect_local_result
0x0001       [2]    strncat2_ptr1
0x0001       [1]    closeDir_local_result
0x0001       [1]    R1
0x0001       [2]    ltrim_ptr1
0x0001       [1]    Is_TFT_Set_local_result
0x0001       [1]    SPI1_Read_local_result
0x0001       [1]    JPEG_ToSignedCharRange_local_result
0x0001       [2]    strncpy_ptr1
0x0001       [1]    JPEG_FileReadBytes_local_result
0x0001       [1]    Is_SSD1963_Set_local_result
0x0001       [2]    memcpy_chptr1
0x0001       [2]    strcat2_ptrl1
0x0001       [1]    Is_TFT_Rotated_180_local_result
0x0001       [2]    FLASH_Read_N_Bytes_counter
0x0001       [1]    EEPROM_Read_local_result
0x0001       [1]    FLASH_Erase_Write_64_cnt1
0x0001       [1]    FLASH_Write_16_counter
0x0001       [1]    FLASH_Read_local_result
0x0001       [1]    UART1_TX_Idle_local_result
0x0001       [1]    __Lib_USB_genHID_P18K50_?FLOC____Lib_USB_genHID_P18K50_USB_Handle_BusyT1
0x0001       [2]    strcpy_ptr1
0x0001       [1]    MM_error_local_result
0x0001       [1]    UART1_Data_Ready_local_result
0x0001       [2]    strcat_ptr1
0x0001       [1]    Clock_Wait_High_local_result
0x0001       [1]    UART1_Read_local_result
0x0001       [2]    memset_chptr
0x0002       [2]    constToVar_local_result
0x0002       [1]    islower_local_result
0x0002       [2]    T6963C_WaitReady_ptr
0x0002       [2]    f16_toInt_local_result
0x0002       [1]    R2
0x0002       [1]    UART1_Read_tmp
0x0002       [2]    Length_local_result
0x0002       [1]    JPEG_FileRead_i
0x0002       [1]    isupper_local_result
0x0002       [2]    SPI_Ethernet_24j600_getDnsIpAddress_local_result
0x0002       [2]    SPI_Ethernet_24j600_getGwIpAddress_local_result
0x0002       [2]    SPI_Ethernet_24j600_getIpMask_local_result
0x0002       [2]    memcmp_local_result
0x0002       [2]    strncat_ptr1
0x0002       [1]    FLASH_Erase_Write_64_cnt2
0x0002       [2]    strlen_local_result
0x0002       [1]    FLASH_Write_16_SaveINTCON
0x0002       [2]    SPI_Ethernet_24j600_getIpAddress_local_result
0x0002       [2]    strchr_local_result
0x0002       [2]    memchr_local_result
0x0002       [1]    ispunct_local_result
0x0002       [1]    __Lib_USB_genHID_P18K50_USB_CtrlTrf_Rx_Service_byteToRead_L0
0x0002       [1]    isdigit_local_result
0x0002       [1]    iscntrl_local_result
0x0002       [2]    max_local_result
0x0002       [1]    toupper_local_result
0x0002       [1]    I2C1_Is_Idle_local_result
0x0002       [2]    min_local_result
0x0002       [2]    strstr_local_result
0x0002       [1]    tolower_local_result
0x0002       [2]    SPI_Ethernet_getDnsIpAddress_local_result
0x0002       [2]    abs_local_result
0x0002       [2]    SPI_Ethernet_getIpAddress_local_result
0x0002       [2]    SPI_Ethernet_getIpMask_local_result
0x0002       [1]    Wait_Falling_local_result
0x0002       [1]    Clock_Wait_Low_local_result
0x0002       [2]    SPI_Ethernet_getGwIpAddress_local_result
0x0003       [2]    memcpy_chptr2
0x0003       [2]    MM_CheckBlocks_local_result
0x0003       [2]    strcat2_ptr1
0x0003       [2]    strcat_ptr2
0x0003       [1]    MM_Init_i
0x0003       [1]    isspace_local_result
0x0003       [2]    __Lib_USB_genHID_P18K50_USB_CtrlTrf_Tx_Service_byteToSend_L0
0x0003       [1]    Wait_Falling_osample
0x0003       [1]    __Lib_USB_genHID_P18K50_USB_CtrlTrf_Rx_Service_i_L0
0x0003       [2]    ltrim_ptr2
0x0003       [2]    MM_TotalFreeMemSize_local_result
0x0003       [2]    strncpy_ptr2
0x0003       [2]    strcpy_ptr2
0x0003       [2]    strncat2_ptr2
0x0003       [1]    R3
0x0003       [2]    strcmp_local_result
0x0003       [1]    FLASH_Erase_Write_64_SaveINTCON
0x0004       [1]    R4
0x0004       [1]    __Lib_USB_genHID_P18K50_GetMaxIndexInDevDsc_index_L0
0x0004       [2]    memchr_chptr
0x0004       [2]    strstr_i
0x0004       [2]    __Lib_USB_genHID_P18K50_USB_Get_Status_Handler_p_L2
0x0004       [2]    Length_ptr
0x0004       [1]    Ps2_Get_Value_local_result
0x0004       [2]    __Lib_USB_genHID_P18K50_USB_Std_Feature_Req_Handler_p_L0
0x0004       [2]    memmove_chptr1
0x0004       [4]    Mmc_Fat_Get_File_Size_local_result
0x0004       [4]    Mmc_Fat_Tell_local_result
0x0004       [2]    strchr_ptr
0x0004       [2]    strncmp_local_result
0x0004       [2]    strlen_ptr
0x0004       [2]    __Lib_USB_genHID_P18K50_USB_Transfer_Packet_handle_L0
0x0004       [4]    Cf_Fat_Get_File_Size_local_result
0x0004       [1]    Wait_Falling_nsample
0x0004       [2]    strncat_ptr2
0x0004       [2]    memcmp_chptr1
0x0004       [4]    labs_local_result
0x0004       [4]    frexp_local_result
0x0004       [4]    f16_toLong_local_result
0x0004       [4]    Get_Fosc_kHz_local_result
0x0005       [2]    LongIntToHex_input_half
0x0005       [1]    Wait_Falling_i
0x0005       [2]    strcmp_ptr1
0x0005       [1]    GetMemAlign_i
0x0005       [2]    LongWordToHex_input_half
0x0005       [1]    MM_TotalFreeMemSize_i
0x0005       [1]    R5
0x0005       [1]    Ps2_Get_Value_rslt
0x0005       [2]    strcat2_ptr2
0x0006       [1]    strncmp_ch1
0x0006       [2]    memmove_chptr2
0x0006       [2]    __Lib_USB_genHID_P18K50_GetMaxIndexInConfigDsc_totalLen_L0
0x0006       [2]    strstr_j
0x0006       [1]    R6
0x0006       [2]    TFT_RGBToColor16bit_local_result
0x0006       [2]    memcmp_chptr2
0x0007       [1]    strncmp_ch2
0x0007       [1]    R7
0x0007       [2]    strcmp_ptr2
0x0008       [2]    strncmp_ptr1
0x0008       [2]    strstr_k
0x0008       [1]    JPEG_GenerateHuffmanTables_local_result
0x0008       [3]    __Lib_USB_genHID_P18K50_GetMaxIndexInConfigDsc_ptr_L0
0x0008       [1]    R8
0x0009       [4]    JPEG_UnscaleValue_local_result
0x0009       [1]    JPEG_GenerateHuffmanTables_bLength
0x0009       [1]    R9
0x000A       [2]    strncmp_ptr2
0x000A       [1]    strstr_aa
0x000A       [1]    R10
0x000A       [1]    JPEG_GenerateHuffmanTables_bTable
0x000B       [1]    strstr_bb
0x000B       [1]    R11
0x000C       [1]    R12
0x000D       [1]    R13
0x000E       [1]    R14
0x000F       [1]    R15
0x0010       [1]    R16
0x0011       [1]    R17
0x0012       [1]    R18
0x0013       [1]    R19
0x0014       [1]    R20
0x0F79       [1]    IOCA
0x0F81       [1]    PORTB
0x0F8A       [1]    LATB
0x0F93       [1]    TRISB
0x0FF2       [1]    INTCON
